[ 2015-09-28T19:52:15+08:00 ] 127.0.0.1 /blog/index.php/Admin/
INFO: [ app_init ] --START--
INFO: [ app_init ] --END-- [ RunTime:0.000000s ]
INFO: [ app_begin ] --START--
INFO: Run Behavior\ReadHtmlCache [ RunTime:0.000000s ]
INFO: [ app_begin ] --END-- [ RunTime:0.000000s ]
INFO: [ action_begin ] --START--
INFO: [ action_begin ] --END-- [ RunTime:0.001000s ]
INFO: [ view_begin ] --START--
INFO: [ view_begin ] --END-- [ RunTime:0.000000s ]
INFO: [ view_parse ] --START--
INFO: [ template_filter ] --START--
INFO: Run Behavior\ContentReplace [ RunTime:0.000000s ]
INFO: [ template_filter ] --END-- [ RunTime:0.000000s ]
INFO: Run Behavior\ParseTemplate [ RunTime:0.051003s ]
INFO: [ view_parse ] --END-- [ RunTime:0.051003s ]
INFO: [ view_filter ] --START--
INFO: Run Behavior\WriteHtmlCache [ RunTime:0.000000s ]
INFO: [ view_filter ] --END-- [ RunTime:0.000000s ]
INFO: [ view_end ] --START--
INFO: [ view_end ] --END-- [ RunTime:0.000000s ]
INFO: [ app_end ] --START--
INFO: Run Behavior\ShowPageTrace [ RunTime:0.000000s ]
INFO: [ app_end ] --END-- [ RunTime:0.000000s ]

[ 2015-09-28T19:52:20+08:00 ] 127.0.0.1 /blog/index.php/
INFO: [ app_init ] --START--
INFO: [ app_init ] --END-- [ RunTime:0.001000s ]

[ 2015-09-28T19:52:58+08:00 ] 127.0.0.1 /blog/index.php/
INFO: [ app_init ] --START--
INFO: [ app_init ] --END-- [ RunTime:0.000000s ]

[ 2015-09-28T19:53:59+08:00 ] 127.0.0.1 /blog/index.php/
INFO: [ app_init ] --START--
INFO: [ app_init ] --END-- [ RunTime:0.000000s ]

[ 2015-09-28T19:54:18+08:00 ] 127.0.0.1 /blog/index.php/
INFO: [ app_init ] --START--
INFO: [ app_init ] --END-- [ RunTime:0.001001s ]

[ 2015-09-28T19:54:36+08:00 ] 127.0.0.1 /blog/index.php/
INFO: [ app_init ] --START--
INFO: [ app_init ] --END-- [ RunTime:0.001000s ]

[ 2015-09-28T19:55:02+08:00 ] 127.0.0.1 /blog/index.php/Admin/
INFO: [ app_init ] --START--
INFO: [ app_init ] --END-- [ RunTime:0.000000s ]
INFO: [ app_begin ] --START--
INFO: Run Behavior\ReadHtmlCache [ RunTime:0.000000s ]
INFO: [ app_begin ] --END-- [ RunTime:0.000000s ]
INFO: [ action_begin ] --START--
INFO: [ action_begin ] --END-- [ RunTime:0.000000s ]
INFO: [ view_begin ] --START--
INFO: [ view_begin ] --END-- [ RunTime:0.000000s ]
INFO: [ view_parse ] --START--
INFO: [ template_filter ] --START--
INFO: Run Behavior\ContentReplace [ RunTime:0.000000s ]
INFO: [ template_filter ] --END-- [ RunTime:0.000000s ]
INFO: Run Behavior\ParseTemplate [ RunTime:0.008001s ]
INFO: [ view_parse ] --END-- [ RunTime:0.008001s ]
INFO: [ view_filter ] --START--
INFO: Run Behavior\WriteHtmlCache [ RunTime:0.000000s ]
INFO: [ view_filter ] --END-- [ RunTime:0.000000s ]
INFO: [ view_end ] --START--
INFO: [ view_end ] --END-- [ RunTime:0.000000s ]
INFO: [ app_end ] --START--
INFO: Run Behavior\ShowPageTrace [ RunTime:0.000000s ]
INFO: [ app_end ] --END-- [ RunTime:0.000000s ]

[ 2015-09-28T19:55:05+08:00 ] 127.0.0.1 /blog/index.php/Admin/ArticleClass
INFO: [ app_init ] --START--
INFO: [ app_init ] --END-- [ RunTime:0.000000s ]
INFO: [ path_info ] --START--
INFO: [ path_info ] --END-- [ RunTime:0.000000s ]
INFO: [ app_begin ] --START--
INFO: Run Behavior\ReadHtmlCache [ RunTime:0.000000s ]
INFO: [ app_begin ] --END-- [ RunTime:0.000000s ]
INFO: [ action_begin ] --START--
INFO: [ action_begin ] --END-- [ RunTime:0.000000s ]
NOTIC: [8192] mysql_connect(): The mysql extension is deprecated and will be removed in the future: use mysqli or PDO instead G:\phpStudy\WWW\blog\ThinkPHP\Library\Think\Db\Driver\Mysql.class.php 第 52 行.
SQL: SHOW COLUMNS FROM `class` [ RunTime:0.003000s ]
SQL: SELECT * FROM `class`  [ RunTime:0.001000s ]
SQL: SHOW COLUMNS FROM `articles` [ RunTime:0.048003s ]
SQL: SELECT COUNT(*) AS tp_count FROM `articles` WHERE ( class="5bGx5Lic6auY6YCf" ) LIMIT 1   [ RunTime:0.015001s ]
SQL: SELECT COUNT(*) AS tp_count FROM `articles` WHERE ( class="5rOV5Zu955qE" ) LIMIT 1   [ RunTime:0.000000s ]
INFO: [ view_begin ] --START--
INFO: [ view_begin ] --END-- [ RunTime:0.000000s ]
INFO: [ view_parse ] --START--
INFO: [ template_filter ] --START--
INFO: Run Behavior\ContentReplace [ RunTime:0.000000s ]
INFO: [ template_filter ] --END-- [ RunTime:0.000000s ]
NOTIC: [8] Undefined variable: tip G:\phpStudy\WWW\blog\Runtime\Cache\Admin\cb64d4dda35180ecb8abdb4fbc5629b4.php 第 152 行.
INFO: Run Behavior\ParseTemplate [ RunTime:0.025002s ]
INFO: [ view_parse ] --END-- [ RunTime:0.025002s ]
INFO: [ view_filter ] --START--
INFO: Run Behavior\WriteHtmlCache [ RunTime:0.000000s ]
INFO: [ view_filter ] --END-- [ RunTime:0.000000s ]
INFO: [ view_end ] --START--
INFO: [ view_end ] --END-- [ RunTime:0.000000s ]
INFO: [ app_end ] --START--
INFO: Run Behavior\ShowPageTrace [ RunTime:0.000000s ]
INFO: [ app_end ] --END-- [ RunTime:0.000000s ]

[ 2015-09-28T19:55:16+08:00 ] 127.0.0.1 /blog/index.php/Admin/DoArticleClass/delete/id/9
INFO: [ app_init ] --START--
INFO: [ app_init ] --END-- [ RunTime:0.001000s ]
INFO: [ path_info ] --START--
INFO: [ path_info ] --END-- [ RunTime:0.000000s ]
INFO: [ app_begin ] --START--
INFO: Run Behavior\ReadHtmlCache [ RunTime:0.000000s ]
INFO: [ app_begin ] --END-- [ RunTime:0.000000s ]
INFO: [ action_begin ] --START--
INFO: [ action_begin ] --END-- [ RunTime:0.000000s ]
NOTIC: [8192] mysql_connect(): The mysql extension is deprecated and will be removed in the future: use mysqli or PDO instead G:\phpStudy\WWW\blog\ThinkPHP\Library\Think\Db\Driver\Mysql.class.php 第 52 行.
SQL: SHOW COLUMNS FROM `class` [ RunTime:0.002000s ]
SQL: DELETE FROM `class` WHERE ( id=9 ) [ RunTime:0.001001s ]
INFO: [ view_begin ] --START--
INFO: [ view_begin ] --END-- [ RunTime:0.000000s ]
INFO: [ view_parse ] --START--
INFO: [ template_filter ] --START--
INFO: Run Behavior\ContentReplace [ RunTime:0.000000s ]
INFO: [ template_filter ] --END-- [ RunTime:0.000000s ]
INFO: Run Behavior\ParseTemplate [ RunTime:0.004000s ]
INFO: [ view_parse ] --END-- [ RunTime:0.004000s ]
INFO: [ view_filter ] --START--
INFO: Run Behavior\WriteHtmlCache [ RunTime:0.000000s ]
INFO: [ view_filter ] --END-- [ RunTime:0.000000s ]
INFO: [ view_end ] --START--
INFO: [ view_end ] --END-- [ RunTime:0.000000s ]
INFO: [ app_end ] --START--
INFO: Run Behavior\ShowPageTrace [ RunTime:0.000000s ]
INFO: [ app_end ] --END-- [ RunTime:0.000000s ]

[ 2015-09-28T19:55:17+08:00 ] 127.0.0.1 /blog/index.php/Admin/ArticleClass
INFO: [ app_init ] --START--
INFO: [ app_init ] --END-- [ RunTime:0.000000s ]
INFO: [ path_info ] --START--
INFO: [ path_info ] --END-- [ RunTime:0.000000s ]
INFO: [ app_begin ] --START--
INFO: Run Behavior\ReadHtmlCache [ RunTime:0.001001s ]
INFO: [ app_begin ] --END-- [ RunTime:0.001001s ]
INFO: [ action_begin ] --START--
INFO: [ action_begin ] --END-- [ RunTime:0.000000s ]
NOTIC: [8192] mysql_connect(): The mysql extension is deprecated and will be removed in the future: use mysqli or PDO instead G:\phpStudy\WWW\blog\ThinkPHP\Library\Think\Db\Driver\Mysql.class.php 第 52 行.
SQL: SHOW COLUMNS FROM `class` [ RunTime:0.002000s ]
SQL: SELECT * FROM `class`  [ RunTime:0.001000s ]
SQL: SHOW COLUMNS FROM `articles` [ RunTime:0.002000s ]
SQL: SELECT COUNT(*) AS tp_count FROM `articles` WHERE ( class="5rOV5Zu955qE" ) LIMIT 1   [ RunTime:0.001000s ]
INFO: [ view_begin ] --START--
INFO: [ view_begin ] --END-- [ RunTime:0.000000s ]
INFO: [ view_parse ] --START--
INFO: [ template_filter ] --START--
INFO: Run Behavior\ContentReplace [ RunTime:0.001000s ]
INFO: [ template_filter ] --END-- [ RunTime:0.001000s ]
NOTIC: [8] Undefined variable: tip G:\phpStudy\WWW\blog\Runtime\Cache\Admin\cb64d4dda35180ecb8abdb4fbc5629b4.php 第 152 行.
INFO: Run Behavior\ParseTemplate [ RunTime:0.007001s ]
INFO: [ view_parse ] --END-- [ RunTime:0.007001s ]
INFO: [ view_filter ] --START--
INFO: Run Behavior\WriteHtmlCache [ RunTime:0.000000s ]
INFO: [ view_filter ] --END-- [ RunTime:0.000000s ]
INFO: [ view_end ] --START--
INFO: [ view_end ] --END-- [ RunTime:0.000000s ]
INFO: [ app_end ] --START--
INFO: Run Behavior\ShowPageTrace [ RunTime:0.000000s ]
INFO: [ app_end ] --END-- [ RunTime:0.000000s ]

[ 2015-09-28T19:55:18+08:00 ] 127.0.0.1 /blog/index.php/Admin/DoArticleClass/delete/id/6
INFO: [ app_init ] --START--
INFO: [ app_init ] --END-- [ RunTime:0.000000s ]
INFO: [ path_info ] --START--
INFO: [ path_info ] --END-- [ RunTime:0.000000s ]
INFO: [ app_begin ] --START--
INFO: Run Behavior\ReadHtmlCache [ RunTime:0.000000s ]
INFO: [ app_begin ] --END-- [ RunTime:0.000000s ]
INFO: [ action_begin ] --START--
INFO: [ action_begin ] --END-- [ RunTime:0.000000s ]
NOTIC: [8192] mysql_connect(): The mysql extension is deprecated and will be removed in the future: use mysqli or PDO instead G:\phpStudy\WWW\blog\ThinkPHP\Library\Think\Db\Driver\Mysql.class.php 第 52 行.
SQL: SHOW COLUMNS FROM `class` [ RunTime:0.002000s ]
SQL: DELETE FROM `class` WHERE ( id=6 ) [ RunTime:0.001000s ]
INFO: [ view_begin ] --START--
INFO: [ view_begin ] --END-- [ RunTime:0.000000s ]
INFO: [ view_parse ] --START--
INFO: [ template_filter ] --START--
INFO: Run Behavior\ContentReplace [ RunTime:0.000000s ]
INFO: [ template_filter ] --END-- [ RunTime:0.000000s ]
INFO: Run Behavior\ParseTemplate [ RunTime:0.004000s ]
INFO: [ view_parse ] --END-- [ RunTime:0.004000s ]
INFO: [ view_filter ] --START--
INFO: Run Behavior\WriteHtmlCache [ RunTime:0.000000s ]
INFO: [ view_filter ] --END-- [ RunTime:0.000000s ]
INFO: [ view_end ] --START--
INFO: [ view_end ] --END-- [ RunTime:0.000000s ]
INFO: [ app_end ] --START--
INFO: Run Behavior\ShowPageTrace [ RunTime:0.000000s ]
INFO: [ app_end ] --END-- [ RunTime:0.000000s ]

[ 2015-09-28T19:55:19+08:00 ] 127.0.0.1 /blog/index.php/Admin/ArticleClass
INFO: [ app_init ] --START--
INFO: [ app_init ] --END-- [ RunTime:0.001000s ]
INFO: [ path_info ] --START--
INFO: [ path_info ] --END-- [ RunTime:0.000000s ]
INFO: [ app_begin ] --START--
INFO: Run Behavior\ReadHtmlCache [ RunTime:0.000000s ]
INFO: [ app_begin ] --END-- [ RunTime:0.000000s ]
INFO: [ action_begin ] --START--
INFO: [ action_begin ] --END-- [ RunTime:0.000000s ]
NOTIC: [8192] mysql_connect(): The mysql extension is deprecated and will be removed in the future: use mysqli or PDO instead G:\phpStudy\WWW\blog\ThinkPHP\Library\Think\Db\Driver\Mysql.class.php 第 52 行.
SQL: SHOW COLUMNS FROM `class` [ RunTime:0.003000s ]
SQL: SELECT * FROM `class`  [ RunTime:0.000000s ]
NOTIC: [2] Invalid argument supplied for foreach() G:\phpStudy\WWW\blog\Admin\Controller\ArticleClassController.class.php 第 20 行.
INFO: [ view_begin ] --START--
INFO: [ view_begin ] --END-- [ RunTime:0.000000s ]
INFO: [ view_parse ] --START--
INFO: [ template_filter ] --START--
INFO: Run Behavior\ContentReplace [ RunTime:0.001000s ]
INFO: [ template_filter ] --END-- [ RunTime:0.001000s ]
NOTIC: [8] Undefined variable: tip G:\phpStudy\WWW\blog\Runtime\Cache\Admin\cb64d4dda35180ecb8abdb4fbc5629b4.php 第 152 行.
INFO: Run Behavior\ParseTemplate [ RunTime:0.011001s ]
INFO: [ view_parse ] --END-- [ RunTime:0.011001s ]
INFO: [ view_filter ] --START--
INFO: Run Behavior\WriteHtmlCache [ RunTime:0.000000s ]
INFO: [ view_filter ] --END-- [ RunTime:0.000000s ]
INFO: [ view_end ] --START--
INFO: [ view_end ] --END-- [ RunTime:0.001000s ]
INFO: [ app_end ] --START--
INFO: Run Behavior\ShowPageTrace [ RunTime:0.000000s ]
INFO: [ app_end ] --END-- [ RunTime:0.000000s ]

[ 2015-09-28T19:55:44+08:00 ] 127.0.0.1 /blog/index.php/Admin/DoArticleClass/newclass
INFO: [ app_init ] --START--
INFO: [ app_init ] --END-- [ RunTime:0.000000s ]
INFO: [ path_info ] --START--
INFO: [ path_info ] --END-- [ RunTime:0.000000s ]
INFO: [ app_begin ] --START--
INFO: Run Behavior\ReadHtmlCache [ RunTime:0.000000s ]
INFO: [ app_begin ] --END-- [ RunTime:0.000000s ]
INFO: [ action_begin ] --START--
INFO: [ action_begin ] --END-- [ RunTime:0.000000s ]
NOTIC: [8192] mysql_connect(): The mysql extension is deprecated and will be removed in the future: use mysqli or PDO instead G:\phpStudy\WWW\blog\ThinkPHP\Library\Think\Db\Driver\Mysql.class.php 第 52 行.
SQL: SHOW COLUMNS FROM `class` [ RunTime:0.002000s ]
SQL: INSERT INTO `class` (`name`,`des`) VALUES ('UEhQ','UEhQ55u45YWz5Y2a5a6i') [ RunTime:0.000000s ]
INFO: [ view_begin ] --START--
INFO: [ view_begin ] --END-- [ RunTime:0.001000s ]
INFO: [ view_parse ] --START--
INFO: [ template_filter ] --START--
INFO: Run Behavior\ContentReplace [ RunTime:0.000000s ]
INFO: [ template_filter ] --END-- [ RunTime:0.000000s ]
INFO: Run Behavior\ParseTemplate [ RunTime:0.004000s ]
INFO: [ view_parse ] --END-- [ RunTime:0.004000s ]
INFO: [ view_filter ] --START--
INFO: Run Behavior\WriteHtmlCache [ RunTime:0.000000s ]
INFO: [ view_filter ] --END-- [ RunTime:0.000000s ]
INFO: [ view_end ] --START--
INFO: [ view_end ] --END-- [ RunTime:0.000000s ]
INFO: [ app_end ] --START--
INFO: Run Behavior\ShowPageTrace [ RunTime:0.000000s ]
INFO: [ app_end ] --END-- [ RunTime:0.000000s ]

[ 2015-09-28T19:55:45+08:00 ] 127.0.0.1 /blog/index.php/Admin/ArticleClass
INFO: [ app_init ] --START--
INFO: [ app_init ] --END-- [ RunTime:0.001000s ]
INFO: [ path_info ] --START--
INFO: [ path_info ] --END-- [ RunTime:0.000000s ]
INFO: [ app_begin ] --START--
INFO: Run Behavior\ReadHtmlCache [ RunTime:0.000000s ]
INFO: [ app_begin ] --END-- [ RunTime:0.000000s ]
INFO: [ action_begin ] --START--
INFO: [ action_begin ] --END-- [ RunTime:0.000000s ]
NOTIC: [8192] mysql_connect(): The mysql extension is deprecated and will be removed in the future: use mysqli or PDO instead G:\phpStudy\WWW\blog\ThinkPHP\Library\Think\Db\Driver\Mysql.class.php 第 52 行.
SQL: SHOW COLUMNS FROM `class` [ RunTime:0.002000s ]
SQL: SELECT * FROM `class`  [ RunTime:0.000000s ]
SQL: SHOW COLUMNS FROM `articles` [ RunTime:0.002000s ]
SQL: SELECT COUNT(*) AS tp_count FROM `articles` WHERE ( class="UEhQ" ) LIMIT 1   [ RunTime:0.000000s ]
INFO: [ view_begin ] --START--
INFO: [ view_begin ] --END-- [ RunTime:0.001000s ]
INFO: [ view_parse ] --START--
INFO: [ template_filter ] --START--
INFO: Run Behavior\ContentReplace [ RunTime:0.000000s ]
INFO: [ template_filter ] --END-- [ RunTime:0.000000s ]
NOTIC: [8] Undefined variable: tip G:\phpStudy\WWW\blog\Runtime\Cache\Admin\cb64d4dda35180ecb8abdb4fbc5629b4.php 第 152 行.
INFO: Run Behavior\ParseTemplate [ RunTime:0.007001s ]
INFO: [ view_parse ] --END-- [ RunTime:0.007001s ]
INFO: [ view_filter ] --START--
INFO: Run Behavior\WriteHtmlCache [ RunTime:0.000000s ]
INFO: [ view_filter ] --END-- [ RunTime:0.000000s ]
INFO: [ view_end ] --START--
INFO: [ view_end ] --END-- [ RunTime:0.000000s ]
INFO: [ app_end ] --START--
INFO: Run Behavior\ShowPageTrace [ RunTime:0.000000s ]
INFO: [ app_end ] --END-- [ RunTime:0.000000s ]

[ 2015-09-28T19:56:07+08:00 ] 127.0.0.1 /blog/index.php/Admin/DoArticleClass/newclass
INFO: [ app_init ] --START--
INFO: [ app_init ] --END-- [ RunTime:0.001000s ]
INFO: [ path_info ] --START--
INFO: [ path_info ] --END-- [ RunTime:0.000000s ]
INFO: [ app_begin ] --START--
INFO: Run Behavior\ReadHtmlCache [ RunTime:0.000000s ]
INFO: [ app_begin ] --END-- [ RunTime:0.000000s ]
INFO: [ action_begin ] --START--
INFO: [ action_begin ] --END-- [ RunTime:0.000000s ]
NOTIC: [8192] mysql_connect(): The mysql extension is deprecated and will be removed in the future: use mysqli or PDO instead G:\phpStudy\WWW\blog\ThinkPHP\Library\Think\Db\Driver\Mysql.class.php 第 52 行.
SQL: SHOW COLUMNS FROM `class` [ RunTime:0.003000s ]
SQL: INSERT INTO `class` (`name`,`des`) VALUES ('TGludXg=','5a2m5Lmg6YKj5Lyf5aSn55qETGludXg=') [ RunTime:0.000000s ]
INFO: [ view_begin ] --START--
INFO: [ view_begin ] --END-- [ RunTime:0.001000s ]
INFO: [ view_parse ] --START--
INFO: [ template_filter ] --START--
INFO: Run Behavior\ContentReplace [ RunTime:0.000000s ]
INFO: [ template_filter ] --END-- [ RunTime:0.000000s ]
INFO: Run Behavior\ParseTemplate [ RunTime:0.004000s ]
INFO: [ view_parse ] --END-- [ RunTime:0.004000s ]
INFO: [ view_filter ] --START--
INFO: Run Behavior\WriteHtmlCache [ RunTime:0.000000s ]
INFO: [ view_filter ] --END-- [ RunTime:0.000000s ]
INFO: [ view_end ] --START--
INFO: [ view_end ] --END-- [ RunTime:0.000000s ]
INFO: [ app_end ] --START--
INFO: Run Behavior\ShowPageTrace [ RunTime:0.000000s ]
INFO: [ app_end ] --END-- [ RunTime:0.000000s ]

[ 2015-09-28T19:56:08+08:00 ] 127.0.0.1 /blog/index.php/Admin/ArticleClass
INFO: [ app_init ] --START--
INFO: [ app_init ] --END-- [ RunTime:0.000000s ]
INFO: [ path_info ] --START--
INFO: [ path_info ] --END-- [ RunTime:0.000000s ]
INFO: [ app_begin ] --START--
INFO: Run Behavior\ReadHtmlCache [ RunTime:0.000000s ]
INFO: [ app_begin ] --END-- [ RunTime:0.000000s ]
INFO: [ action_begin ] --START--
INFO: [ action_begin ] --END-- [ RunTime:0.000000s ]
NOTIC: [8192] mysql_connect(): The mysql extension is deprecated and will be removed in the future: use mysqli or PDO instead G:\phpStudy\WWW\blog\ThinkPHP\Library\Think\Db\Driver\Mysql.class.php 第 52 行.
SQL: SHOW COLUMNS FROM `class` [ RunTime:0.002000s ]
SQL: SELECT * FROM `class`  [ RunTime:0.001000s ]
SQL: SHOW COLUMNS FROM `articles` [ RunTime:0.002000s ]
SQL: SELECT COUNT(*) AS tp_count FROM `articles` WHERE ( class="TGludXg=" ) LIMIT 1   [ RunTime:0.001000s ]
SQL: SELECT COUNT(*) AS tp_count FROM `articles` WHERE ( class="UEhQ" ) LIMIT 1   [ RunTime:0.000000s ]
INFO: [ view_begin ] --START--
INFO: [ view_begin ] --END-- [ RunTime:0.000000s ]
INFO: [ view_parse ] --START--
INFO: [ template_filter ] --START--
INFO: Run Behavior\ContentReplace [ RunTime:0.001000s ]
INFO: [ template_filter ] --END-- [ RunTime:0.001000s ]
NOTIC: [8] Undefined variable: tip G:\phpStudy\WWW\blog\Runtime\Cache\Admin\cb64d4dda35180ecb8abdb4fbc5629b4.php 第 152 行.
INFO: Run Behavior\ParseTemplate [ RunTime:0.008001s ]
INFO: [ view_parse ] --END-- [ RunTime:0.009001s ]
INFO: [ view_filter ] --START--
INFO: Run Behavior\WriteHtmlCache [ RunTime:0.000000s ]
INFO: [ view_filter ] --END-- [ RunTime:0.000000s ]
INFO: [ view_end ] --START--
INFO: [ view_end ] --END-- [ RunTime:0.000000s ]
INFO: [ app_end ] --START--
INFO: Run Behavior\ShowPageTrace [ RunTime:0.000000s ]
INFO: [ app_end ] --END-- [ RunTime:0.000000s ]

[ 2015-09-28T19:56:48+08:00 ] 127.0.0.1 /blog/index.php/Admin/DoArticleClass/newclass
INFO: [ app_init ] --START--
INFO: [ app_init ] --END-- [ RunTime:0.000000s ]
INFO: [ path_info ] --START--
INFO: [ path_info ] --END-- [ RunTime:0.000000s ]
INFO: [ app_begin ] --START--
INFO: Run Behavior\ReadHtmlCache [ RunTime:0.000000s ]
INFO: [ app_begin ] --END-- [ RunTime:0.000000s ]
INFO: [ action_begin ] --START--
INFO: [ action_begin ] --END-- [ RunTime:0.000000s ]
NOTIC: [8192] mysql_connect(): The mysql extension is deprecated and will be removed in the future: use mysqli or PDO instead G:\phpStudy\WWW\blog\ThinkPHP\Library\Think\Db\Driver\Mysql.class.php 第 52 行.
SQL: SHOW COLUMNS FROM `class` [ RunTime:0.003000s ]
SQL: INSERT INTO `class` (`name`,`des`) VALUES ('Qy9DKys=','57uP5YW45LiN5py9') [ RunTime:0.002000s ]
INFO: [ view_begin ] --START--
INFO: [ view_begin ] --END-- [ RunTime:0.000000s ]
INFO: [ view_parse ] --START--
INFO: [ template_filter ] --START--
INFO: Run Behavior\ContentReplace [ RunTime:0.000000s ]
INFO: [ template_filter ] --END-- [ RunTime:0.000000s ]
INFO: Run Behavior\ParseTemplate [ RunTime:0.005000s ]
INFO: [ view_parse ] --END-- [ RunTime:0.005000s ]
INFO: [ view_filter ] --START--
INFO: Run Behavior\WriteHtmlCache [ RunTime:0.000000s ]
INFO: [ view_filter ] --END-- [ RunTime:0.000000s ]
INFO: [ view_end ] --START--
INFO: [ view_end ] --END-- [ RunTime:0.000000s ]
INFO: [ app_end ] --START--
INFO: Run Behavior\ShowPageTrace [ RunTime:0.000000s ]
INFO: [ app_end ] --END-- [ RunTime:0.000000s ]

[ 2015-09-28T19:56:49+08:00 ] 127.0.0.1 /blog/index.php/Admin/ArticleClass
INFO: [ app_init ] --START--
INFO: [ app_init ] --END-- [ RunTime:0.000000s ]
INFO: [ path_info ] --START--
INFO: [ path_info ] --END-- [ RunTime:0.000000s ]
INFO: [ app_begin ] --START--
INFO: Run Behavior\ReadHtmlCache [ RunTime:0.000000s ]
INFO: [ app_begin ] --END-- [ RunTime:0.000000s ]
INFO: [ action_begin ] --START--
INFO: [ action_begin ] --END-- [ RunTime:0.000000s ]
NOTIC: [8192] mysql_connect(): The mysql extension is deprecated and will be removed in the future: use mysqli or PDO instead G:\phpStudy\WWW\blog\ThinkPHP\Library\Think\Db\Driver\Mysql.class.php 第 52 行.
SQL: SHOW COLUMNS FROM `class` [ RunTime:0.002000s ]
SQL: SELECT * FROM `class`  [ RunTime:0.000000s ]
SQL: SHOW COLUMNS FROM `articles` [ RunTime:0.005000s ]
SQL: SELECT COUNT(*) AS tp_count FROM `articles` WHERE ( class="Qy9DKys=" ) LIMIT 1   [ RunTime:0.001000s ]
SQL: SELECT COUNT(*) AS tp_count FROM `articles` WHERE ( class="TGludXg=" ) LIMIT 1   [ RunTime:0.000000s ]
SQL: SELECT COUNT(*) AS tp_count FROM `articles` WHERE ( class="UEhQ" ) LIMIT 1   [ RunTime:0.000000s ]
INFO: [ view_begin ] --START--
INFO: [ view_begin ] --END-- [ RunTime:0.000000s ]
INFO: [ view_parse ] --START--
INFO: [ template_filter ] --START--
INFO: Run Behavior\ContentReplace [ RunTime:0.000000s ]
INFO: [ template_filter ] --END-- [ RunTime:0.000000s ]
NOTIC: [8] Undefined variable: tip G:\phpStudy\WWW\blog\Runtime\Cache\Admin\cb64d4dda35180ecb8abdb4fbc5629b4.php 第 152 行.
INFO: Run Behavior\ParseTemplate [ RunTime:0.006000s ]
INFO: [ view_parse ] --END-- [ RunTime:0.006000s ]
INFO: [ view_filter ] --START--
INFO: Run Behavior\WriteHtmlCache [ RunTime:0.000000s ]
INFO: [ view_filter ] --END-- [ RunTime:0.000000s ]
INFO: [ view_end ] --START--
INFO: [ view_end ] --END-- [ RunTime:0.001000s ]
INFO: [ app_end ] --START--
INFO: Run Behavior\ShowPageTrace [ RunTime:0.000000s ]
INFO: [ app_end ] --END-- [ RunTime:0.000000s ]

[ 2015-09-28T19:57:17+08:00 ] 127.0.0.1 /blog/index.php/Admin/DoArticleClass/newclass
INFO: [ app_init ] --START--
INFO: [ app_init ] --END-- [ RunTime:0.000000s ]
INFO: [ path_info ] --START--
INFO: [ path_info ] --END-- [ RunTime:0.000000s ]
INFO: [ app_begin ] --START--
INFO: Run Behavior\ReadHtmlCache [ RunTime:0.000000s ]
INFO: [ app_begin ] --END-- [ RunTime:0.000000s ]
INFO: [ action_begin ] --START--
INFO: [ action_begin ] --END-- [ RunTime:0.001000s ]
NOTIC: [8192] mysql_connect(): The mysql extension is deprecated and will be removed in the future: use mysqli or PDO instead G:\phpStudy\WWW\blog\ThinkPHP\Library\Think\Db\Driver\Mysql.class.php 第 52 行.
SQL: SHOW COLUMNS FROM `class` [ RunTime:0.002000s ]
SQL: INSERT INTO `class` (`name`,`des`) VALUES ('6K6h566X5py6','5bCx6Z2g5LuW5re36aWt5ZCD5LqG') [ RunTime:0.001000s ]
INFO: [ view_begin ] --START--
INFO: [ view_begin ] --END-- [ RunTime:0.000000s ]
INFO: [ view_parse ] --START--
INFO: [ template_filter ] --START--
INFO: Run Behavior\ContentReplace [ RunTime:0.000000s ]
INFO: [ template_filter ] --END-- [ RunTime:0.000000s ]
INFO: Run Behavior\ParseTemplate [ RunTime:0.004000s ]
INFO: [ view_parse ] --END-- [ RunTime:0.004000s ]
INFO: [ view_filter ] --START--
INFO: Run Behavior\WriteHtmlCache [ RunTime:0.000000s ]
INFO: [ view_filter ] --END-- [ RunTime:0.000000s ]
INFO: [ view_end ] --START--
INFO: [ view_end ] --END-- [ RunTime:0.000000s ]
INFO: [ app_end ] --START--
INFO: Run Behavior\ShowPageTrace [ RunTime:0.000000s ]
INFO: [ app_end ] --END-- [ RunTime:0.000000s ]

[ 2015-09-28T19:57:18+08:00 ] 127.0.0.1 /blog/index.php/Admin/ArticleClass
INFO: [ app_init ] --START--
INFO: [ app_init ] --END-- [ RunTime:0.001000s ]
INFO: [ path_info ] --START--
INFO: [ path_info ] --END-- [ RunTime:0.000000s ]
INFO: [ app_begin ] --START--
INFO: Run Behavior\ReadHtmlCache [ RunTime:0.000000s ]
INFO: [ app_begin ] --END-- [ RunTime:0.000000s ]
INFO: [ action_begin ] --START--
INFO: [ action_begin ] --END-- [ RunTime:0.000000s ]
NOTIC: [8192] mysql_connect(): The mysql extension is deprecated and will be removed in the future: use mysqli or PDO instead G:\phpStudy\WWW\blog\ThinkPHP\Library\Think\Db\Driver\Mysql.class.php 第 52 行.
SQL: SHOW COLUMNS FROM `class` [ RunTime:0.003000s ]
SQL: SELECT * FROM `class`  [ RunTime:0.001001s ]
SQL: SHOW COLUMNS FROM `articles` [ RunTime:0.003000s ]
SQL: SELECT COUNT(*) AS tp_count FROM `articles` WHERE ( class="Qy9DKys=" ) LIMIT 1   [ RunTime:0.000000s ]
SQL: SELECT COUNT(*) AS tp_count FROM `articles` WHERE ( class="TGludXg=" ) LIMIT 1   [ RunTime:0.000000s ]
SQL: SELECT COUNT(*) AS tp_count FROM `articles` WHERE ( class="UEhQ" ) LIMIT 1   [ RunTime:0.000000s ]
SQL: SELECT COUNT(*) AS tp_count FROM `articles` WHERE ( class="6K6h566X5py6" ) LIMIT 1   [ RunTime:0.001000s ]
INFO: [ view_begin ] --START--
INFO: [ view_begin ] --END-- [ RunTime:0.000000s ]
INFO: [ view_parse ] --START--
INFO: [ template_filter ] --START--
INFO: Run Behavior\ContentReplace [ RunTime:0.000000s ]
INFO: [ template_filter ] --END-- [ RunTime:0.000000s ]
NOTIC: [8] Undefined variable: tip G:\phpStudy\WWW\blog\Runtime\Cache\Admin\cb64d4dda35180ecb8abdb4fbc5629b4.php 第 152 行.
INFO: Run Behavior\ParseTemplate [ RunTime:0.010000s ]
INFO: [ view_parse ] --END-- [ RunTime:0.010000s ]
INFO: [ view_filter ] --START--
INFO: Run Behavior\WriteHtmlCache [ RunTime:0.000000s ]
INFO: [ view_filter ] --END-- [ RunTime:0.000000s ]
INFO: [ view_end ] --START--
INFO: [ view_end ] --END-- [ RunTime:0.000000s ]
INFO: [ app_end ] --START--
INFO: Run Behavior\ShowPageTrace [ RunTime:0.000000s ]
INFO: [ app_end ] --END-- [ RunTime:0.000000s ]

[ 2015-09-28T19:57:37+08:00 ] 127.0.0.1 /blog/index.php/Admin/DoArticleClass/newclass
INFO: [ app_init ] --START--
INFO: [ app_init ] --END-- [ RunTime:0.000000s ]
INFO: [ path_info ] --START--
INFO: [ path_info ] --END-- [ RunTime:0.000000s ]
INFO: [ app_begin ] --START--
INFO: Run Behavior\ReadHtmlCache [ RunTime:0.000000s ]
INFO: [ app_begin ] --END-- [ RunTime:0.000000s ]
INFO: [ action_begin ] --START--
INFO: [ action_begin ] --END-- [ RunTime:0.000000s ]
NOTIC: [8192] mysql_connect(): The mysql extension is deprecated and will be removed in the future: use mysqli or PDO instead G:\phpStudy\WWW\blog\ThinkPHP\Library\Think\Db\Driver\Mysql.class.php 第 52 行.
SQL: SHOW COLUMNS FROM `class` [ RunTime:0.002000s ]
SQL: INSERT INTO `class` (`name`,`des`) VALUES ('5pWw5o2u57uT5p6EL+eul+azlQ==','546L6YGT5ZGA') [ RunTime:0.000000s ]
INFO: [ view_begin ] --START--
INFO: [ view_begin ] --END-- [ RunTime:0.000000s ]
INFO: [ view_parse ] --START--
INFO: [ template_filter ] --START--
INFO: Run Behavior\ContentReplace [ RunTime:0.000000s ]
INFO: [ template_filter ] --END-- [ RunTime:0.000000s ]
INFO: Run Behavior\ParseTemplate [ RunTime:0.004000s ]
INFO: [ view_parse ] --END-- [ RunTime:0.004000s ]
INFO: [ view_filter ] --START--
INFO: Run Behavior\WriteHtmlCache [ RunTime:0.000000s ]
INFO: [ view_filter ] --END-- [ RunTime:0.000000s ]
INFO: [ view_end ] --START--
INFO: [ view_end ] --END-- [ RunTime:0.000000s ]
INFO: [ app_end ] --START--
INFO: Run Behavior\ShowPageTrace [ RunTime:0.000000s ]
INFO: [ app_end ] --END-- [ RunTime:0.000000s ]

[ 2015-09-28T19:57:38+08:00 ] 127.0.0.1 /blog/index.php/Admin/ArticleClass
INFO: [ app_init ] --START--
INFO: [ app_init ] --END-- [ RunTime:0.000000s ]
INFO: [ path_info ] --START--
INFO: [ path_info ] --END-- [ RunTime:0.000000s ]
INFO: [ app_begin ] --START--
INFO: Run Behavior\ReadHtmlCache [ RunTime:0.000000s ]
INFO: [ app_begin ] --END-- [ RunTime:0.000000s ]
INFO: [ action_begin ] --START--
INFO: [ action_begin ] --END-- [ RunTime:0.000000s ]
NOTIC: [8192] mysql_connect(): The mysql extension is deprecated and will be removed in the future: use mysqli or PDO instead G:\phpStudy\WWW\blog\ThinkPHP\Library\Think\Db\Driver\Mysql.class.php 第 52 行.
SQL: SHOW COLUMNS FROM `class` [ RunTime:0.002000s ]
SQL: SELECT * FROM `class`  [ RunTime:0.000000s ]
SQL: SHOW COLUMNS FROM `articles` [ RunTime:0.002000s ]
SQL: SELECT COUNT(*) AS tp_count FROM `articles` WHERE ( class="Qy9DKys=" ) LIMIT 1   [ RunTime:0.000000s ]
SQL: SELECT COUNT(*) AS tp_count FROM `articles` WHERE ( class="TGludXg=" ) LIMIT 1   [ RunTime:0.000000s ]
SQL: SELECT COUNT(*) AS tp_count FROM `articles` WHERE ( class="UEhQ" ) LIMIT 1   [ RunTime:0.000000s ]
SQL: SELECT COUNT(*) AS tp_count FROM `articles` WHERE ( class="6K6h566X5py6" ) LIMIT 1   [ RunTime:0.000000s ]
SQL: SELECT COUNT(*) AS tp_count FROM `articles` WHERE ( class="5pWw5o2u57uT5p6EL+eul+azlQ==" ) LIMIT 1   [ RunTime:0.000000s ]
INFO: [ view_begin ] --START--
INFO: [ view_begin ] --END-- [ RunTime:0.000000s ]
INFO: [ view_parse ] --START--
INFO: [ template_filter ] --START--
INFO: Run Behavior\ContentReplace [ RunTime:0.000000s ]
INFO: [ template_filter ] --END-- [ RunTime:0.000000s ]
NOTIC: [8] Undefined variable: tip G:\phpStudy\WWW\blog\Runtime\Cache\Admin\cb64d4dda35180ecb8abdb4fbc5629b4.php 第 152 行.
INFO: Run Behavior\ParseTemplate [ RunTime:0.008000s ]
INFO: [ view_parse ] --END-- [ RunTime:0.008000s ]
INFO: [ view_filter ] --START--
INFO: Run Behavior\WriteHtmlCache [ RunTime:0.000000s ]
INFO: [ view_filter ] --END-- [ RunTime:0.000000s ]
INFO: [ view_end ] --START--
INFO: [ view_end ] --END-- [ RunTime:0.000000s ]
INFO: [ app_end ] --START--
INFO: Run Behavior\ShowPageTrace [ RunTime:0.000000s ]
INFO: [ app_end ] --END-- [ RunTime:0.000000s ]

[ 2015-09-28T19:57:50+08:00 ] 127.0.0.1 /blog/index.php/Admin/DoArticleClass/newclass
INFO: [ app_init ] --START--
INFO: [ app_init ] --END-- [ RunTime:0.000000s ]
INFO: [ path_info ] --START--
INFO: [ path_info ] --END-- [ RunTime:0.000000s ]
INFO: [ app_begin ] --START--
INFO: Run Behavior\ReadHtmlCache [ RunTime:0.000000s ]
INFO: [ app_begin ] --END-- [ RunTime:0.000000s ]
INFO: [ action_begin ] --START--
INFO: [ action_begin ] --END-- [ RunTime:0.000000s ]
NOTIC: [8192] mysql_connect(): The mysql extension is deprecated and will be removed in the future: use mysqli or PDO instead G:\phpStudy\WWW\blog\ThinkPHP\Library\Think\Db\Driver\Mysql.class.php 第 52 行.
SQL: SHOW COLUMNS FROM `class` [ RunTime:0.003000s ]
SQL: INSERT INTO `class` (`name`,`des`) VALUES ('5YW25a6D','5bCx5piv6YKj5LqbNzc4OA==') [ RunTime:0.000000s ]
INFO: [ view_begin ] --START--
INFO: [ view_begin ] --END-- [ RunTime:0.000000s ]
INFO: [ view_parse ] --START--
INFO: [ template_filter ] --START--
INFO: Run Behavior\ContentReplace [ RunTime:0.001000s ]
INFO: [ template_filter ] --END-- [ RunTime:0.001000s ]
INFO: Run Behavior\ParseTemplate [ RunTime:0.004000s ]
INFO: [ view_parse ] --END-- [ RunTime:0.004000s ]
INFO: [ view_filter ] --START--
INFO: Run Behavior\WriteHtmlCache [ RunTime:0.000000s ]
INFO: [ view_filter ] --END-- [ RunTime:0.000000s ]
INFO: [ view_end ] --START--
INFO: [ view_end ] --END-- [ RunTime:0.000000s ]
INFO: [ app_end ] --START--
INFO: Run Behavior\ShowPageTrace [ RunTime:0.000000s ]
INFO: [ app_end ] --END-- [ RunTime:0.000000s ]

[ 2015-09-28T19:57:51+08:00 ] 127.0.0.1 /blog/index.php/Admin/ArticleClass
INFO: [ app_init ] --START--
INFO: [ app_init ] --END-- [ RunTime:0.000000s ]
INFO: [ path_info ] --START--
INFO: [ path_info ] --END-- [ RunTime:0.000000s ]
INFO: [ app_begin ] --START--
INFO: Run Behavior\ReadHtmlCache [ RunTime:0.000000s ]
INFO: [ app_begin ] --END-- [ RunTime:0.000000s ]
INFO: [ action_begin ] --START--
INFO: [ action_begin ] --END-- [ RunTime:0.000000s ]
NOTIC: [8192] mysql_connect(): The mysql extension is deprecated and will be removed in the future: use mysqli or PDO instead G:\phpStudy\WWW\blog\ThinkPHP\Library\Think\Db\Driver\Mysql.class.php 第 52 行.
SQL: SHOW COLUMNS FROM `class` [ RunTime:0.002000s ]
SQL: SELECT * FROM `class`  [ RunTime:0.000000s ]
SQL: SHOW COLUMNS FROM `articles` [ RunTime:0.003001s ]
SQL: SELECT COUNT(*) AS tp_count FROM `articles` WHERE ( class="Qy9DKys=" ) LIMIT 1   [ RunTime:0.000000s ]
SQL: SELECT COUNT(*) AS tp_count FROM `articles` WHERE ( class="TGludXg=" ) LIMIT 1   [ RunTime:0.001000s ]
SQL: SELECT COUNT(*) AS tp_count FROM `articles` WHERE ( class="UEhQ" ) LIMIT 1   [ RunTime:0.001000s ]
SQL: SELECT COUNT(*) AS tp_count FROM `articles` WHERE ( class="6K6h566X5py6" ) LIMIT 1   [ RunTime:0.000000s ]
SQL: SELECT COUNT(*) AS tp_count FROM `articles` WHERE ( class="5pWw5o2u57uT5p6EL+eul+azlQ==" ) LIMIT 1   [ RunTime:0.000000s ]
SQL: SELECT COUNT(*) AS tp_count FROM `articles` WHERE ( class="5YW25a6D" ) LIMIT 1   [ RunTime:0.000000s ]
INFO: [ view_begin ] --START--
INFO: [ view_begin ] --END-- [ RunTime:0.000000s ]
INFO: [ view_parse ] --START--
INFO: [ template_filter ] --START--
INFO: Run Behavior\ContentReplace [ RunTime:0.000000s ]
INFO: [ template_filter ] --END-- [ RunTime:0.000000s ]
NOTIC: [8] Undefined variable: tip G:\phpStudy\WWW\blog\Runtime\Cache\Admin\cb64d4dda35180ecb8abdb4fbc5629b4.php 第 152 行.
INFO: Run Behavior\ParseTemplate [ RunTime:0.007000s ]
INFO: [ view_parse ] --END-- [ RunTime:0.007000s ]
INFO: [ view_filter ] --START--
INFO: Run Behavior\WriteHtmlCache [ RunTime:0.000000s ]
INFO: [ view_filter ] --END-- [ RunTime:0.000000s ]
INFO: [ view_end ] --START--
INFO: [ view_end ] --END-- [ RunTime:0.000000s ]
INFO: [ app_end ] --START--
INFO: Run Behavior\ShowPageTrace [ RunTime:0.000000s ]
INFO: [ app_end ] --END-- [ RunTime:0.001000s ]

[ 2015-09-28T19:57:53+08:00 ] 127.0.0.1 /blog/index.php/
INFO: [ app_init ] --START--
INFO: [ app_init ] --END-- [ RunTime:0.001000s ]

[ 2015-09-28T20:02:53+08:00 ] 127.0.0.1 /blog/index.php/
INFO: [ app_init ] --START--
INFO: [ app_init ] --END-- [ RunTime:0.001000s ]

[ 2015-09-28T20:03:34+08:00 ] 127.0.0.1 /blog/index.php/
INFO: [ app_init ] --START--
INFO: [ app_init ] --END-- [ RunTime:0.000000s ]

[ 2015-09-28T20:03:34+08:00 ] 127.0.0.1 /blog/index.php/
INFO: [ app_init ] --START--
INFO: [ app_init ] --END-- [ RunTime:0.000000s ]

[ 2015-09-28T20:03:42+08:00 ] 127.0.0.1 /blog/index.php/
INFO: [ app_init ] --START--
INFO: [ app_init ] --END-- [ RunTime:0.001001s ]

[ 2015-09-28T20:03:43+08:00 ] 127.0.0.1 /blog/index.php/
INFO: [ app_init ] --START--
INFO: [ app_init ] --END-- [ RunTime:0.000000s ]

[ 2015-09-28T20:03:44+08:00 ] 127.0.0.1 /blog/index.php/
INFO: [ app_init ] --START--
INFO: [ app_init ] --END-- [ RunTime:0.001000s ]

[ 2015-09-28T20:03:44+08:00 ] 127.0.0.1 /blog/index.php/
INFO: [ app_init ] --START--
INFO: [ app_init ] --END-- [ RunTime:0.000000s ]

[ 2015-09-28T20:03:45+08:00 ] 127.0.0.1 /blog/index.php/
INFO: [ app_init ] --START--
INFO: [ app_init ] --END-- [ RunTime:0.000000s ]

[ 2015-09-28T20:03:45+08:00 ] 127.0.0.1 /blog/index.php/
INFO: [ app_init ] --START--
INFO: [ app_init ] --END-- [ RunTime:0.000000s ]

[ 2015-09-28T20:03:54+08:00 ] 127.0.0.1 /blog/index.php/
INFO: [ app_init ] --START--
INFO: [ app_init ] --END-- [ RunTime:0.001000s ]

[ 2015-09-28T20:03:54+08:00 ] 127.0.0.1 /blog/index.php/
INFO: [ app_init ] --START--
INFO: [ app_init ] --END-- [ RunTime:0.001001s ]

[ 2015-09-28T20:03:55+08:00 ] 127.0.0.1 /blog/index.php/
INFO: [ app_init ] --START--
INFO: [ app_init ] --END-- [ RunTime:0.000000s ]

[ 2015-09-28T20:04:10+08:00 ] 127.0.0.1 /blog/index.php/
INFO: [ app_init ] --START--
INFO: [ app_init ] --END-- [ RunTime:0.000000s ]

[ 2015-09-28T20:04:10+08:00 ] 127.0.0.1 /blog/index.php/
INFO: [ app_init ] --START--
INFO: [ app_init ] --END-- [ RunTime:0.001000s ]

[ 2015-09-28T20:04:28+08:00 ] 127.0.0.1 /blog/index.php/
INFO: [ app_init ] --START--
INFO: [ app_init ] --END-- [ RunTime:0.001000s ]

[ 2015-09-28T20:04:28+08:00 ] 127.0.0.1 /blog/index.php/
INFO: [ app_init ] --START--
INFO: [ app_init ] --END-- [ RunTime:0.000000s ]

[ 2015-09-28T20:04:29+08:00 ] 127.0.0.1 /blog/index.php/
INFO: [ app_init ] --START--
INFO: [ app_init ] --END-- [ RunTime:0.000000s ]

[ 2015-09-28T20:04:29+08:00 ] 127.0.0.1 /blog/index.php/
INFO: [ app_init ] --START--
INFO: [ app_init ] --END-- [ RunTime:0.001000s ]

[ 2015-09-28T20:04:30+08:00 ] 127.0.0.1 /blog/index.php/
INFO: [ app_init ] --START--
INFO: [ app_init ] --END-- [ RunTime:0.001000s ]

[ 2015-09-28T20:04:30+08:00 ] 127.0.0.1 /blog/index.php/
INFO: [ app_init ] --START--
INFO: [ app_init ] --END-- [ RunTime:0.001000s ]

[ 2015-09-28T20:04:31+08:00 ] 127.0.0.1 /blog/index.php/
INFO: [ app_init ] --START--
INFO: [ app_init ] --END-- [ RunTime:0.000000s ]

[ 2015-09-28T20:04:31+08:00 ] 127.0.0.1 /blog/index.php/
INFO: [ app_init ] --START--
INFO: [ app_init ] --END-- [ RunTime:0.001000s ]

[ 2015-09-28T20:04:31+08:00 ] 127.0.0.1 /blog/index.php/
INFO: [ app_init ] --START--
INFO: [ app_init ] --END-- [ RunTime:0.001000s ]

[ 2015-09-28T20:04:32+08:00 ] 127.0.0.1 /blog/index.php/
INFO: [ app_init ] --START--
INFO: [ app_init ] --END-- [ RunTime:0.000000s ]

[ 2015-09-28T20:04:32+08:00 ] 127.0.0.1 /blog/index.php/
INFO: [ app_init ] --START--
INFO: [ app_init ] --END-- [ RunTime:0.001001s ]

[ 2015-09-28T20:04:32+08:00 ] 127.0.0.1 /blog/index.php/
INFO: [ app_init ] --START--
INFO: [ app_init ] --END-- [ RunTime:0.001000s ]

[ 2015-09-28T20:04:41+08:00 ] 127.0.0.1 /blog/index.php/
INFO: [ app_init ] --START--
INFO: [ app_init ] --END-- [ RunTime:0.000000s ]

[ 2015-09-28T20:05:15+08:00 ] 127.0.0.1 /blog/index.php/
INFO: [ app_init ] --START--
INFO: [ app_init ] --END-- [ RunTime:0.001000s ]

[ 2015-09-28T20:05:27+08:00 ] 127.0.0.1 /blog/index.php/
INFO: [ app_init ] --START--
INFO: [ app_init ] --END-- [ RunTime:0.000000s ]

[ 2015-09-28T20:05:33+08:00 ] 127.0.0.1 /blog/index.php/
INFO: [ app_init ] --START--
INFO: [ app_init ] --END-- [ RunTime:0.001000s ]

[ 2015-09-28T20:05:34+08:00 ] 127.0.0.1 /blog/index.php/
INFO: [ app_init ] --START--
INFO: [ app_init ] --END-- [ RunTime:0.000000s ]

[ 2015-09-28T20:05:48+08:00 ] 127.0.0.1 /blog/index.php/
INFO: [ app_init ] --START--
INFO: [ app_init ] --END-- [ RunTime:0.001000s ]

[ 2015-09-28T20:05:55+08:00 ] 127.0.0.1 /blog/index.php/
INFO: [ app_init ] --START--
INFO: [ app_init ] --END-- [ RunTime:0.000000s ]

[ 2015-09-28T20:06:00+08:00 ] 127.0.0.1 /blog/index.php/
INFO: [ app_init ] --START--
INFO: [ app_init ] --END-- [ RunTime:0.001000s ]

[ 2015-09-28T20:06:30+08:00 ] 127.0.0.1 /blog/index.php/
INFO: [ app_init ] --START--
INFO: [ app_init ] --END-- [ RunTime:0.001000s ]

[ 2015-09-28T20:06:32+08:00 ] 127.0.0.1 /blog/index.php/
INFO: [ app_init ] --START--
INFO: [ app_init ] --END-- [ RunTime:0.001000s ]

[ 2015-09-28T20:06:32+08:00 ] 127.0.0.1 /blog/index.php/
INFO: [ app_init ] --START--
INFO: [ app_init ] --END-- [ RunTime:0.000000s ]

[ 2015-09-28T20:06:37+08:00 ] 127.0.0.1 /blog/index.php/
INFO: [ app_init ] --START--
INFO: [ app_init ] --END-- [ RunTime:0.001000s ]

[ 2015-09-28T20:06:37+08:00 ] 127.0.0.1 /blog/index.php/
INFO: [ app_init ] --START--
INFO: [ app_init ] --END-- [ RunTime:0.000000s ]

[ 2015-09-28T20:06:37+08:00 ] 127.0.0.1 /blog/index.php/
INFO: [ app_init ] --START--
INFO: [ app_init ] --END-- [ RunTime:0.001000s ]

[ 2015-09-28T20:06:46+08:00 ] 127.0.0.1 /blog/index.php/
INFO: [ app_init ] --START--
INFO: [ app_init ] --END-- [ RunTime:0.001000s ]

[ 2015-09-28T20:06:50+08:00 ] 127.0.0.1 /blog/index.php/
INFO: [ app_init ] --START--
INFO: [ app_init ] --END-- [ RunTime:0.000000s ]

[ 2015-09-28T20:07:13+08:00 ] 127.0.0.1 /blog/index.php/
INFO: [ app_init ] --START--
INFO: [ app_init ] --END-- [ RunTime:0.000000s ]

[ 2015-09-28T20:07:18+08:00 ] 127.0.0.1 /blog/index.php/
INFO: [ app_init ] --START--
INFO: [ app_init ] --END-- [ RunTime:0.000000s ]

[ 2015-09-28T20:07:34+08:00 ] 127.0.0.1 /blog/index.php/
INFO: [ app_init ] --START--
INFO: [ app_init ] --END-- [ RunTime:0.001000s ]

[ 2015-09-28T20:07:34+08:00 ] 127.0.0.1 /blog/index.php/
INFO: [ app_init ] --START--
INFO: [ app_init ] --END-- [ RunTime:0.000000s ]

[ 2015-09-28T20:07:38+08:00 ] 127.0.0.1 /blog/index.php/
INFO: [ app_init ] --START--
INFO: [ app_init ] --END-- [ RunTime:0.000000s ]

[ 2015-09-28T20:09:04+08:00 ] 127.0.0.1 /blog/index.php/
INFO: [ app_init ] --START--
INFO: [ app_init ] --END-- [ RunTime:0.001000s ]

[ 2015-09-28T20:09:38+08:00 ] 127.0.0.1 /blog/index.php/
INFO: [ app_init ] --START--
INFO: [ app_init ] --END-- [ RunTime:0.000000s ]

[ 2015-09-28T20:11:45+08:00 ] 127.0.0.1 /blog/index.php/
INFO: [ app_init ] --START--
INFO: [ app_init ] --END-- [ RunTime:0.001000s ]

[ 2015-09-28T20:12:37+08:00 ] 127.0.0.1 /blog/index.php/
INFO: [ app_init ] --START--
INFO: [ app_init ] --END-- [ RunTime:0.000000s ]

[ 2015-09-28T20:12:40+08:00 ] 127.0.0.1 /blog/index.php/
INFO: [ app_init ] --START--
INFO: [ app_init ] --END-- [ RunTime:0.001000s ]

[ 2015-09-28T20:12:41+08:00 ] 127.0.0.1 /blog/index.php/
INFO: [ app_init ] --START--
INFO: [ app_init ] --END-- [ RunTime:0.001000s ]

[ 2015-09-28T20:12:43+08:00 ] 127.0.0.1 /blog/index.php/
INFO: [ app_init ] --START--
INFO: [ app_init ] --END-- [ RunTime:0.000000s ]

[ 2015-09-28T20:12:45+08:00 ] 127.0.0.1 /blog/index.php/
INFO: [ app_init ] --START--
INFO: [ app_init ] --END-- [ RunTime:0.000000s ]

[ 2015-09-28T20:12:46+08:00 ] 127.0.0.1 /blog/index.php/
INFO: [ app_init ] --START--
INFO: [ app_init ] --END-- [ RunTime:0.000000s ]

[ 2015-09-28T20:13:13+08:00 ] 127.0.0.1 /blog/index.php/
INFO: [ app_init ] --START--
INFO: [ app_init ] --END-- [ RunTime:0.000000s ]

[ 2015-09-28T20:13:34+08:00 ] 127.0.0.1 /blog/index.php/
INFO: [ app_init ] --START--
INFO: [ app_init ] --END-- [ RunTime:0.001000s ]

[ 2015-09-28T20:14:51+08:00 ] 127.0.0.1 /blog/index.php/
INFO: [ app_init ] --START--
INFO: [ app_init ] --END-- [ RunTime:0.000000s ]

[ 2015-09-28T20:15:17+08:00 ] 127.0.0.1 /blog/index.php/
INFO: [ app_init ] --START--
INFO: [ app_init ] --END-- [ RunTime:0.001000s ]

[ 2015-09-28T20:15:56+08:00 ] 127.0.0.1 /blog/index.php/
INFO: [ app_init ] --START--
INFO: [ app_init ] --END-- [ RunTime:0.000000s ]

[ 2015-09-28T20:17:24+08:00 ] 127.0.0.1 /blog/index.php/
INFO: [ app_init ] --START--
INFO: [ app_init ] --END-- [ RunTime:0.000000s ]

[ 2015-09-28T20:17:46+08:00 ] 127.0.0.1 /blog/index.php/
INFO: [ app_init ] --START--
INFO: [ app_init ] --END-- [ RunTime:0.001001s ]

[ 2015-09-28T20:18:02+08:00 ] 127.0.0.1 /blog/index.php/
INFO: [ app_init ] --START--
INFO: [ app_init ] --END-- [ RunTime:0.000000s ]

[ 2015-09-28T20:21:04+08:00 ] 127.0.0.1 /blog/index.php/
INFO: [ app_init ] --START--
INFO: [ app_init ] --END-- [ RunTime:0.000000s ]

[ 2015-09-28T20:21:27+08:00 ] 127.0.0.1 /blog/index.php/
INFO: [ app_init ] --START--
INFO: [ app_init ] --END-- [ RunTime:0.000000s ]

[ 2015-09-28T20:21:35+08:00 ] 127.0.0.1 /blog/index.php/
INFO: [ app_init ] --START--
INFO: [ app_init ] --END-- [ RunTime:0.001000s ]

[ 2015-09-28T20:21:41+08:00 ] 127.0.0.1 /blog/index.php/
INFO: [ app_init ] --START--
INFO: [ app_init ] --END-- [ RunTime:0.001000s ]

[ 2015-09-28T20:21:50+08:00 ] 127.0.0.1 /blog/index.php/
INFO: [ app_init ] --START--
INFO: [ app_init ] --END-- [ RunTime:0.000000s ]

[ 2015-09-28T20:22:17+08:00 ] 127.0.0.1 /blog/index.php/
INFO: [ app_init ] --START--
INFO: [ app_init ] --END-- [ RunTime:0.000000s ]

[ 2015-09-28T20:22:18+08:00 ] 127.0.0.1 /blog/index.php/
INFO: [ app_init ] --START--
INFO: [ app_init ] --END-- [ RunTime:0.000000s ]

[ 2015-09-28T20:22:19+08:00 ] 127.0.0.1 /blog/index.php/
INFO: [ app_init ] --START--
INFO: [ app_init ] --END-- [ RunTime:0.000000s ]

[ 2015-09-28T20:22:19+08:00 ] 127.0.0.1 /blog/index.php/
INFO: [ app_init ] --START--
INFO: [ app_init ] --END-- [ RunTime:0.000000s ]

[ 2015-09-28T20:22:20+08:00 ] 127.0.0.1 /blog/index.php/
INFO: [ app_init ] --START--
INFO: [ app_init ] --END-- [ RunTime:0.000000s ]

[ 2015-09-28T20:22:20+08:00 ] 127.0.0.1 /blog/index.php/
INFO: [ app_init ] --START--
INFO: [ app_init ] --END-- [ RunTime:0.000000s ]

[ 2015-09-28T20:22:20+08:00 ] 127.0.0.1 /blog/index.php/
INFO: [ app_init ] --START--
INFO: [ app_init ] --END-- [ RunTime:0.000000s ]

[ 2015-09-28T20:22:50+08:00 ] 127.0.0.1 /blog/index.php/
INFO: [ app_init ] --START--
INFO: [ app_init ] --END-- [ RunTime:0.001000s ]

[ 2015-09-28T20:22:51+08:00 ] 127.0.0.1 /blog/index.php/
INFO: [ app_init ] --START--
INFO: [ app_init ] --END-- [ RunTime:0.000000s ]

[ 2015-09-28T20:22:52+08:00 ] 127.0.0.1 /blog/index.php/
INFO: [ app_init ] --START--
INFO: [ app_init ] --END-- [ RunTime:0.000000s ]

[ 2015-09-28T20:22:53+08:00 ] 127.0.0.1 /blog/index.php/
INFO: [ app_init ] --START--
INFO: [ app_init ] --END-- [ RunTime:0.000000s ]

[ 2015-09-28T20:22:54+08:00 ] 127.0.0.1 /blog/index.php/
INFO: [ app_init ] --START--
INFO: [ app_init ] --END-- [ RunTime:0.000000s ]

[ 2015-09-28T20:22:54+08:00 ] 127.0.0.1 /blog/index.php/
INFO: [ app_init ] --START--
INFO: [ app_init ] --END-- [ RunTime:0.000000s ]

[ 2015-09-28T20:22:54+08:00 ] 127.0.0.1 /blog/index.php/
INFO: [ app_init ] --START--
INFO: [ app_init ] --END-- [ RunTime:0.001000s ]

[ 2015-09-28T20:22:55+08:00 ] 127.0.0.1 /blog/index.php/
INFO: [ app_init ] --START--
INFO: [ app_init ] --END-- [ RunTime:0.000000s ]

[ 2015-09-28T20:22:55+08:00 ] 127.0.0.1 /blog/index.php/
INFO: [ app_init ] --START--
INFO: [ app_init ] --END-- [ RunTime:0.001000s ]

[ 2015-09-28T20:23:06+08:00 ] 127.0.0.1 /blog/index.php/
INFO: [ app_init ] --START--
INFO: [ app_init ] --END-- [ RunTime:0.001000s ]

[ 2015-09-28T20:23:07+08:00 ] 127.0.0.1 /blog/index.php/
INFO: [ app_init ] --START--
INFO: [ app_init ] --END-- [ RunTime:0.000000s ]

[ 2015-09-28T20:23:15+08:00 ] 127.0.0.1 /blog/index.php/
INFO: [ app_init ] --START--
INFO: [ app_init ] --END-- [ RunTime:0.000000s ]

[ 2015-09-28T20:23:26+08:00 ] 127.0.0.1 /blog/index.php/
INFO: [ app_init ] --START--
INFO: [ app_init ] --END-- [ RunTime:0.001000s ]

[ 2015-09-28T20:23:49+08:00 ] 127.0.0.1 /blog/index.php/
INFO: [ app_init ] --START--
INFO: [ app_init ] --END-- [ RunTime:0.000000s ]

[ 2015-09-28T20:23:59+08:00 ] 127.0.0.1 /blog/index.php/
INFO: [ app_init ] --START--
INFO: [ app_init ] --END-- [ RunTime:0.001000s ]

[ 2015-09-28T20:24:22+08:00 ] 127.0.0.1 /blog/index.php/
INFO: [ app_init ] --START--
INFO: [ app_init ] --END-- [ RunTime:0.001001s ]

[ 2015-09-28T20:24:32+08:00 ] 127.0.0.1 /blog/index.php/
INFO: [ app_init ] --START--
INFO: [ app_init ] --END-- [ RunTime:0.001000s ]

[ 2015-09-28T20:24:37+08:00 ] 127.0.0.1 /blog/index.php/
INFO: [ app_init ] --START--
INFO: [ app_init ] --END-- [ RunTime:0.000000s ]

[ 2015-09-28T20:25:19+08:00 ] 127.0.0.1 /blog/index.php/
INFO: [ app_init ] --START--
INFO: [ app_init ] --END-- [ RunTime:0.000000s ]

[ 2015-09-28T20:25:20+08:00 ] 127.0.0.1 /blog/index.php/
INFO: [ app_init ] --START--
INFO: [ app_init ] --END-- [ RunTime:0.000000s ]

[ 2015-09-28T20:25:24+08:00 ] 127.0.0.1 /blog/index.php/
INFO: [ app_init ] --START--
INFO: [ app_init ] --END-- [ RunTime:0.000000s ]

[ 2015-09-28T20:25:32+08:00 ] 127.0.0.1 /blog/index.php/
INFO: [ app_init ] --START--
INFO: [ app_init ] --END-- [ RunTime:0.001000s ]

[ 2015-09-28T20:25:58+08:00 ] 127.0.0.1 /blog/index.php/
INFO: [ app_init ] --START--
INFO: [ app_init ] --END-- [ RunTime:0.001000s ]

[ 2015-09-28T20:26:00+08:00 ] 127.0.0.1 /blog/index.php/
INFO: [ app_init ] --START--
INFO: [ app_init ] --END-- [ RunTime:0.000000s ]

[ 2015-09-28T20:26:00+08:00 ] 127.0.0.1 /blog/index.php/
INFO: [ app_init ] --START--
INFO: [ app_init ] --END-- [ RunTime:0.000000s ]

[ 2015-09-28T20:26:00+08:00 ] 127.0.0.1 /blog/index.php/
INFO: [ app_init ] --START--
INFO: [ app_init ] --END-- [ RunTime:0.001000s ]

[ 2015-09-28T20:26:01+08:00 ] 127.0.0.1 /blog/index.php/
INFO: [ app_init ] --START--
INFO: [ app_init ] --END-- [ RunTime:0.000000s ]

[ 2015-09-28T20:26:01+08:00 ] 127.0.0.1 /blog/index.php/
INFO: [ app_init ] --START--
INFO: [ app_init ] --END-- [ RunTime:0.000000s ]

[ 2015-09-28T20:26:02+08:00 ] 127.0.0.1 /blog/index.php/
INFO: [ app_init ] --START--
INFO: [ app_init ] --END-- [ RunTime:0.000000s ]

[ 2015-09-28T20:26:02+08:00 ] 127.0.0.1 /blog/index.php/
INFO: [ app_init ] --START--
INFO: [ app_init ] --END-- [ RunTime:0.001000s ]

[ 2015-09-28T20:26:15+08:00 ] 127.0.0.1 /blog/index.php/
INFO: [ app_init ] --START--
INFO: [ app_init ] --END-- [ RunTime:0.000000s ]

[ 2015-09-28T20:26:40+08:00 ] 127.0.0.1 /blog/index.php/
INFO: [ app_init ] --START--
INFO: [ app_init ] --END-- [ RunTime:0.000000s ]

[ 2015-09-28T20:26:55+08:00 ] 127.0.0.1 /blog/index.php/
INFO: [ app_init ] --START--
INFO: [ app_init ] --END-- [ RunTime:0.000000s ]

[ 2015-09-28T20:27:10+08:00 ] 127.0.0.1 /blog/index.php/
INFO: [ app_init ] --START--
INFO: [ app_init ] --END-- [ RunTime:0.000000s ]

[ 2015-09-28T20:27:23+08:00 ] 127.0.0.1 /blog/index.php/
INFO: [ app_init ] --START--
INFO: [ app_init ] --END-- [ RunTime:0.000000s ]

[ 2015-09-28T20:29:20+08:00 ] 127.0.0.1 /blog/index.php/
INFO: [ app_init ] --START--
INFO: [ app_init ] --END-- [ RunTime:0.001000s ]

[ 2015-09-28T20:30:25+08:00 ] 127.0.0.1 /blog/index.php/
INFO: [ app_init ] --START--
INFO: [ app_init ] --END-- [ RunTime:0.000000s ]

[ 2015-09-28T20:30:59+08:00 ] 127.0.0.1 /blog/index.php/
INFO: [ app_init ] --START--
INFO: [ app_init ] --END-- [ RunTime:0.000000s ]

[ 2015-09-28T20:31:15+08:00 ] 127.0.0.1 /blog/index.php/
INFO: [ app_init ] --START--
INFO: [ app_init ] --END-- [ RunTime:0.000000s ]

[ 2015-09-28T20:31:58+08:00 ] 127.0.0.1 /blog/index.php/
INFO: [ app_init ] --START--
INFO: [ app_init ] --END-- [ RunTime:0.000000s ]

[ 2015-09-28T20:33:55+08:00 ] 127.0.0.1 /blog/index.php/
INFO: [ app_init ] --START--
INFO: [ app_init ] --END-- [ RunTime:0.002000s ]

[ 2015-09-28T20:35:58+08:00 ] 127.0.0.1 /blog/index.php/
INFO: [ app_init ] --START--
INFO: [ app_init ] --END-- [ RunTime:0.000000s ]

[ 2015-09-28T20:36:08+08:00 ] 127.0.0.1 /blog/index.php/
INFO: [ app_init ] --START--
INFO: [ app_init ] --END-- [ RunTime:0.000000s ]

[ 2015-09-28T20:36:50+08:00 ] 127.0.0.1 /blog/index.php/
INFO: [ app_init ] --START--
INFO: [ app_init ] --END-- [ RunTime:0.000000s ]

[ 2015-09-28T20:37:05+08:00 ] 127.0.0.1 /blog/index.php/
INFO: [ app_init ] --START--
INFO: [ app_init ] --END-- [ RunTime:0.001000s ]

[ 2015-09-28T20:37:50+08:00 ] 127.0.0.1 /blog/index.php/
INFO: [ app_init ] --START--
INFO: [ app_init ] --END-- [ RunTime:0.000000s ]

[ 2015-09-28T20:38:37+08:00 ] 127.0.0.1 /blog/index.php/
INFO: [ app_init ] --START--
INFO: [ app_init ] --END-- [ RunTime:0.001000s ]

[ 2015-09-28T20:38:57+08:00 ] 127.0.0.1 /blog/index.php/
INFO: [ app_init ] --START--
INFO: [ app_init ] --END-- [ RunTime:0.001000s ]

[ 2015-09-28T20:40:03+08:00 ] 127.0.0.1 /blog/index.php/
INFO: [ app_init ] --START--
INFO: [ app_init ] --END-- [ RunTime:0.001000s ]

[ 2015-09-28T20:40:12+08:00 ] 127.0.0.1 /blog/index.php/
INFO: [ app_init ] --START--
INFO: [ app_init ] --END-- [ RunTime:0.000000s ]

[ 2015-09-28T20:40:32+08:00 ] 127.0.0.1 /blog/index.php/
INFO: [ app_init ] --START--
INFO: [ app_init ] --END-- [ RunTime:0.000000s ]

[ 2015-09-28T20:41:02+08:00 ] 127.0.0.1 /blog/index.php/
INFO: [ app_init ] --START--
INFO: [ app_init ] --END-- [ RunTime:0.001000s ]

[ 2015-09-28T20:41:19+08:00 ] 127.0.0.1 /blog/index.php/
INFO: [ app_init ] --START--
INFO: [ app_init ] --END-- [ RunTime:0.001000s ]

[ 2015-09-28T20:42:14+08:00 ] 127.0.0.1 /blog/index.php/
INFO: [ app_init ] --START--
INFO: [ app_init ] --END-- [ RunTime:0.000000s ]

[ 2015-09-28T20:44:02+08:00 ] 127.0.0.1 /blog/index.php/
INFO: [ app_init ] --START--
INFO: [ app_init ] --END-- [ RunTime:0.000000s ]

[ 2015-09-28T20:44:44+08:00 ] 127.0.0.1 /blog/index.php/
INFO: [ app_init ] --START--
INFO: [ app_init ] --END-- [ RunTime:0.000000s ]

[ 2015-09-28T20:45:39+08:00 ] 127.0.0.1 /blog/index.php/
INFO: [ app_init ] --START--
INFO: [ app_init ] --END-- [ RunTime:0.001000s ]

[ 2015-09-28T20:46:22+08:00 ] 127.0.0.1 /blog/index.php/
INFO: [ app_init ] --START--
INFO: [ app_init ] --END-- [ RunTime:0.001000s ]

[ 2015-09-28T20:47:06+08:00 ] 127.0.0.1 /blog/index.php/
INFO: [ app_init ] --START--
INFO: [ app_init ] --END-- [ RunTime:0.000000s ]

[ 2015-09-28T20:47:19+08:00 ] 127.0.0.1 /blog/index.php/
INFO: [ app_init ] --START--
INFO: [ app_init ] --END-- [ RunTime:0.001001s ]

[ 2015-09-28T20:49:01+08:00 ] 127.0.0.1 /blog/index.php/
INFO: [ app_init ] --START--
INFO: [ app_init ] --END-- [ RunTime:0.000000s ]

[ 2015-09-28T20:49:08+08:00 ] 127.0.0.1 /blog/index.php/
INFO: [ app_init ] --START--
INFO: [ app_init ] --END-- [ RunTime:0.000000s ]

[ 2015-09-28T20:49:18+08:00 ] 127.0.0.1 /blog/index.php/
INFO: [ app_init ] --START--
INFO: [ app_init ] --END-- [ RunTime:0.000000s ]

[ 2015-09-28T20:49:23+08:00 ] 127.0.0.1 /blog/index.php/
INFO: [ app_init ] --START--
INFO: [ app_init ] --END-- [ RunTime:0.000000s ]

[ 2015-09-28T20:49:33+08:00 ] 127.0.0.1 /blog/index.php/
INFO: [ app_init ] --START--
INFO: [ app_init ] --END-- [ RunTime:0.000000s ]

[ 2015-09-28T20:50:10+08:00 ] 127.0.0.1 /blog/index.php/
INFO: [ app_init ] --START--
INFO: [ app_init ] --END-- [ RunTime:0.000000s ]

[ 2015-09-28T20:50:17+08:00 ] 127.0.0.1 /blog/index.php/
INFO: [ app_init ] --START--
INFO: [ app_init ] --END-- [ RunTime:0.000000s ]

[ 2015-09-28T20:51:18+08:00 ] 127.0.0.1 /blog/index.php/
INFO: [ app_init ] --START--
INFO: [ app_init ] --END-- [ RunTime:0.000000s ]

[ 2015-09-28T20:54:08+08:00 ] 127.0.0.1 /blog/index.php/
INFO: [ app_init ] --START--
INFO: [ app_init ] --END-- [ RunTime:0.000000s ]

[ 2015-09-28T20:55:05+08:00 ] 127.0.0.1 /blog/index.php/
INFO: [ app_init ] --START--
INFO: [ app_init ] --END-- [ RunTime:0.000000s ]

[ 2015-09-28T20:55:08+08:00 ] 127.0.0.1 /blog/index.php/
INFO: [ app_init ] --START--
INFO: [ app_init ] --END-- [ RunTime:0.000000s ]

[ 2015-09-28T20:56:44+08:00 ] 127.0.0.1 /blog/index.php/
INFO: [ app_init ] --START--
INFO: [ app_init ] --END-- [ RunTime:0.000000s ]

[ 2015-09-28T20:57:59+08:00 ] 127.0.0.1 /blog/index.php/
INFO: [ app_init ] --START--
INFO: [ app_init ] --END-- [ RunTime:0.000000s ]

[ 2015-09-28T20:58:32+08:00 ] 127.0.0.1 /blog/index.php/
INFO: [ app_init ] --START--
INFO: [ app_init ] --END-- [ RunTime:0.000000s ]

[ 2015-09-28T20:59:12+08:00 ] 127.0.0.1 /blog/index.php/
INFO: [ app_init ] --START--
INFO: [ app_init ] --END-- [ RunTime:0.000000s ]

[ 2015-09-28T20:59:26+08:00 ] 127.0.0.1 /blog/index.php/
INFO: [ app_init ] --START--
INFO: [ app_init ] --END-- [ RunTime:0.001000s ]

[ 2015-09-28T20:59:35+08:00 ] 127.0.0.1 /blog/index.php/
INFO: [ app_init ] --START--
INFO: [ app_init ] --END-- [ RunTime:0.000000s ]

[ 2015-09-28T21:00:15+08:00 ] 127.0.0.1 /blog/index.php/
INFO: [ app_init ] --START--
INFO: [ app_init ] --END-- [ RunTime:0.000000s ]

[ 2015-09-28T21:00:48+08:00 ] 127.0.0.1 /blog/index.php/
INFO: [ app_init ] --START--
INFO: [ app_init ] --END-- [ RunTime:0.000000s ]

[ 2015-09-28T21:01:14+08:00 ] 127.0.0.1 /blog/index.php/
INFO: [ app_init ] --START--
INFO: [ app_init ] --END-- [ RunTime:0.000000s ]

[ 2015-09-28T21:02:03+08:00 ] 127.0.0.1 /blog/index.php/
INFO: [ app_init ] --START--
INFO: [ app_init ] --END-- [ RunTime:0.000000s ]

[ 2015-09-28T21:02:11+08:00 ] 127.0.0.1 /blog/index.php/
INFO: [ app_init ] --START--
INFO: [ app_init ] --END-- [ RunTime:0.000000s ]

[ 2015-09-28T21:02:27+08:00 ] 127.0.0.1 /blog/index.php/
INFO: [ app_init ] --START--
INFO: [ app_init ] --END-- [ RunTime:0.001000s ]

[ 2015-09-28T21:03:32+08:00 ] 127.0.0.1 /blog/index.php/
INFO: [ app_init ] --START--
INFO: [ app_init ] --END-- [ RunTime:0.000000s ]

[ 2015-09-28T21:03:33+08:00 ] 127.0.0.1 /blog/index.php/
INFO: [ app_init ] --START--
INFO: [ app_init ] --END-- [ RunTime:0.000000s ]

[ 2015-09-28T21:03:33+08:00 ] 127.0.0.1 /blog/index.php/
INFO: [ app_init ] --START--
INFO: [ app_init ] --END-- [ RunTime:0.000000s ]

[ 2015-09-28T21:03:34+08:00 ] 127.0.0.1 /blog/index.php/
INFO: [ app_init ] --START--
INFO: [ app_init ] --END-- [ RunTime:0.000000s ]

[ 2015-09-28T21:03:34+08:00 ] 127.0.0.1 /blog/index.php/
INFO: [ app_init ] --START--
INFO: [ app_init ] --END-- [ RunTime:0.000000s ]

[ 2015-09-28T21:03:34+08:00 ] 127.0.0.1 /blog/index.php/
INFO: [ app_init ] --START--
INFO: [ app_init ] --END-- [ RunTime:0.001000s ]

[ 2015-09-28T21:03:35+08:00 ] 127.0.0.1 /blog/index.php/
INFO: [ app_init ] --START--
INFO: [ app_init ] --END-- [ RunTime:0.000000s ]

[ 2015-09-28T21:03:35+08:00 ] 127.0.0.1 /blog/index.php/
INFO: [ app_init ] --START--
INFO: [ app_init ] --END-- [ RunTime:0.001000s ]

[ 2015-09-28T21:03:55+08:00 ] 127.0.0.1 /blog/index.php/
INFO: [ app_init ] --START--
INFO: [ app_init ] --END-- [ RunTime:0.000000s ]

[ 2015-09-28T21:04:18+08:00 ] 127.0.0.1 /blog/index.php/
INFO: [ app_init ] --START--
INFO: [ app_init ] --END-- [ RunTime:0.000000s ]

[ 2015-09-28T21:04:48+08:00 ] 127.0.0.1 /blog/index.php/
INFO: [ app_init ] --START--
INFO: [ app_init ] --END-- [ RunTime:0.000000s ]

[ 2015-09-28T21:05:03+08:00 ] 127.0.0.1 /blog/index.php/
INFO: [ app_init ] --START--
INFO: [ app_init ] --END-- [ RunTime:0.001000s ]

[ 2015-09-28T21:05:39+08:00 ] 127.0.0.1 /blog/index.php/
INFO: [ app_init ] --START--
INFO: [ app_init ] --END-- [ RunTime:0.001000s ]

[ 2015-09-28T21:06:15+08:00 ] 127.0.0.1 /blog/index.php/
INFO: [ app_init ] --START--
INFO: [ app_init ] --END-- [ RunTime:0.001000s ]

[ 2015-09-28T21:06:28+08:00 ] 127.0.0.1 /blog/index.php/
INFO: [ app_init ] --START--
INFO: [ app_init ] --END-- [ RunTime:0.000000s ]

[ 2015-09-28T21:07:40+08:00 ] 127.0.0.1 /blog/index.php/
INFO: [ app_init ] --START--
INFO: [ app_init ] --END-- [ RunTime:0.000000s ]

[ 2015-09-28T21:07:51+08:00 ] 127.0.0.1 /blog/index.php/
INFO: [ app_init ] --START--
INFO: [ app_init ] --END-- [ RunTime:0.001000s ]

[ 2015-09-28T21:09:39+08:00 ] 127.0.0.1 /blog/index.php/
INFO: [ app_init ] --START--
INFO: [ app_init ] --END-- [ RunTime:0.000000s ]

[ 2015-09-28T21:10:04+08:00 ] 127.0.0.1 /blog/index.php/
INFO: [ app_init ] --START--
INFO: [ app_init ] --END-- [ RunTime:0.000000s ]

[ 2015-09-28T21:10:43+08:00 ] 127.0.0.1 /blog/index.php/
INFO: [ app_init ] --START--
INFO: [ app_init ] --END-- [ RunTime:0.000000s ]

[ 2015-09-28T21:21:32+08:00 ] 127.0.0.1 /blog/index.php/
INFO: [ app_init ] --START--
INFO: [ app_init ] --END-- [ RunTime:0.000000s ]

[ 2015-09-28T21:21:41+08:00 ] 127.0.0.1 /blog/index.php/
INFO: [ app_init ] --START--
INFO: [ app_init ] --END-- [ RunTime:0.000000s ]

[ 2015-09-28T21:21:54+08:00 ] 127.0.0.1 /blog/index.php/
INFO: [ app_init ] --START--
INFO: [ app_init ] --END-- [ RunTime:0.000000s ]

[ 2015-09-28T21:22:46+08:00 ] 127.0.0.1 /blog/index.php/
INFO: [ app_init ] --START--
INFO: [ app_init ] --END-- [ RunTime:0.000000s ]

[ 2015-09-28T21:23:27+08:00 ] 127.0.0.1 /blog/index.php/
INFO: [ app_init ] --START--
INFO: [ app_init ] --END-- [ RunTime:0.001000s ]

[ 2015-09-28T21:24:25+08:00 ] 127.0.0.1 /blog/index.php/
INFO: [ app_init ] --START--
INFO: [ app_init ] --END-- [ RunTime:0.000000s ]

[ 2015-09-28T21:24:49+08:00 ] 127.0.0.1 /blog/index.php/
INFO: [ app_init ] --START--
INFO: [ app_init ] --END-- [ RunTime:0.000000s ]

[ 2015-09-28T21:25:25+08:00 ] 127.0.0.1 /blog/index.php/
INFO: [ app_init ] --START--
INFO: [ app_init ] --END-- [ RunTime:0.000000s ]

[ 2015-09-28T21:26:45+08:00 ] 127.0.0.1 /blog/index.php/
INFO: [ app_init ] --START--
INFO: [ app_init ] --END-- [ RunTime:0.001000s ]

[ 2015-09-28T21:27:04+08:00 ] 127.0.0.1 /blog/index.php/
INFO: [ app_init ] --START--
INFO: [ app_init ] --END-- [ RunTime:0.000000s ]

[ 2015-09-28T21:27:14+08:00 ] 127.0.0.1 /blog/index.php/
INFO: [ app_init ] --START--
INFO: [ app_init ] --END-- [ RunTime:0.000000s ]

[ 2015-09-28T21:28:06+08:00 ] 127.0.0.1 /blog/index.php/
INFO: [ app_init ] --START--
INFO: [ app_init ] --END-- [ RunTime:0.000000s ]

[ 2015-09-28T21:29:13+08:00 ] 127.0.0.1 /blog/index.php/
INFO: [ app_init ] --START--
INFO: [ app_init ] --END-- [ RunTime:0.000000s ]

[ 2015-09-28T21:29:40+08:00 ] 127.0.0.1 /blog/index.php/
INFO: [ app_init ] --START--
INFO: [ app_init ] --END-- [ RunTime:0.000000s ]

[ 2015-09-28T21:29:51+08:00 ] 127.0.0.1 /blog/index.php/
INFO: [ app_init ] --START--
INFO: [ app_init ] --END-- [ RunTime:0.000000s ]

[ 2015-09-28T21:30:12+08:00 ] 127.0.0.1 /blog/index.php/
INFO: [ app_init ] --START--
INFO: [ app_init ] --END-- [ RunTime:0.000000s ]

[ 2015-09-28T21:34:07+08:00 ] 127.0.0.1 /blog/index.php/
INFO: [ app_init ] --START--
INFO: [ app_init ] --END-- [ RunTime:0.001000s ]

[ 2015-09-28T21:34:19+08:00 ] 127.0.0.1 /blog/index.php/
INFO: [ app_init ] --START--
INFO: [ app_init ] --END-- [ RunTime:0.000000s ]

[ 2015-09-28T21:35:00+08:00 ] 127.0.0.1 /blog/index.php/
INFO: [ app_init ] --START--
INFO: [ app_init ] --END-- [ RunTime:0.000000s ]

[ 2015-09-28T21:35:25+08:00 ] 127.0.0.1 /blog/index.php/
INFO: [ app_init ] --START--
INFO: [ app_init ] --END-- [ RunTime:0.000000s ]

[ 2015-09-28T21:35:48+08:00 ] 127.0.0.1 /blog/index.php/
INFO: [ app_init ] --START--
INFO: [ app_init ] --END-- [ RunTime:0.001000s ]

[ 2015-09-28T21:35:53+08:00 ] 127.0.0.1 /blog/index.php/
INFO: [ app_init ] --START--
INFO: [ app_init ] --END-- [ RunTime:0.000000s ]

[ 2015-09-28T21:35:54+08:00 ] 127.0.0.1 /blog/index.php/
INFO: [ app_init ] --START--
INFO: [ app_init ] --END-- [ RunTime:0.000000s ]

[ 2015-09-28T21:36:38+08:00 ] 127.0.0.1 /blog/index.php/
INFO: [ app_init ] --START--
INFO: [ app_init ] --END-- [ RunTime:0.000000s ]

[ 2015-09-28T21:36:46+08:00 ] 127.0.0.1 /blog/index.php/
INFO: [ app_init ] --START--
INFO: [ app_init ] --END-- [ RunTime:0.000000s ]

[ 2015-09-28T21:36:51+08:00 ] 127.0.0.1 /blog/index.php/
INFO: [ app_init ] --START--
INFO: [ app_init ] --END-- [ RunTime:0.000000s ]

[ 2015-09-28T21:36:57+08:00 ] 127.0.0.1 /blog/index.php/
INFO: [ app_init ] --START--
INFO: [ app_init ] --END-- [ RunTime:0.000000s ]

[ 2015-09-28T21:37:34+08:00 ] 127.0.0.1 /blog/index.php/
INFO: [ app_init ] --START--
INFO: [ app_init ] --END-- [ RunTime:0.000000s ]

[ 2015-09-28T21:37:35+08:00 ] 127.0.0.1 /blog/index.php/
INFO: [ app_init ] --START--
INFO: [ app_init ] --END-- [ RunTime:0.000000s ]

[ 2015-09-28T21:37:36+08:00 ] 127.0.0.1 /blog/index.php/
INFO: [ app_init ] --START--
INFO: [ app_init ] --END-- [ RunTime:0.000000s ]

[ 2015-09-28T21:37:37+08:00 ] 127.0.0.1 /blog/index.php/
INFO: [ app_init ] --START--
INFO: [ app_init ] --END-- [ RunTime:0.000000s ]

[ 2015-09-28T21:37:38+08:00 ] 127.0.0.1 /blog/index.php/
INFO: [ app_init ] --START--
INFO: [ app_init ] --END-- [ RunTime:0.001000s ]

[ 2015-09-28T21:37:38+08:00 ] 127.0.0.1 /blog/index.php/
INFO: [ app_init ] --START--
INFO: [ app_init ] --END-- [ RunTime:0.000000s ]

[ 2015-09-28T21:37:39+08:00 ] 127.0.0.1 /blog/index.php/
INFO: [ app_init ] --START--
INFO: [ app_init ] --END-- [ RunTime:0.001000s ]

[ 2015-09-28T21:37:47+08:00 ] 127.0.0.1 /blog/index.php/
INFO: [ app_init ] --START--
INFO: [ app_init ] --END-- [ RunTime:0.000000s ]

[ 2015-09-28T21:37:57+08:00 ] 127.0.0.1 /blog/index.php/
INFO: [ app_init ] --START--
INFO: [ app_init ] --END-- [ RunTime:0.000000s ]

[ 2015-09-28T21:38:09+08:00 ] 127.0.0.1 /blog/index.php/
INFO: [ app_init ] --START--
INFO: [ app_init ] --END-- [ RunTime:0.000000s ]

[ 2015-09-28T21:38:15+08:00 ] 127.0.0.1 /blog/index.php/
INFO: [ app_init ] --START--
INFO: [ app_init ] --END-- [ RunTime:0.000000s ]

[ 2015-09-28T21:38:17+08:00 ] 127.0.0.1 /blog/index.php/
INFO: [ app_init ] --START--
INFO: [ app_init ] --END-- [ RunTime:0.000000s ]

[ 2015-09-28T21:38:17+08:00 ] 127.0.0.1 /blog/index.php/
INFO: [ app_init ] --START--
INFO: [ app_init ] --END-- [ RunTime:0.001000s ]

[ 2015-09-28T21:38:26+08:00 ] 127.0.0.1 /blog/index.php/
INFO: [ app_init ] --START--
INFO: [ app_init ] --END-- [ RunTime:0.000000s ]

[ 2015-09-28T21:39:20+08:00 ] 127.0.0.1 /blog/index.php/
INFO: [ app_init ] --START--
INFO: [ app_init ] --END-- [ RunTime:0.001000s ]

[ 2015-09-28T21:39:27+08:00 ] 127.0.0.1 /blog/index.php/
INFO: [ app_init ] --START--
INFO: [ app_init ] --END-- [ RunTime:0.000000s ]

[ 2015-09-28T21:40:49+08:00 ] 127.0.0.1 /blog/index.php/
INFO: [ app_init ] --START--
INFO: [ app_init ] --END-- [ RunTime:0.000000s ]

[ 2015-09-28T21:40:50+08:00 ] 127.0.0.1 /blog/index.php/
INFO: [ app_init ] --START--
INFO: [ app_init ] --END-- [ RunTime:0.001000s ]

[ 2015-09-28T21:40:56+08:00 ] 127.0.0.1 /blog/index.php/
INFO: [ app_init ] --START--
INFO: [ app_init ] --END-- [ RunTime:0.001000s ]

[ 2015-09-28T21:41:32+08:00 ] 127.0.0.1 /blog/index.php/
INFO: [ app_init ] --START--
INFO: [ app_init ] --END-- [ RunTime:0.001000s ]

[ 2015-09-28T21:41:54+08:00 ] 127.0.0.1 /blog/index.php/
INFO: [ app_init ] --START--
INFO: [ app_init ] --END-- [ RunTime:0.001000s ]

[ 2015-09-28T21:42:07+08:00 ] 127.0.0.1 /blog/index.php/
INFO: [ app_init ] --START--
INFO: [ app_init ] --END-- [ RunTime:0.001000s ]

[ 2015-09-28T21:42:13+08:00 ] 127.0.0.1 /blog/index.php/
INFO: [ app_init ] --START--
INFO: [ app_init ] --END-- [ RunTime:0.001000s ]

[ 2015-09-28T21:42:22+08:00 ] 127.0.0.1 /blog/index.php/
INFO: [ app_init ] --START--
INFO: [ app_init ] --END-- [ RunTime:0.000000s ]

[ 2015-09-28T21:42:54+08:00 ] 127.0.0.1 /blog/index.php/
INFO: [ app_init ] --START--
INFO: [ app_init ] --END-- [ RunTime:0.001000s ]

[ 2015-09-28T21:43:03+08:00 ] 127.0.0.1 /blog/index.php/
INFO: [ app_init ] --START--
INFO: [ app_init ] --END-- [ RunTime:0.001000s ]

[ 2015-09-28T21:43:42+08:00 ] 127.0.0.1 /blog/index.php/
INFO: [ app_init ] --START--
INFO: [ app_init ] --END-- [ RunTime:0.000000s ]

[ 2015-09-28T21:45:20+08:00 ] 127.0.0.1 /blog/index.php/
INFO: [ app_init ] --START--
INFO: [ app_init ] --END-- [ RunTime:0.001000s ]

[ 2015-09-28T21:45:32+08:00 ] 127.0.0.1 /blog/index.php/
INFO: [ app_init ] --START--
INFO: [ app_init ] --END-- [ RunTime:0.000000s ]

[ 2015-09-28T21:45:51+08:00 ] 127.0.0.1 /blog/index.php/
INFO: [ app_init ] --START--
INFO: [ app_init ] --END-- [ RunTime:0.000000s ]

[ 2015-09-28T21:46:38+08:00 ] 127.0.0.1 /blog/index.php/
INFO: [ app_init ] --START--
INFO: [ app_init ] --END-- [ RunTime:0.000000s ]

[ 2015-09-28T21:46:49+08:00 ] 127.0.0.1 /blog/index.php/
INFO: [ app_init ] --START--
INFO: [ app_init ] --END-- [ RunTime:0.000000s ]

[ 2015-09-28T21:47:05+08:00 ] 127.0.0.1 /blog/index.php/
INFO: [ app_init ] --START--
INFO: [ app_init ] --END-- [ RunTime:0.000000s ]

[ 2015-09-28T21:47:57+08:00 ] 127.0.0.1 /blog/index.php/
INFO: [ app_init ] --START--
INFO: [ app_init ] --END-- [ RunTime:0.000000s ]

[ 2015-09-28T21:48:09+08:00 ] 127.0.0.1 /blog/index.php/
INFO: [ app_init ] --START--
INFO: [ app_init ] --END-- [ RunTime:0.001000s ]

[ 2015-09-28T21:48:26+08:00 ] 127.0.0.1 /blog/index.php/
INFO: [ app_init ] --START--
INFO: [ app_init ] --END-- [ RunTime:0.001000s ]

[ 2015-09-28T21:48:27+08:00 ] 127.0.0.1 /blog/index.php/
INFO: [ app_init ] --START--
INFO: [ app_init ] --END-- [ RunTime:0.000000s ]

[ 2015-09-28T21:48:31+08:00 ] 127.0.0.1 /blog/index.php/
INFO: [ app_init ] --START--
INFO: [ app_init ] --END-- [ RunTime:0.000000s ]

[ 2015-09-28T21:50:22+08:00 ] 127.0.0.1 /blog/index.php/
INFO: [ app_init ] --START--
INFO: [ app_init ] --END-- [ RunTime:0.000000s ]

[ 2015-09-28T21:50:40+08:00 ] 127.0.0.1 /blog/index.php/
INFO: [ app_init ] --START--
INFO: [ app_init ] --END-- [ RunTime:0.001000s ]

[ 2015-09-28T21:51:02+08:00 ] 127.0.0.1 /blog/index.php/
INFO: [ app_init ] --START--
INFO: [ app_init ] --END-- [ RunTime:0.001000s ]

[ 2015-09-28T21:51:34+08:00 ] 127.0.0.1 /blog/index.php/
INFO: [ app_init ] --START--
INFO: [ app_init ] --END-- [ RunTime:0.000000s ]

[ 2015-09-28T21:51:45+08:00 ] 127.0.0.1 /blog/index.php/
INFO: [ app_init ] --START--
INFO: [ app_init ] --END-- [ RunTime:0.000000s ]

[ 2015-09-28T21:51:53+08:00 ] 127.0.0.1 /blog/index.php/
INFO: [ app_init ] --START--
INFO: [ app_init ] --END-- [ RunTime:0.001000s ]

[ 2015-09-28T21:51:58+08:00 ] 127.0.0.1 /blog/index.php/
INFO: [ app_init ] --START--
INFO: [ app_init ] --END-- [ RunTime:0.000000s ]

[ 2015-09-28T21:52:04+08:00 ] 127.0.0.1 /blog/index.php/
INFO: [ app_init ] --START--
INFO: [ app_init ] --END-- [ RunTime:0.001000s ]

[ 2015-09-28T21:52:08+08:00 ] 127.0.0.1 /blog/index.php/
INFO: [ app_init ] --START--
INFO: [ app_init ] --END-- [ RunTime:0.001000s ]

[ 2015-09-28T21:52:17+08:00 ] 127.0.0.1 /blog/index.php/
INFO: [ app_init ] --START--
INFO: [ app_init ] --END-- [ RunTime:0.001000s ]

[ 2015-09-28T21:52:23+08:00 ] 127.0.0.1 /blog/index.php/
INFO: [ app_init ] --START--
INFO: [ app_init ] --END-- [ RunTime:0.000000s ]

[ 2015-09-28T21:52:30+08:00 ] 127.0.0.1 /blog/index.php/
INFO: [ app_init ] --START--
INFO: [ app_init ] --END-- [ RunTime:0.000000s ]

[ 2015-09-28T21:52:44+08:00 ] 127.0.0.1 /blog/index.php/
INFO: [ app_init ] --START--
INFO: [ app_init ] --END-- [ RunTime:0.000000s ]

[ 2015-09-28T21:52:50+08:00 ] 127.0.0.1 /blog/index.php/
INFO: [ app_init ] --START--
INFO: [ app_init ] --END-- [ RunTime:0.000000s ]

[ 2015-09-28T21:53:50+08:00 ] 127.0.0.1 /blog/index.php/
INFO: [ app_init ] --START--
INFO: [ app_init ] --END-- [ RunTime:0.000000s ]

[ 2015-09-28T21:54:02+08:00 ] 127.0.0.1 /blog/index.php/
INFO: [ app_init ] --START--
INFO: [ app_init ] --END-- [ RunTime:0.000000s ]

[ 2015-09-28T21:54:30+08:00 ] 127.0.0.1 /blog/index.php/
INFO: [ app_init ] --START--
INFO: [ app_init ] --END-- [ RunTime:0.000000s ]

[ 2015-09-28T21:54:39+08:00 ] 127.0.0.1 /blog/index.php/
INFO: [ app_init ] --START--
INFO: [ app_init ] --END-- [ RunTime:0.000000s ]

[ 2015-09-28T21:54:57+08:00 ] 127.0.0.1 /blog/index.php/
INFO: [ app_init ] --START--
INFO: [ app_init ] --END-- [ RunTime:0.000000s ]

[ 2015-09-28T21:55:04+08:00 ] 127.0.0.1 /blog/index.php/
INFO: [ app_init ] --START--
INFO: [ app_init ] --END-- [ RunTime:0.000000s ]

[ 2015-09-28T21:56:01+08:00 ] 127.0.0.1 /blog/index.php/
INFO: [ app_init ] --START--
INFO: [ app_init ] --END-- [ RunTime:0.000000s ]

[ 2015-09-28T21:56:38+08:00 ] 127.0.0.1 /blog/index.php/
INFO: [ app_init ] --START--
INFO: [ app_init ] --END-- [ RunTime:0.000000s ]

[ 2015-09-28T22:10:29+08:00 ] 127.0.0.1 /blog/index.php/
INFO: [ app_init ] --START--
INFO: [ app_init ] --END-- [ RunTime:0.000000s ]

[ 2015-09-28T22:10:35+08:00 ] 127.0.0.1 /blog/index.php/
INFO: [ app_init ] --START--
INFO: [ app_init ] --END-- [ RunTime:0.000000s ]

[ 2015-09-28T22:12:31+08:00 ] 127.0.0.1 /blog/index.php/
INFO: [ app_init ] --START--
INFO: [ app_init ] --END-- [ RunTime:0.001000s ]

[ 2015-09-28T22:13:47+08:00 ] 127.0.0.1 /blog/index.php/
INFO: [ app_init ] --START--
INFO: [ app_init ] --END-- [ RunTime:0.000000s ]

[ 2015-09-28T22:13:52+08:00 ] 127.0.0.1 /blog/index.php/
INFO: [ app_init ] --START--
INFO: [ app_init ] --END-- [ RunTime:0.000000s ]

[ 2015-09-28T22:14:11+08:00 ] 127.0.0.1 /blog/index.php/
INFO: [ app_init ] --START--
INFO: [ app_init ] --END-- [ RunTime:0.000000s ]

[ 2015-09-28T22:14:55+08:00 ] 127.0.0.1 /blog/index.php/
INFO: [ app_init ] --START--
INFO: [ app_init ] --END-- [ RunTime:0.000000s ]

[ 2015-09-28T22:15:00+08:00 ] 127.0.0.1 /blog/index.php/
INFO: [ app_init ] --START--
INFO: [ app_init ] --END-- [ RunTime:0.000000s ]

[ 2015-09-28T22:15:13+08:00 ] 127.0.0.1 /blog/index.php/
INFO: [ app_init ] --START--
INFO: [ app_init ] --END-- [ RunTime:0.001000s ]

