[ 2015-11-06T15:04:51+08:00 ] 127.0.0.1 /blog/
INFO: [ app_init ] --START--
INFO: [ app_init ] --END-- [ RunTime:0.001000s ]

[ 2015-11-06T15:05:00+08:00 ] 127.0.0.1 /blog/index.php/Home/ChangeClass/index/class/Linux
INFO: [ app_init ] --START--
INFO: [ app_init ] --END-- [ RunTime:0.000000s ]

[ 2015-11-06T15:05:01+08:00 ] 127.0.0.1 /blog/index.php/Home/ChangeClass/index/class/PHP
INFO: [ app_init ] --START--
INFO: [ app_init ] --END-- [ RunTime:0.000000s ]

[ 2015-11-06T15:05:02+08:00 ] 127.0.0.1 /blog/index.php/Home/ChangeClass/index/class/%E8%AE%A1%E7%AE%97%E6%9C%BA
INFO: [ app_init ] --START--
INFO: [ app_init ] --END-- [ RunTime:0.000000s ]

[ 2015-11-06T15:05:03+08:00 ] 127.0.0.1 /blog/index.php/Home/ChangeClass/index/class/C_C++
INFO: [ app_init ] --START--
INFO: [ app_init ] --END-- [ RunTime:0.001000s ]

[ 2015-11-06T15:05:04+08:00 ] 127.0.0.1 /blog/index.php/Home/ChangeClass/index/class/%E5%85%B6%E5%AE%83
INFO: [ app_init ] --START--
INFO: [ app_init ] --END-- [ RunTime:0.000000s ]

[ 2015-11-06T15:05:05+08:00 ] 127.0.0.1 /blog/index.php/Home/ChangeClass/index/class/Linux
INFO: [ app_init ] --START--
INFO: [ app_init ] --END-- [ RunTime:0.000000s ]

[ 2015-11-06T15:05:06+08:00 ] 127.0.0.1 /blog/index.php/Home/ChangeClass/index/class/%E8%AE%A1%E7%AE%97%E6%9C%BA
INFO: [ app_init ] --START--
INFO: [ app_init ] --END-- [ RunTime:0.001000s ]

[ 2015-11-06T15:05:06+08:00 ] 127.0.0.1 /blog/index.php/Home/ChangeClass/index/class/C_C++
INFO: [ app_init ] --START--
INFO: [ app_init ] --END-- [ RunTime:0.000000s ]

[ 2015-11-06T15:05:07+08:00 ] 127.0.0.1 /blog/index.php/Home/ChangeClass/index/class/PHP
INFO: [ app_init ] --START--
INFO: [ app_init ] --END-- [ RunTime:0.001001s ]

[ 2015-11-06T15:05:08+08:00 ] 127.0.0.1 /blog/index.php
INFO: [ app_init ] --START--
INFO: [ app_init ] --END-- [ RunTime:0.000000s ]

[ 2015-11-06T15:05:14+08:00 ] 127.0.0.1 /blog/index.php/Home/ShowArticle/index/from/index/id/8
INFO: [ app_init ] --START--
INFO: [ app_init ] --END-- [ RunTime:0.000000s ]

[ 2015-11-06T15:05:19+08:00 ] 127.0.0.1 /blog/
INFO: [ app_init ] --START--
INFO: [ app_init ] --END-- [ RunTime:0.001000s ]

[ 2015-11-06T15:05:52+08:00 ] 127.0.0.1 /blog/index.php/Home/ChangeClass/index/class/Linux
INFO: [ app_init ] --START--
INFO: [ app_init ] --END-- [ RunTime:0.001000s ]

[ 2015-11-06T15:05:54+08:00 ] 127.0.0.1 /blog/index.php/Home/ChangeClass/index/class/PHP
INFO: [ app_init ] --START--
INFO: [ app_init ] --END-- [ RunTime:0.000000s ]

[ 2015-11-06T15:05:55+08:00 ] 127.0.0.1 /blog/index.php/Home/ChangeClass/index/class/%E8%AE%A1%E7%AE%97%E6%9C%BA
INFO: [ app_init ] --START--
INFO: [ app_init ] --END-- [ RunTime:0.001000s ]

[ 2015-11-06T15:05:56+08:00 ] 127.0.0.1 /blog/index.php/Home/ChangeClass/index/class/C_C++
INFO: [ app_init ] --START--
INFO: [ app_init ] --END-- [ RunTime:0.000000s ]

[ 2015-11-06T15:05:56+08:00 ] 127.0.0.1 /blog/index.php/Home/ChangeClass/index/class/%E5%85%B6%E5%AE%83
INFO: [ app_init ] --START--
INFO: [ app_init ] --END-- [ RunTime:0.000000s ]

[ 2015-11-06T15:05:57+08:00 ] 127.0.0.1 /blog/index.php
INFO: [ app_init ] --START--
INFO: [ app_init ] --END-- [ RunTime:0.001000s ]

[ 2015-11-06T15:05:58+08:00 ] 127.0.0.1 /blog/index.php/Home/HomeGetMore
INFO: [ app_init ] --START--
INFO: [ app_init ] --END-- [ RunTime:0.001000s ]

[ 2015-11-06T15:06:00+08:00 ] 127.0.0.1 /blog/index.php/Home/HomeGetMore
INFO: [ app_init ] --START--
INFO: [ app_init ] --END-- [ RunTime:0.000000s ]

[ 2015-11-06T15:06:34+08:00 ] 127.0.0.1 /blog/index.php/Admin/
INFO: [ app_init ] --START--
INFO: [ app_init ] --END-- [ RunTime:0.001000s ]
INFO: [ app_begin ] --START--
INFO: Run Behavior\ReadHtmlCache [ RunTime:0.000000s ]
INFO: [ app_begin ] --END-- [ RunTime:0.000000s ]
INFO: [ action_begin ] --START--
INFO: [ action_begin ] --END-- [ RunTime:0.000000s ]
INFO: [ view_begin ] --START--
INFO: [ view_begin ] --END-- [ RunTime:0.000000s ]
INFO: [ view_parse ] --START--
INFO: [ template_filter ] --START--
INFO: Run Behavior\ContentReplace [ RunTime:0.000000s ]
INFO: [ template_filter ] --END-- [ RunTime:0.001000s ]
INFO: Run Behavior\ParseTemplate [ RunTime:0.125007s ]
INFO: [ view_parse ] --END-- [ RunTime:0.125007s ]
INFO: [ view_filter ] --START--
INFO: Run Behavior\WriteHtmlCache [ RunTime:0.000000s ]
INFO: [ view_filter ] --END-- [ RunTime:0.000000s ]
INFO: [ view_end ] --START--
INFO: [ view_end ] --END-- [ RunTime:0.000000s ]
INFO: [ app_end ] --START--
INFO: Run Behavior\ShowPageTrace [ RunTime:0.001000s ]
INFO: [ app_end ] --END-- [ RunTime:0.001000s ]

[ 2015-11-06T15:06:45+08:00 ] 127.0.0.1 /blog/index.php/Admin/NewArticle
INFO: [ app_init ] --START--
INFO: [ app_init ] --END-- [ RunTime:0.000000s ]
INFO: [ path_info ] --START--
INFO: [ path_info ] --END-- [ RunTime:0.000000s ]
INFO: [ app_begin ] --START--
INFO: Run Behavior\ReadHtmlCache [ RunTime:0.000000s ]
INFO: [ app_begin ] --END-- [ RunTime:0.000000s ]
INFO: [ action_begin ] --START--
INFO: [ action_begin ] --END-- [ RunTime:0.000000s ]
NOTIC: [8192] mysql_connect(): The mysql extension is deprecated and will be removed in the future: use mysqli or PDO instead G:\phpStudy\WWW\blog\ThinkPHP\Library\Think\Db\Driver\Mysql.class.php 第 52 行.
SQL: SHOW COLUMNS FROM `class` [ RunTime:0.003001s ]
SQL: SELECT `id`,`name` FROM `class`  [ RunTime:0.000000s ]
INFO: [ view_begin ] --START--
INFO: [ view_begin ] --END-- [ RunTime:0.000000s ]
INFO: [ view_parse ] --START--
INFO: [ template_filter ] --START--
INFO: Run Behavior\ContentReplace [ RunTime:0.000000s ]
INFO: [ template_filter ] --END-- [ RunTime:0.000000s ]
INFO: Run Behavior\ParseTemplate [ RunTime:0.037002s ]
INFO: [ view_parse ] --END-- [ RunTime:0.037002s ]
INFO: [ view_filter ] --START--
INFO: Run Behavior\WriteHtmlCache [ RunTime:0.000000s ]
INFO: [ view_filter ] --END-- [ RunTime:0.000000s ]
INFO: [ view_end ] --START--
INFO: [ view_end ] --END-- [ RunTime:0.000000s ]
INFO: [ app_end ] --START--
INFO: Run Behavior\ShowPageTrace [ RunTime:0.000000s ]
INFO: [ app_end ] --END-- [ RunTime:0.000000s ]

[ 2015-11-06T15:07:16+08:00 ] 127.0.0.1 /blog/index.php/Admin/ArticleList
INFO: [ app_init ] --START--
INFO: [ app_init ] --END-- [ RunTime:0.000000s ]
INFO: [ path_info ] --START--
INFO: [ path_info ] --END-- [ RunTime:0.000000s ]
INFO: [ app_begin ] --START--
INFO: Run Behavior\ReadHtmlCache [ RunTime:0.000000s ]
INFO: [ app_begin ] --END-- [ RunTime:0.000000s ]
INFO: [ action_begin ] --START--
INFO: [ action_begin ] --END-- [ RunTime:0.000000s ]
NOTIC: [8192] mysql_connect(): The mysql extension is deprecated and will be removed in the future: use mysqli or PDO instead G:\phpStudy\WWW\blog\ThinkPHP\Library\Think\Db\Driver\Mysql.class.php 第 52 行.
SQL: SHOW COLUMNS FROM `class` [ RunTime:0.003000s ]
SQL: SELECT * FROM `class`  [ RunTime:0.001000s ]
SQL: SELECT * FROM `class`  [ RunTime:0.000000s ]
SQL: SHOW COLUMNS FROM `articles` [ RunTime:0.003000s ]
SQL: SELECT * FROM `articles` WHERE ( class="TGludXg=" ) ORDER BY id desc LIMIT 0,15   [ RunTime:0.001000s ]
INFO: [ view_begin ] --START--
INFO: [ view_begin ] --END-- [ RunTime:0.000000s ]
INFO: [ view_parse ] --START--
INFO: [ template_filter ] --START--
INFO: Run Behavior\ContentReplace [ RunTime:0.000000s ]
INFO: [ template_filter ] --END-- [ RunTime:0.000000s ]
NOTIC: [8] Undefined variable: tip G:\phpStudy\WWW\blog\Runtime\Cache\Admin\1e13b15714a638c4596742d05a130d53.php 第 127 行.
NOTIC: [8] Undefined variable: sum G:\phpStudy\WWW\blog\Runtime\Cache\Admin\1e13b15714a638c4596742d05a130d53.php 第 193 行.
INFO: Run Behavior\ParseTemplate [ RunTime:0.018001s ]
INFO: [ view_parse ] --END-- [ RunTime:0.018001s ]
INFO: [ view_filter ] --START--
INFO: Run Behavior\WriteHtmlCache [ RunTime:0.000000s ]
INFO: [ view_filter ] --END-- [ RunTime:0.000000s ]
INFO: [ view_end ] --START--
INFO: [ view_end ] --END-- [ RunTime:0.000000s ]
INFO: [ app_end ] --START--
INFO: Run Behavior\ShowPageTrace [ RunTime:0.000000s ]
INFO: [ app_end ] --END-- [ RunTime:0.000000s ]

[ 2015-11-06T15:15:50+08:00 ] 127.0.0.1 /blog/index.php/
INFO: [ app_init ] --START--
INFO: [ app_init ] --END-- [ RunTime:0.001000s ]

[ 2015-11-06T15:15:52+08:00 ] 127.0.0.1 /blog/index.php/Home/ShowArticle/index/from/index/id/8
INFO: [ app_init ] --START--
INFO: [ app_init ] --END-- [ RunTime:0.000000s ]

[ 2015-11-06T15:16:30+08:00 ] 127.0.0.1 /blog/index.php/Home/ShowArticle/index/from/index/id/8
INFO: [ app_init ] --START--
INFO: [ app_init ] --END-- [ RunTime:0.000000s ]

[ 2015-11-06T15:16:51+08:00 ] 127.0.0.1 /blog/index.php/Home/ShowArticle/index/from/index/id/8
INFO: [ app_init ] --START--
INFO: [ app_init ] --END-- [ RunTime:0.000000s ]

[ 2015-11-06T15:17:22+08:00 ] 127.0.0.1 /blog/index.php/Home/ShowArticle/index/from/index/id/8
INFO: [ app_init ] --START--
INFO: [ app_init ] --END-- [ RunTime:0.000000s ]

[ 2015-11-06T15:17:33+08:00 ] 127.0.0.1 /blog/index.php/Home/ShowArticle/index/from/index/id/8
INFO: [ app_init ] --START--
INFO: [ app_init ] --END-- [ RunTime:0.001000s ]

[ 2015-11-06T15:18:15+08:00 ] 127.0.0.1 /blog/index.php/Home/ShowArticle/index/from/index/id/8
INFO: [ app_init ] --START--
INFO: [ app_init ] --END-- [ RunTime:0.000000s ]

[ 2015-11-06T15:19:04+08:00 ] 127.0.0.1 /blog/index.php/Home/ShowArticle/index/from/index/id/8
INFO: [ app_init ] --START--
INFO: [ app_init ] --END-- [ RunTime:0.000000s ]

[ 2015-11-06T15:20:47+08:00 ] 127.0.0.1 /blog/index.php/Home/ShowArticle/index/from/index/id/8
INFO: [ app_init ] --START--
INFO: [ app_init ] --END-- [ RunTime:0.001000s ]

[ 2015-11-06T15:21:08+08:00 ] 127.0.0.1 /blog/index.php/Home/ShowArticle/index/from/index/id/8
INFO: [ app_init ] --START--
INFO: [ app_init ] --END-- [ RunTime:0.000000s ]

[ 2015-11-06T15:21:22+08:00 ] 127.0.0.1 /blog/index.php/Home/ShowArticle/index/from/index/id/8
INFO: [ app_init ] --START--
INFO: [ app_init ] --END-- [ RunTime:0.000000s ]

[ 2015-11-06T15:21:46+08:00 ] 127.0.0.1 /blog/index.php/Home/ShowArticle/index/from/index/id/8
INFO: [ app_init ] --START--
INFO: [ app_init ] --END-- [ RunTime:0.000000s ]

[ 2015-11-06T15:21:47+08:00 ] 127.0.0.1 /blog/index.php/Home/ShowArticle/index/from/index/id/8
INFO: [ app_init ] --START--
INFO: [ app_init ] --END-- [ RunTime:0.000000s ]

[ 2015-11-06T15:21:47+08:00 ] 127.0.0.1 /blog/index.php/Home/ShowArticle/index/from/index/id/8
INFO: [ app_init ] --START--
INFO: [ app_init ] --END-- [ RunTime:0.000000s ]

[ 2015-11-06T15:21:48+08:00 ] 127.0.0.1 /blog/index.php/Home/ShowArticle/index/from/index/id/8
INFO: [ app_init ] --START--
INFO: [ app_init ] --END-- [ RunTime:0.000000s ]

[ 2015-11-06T15:21:48+08:00 ] 127.0.0.1 /blog/index.php/Home/ShowArticle/index/from/index/id/8
INFO: [ app_init ] --START--
INFO: [ app_init ] --END-- [ RunTime:0.000000s ]

[ 2015-11-06T15:21:48+08:00 ] 127.0.0.1 /blog/index.php/Home/ShowArticle/index/from/index/id/8
INFO: [ app_init ] --START--
INFO: [ app_init ] --END-- [ RunTime:0.000000s ]

[ 2015-11-06T15:22:20+08:00 ] 127.0.0.1 /blog/index.php/Home/ShowArticle/index/from/index/id/8
INFO: [ app_init ] --START--
INFO: [ app_init ] --END-- [ RunTime:0.000000s ]

[ 2015-11-06T15:23:10+08:00 ] 127.0.0.1 /blog/index.php/Home/ShowArticle/index/from/index/id/8
INFO: [ app_init ] --START--
INFO: [ app_init ] --END-- [ RunTime:0.000000s ]

[ 2015-11-06T15:23:55+08:00 ] 127.0.0.1 /blog/index.php/Home/ShowArticle/index/from/index/id/8
INFO: [ app_init ] --START--
INFO: [ app_init ] --END-- [ RunTime:0.000000s ]

[ 2015-11-06T15:24:52+08:00 ] 127.0.0.1 /blog/index.php/Home/ShowArticle/index/from/index/id/8
INFO: [ app_init ] --START--
INFO: [ app_init ] --END-- [ RunTime:0.001000s ]

[ 2015-11-06T15:27:07+08:00 ] 127.0.0.1 /blog/index.php/Home/ShowArticle/index/from/index/id/8
INFO: [ app_init ] --START--
INFO: [ app_init ] --END-- [ RunTime:0.000000s ]

[ 2015-11-06T15:27:58+08:00 ] 127.0.0.1 /blog/index.php/Home/ShowArticle/index/from/index/id/8
INFO: [ app_init ] --START--
INFO: [ app_init ] --END-- [ RunTime:0.001000s ]

[ 2015-11-06T15:28:08+08:00 ] 127.0.0.1 /blog/index.php/Home/ShowArticle/index/from/index/id/8
INFO: [ app_init ] --START--
INFO: [ app_init ] --END-- [ RunTime:0.000000s ]

[ 2015-11-06T15:28:48+08:00 ] 127.0.0.1 /blog/index.php/Home/ShowArticle/index/from/index/id/8
INFO: [ app_init ] --START--
INFO: [ app_init ] --END-- [ RunTime:0.000000s ]

[ 2015-11-06T15:28:57+08:00 ] 127.0.0.1 /blog/index.php/Home/ShowArticle/index/from/index/id/8
INFO: [ app_init ] --START--
INFO: [ app_init ] --END-- [ RunTime:0.000000s ]

[ 2015-11-06T15:29:29+08:00 ] 127.0.0.1 /blog/
INFO: [ app_init ] --START--
INFO: [ app_init ] --END-- [ RunTime:0.000000s ]

