[ 2015-11-27T00:49:42+08:00 ] 123.151.149.222 http://www.baidu.com/
INFO: [ app_init ] --START--
INFO: [ app_init ] --END-- [ RunTime:0.000069s ]
INFO: [ app_begin ] --START--
INFO: Run Behavior\ReadHtmlCache [ RunTime:0.000044s ]
INFO: [ app_begin ] --END-- [ RunTime:0.000100s ]
INFO: [ action_begin ] --START--
INFO: [ action_begin ] --END-- [ RunTime:0.000026s ]
NOTIC: [8192] mysql_connect(): The mysql extension is deprecated and will be removed in the future: use mysqli or PDO instead /var/www/blog/ThinkPHP/Library/Think/Db/Driver/Mysql.class.php 第 52 行.
SQL: SHOW COLUMNS FROM `class` [ RunTime:0.000757s ]
SQL: SELECT * FROM `class`  [ RunTime:0.000089s ]
SQL: SHOW COLUMNS FROM `articles` [ RunTime:0.000641s ]
SQL: SELECT * FROM `articles` ORDER BY id desc LIMIT 0,5   [ RunTime:0.000255s ]
SQL: SELECT `id`,`title`,`read_sum` FROM `articles` ORDER BY read_sum desc LIMIT 6   [ RunTime:0.000205s ]
SQL: SHOW COLUMNS FROM `friend_link` [ RunTime:0.000499s ]
SQL: SELECT * FROM `friend_link`  [ RunTime:0.000088s ]
INFO: [ view_begin ] --START--
INFO: [ view_begin ] --END-- [ RunTime:0.000022s ]
INFO: [ view_parse ] --START--
INFO: [ template_filter ] --START--
INFO: Run Behavior\ContentReplace [ RunTime:0.000065s ]
INFO: [ template_filter ] --END-- [ RunTime:0.000126s ]
NOTIC: [8] Undefined variable: comment_sum /var/www/blog/Runtime/Cache/Home/2f412aae274b751dca883838bf7e7502.php 第 137 行.
NOTIC: [8] Undefined variable: comment_sum /var/www/blog/Runtime/Cache/Home/2f412aae274b751dca883838bf7e7502.php 第 137 行.
NOTIC: [8] Undefined variable: comment_sum /var/www/blog/Runtime/Cache/Home/2f412aae274b751dca883838bf7e7502.php 第 137 行.
INFO: Run Behavior\ParseTemplate [ RunTime:0.006589s ]
INFO: [ view_parse ] --END-- [ RunTime:0.006652s ]
INFO: [ view_filter ] --START--
INFO: Run Behavior\WriteHtmlCache [ RunTime:0.000014s ]
INFO: [ view_filter ] --END-- [ RunTime:0.000057s ]
INFO: [ view_end ] --START--
INFO: [ view_end ] --END-- [ RunTime:0.000023s ]
INFO: [ app_end ] --START--
INFO: Run Behavior\ShowPageTrace [ RunTime:0.000033s ]
INFO: [ app_end ] --END-- [ RunTime:0.000076s ]

[ 2015-11-27T02:31:25+08:00 ] 115.28.75.120 www.google.co.uk:443
INFO: [ app_init ] --START--
INFO: [ app_init ] --END-- [ RunTime:0.000068s ]
INFO: [ app_begin ] --START--
INFO: Run Behavior\ReadHtmlCache [ RunTime:0.000041s ]
INFO: [ app_begin ] --END-- [ RunTime:0.000097s ]
INFO: [ action_begin ] --START--
INFO: [ action_begin ] --END-- [ RunTime:0.000027s ]
NOTIC: [8192] mysql_connect(): The mysql extension is deprecated and will be removed in the future: use mysqli or PDO instead /var/www/blog/ThinkPHP/Library/Think/Db/Driver/Mysql.class.php 第 52 行.
SQL: SHOW COLUMNS FROM `class` [ RunTime:0.000700s ]
SQL: SELECT * FROM `class`  [ RunTime:0.000092s ]
SQL: SHOW COLUMNS FROM `articles` [ RunTime:0.000619s ]
SQL: SELECT * FROM `articles` ORDER BY id desc LIMIT 0,5   [ RunTime:0.000093s ]
SQL: SELECT `id`,`title`,`read_sum` FROM `articles` ORDER BY read_sum desc LIMIT 6   [ RunTime:0.000091s ]
SQL: SHOW COLUMNS FROM `friend_link` [ RunTime:0.000494s ]
SQL: SELECT * FROM `friend_link`  [ RunTime:0.000088s ]
INFO: [ view_begin ] --START--
INFO: [ view_begin ] --END-- [ RunTime:0.000022s ]
INFO: [ view_parse ] --START--
INFO: [ template_filter ] --START--
INFO: Run Behavior\ContentReplace [ RunTime:0.000064s ]
INFO: [ template_filter ] --END-- [ RunTime:0.000122s ]
NOTIC: [8] Undefined variable: comment_sum /var/www/blog/Runtime/Cache/Home/2f412aae274b751dca883838bf7e7502.php 第 137 行.
NOTIC: [8] Undefined variable: comment_sum /var/www/blog/Runtime/Cache/Home/2f412aae274b751dca883838bf7e7502.php 第 137 行.
NOTIC: [8] Undefined variable: comment_sum /var/www/blog/Runtime/Cache/Home/2f412aae274b751dca883838bf7e7502.php 第 137 行.
INFO: Run Behavior\ParseTemplate [ RunTime:0.006311s ]
INFO: [ view_parse ] --END-- [ RunTime:0.006363s ]
INFO: [ view_filter ] --START--
INFO: Run Behavior\WriteHtmlCache [ RunTime:0.000013s ]
INFO: [ view_filter ] --END-- [ RunTime:0.000055s ]
INFO: [ view_end ] --START--
INFO: [ view_end ] --END-- [ RunTime:0.000026s ]
INFO: [ app_end ] --START--
INFO: Run Behavior\ShowPageTrace [ RunTime:0.000044s ]
INFO: [ app_end ] --END-- [ RunTime:0.000091s ]

[ 2015-11-27T02:31:26+08:00 ] 115.28.75.120 www.google.co.uk:443
INFO: [ app_init ] --START--
INFO: [ app_init ] --END-- [ RunTime:0.000052s ]
INFO: [ app_begin ] --START--
INFO: Run Behavior\ReadHtmlCache [ RunTime:0.000037s ]
INFO: [ app_begin ] --END-- [ RunTime:0.000094s ]
INFO: [ action_begin ] --START--
INFO: [ action_begin ] --END-- [ RunTime:0.000034s ]
NOTIC: [8192] mysql_connect(): The mysql extension is deprecated and will be removed in the future: use mysqli or PDO instead /var/www/blog/ThinkPHP/Library/Think/Db/Driver/Mysql.class.php 第 52 行.
SQL: SHOW COLUMNS FROM `class` [ RunTime:0.000611s ]
SQL: SELECT * FROM `class`  [ RunTime:0.000090s ]
SQL: SHOW COLUMNS FROM `articles` [ RunTime:0.000613s ]
SQL: SELECT * FROM `articles` ORDER BY id desc LIMIT 0,5   [ RunTime:0.000092s ]
SQL: SELECT `id`,`title`,`read_sum` FROM `articles` ORDER BY read_sum desc LIMIT 6   [ RunTime:0.000086s ]
SQL: SHOW COLUMNS FROM `friend_link` [ RunTime:0.000495s ]
SQL: SELECT * FROM `friend_link`  [ RunTime:0.000087s ]
INFO: [ view_begin ] --START--
INFO: [ view_begin ] --END-- [ RunTime:0.000022s ]
INFO: [ view_parse ] --START--
INFO: [ template_filter ] --START--
INFO: Run Behavior\ContentReplace [ RunTime:0.000063s ]
INFO: [ template_filter ] --END-- [ RunTime:0.000124s ]
NOTIC: [8] Undefined variable: comment_sum /var/www/blog/Runtime/Cache/Home/2f412aae274b751dca883838bf7e7502.php 第 137 行.
NOTIC: [8] Undefined variable: comment_sum /var/www/blog/Runtime/Cache/Home/2f412aae274b751dca883838bf7e7502.php 第 137 行.
NOTIC: [8] Undefined variable: comment_sum /var/www/blog/Runtime/Cache/Home/2f412aae274b751dca883838bf7e7502.php 第 137 行.
INFO: Run Behavior\ParseTemplate [ RunTime:0.006279s ]
INFO: [ view_parse ] --END-- [ RunTime:0.006330s ]
INFO: [ view_filter ] --START--
INFO: Run Behavior\WriteHtmlCache [ RunTime:0.000014s ]
INFO: [ view_filter ] --END-- [ RunTime:0.000057s ]
INFO: [ view_end ] --START--
INFO: [ view_end ] --END-- [ RunTime:0.000024s ]
INFO: [ app_end ] --START--
INFO: Run Behavior\ShowPageTrace [ RunTime:0.000034s ]
INFO: [ app_end ] --END-- [ RunTime:0.000078s ]

[ 2015-11-27T03:00:47+08:00 ] 121.42.0.33 /
INFO: [ app_init ] --START--
INFO: [ app_init ] --END-- [ RunTime:0.000070s ]
INFO: [ app_begin ] --START--
INFO: Run Behavior\ReadHtmlCache [ RunTime:0.000045s ]
INFO: [ app_begin ] --END-- [ RunTime:0.000101s ]
INFO: [ action_begin ] --START--
INFO: [ action_begin ] --END-- [ RunTime:0.000026s ]
NOTIC: [8192] mysql_connect(): The mysql extension is deprecated and will be removed in the future: use mysqli or PDO instead /var/www/blog/ThinkPHP/Library/Think/Db/Driver/Mysql.class.php 第 52 行.
SQL: SHOW COLUMNS FROM `class` [ RunTime:0.000708s ]
SQL: SELECT * FROM `class`  [ RunTime:0.000092s ]
SQL: SHOW COLUMNS FROM `articles` [ RunTime:0.000621s ]
SQL: SELECT * FROM `articles` ORDER BY id desc LIMIT 0,5   [ RunTime:0.000092s ]
SQL: SELECT `id`,`title`,`read_sum` FROM `articles` ORDER BY read_sum desc LIMIT 6   [ RunTime:0.000088s ]
SQL: SHOW COLUMNS FROM `friend_link` [ RunTime:0.000496s ]
SQL: SELECT * FROM `friend_link`  [ RunTime:0.000087s ]
INFO: [ view_begin ] --START--
INFO: [ view_begin ] --END-- [ RunTime:0.000023s ]
INFO: [ view_parse ] --START--
INFO: [ template_filter ] --START--
INFO: Run Behavior\ContentReplace [ RunTime:0.000064s ]
INFO: [ template_filter ] --END-- [ RunTime:0.000124s ]
NOTIC: [8] Undefined variable: comment_sum /var/www/blog/Runtime/Cache/Home/2f412aae274b751dca883838bf7e7502.php 第 137 行.
NOTIC: [8] Undefined variable: comment_sum /var/www/blog/Runtime/Cache/Home/2f412aae274b751dca883838bf7e7502.php 第 137 行.
NOTIC: [8] Undefined variable: comment_sum /var/www/blog/Runtime/Cache/Home/2f412aae274b751dca883838bf7e7502.php 第 137 行.
INFO: Run Behavior\ParseTemplate [ RunTime:0.006450s ]
INFO: [ view_parse ] --END-- [ RunTime:0.006501s ]
INFO: [ view_filter ] --START--
INFO: Run Behavior\WriteHtmlCache [ RunTime:0.000013s ]
INFO: [ view_filter ] --END-- [ RunTime:0.000055s ]
INFO: [ view_end ] --START--
INFO: [ view_end ] --END-- [ RunTime:0.000024s ]
INFO: [ app_end ] --START--
INFO: Run Behavior\ShowPageTrace [ RunTime:0.000033s ]
INFO: [ app_end ] --END-- [ RunTime:0.000077s ]

[ 2015-11-27T04:59:51+08:00 ] 221.231.6.195 /
INFO: [ app_init ] --START--
INFO: [ app_init ] --END-- [ RunTime:0.000072s ]
INFO: [ app_begin ] --START--
INFO: Run Behavior\ReadHtmlCache [ RunTime:0.000043s ]
INFO: [ app_begin ] --END-- [ RunTime:0.000100s ]
INFO: [ action_begin ] --START--
INFO: [ action_begin ] --END-- [ RunTime:0.000027s ]
NOTIC: [8192] mysql_connect(): The mysql extension is deprecated and will be removed in the future: use mysqli or PDO instead /var/www/blog/ThinkPHP/Library/Think/Db/Driver/Mysql.class.php 第 52 行.
SQL: SHOW COLUMNS FROM `class` [ RunTime:0.000716s ]
SQL: SELECT * FROM `class`  [ RunTime:0.000092s ]
SQL: SHOW COLUMNS FROM `articles` [ RunTime:0.000642s ]
SQL: SELECT * FROM `articles` ORDER BY id desc LIMIT 0,5   [ RunTime:0.000092s ]
SQL: SELECT `id`,`title`,`read_sum` FROM `articles` ORDER BY read_sum desc LIMIT 6   [ RunTime:0.000099s ]
SQL: SHOW COLUMNS FROM `friend_link` [ RunTime:0.000498s ]
SQL: SELECT * FROM `friend_link`  [ RunTime:0.000089s ]
INFO: [ view_begin ] --START--
INFO: [ view_begin ] --END-- [ RunTime:0.000025s ]
INFO: [ view_parse ] --START--
INFO: [ template_filter ] --START--
INFO: Run Behavior\ContentReplace [ RunTime:0.000108s ]
INFO: [ template_filter ] --END-- [ RunTime:0.000171s ]
NOTIC: [8] Undefined variable: comment_sum /var/www/blog/Runtime/Cache/Home/2f412aae274b751dca883838bf7e7502.php 第 137 行.
NOTIC: [8] Undefined variable: comment_sum /var/www/blog/Runtime/Cache/Home/2f412aae274b751dca883838bf7e7502.php 第 137 行.
NOTIC: [8] Undefined variable: comment_sum /var/www/blog/Runtime/Cache/Home/2f412aae274b751dca883838bf7e7502.php 第 137 行.
INFO: Run Behavior\ParseTemplate [ RunTime:0.006589s ]
INFO: [ view_parse ] --END-- [ RunTime:0.006641s ]
INFO: [ view_filter ] --START--
INFO: Run Behavior\WriteHtmlCache [ RunTime:0.000014s ]
INFO: [ view_filter ] --END-- [ RunTime:0.000057s ]
INFO: [ view_end ] --START--
INFO: [ view_end ] --END-- [ RunTime:0.000025s ]
INFO: [ app_end ] --START--
INFO: Run Behavior\ShowPageTrace [ RunTime:0.000045s ]
INFO: [ app_end ] --END-- [ RunTime:0.000090s ]

[ 2015-11-27T09:54:28+08:00 ] 58.20.192.216 /index.php/Home2
INFO: [ app_init ] --START--
INFO: [ app_init ] --END-- [ RunTime:0.000070s ]

[ 2015-11-27T09:54:30+08:00 ] 58.20.192.216 /index.php/Home2/ChangeClass/index/class/PHP
INFO: [ app_init ] --START--
INFO: [ app_init ] --END-- [ RunTime:0.000059s ]

[ 2015-11-27T09:54:32+08:00 ] 58.20.192.216 /index.php/Home2/ShowArticle/index/id/10
INFO: [ app_init ] --START--
INFO: [ app_init ] --END-- [ RunTime:0.000070s ]

[ 2015-11-27T10:00:10+08:00 ] 58.20.192.216 /index.php/Home2/ShowArticle/index/id/10
INFO: [ app_init ] --START--
INFO: [ app_init ] --END-- [ RunTime:0.000071s ]

[ 2015-11-27T10:02:58+08:00 ] 58.20.192.216 /index.php/Home2/ShowArticle/index/id/10
INFO: [ app_init ] --START--
INFO: [ app_init ] --END-- [ RunTime:0.000068s ]

[ 2015-11-27T10:03:43+08:00 ] 58.20.192.216 /index.php/Home2/ShowArticle/index/id/10
INFO: [ app_init ] --START--
INFO: [ app_init ] --END-- [ RunTime:0.000107s ]

[ 2015-11-27T10:04:28+08:00 ] 58.20.192.216 /index.php/Home2/ShowArticle/index/id/10
INFO: [ app_init ] --START--
INFO: [ app_init ] --END-- [ RunTime:0.000104s ]

[ 2015-11-27T10:04:42+08:00 ] 58.20.192.216 /index.php/Home2/ShowArticle/index/id/10
INFO: [ app_init ] --START--
INFO: [ app_init ] --END-- [ RunTime:0.000111s ]

[ 2015-11-27T10:05:03+08:00 ] 58.20.192.216 /index.php/Home2/ShowArticle/index/id/10
INFO: [ app_init ] --START--
INFO: [ app_init ] --END-- [ RunTime:0.000144s ]

[ 2015-11-27T10:09:03+08:00 ] 58.20.192.216 /index.php/Home2/ShowArticle/index/id/10
INFO: [ app_init ] --START--
INFO: [ app_init ] --END-- [ RunTime:0.000080s ]

[ 2015-11-27T10:10:30+08:00 ] 58.20.192.216 /index.php/Home2/ShowArticle/index/id/10
INFO: [ app_init ] --START--
INFO: [ app_init ] --END-- [ RunTime:0.000070s ]

[ 2015-11-27T10:11:29+08:00 ] 58.20.192.216 /index.php/Home2/ShowArticle/index/id/10
INFO: [ app_init ] --START--
INFO: [ app_init ] --END-- [ RunTime:0.000081s ]

[ 2015-11-27T10:12:43+08:00 ] 58.20.192.216 /index.php/Home2/ShowArticle/index/id/10
INFO: [ app_init ] --START--
INFO: [ app_init ] --END-- [ RunTime:0.000103s ]

[ 2015-11-27T10:13:01+08:00 ] 58.20.192.216 /index.php/Home2/ShowArticle/index/id/10
INFO: [ app_init ] --START--
INFO: [ app_init ] --END-- [ RunTime:0.000069s ]

[ 2015-11-27T10:13:30+08:00 ] 58.20.192.216 /index.php/Home2/ShowArticle/index/id/10
INFO: [ app_init ] --START--
INFO: [ app_init ] --END-- [ RunTime:0.000068s ]

[ 2015-11-27T10:14:27+08:00 ] 58.20.192.216 /index.php/Home2/ShowArticle/index/id/10
INFO: [ app_init ] --START--
INFO: [ app_init ] --END-- [ RunTime:0.000105s ]

[ 2015-11-27T10:14:45+08:00 ] 58.20.192.216 /index.php/Home2/ShowArticle/index/id/10
INFO: [ app_init ] --START--
INFO: [ app_init ] --END-- [ RunTime:0.000103s ]

[ 2015-11-27T10:15:30+08:00 ] 58.20.192.216 /index.php/Home2/ShowArticle/index/id/10
INFO: [ app_init ] --START--
INFO: [ app_init ] --END-- [ RunTime:0.000110s ]

[ 2015-11-27T10:17:43+08:00 ] 58.20.192.216 /index.php/Home2/ShowArticle/index/id/10
INFO: [ app_init ] --START--
INFO: [ app_init ] --END-- [ RunTime:0.000070s ]

[ 2015-11-27T10:18:02+08:00 ] 58.20.192.216 /index.php/Home2/ShowArticle/index/id/10
INFO: [ app_init ] --START--
INFO: [ app_init ] --END-- [ RunTime:0.000069s ]

[ 2015-11-27T10:19:35+08:00 ] 58.20.192.216 /index.php/Home2/ShowArticle/index/id/10
INFO: [ app_init ] --START--
INFO: [ app_init ] --END-- [ RunTime:0.000116s ]

[ 2015-11-27T10:21:52+08:00 ] 58.20.192.216 /index.php/Home2/ShowArticle/index/id/10
INFO: [ app_init ] --START--
INFO: [ app_init ] --END-- [ RunTime:0.000128s ]

[ 2015-11-27T10:24:28+08:00 ] 58.20.192.216 /index.php/Home2/ShowArticle/index/id/10
INFO: [ app_init ] --START--
INFO: [ app_init ] --END-- [ RunTime:0.000094s ]

[ 2015-11-27T10:25:12+08:00 ] 58.20.192.216 /index.php/Home2/ShowArticle/index/id/10
INFO: [ app_init ] --START--
INFO: [ app_init ] --END-- [ RunTime:0.000161s ]

[ 2015-11-27T10:29:24+08:00 ] 58.20.192.216 /index.php/Home2/ShowArticle/index/id/10
INFO: [ app_init ] --START--
INFO: [ app_init ] --END-- [ RunTime:0.000107s ]

[ 2015-11-27T10:29:25+08:00 ] 58.20.192.216 /index.php/Home2/ShowArticle/index/id/style.css
INFO: [ app_init ] --START--
INFO: [ app_init ] --END-- [ RunTime:0.000061s ]

[ 2015-11-27T10:29:25+08:00 ] 58.20.192.216 /index.php/Home2/ShowArticle/index/id/style/css/prettyPhoto.css
INFO: [ app_init ] --START--
INFO: [ app_init ] --END-- [ RunTime:0.000100s ]

[ 2015-11-27T10:29:25+08:00 ] 58.20.192.216 /index.php/Home2/ShowArticle/index/id/style/type/classic.css
INFO: [ app_init ] --START--
INFO: [ app_init ] --END-- [ RunTime:0.000043s ]

[ 2015-11-27T10:29:25+08:00 ] 58.20.192.216 /index.php/Home2/ShowArticle/index/id/style/js/jquery-1.6.2.min.js
INFO: [ app_init ] --START--
INFO: [ app_init ] --END-- [ RunTime:0.000050s ]

[ 2015-11-27T10:29:25+08:00 ] 58.20.192.216 /index.php/Home2/ShowArticle/index/id/style/type/goudy.css
INFO: [ app_init ] --START--
INFO: [ app_init ] --END-- [ RunTime:0.000115s ]

[ 2015-11-27T10:29:25+08:00 ] 58.20.192.216 /index.php/Home2/ShowArticle/index/id/style/js/jquery.prettyPhoto.js
INFO: [ app_init ] --START--
INFO: [ app_init ] --END-- [ RunTime:0.000040s ]

[ 2015-11-27T10:29:25+08:00 ] 58.20.192.216 /index.php/Home2/ShowArticle/index/id/style/js/superfish.js
INFO: [ app_init ] --START--
INFO: [ app_init ] --END-- [ RunTime:0.000043s ]

[ 2015-11-27T10:29:25+08:00 ] 58.20.192.216 /index.php/Home2/ShowArticle/index/id/style/js/scripts.js
INFO: [ app_init ] --START--
INFO: [ app_init ] --END-- [ RunTime:0.000052s ]

[ 2015-11-27T10:32:51+08:00 ] 58.20.192.216 /index.php/Home2/ShowArticle/index/id/10
INFO: [ app_init ] --START--
INFO: [ app_init ] --END-- [ RunTime:0.000071s ]

[ 2015-11-27T10:32:51+08:00 ] 58.20.192.216 /index.php/Home2/ShowArticle/index/id/style.css
INFO: [ app_init ] --START--
INFO: [ app_init ] --END-- [ RunTime:0.000051s ]

[ 2015-11-27T10:32:51+08:00 ] 58.20.192.216 /index.php/Home2/ShowArticle/index/id/style/js/jquery-1.6.2.min.js
INFO: [ app_init ] --START--
INFO: [ app_init ] --END-- [ RunTime:0.000058s ]

[ 2015-11-27T10:32:51+08:00 ] 58.20.192.216 /index.php/Home2/ShowArticle/index/id/style/js/superfish.js
INFO: [ app_init ] --START--
INFO: [ app_init ] --END-- [ RunTime:0.000047s ]

[ 2015-11-27T10:32:51+08:00 ] 58.20.192.216 /index.php/Home2/ShowArticle/index/id/style/type/classic.css
INFO: [ app_init ] --START--
INFO: [ app_init ] --END-- [ RunTime:0.000044s ]

[ 2015-11-27T10:32:51+08:00 ] 58.20.192.216 /index.php/Home2/ShowArticle/index/id/style/js/jquery.prettyPhoto.js
INFO: [ app_init ] --START--
INFO: [ app_init ] --END-- [ RunTime:0.000045s ]

[ 2015-11-27T10:32:51+08:00 ] 58.20.192.216 /index.php/Home2/ShowArticle/index/id/style/type/goudy.css
INFO: [ app_init ] --START--
INFO: [ app_init ] --END-- [ RunTime:0.000094s ]

[ 2015-11-27T10:32:52+08:00 ] 58.20.192.216 /index.php/Home2/ShowArticle/index/id/style/css/prettyPhoto.css
INFO: [ app_init ] --START--
INFO: [ app_init ] --END-- [ RunTime:0.000081s ]

[ 2015-11-27T10:32:52+08:00 ] 58.20.192.216 /index.php/Home2/ShowArticle/index/id/style/js/scripts.js
INFO: [ app_init ] --START--
INFO: [ app_init ] --END-- [ RunTime:0.000046s ]

[ 2015-11-27T10:33:41+08:00 ] 58.20.192.216 /index.php/Home2/ShowArticle/index/id/10
INFO: [ app_init ] --START--
INFO: [ app_init ] --END-- [ RunTime:0.000071s ]

[ 2015-11-27T10:33:41+08:00 ] 58.20.192.216 /index.php/Home2/ShowArticle/index/id/style/js/jquery-1.6.2.min.js
INFO: [ app_init ] --START--
INFO: [ app_init ] --END-- [ RunTime:0.000101s ]

[ 2015-11-27T10:33:41+08:00 ] 58.20.192.216 /index.php/Home2/ShowArticle/index/id/style/js/superfish.js
INFO: [ app_init ] --START--
INFO: [ app_init ] --END-- [ RunTime:0.000041s ]

[ 2015-11-27T10:33:41+08:00 ] 58.20.192.216 /index.php/Home2/ShowArticle/index/id/style/js/jquery.prettyPhoto.js
INFO: [ app_init ] --START--
INFO: [ app_init ] --END-- [ RunTime:0.000042s ]

[ 2015-11-27T10:33:41+08:00 ] 58.20.192.216 /index.php/Home2/ShowArticle/index/id/style/js/scripts.js
INFO: [ app_init ] --START--
INFO: [ app_init ] --END-- [ RunTime:0.000043s ]

[ 2015-11-27T10:34:14+08:00 ] 58.20.192.216 /index.php/Home2/ShowArticle/index/id/10
INFO: [ app_init ] --START--
INFO: [ app_init ] --END-- [ RunTime:0.000071s ]

[ 2015-11-27T10:34:14+08:00 ] 58.20.192.216 /index.php/Home2/ShowArticle/index/id/style/js/jquery-1.6.2.min.js
INFO: [ app_init ] --START--
INFO: [ app_init ] --END-- [ RunTime:0.000059s ]

[ 2015-11-27T10:34:14+08:00 ] 58.20.192.216 /index.php/Home2/ShowArticle/index/id/style/js/jquery.prettyPhoto.js
INFO: [ app_init ] --START--
INFO: [ app_init ] --END-- [ RunTime:0.000044s ]

[ 2015-11-27T10:34:14+08:00 ] 58.20.192.216 /index.php/Home2/ShowArticle/index/id/style/js/superfish.js
INFO: [ app_init ] --START--
INFO: [ app_init ] --END-- [ RunTime:0.000080s ]

[ 2015-11-27T10:34:14+08:00 ] 58.20.192.216 /index.php/Home2/ShowArticle/index/id/style/js/scripts.js
INFO: [ app_init ] --START--
INFO: [ app_init ] --END-- [ RunTime:0.000044s ]

[ 2015-11-27T10:34:52+08:00 ] 58.20.192.216 /index.php/Home2/ShowArticle/index/id/10
INFO: [ app_init ] --START--
INFO: [ app_init ] --END-- [ RunTime:0.000076s ]

[ 2015-11-27T10:34:52+08:00 ] 58.20.192.216 /index.php/Home2/ShowArticle/index/id/style/js/superfish.js
INFO: [ app_init ] --START--
INFO: [ app_init ] --END-- [ RunTime:0.000066s ]

[ 2015-11-27T10:34:52+08:00 ] 58.20.192.216 /index.php/Home2/ShowArticle/index/id/style/js/jquery.prettyPhoto.js
INFO: [ app_init ] --START--
INFO: [ app_init ] --END-- [ RunTime:0.000042s ]

[ 2015-11-27T10:34:52+08:00 ] 58.20.192.216 /index.php/Home2/ShowArticle/index/id/style/js/jquery-1.6.2.min.js
INFO: [ app_init ] --START--
INFO: [ app_init ] --END-- [ RunTime:0.000122s ]

[ 2015-11-27T10:34:52+08:00 ] 58.20.192.216 /index.php/Home2/ShowArticle/index/id/style/js/scripts.js
INFO: [ app_init ] --START--
INFO: [ app_init ] --END-- [ RunTime:0.000045s ]

[ 2015-11-27T10:37:20+08:00 ] 58.20.192.216 /index.php/Home2/ShowArticle/index/id/10
INFO: [ app_init ] --START--
INFO: [ app_init ] --END-- [ RunTime:0.000069s ]

[ 2015-11-27T10:37:20+08:00 ] 58.20.192.216 /index.php/Home2/ShowArticle/index/id/style/js/jquery-1.6.2.min.js
INFO: [ app_init ] --START--
INFO: [ app_init ] --END-- [ RunTime:0.000062s ]

[ 2015-11-27T10:37:20+08:00 ] 58.20.192.216 /index.php/Home2/ShowArticle/index/id/style/js/superfish.js
INFO: [ app_init ] --START--
INFO: [ app_init ] --END-- [ RunTime:0.000043s ]

[ 2015-11-27T10:37:20+08:00 ] 58.20.192.216 /index.php/Home2/ShowArticle/index/id/style/js/jquery.prettyPhoto.js
INFO: [ app_init ] --START--
INFO: [ app_init ] --END-- [ RunTime:0.000041s ]

[ 2015-11-27T10:37:20+08:00 ] 58.20.192.216 /index.php/Home2/ShowArticle/index/id/style/js/scripts.js
INFO: [ app_init ] --START--
INFO: [ app_init ] --END-- [ RunTime:0.000043s ]

[ 2015-11-27T10:39:33+08:00 ] 58.20.192.216 /index.php/Home2/ShowArticle/index/id/10
INFO: [ app_init ] --START--
INFO: [ app_init ] --END-- [ RunTime:0.000087s ]

[ 2015-11-27T10:43:54+08:00 ] 58.20.192.216 /index.php/Home2/ShowArticle/index/id/10
INFO: [ app_init ] --START--
INFO: [ app_init ] --END-- [ RunTime:0.000068s ]

[ 2015-11-27T10:44:41+08:00 ] 58.20.192.216 /index.php/Home2/ShowArticle/index/id/10
INFO: [ app_init ] --START--
INFO: [ app_init ] --END-- [ RunTime:0.000070s ]

[ 2015-11-27T10:45:27+08:00 ] 58.20.192.216 /index.php/Home2/ShowArticle/index/id/10
INFO: [ app_init ] --START--
INFO: [ app_init ] --END-- [ RunTime:0.000071s ]

[ 2015-11-27T10:45:51+08:00 ] 58.20.192.216 /index.php/Home2/ShowArticle/index/id/10
INFO: [ app_init ] --START--
INFO: [ app_init ] --END-- [ RunTime:0.000110s ]

[ 2015-11-27T10:46:41+08:00 ] 58.20.192.216 /index.php/Home2/ShowArticle/index/id/10
INFO: [ app_init ] --START--
INFO: [ app_init ] --END-- [ RunTime:0.000061s ]

[ 2015-11-27T10:47:54+08:00 ] 58.20.192.216 /index.php/Home2/ShowArticle/index/id/10
INFO: [ app_init ] --START--
INFO: [ app_init ] --END-- [ RunTime:0.000072s ]

[ 2015-11-27T10:49:12+08:00 ] 58.20.192.216 /index.php/Home2/ShowArticle/index/id/10
INFO: [ app_init ] --START--
INFO: [ app_init ] --END-- [ RunTime:0.000068s ]

[ 2015-11-27T10:50:01+08:00 ] 58.20.192.216 /index.php/Home2/ShowArticle/index/id/10
INFO: [ app_init ] --START--
INFO: [ app_init ] --END-- [ RunTime:0.000109s ]

[ 2015-11-27T10:50:55+08:00 ] 58.20.192.216 /index.php/Home2/ShowArticle/index/id/10
INFO: [ app_init ] --START--
INFO: [ app_init ] --END-- [ RunTime:0.000097s ]

[ 2015-11-27T10:51:46+08:00 ] 58.20.192.216 /index.php/Home2/ShowArticle/index/id/10
INFO: [ app_init ] --START--
INFO: [ app_init ] --END-- [ RunTime:0.000159s ]

[ 2015-11-27T10:52:22+08:00 ] 58.20.192.216 /index.php/Home2/ShowArticle/index/id/10
INFO: [ app_init ] --START--
INFO: [ app_init ] --END-- [ RunTime:0.000105s ]

[ 2015-11-27T10:52:54+08:00 ] 58.20.192.216 /index.php/Home2/ShowArticle/index/id/10
INFO: [ app_init ] --START--
INFO: [ app_init ] --END-- [ RunTime:0.000077s ]

[ 2015-11-27T10:54:25+08:00 ] 58.20.192.216 /index.php/Home2/ShowArticle/index/id/10
INFO: [ app_init ] --START--
INFO: [ app_init ] --END-- [ RunTime:0.000069s ]

[ 2015-11-27T10:56:28+08:00 ] 58.20.192.216 /index.php/Home2/ShowArticle/index/id/10
INFO: [ app_init ] --START--
INFO: [ app_init ] --END-- [ RunTime:0.000103s ]

[ 2015-11-27T10:56:30+08:00 ] 58.20.192.216 /index.php/Home2/ShowArticle/index/id/10
INFO: [ app_init ] --START--
INFO: [ app_init ] --END-- [ RunTime:0.000097s ]

[ 2015-11-27T10:56:32+08:00 ] 58.20.192.216 /index.php/Home2/ShowArticle/index/id/10
INFO: [ app_init ] --START--
INFO: [ app_init ] --END-- [ RunTime:0.000114s ]

[ 2015-11-27T10:59:13+08:00 ] 58.20.192.216 /index.php/Home2/ShowArticle/index/id/10
INFO: [ app_init ] --START--
INFO: [ app_init ] --END-- [ RunTime:0.000069s ]

[ 2015-11-27T11:00:07+08:00 ] 58.20.192.216 /index.php/Home2/ShowArticle/index/id/10
INFO: [ app_init ] --START--
INFO: [ app_init ] --END-- [ RunTime:0.000071s ]

[ 2015-11-27T11:00:56+08:00 ] 58.20.192.216 /index.php/Home2/ShowArticle/index/id/10
INFO: [ app_init ] --START--
INFO: [ app_init ] --END-- [ RunTime:0.000063s ]

[ 2015-11-27T11:02:04+08:00 ] 58.20.192.216 /index.php/Home2/ShowArticle/index/id/10
INFO: [ app_init ] --START--
INFO: [ app_init ] --END-- [ RunTime:0.000130s ]

[ 2015-11-27T11:02:39+08:00 ] 58.20.192.216 /index.php/Home2/ShowArticle/index/id/10
INFO: [ app_init ] --START--
INFO: [ app_init ] --END-- [ RunTime:0.000062s ]

[ 2015-11-27T11:03:06+08:00 ] 58.20.192.216 /index.php/Home2/ShowArticle/index/id/10
INFO: [ app_init ] --START--
INFO: [ app_init ] --END-- [ RunTime:0.000114s ]

[ 2015-11-27T11:03:52+08:00 ] 58.20.192.216 /index.php/Home2/ShowArticle/index/id/10
INFO: [ app_init ] --START--
INFO: [ app_init ] --END-- [ RunTime:0.000072s ]

[ 2015-11-27T11:04:22+08:00 ] 58.20.192.216 /index.php/Home2/ShowArticle/index/id/10
INFO: [ app_init ] --START--
INFO: [ app_init ] --END-- [ RunTime:0.000106s ]

[ 2015-11-27T11:04:35+08:00 ] 58.20.192.216 /index.php/Home2/ShowArticle/index/id/10
INFO: [ app_init ] --START--
INFO: [ app_init ] --END-- [ RunTime:0.000104s ]

[ 2015-11-27T11:04:49+08:00 ] 58.20.192.216 /index.php/Home2/ShowArticle/index/id/10
INFO: [ app_init ] --START--
INFO: [ app_init ] --END-- [ RunTime:0.000080s ]

[ 2015-11-27T11:05:06+08:00 ] 58.20.192.216 /index.php/Home2/ShowArticle/index/id/10
INFO: [ app_init ] --START--
INFO: [ app_init ] --END-- [ RunTime:0.000148s ]

[ 2015-11-27T11:05:24+08:00 ] 58.20.192.216 /index.php/Home2/ShowArticle/index/id/10
INFO: [ app_init ] --START--
INFO: [ app_init ] --END-- [ RunTime:0.000067s ]

[ 2015-11-27T11:08:34+08:00 ] 58.20.192.216 /index.php/Home2/ShowArticle/index/id/10
INFO: [ app_init ] --START--
INFO: [ app_init ] --END-- [ RunTime:0.000072s ]

[ 2015-11-27T11:09:03+08:00 ] 58.20.192.216 /index.php/Home2/ShowArticle/index/id/10
INFO: [ app_init ] --START--
INFO: [ app_init ] --END-- [ RunTime:0.000119s ]

[ 2015-11-27T11:09:35+08:00 ] 58.20.192.216 /index.php/Home2/ShowArticle/index/id/index.html
INFO: [ app_init ] --START--
INFO: [ app_init ] --END-- [ RunTime:0.000097s ]

[ 2015-11-27T11:09:40+08:00 ] 58.20.192.216 /index.php/Home2/ChangeClass/index/class/PHP
INFO: [ app_init ] --START--
INFO: [ app_init ] --END-- [ RunTime:0.000059s ]

[ 2015-11-27T11:09:45+08:00 ] 58.20.192.216 /index.php/Home2/ChangeClass/index/class/%E6%95%B0%E6%8D%AE%E7%BB%93%E6%9E%84%E4%B8%8E%E7%AE%97%E6%B3%95
INFO: [ app_init ] --START--
INFO: [ app_init ] --END-- [ RunTime:0.000095s ]

[ 2015-11-27T11:09:50+08:00 ] 58.20.192.216 /index.php/Home2/ShowArticle/index/id/11
INFO: [ app_init ] --START--
INFO: [ app_init ] --END-- [ RunTime:0.000070s ]

[ 2015-11-27T11:09:57+08:00 ] 58.20.192.216 /index.php/Home2/ChangeClass/index/class/PHP
INFO: [ app_init ] --START--
INFO: [ app_init ] --END-- [ RunTime:0.000110s ]

[ 2015-11-27T11:09:59+08:00 ] 58.20.192.216 /index.php/Home2/
INFO: [ app_init ] --START--
INFO: [ app_init ] --END-- [ RunTime:0.000060s ]

[ 2015-11-27T11:10:01+08:00 ] 58.20.192.216 /index.php/Home2/ChangeClass/index/class/PHP
INFO: [ app_init ] --START--
INFO: [ app_init ] --END-- [ RunTime:0.000068s ]

[ 2015-11-27T11:10:02+08:00 ] 58.20.192.216 /index.php/Home2/
INFO: [ app_init ] --START--
INFO: [ app_init ] --END-- [ RunTime:0.000094s ]

[ 2015-11-27T11:10:28+08:00 ] 58.20.192.216 /index.php/Home2/
INFO: [ app_init ] --START--
INFO: [ app_init ] --END-- [ RunTime:0.000106s ]

[ 2015-11-27T11:10:32+08:00 ] 58.20.192.216 /index.php/Home2/ChangeClass/index/class/PHP
INFO: [ app_init ] --START--
INFO: [ app_init ] --END-- [ RunTime:0.000066s ]

[ 2015-11-27T11:10:33+08:00 ] 58.20.192.216 /index.php/Home2/ShowArticle/index/id/10
INFO: [ app_init ] --START--
INFO: [ app_init ] --END-- [ RunTime:0.000064s ]

[ 2015-11-27T11:10:35+08:00 ] 58.20.192.216 /index.php/Home2/
INFO: [ app_init ] --START--
INFO: [ app_init ] --END-- [ RunTime:0.000067s ]

[ 2015-11-27T11:12:44+08:00 ] 58.20.192.216 /index.php/Home2/
INFO: [ app_init ] --START--
INFO: [ app_init ] --END-- [ RunTime:0.000060s ]

[ 2015-11-27T11:12:46+08:00 ] 58.20.192.216 /index.php/Home2/_APP__/Home2/ShowArticle/index/id/11
INFO: [ app_init ] --START--
INFO: [ app_init ] --END-- [ RunTime:0.000052s ]
ERR: 无法加载控制器:_APP__

[ 2015-11-27T11:12:58+08:00 ] 58.20.192.216 /index.php/Home2/
INFO: [ app_init ] --START--
INFO: [ app_init ] --END-- [ RunTime:0.000107s ]

[ 2015-11-27T11:12:59+08:00 ] 58.20.192.216 /index.php/Home2/ShowArticle/index/id/11
INFO: [ app_init ] --START--
INFO: [ app_init ] --END-- [ RunTime:0.000095s ]

[ 2015-11-27T11:13:05+08:00 ] 58.20.192.216 /index.php/Home2/
INFO: [ app_init ] --START--
INFO: [ app_init ] --END-- [ RunTime:0.000069s ]

[ 2015-11-27T11:15:34+08:00 ] 58.20.192.216 /index.php/Home2/
INFO: [ app_init ] --START--
INFO: [ app_init ] --END-- [ RunTime:0.000073s ]

[ 2015-11-27T11:16:01+08:00 ] 58.20.192.216 /index.php/Home2/
INFO: [ app_init ] --START--
INFO: [ app_init ] --END-- [ RunTime:0.000069s ]

[ 2015-11-27T11:16:16+08:00 ] 58.20.192.216 /index.php/Home2/
INFO: [ app_init ] --START--
INFO: [ app_init ] --END-- [ RunTime:0.000065s ]

[ 2015-11-27T11:16:39+08:00 ] 58.20.192.216 /index.php/Home2/
INFO: [ app_init ] --START--
INFO: [ app_init ] --END-- [ RunTime:0.000066s ]

[ 2015-11-27T11:22:27+08:00 ] 58.20.192.216 /index.php/Home2/
INFO: [ app_init ] --START--
INFO: [ app_init ] --END-- [ RunTime:0.000061s ]

[ 2015-11-27T11:22:54+08:00 ] 58.20.192.216 /index.php/Home2/
INFO: [ app_init ] --START--
INFO: [ app_init ] --END-- [ RunTime:0.000119s ]

[ 2015-11-27T11:24:16+08:00 ] 58.20.192.216 /index.php/Home2/
INFO: [ app_init ] --START--
INFO: [ app_init ] --END-- [ RunTime:0.000105s ]

[ 2015-11-27T11:25:12+08:00 ] 58.20.192.216 /index.php/Home2/
INFO: [ app_init ] --START--
INFO: [ app_init ] --END-- [ RunTime:0.000109s ]

[ 2015-11-27T11:25:44+08:00 ] 58.20.192.216 /index.php/Home2/
INFO: [ app_init ] --START--
INFO: [ app_init ] --END-- [ RunTime:0.000115s ]

[ 2015-11-27T11:25:46+08:00 ] 58.20.192.216 /index.php/Home/HomeGetMore/index/page/2
INFO: [ app_init ] --START--
INFO: [ app_init ] --END-- [ RunTime:0.000059s ]
INFO: [ path_info ] --START--
INFO: [ path_info ] --END-- [ RunTime:0.000026s ]
INFO: [ app_begin ] --START--
INFO: Run Behavior\ReadHtmlCache [ RunTime:0.000043s ]
INFO: [ app_begin ] --END-- [ RunTime:0.000098s ]
INFO: [ action_begin ] --START--
INFO: [ action_begin ] --END-- [ RunTime:0.000031s ]
NOTIC: [8192] mysql_connect(): The mysql extension is deprecated and will be removed in the future: use mysqli or PDO instead /var/www/blog/ThinkPHP/Library/Think/Db/Driver/Mysql.class.php 第 52 行.
SQL: SHOW COLUMNS FROM `articles` [ RunTime:0.000845s ]
SQL: SELECT * FROM `articles` ORDER BY id desc LIMIT 5,5   [ RunTime:0.000242s ]
NOTIC: [2] Invalid argument supplied for foreach() /var/www/blog/Home/Controller/HomeGetMoreController.class.php 第 41 行.
NOTIC: [2] Invalid argument supplied for foreach() /var/www/blog/Home/Controller/HomeGetMoreController.class.php 第 14 行.
INFO: [ app_end ] --START--
INFO: Run Behavior\ShowPageTrace [ RunTime:0.000033s ]
INFO: [ app_end ] --END-- [ RunTime:0.000082s ]

[ 2015-11-27T11:26:41+08:00 ] 58.20.192.216 /index.php/Home2/
INFO: [ app_init ] --START--
INFO: [ app_init ] --END-- [ RunTime:0.000069s ]

[ 2015-11-27T11:26:42+08:00 ] 58.20.192.216 /index.php/Home/HomeGetMore/index/page/2
INFO: [ app_init ] --START--
INFO: [ app_init ] --END-- [ RunTime:0.000061s ]
INFO: [ path_info ] --START--
INFO: [ path_info ] --END-- [ RunTime:0.000025s ]
INFO: [ app_begin ] --START--
INFO: Run Behavior\ReadHtmlCache [ RunTime:0.000044s ]
INFO: [ app_begin ] --END-- [ RunTime:0.000099s ]
INFO: [ action_begin ] --START--
INFO: [ action_begin ] --END-- [ RunTime:0.000024s ]
NOTIC: [8192] mysql_connect(): The mysql extension is deprecated and will be removed in the future: use mysqli or PDO instead /var/www/blog/ThinkPHP/Library/Think/Db/Driver/Mysql.class.php 第 52 行.
SQL: SHOW COLUMNS FROM `articles` [ RunTime:0.000952s ]
SQL: SELECT * FROM `articles` ORDER BY id desc LIMIT 5,5   [ RunTime:0.000110s ]
NOTIC: [2] Invalid argument supplied for foreach() /var/www/blog/Home/Controller/HomeGetMoreController.class.php 第 41 行.
NOTIC: [2] Invalid argument supplied for foreach() /var/www/blog/Home/Controller/HomeGetMoreController.class.php 第 14 行.
INFO: [ app_end ] --START--
INFO: Run Behavior\ShowPageTrace [ RunTime:0.000033s ]
INFO: [ app_end ] --END-- [ RunTime:0.000083s ]

[ 2015-11-27T11:27:23+08:00 ] 58.20.192.216 /index.php/Home2/
INFO: [ app_init ] --START--
INFO: [ app_init ] --END-- [ RunTime:0.000070s ]

[ 2015-11-27T11:27:39+08:00 ] 58.20.192.216 /index.php/Home2/ShowArticle/index/id/11
INFO: [ app_init ] --START--
INFO: [ app_init ] --END-- [ RunTime:0.000067s ]

[ 2015-11-27T11:27:50+08:00 ] 58.20.192.216 /index.php/Home2/
INFO: [ app_init ] --START--
INFO: [ app_init ] --END-- [ RunTime:0.000176s ]

[ 2015-11-27T12:21:58+08:00 ] 58.20.192.216 /index.php/Home2
INFO: [ app_init ] --START--
INFO: [ app_init ] --END-- [ RunTime:0.000068s ]

[ 2015-11-27T12:22:23+08:00 ] 58.20.192.216 /index.php/Home/HomeGetMore/index/page/2
INFO: [ app_init ] --START--
INFO: [ app_init ] --END-- [ RunTime:0.000169s ]
INFO: [ path_info ] --START--
INFO: [ path_info ] --END-- [ RunTime:0.000051s ]
INFO: [ app_begin ] --START--
INFO: Run Behavior\ReadHtmlCache [ RunTime:0.000087s ]
INFO: [ app_begin ] --END-- [ RunTime:0.000185s ]
INFO: [ action_begin ] --START--
INFO: [ action_begin ] --END-- [ RunTime:0.000030s ]
NOTIC: [8192] mysql_connect(): The mysql extension is deprecated and will be removed in the future: use mysqli or PDO instead /var/www/blog/ThinkPHP/Library/Think/Db/Driver/Mysql.class.php 第 52 行.
SQL: SHOW COLUMNS FROM `articles` [ RunTime:0.000858s ]
SQL: SELECT * FROM `articles` ORDER BY id desc LIMIT 5,5   [ RunTime:0.000251s ]
NOTIC: [2] Invalid argument supplied for foreach() /var/www/blog/Home/Controller/HomeGetMoreController.class.php 第 41 行.
NOTIC: [2] Invalid argument supplied for foreach() /var/www/blog/Home/Controller/HomeGetMoreController.class.php 第 14 行.
INFO: [ app_end ] --START--
INFO: Run Behavior\ShowPageTrace [ RunTime:0.000033s ]
INFO: [ app_end ] --END-- [ RunTime:0.000084s ]

[ 2015-11-27T12:22:29+08:00 ] 58.20.192.216 /index.php/Home2/ShowArticle/index/id/11
INFO: [ app_init ] --START--
INFO: [ app_init ] --END-- [ RunTime:0.000104s ]

[ 2015-11-27T12:23:01+08:00 ] 58.20.192.216 /index.php/Admin
INFO: [ app_init ] --START--
INFO: [ app_init ] --END-- [ RunTime:0.000102s ]
INFO: [ app_begin ] --START--
INFO: Run Behavior\ReadHtmlCache [ RunTime:0.000044s ]
INFO: [ app_begin ] --END-- [ RunTime:0.000103s ]
INFO: [ action_begin ] --START--
INFO: [ action_begin ] --END-- [ RunTime:0.000026s ]
INFO: [ view_begin ] --START--
INFO: [ view_begin ] --END-- [ RunTime:0.000040s ]
INFO: [ view_parse ] --START--
INFO: [ template_filter ] --START--
INFO: Run Behavior\ContentReplace [ RunTime:0.000048s ]
INFO: [ template_filter ] --END-- [ RunTime:0.000118s ]
INFO: Run Behavior\ParseTemplate [ RunTime:0.002521s ]
INFO: [ view_parse ] --END-- [ RunTime:0.002578s ]
INFO: [ view_filter ] --START--
INFO: Run Behavior\WriteHtmlCache [ RunTime:0.000015s ]
INFO: [ view_filter ] --END-- [ RunTime:0.000058s ]
INFO: [ view_end ] --START--
INFO: [ view_end ] --END-- [ RunTime:0.000019s ]

[ 2015-11-27T12:23:04+08:00 ] 58.20.192.216 /index.php/Admin/AdminLogin
INFO: [ app_init ] --START--
INFO: [ app_init ] --END-- [ RunTime:0.000067s ]
INFO: [ path_info ] --START--
INFO: [ path_info ] --END-- [ RunTime:0.000026s ]
INFO: [ app_begin ] --START--
INFO: Run Behavior\ReadHtmlCache [ RunTime:0.000043s ]
INFO: [ app_begin ] --END-- [ RunTime:0.000098s ]
INFO: [ action_begin ] --START--
INFO: [ action_begin ] --END-- [ RunTime:0.000024s ]
INFO: [ view_begin ] --START--
INFO: [ view_begin ] --END-- [ RunTime:0.000022s ]
INFO: [ view_parse ] --START--
INFO: [ template_filter ] --START--
INFO: Run Behavior\ContentReplace [ RunTime:0.000054s ]
INFO: [ template_filter ] --END-- [ RunTime:0.000115s ]
INFO: Run Behavior\ParseTemplate [ RunTime:0.002956s ]
INFO: [ view_parse ] --END-- [ RunTime:0.003016s ]
INFO: [ view_filter ] --START--
INFO: Run Behavior\WriteHtmlCache [ RunTime:0.000014s ]
INFO: [ view_filter ] --END-- [ RunTime:0.000056s ]
INFO: [ view_end ] --START--
INFO: [ view_end ] --END-- [ RunTime:0.000017s ]
INFO: [ app_end ] --START--
INFO: Run Behavior\ShowPageTrace [ RunTime:0.000029s ]
INFO: [ app_end ] --END-- [ RunTime:0.000070s ]

[ 2015-11-27T12:23:04+08:00 ] 58.20.192.216 /index.php/Admin/GetVerify
INFO: [ app_init ] --START--
INFO: [ app_init ] --END-- [ RunTime:0.000104s ]
INFO: [ path_info ] --START--
INFO: [ path_info ] --END-- [ RunTime:0.000027s ]
INFO: [ app_begin ] --START--
INFO: Run Behavior\ReadHtmlCache [ RunTime:0.000053s ]
INFO: [ app_begin ] --END-- [ RunTime:0.000110s ]
INFO: [ action_begin ] --START--
INFO: [ action_begin ] --END-- [ RunTime:0.000028s ]
INFO: [ app_end ] --START--
INFO: Run Behavior\ShowPageTrace [ RunTime:0.000052s ]
INFO: [ app_end ] --END-- [ RunTime:0.000166s ]

[ 2015-11-27T12:23:11+08:00 ] 58.20.192.216 /index.php/Admin/GetVerify?0.609223430044949
INFO: [ app_init ] --START--
INFO: [ app_init ] --END-- [ RunTime:0.000100s ]
INFO: [ path_info ] --START--
INFO: [ path_info ] --END-- [ RunTime:0.000027s ]
INFO: [ app_begin ] --START--
INFO: Run Behavior\ReadHtmlCache [ RunTime:0.000043s ]
INFO: [ app_begin ] --END-- [ RunTime:0.000101s ]
INFO: [ action_begin ] --START--
INFO: [ action_begin ] --END-- [ RunTime:0.000037s ]
INFO: [ app_end ] --START--
INFO: Run Behavior\ShowPageTrace [ RunTime:0.000033s ]
INFO: [ app_end ] --END-- [ RunTime:0.000097s ]

[ 2015-11-27T12:23:12+08:00 ] 58.20.192.216 /index.php/Admin/GetVerify?0.3500417487230152
INFO: [ app_init ] --START--
INFO: [ app_init ] --END-- [ RunTime:0.000059s ]
INFO: [ path_info ] --START--
INFO: [ path_info ] --END-- [ RunTime:0.000024s ]
INFO: [ app_begin ] --START--
INFO: Run Behavior\ReadHtmlCache [ RunTime:0.000042s ]
INFO: [ app_begin ] --END-- [ RunTime:0.000095s ]
INFO: [ action_begin ] --START--
INFO: [ action_begin ] --END-- [ RunTime:0.000024s ]
INFO: [ app_end ] --START--
INFO: Run Behavior\ShowPageTrace [ RunTime:0.000033s ]
INFO: [ app_end ] --END-- [ RunTime:0.000096s ]

[ 2015-11-27T12:23:21+08:00 ] 58.20.192.216 /index.php/Admin/DoAdminLogin
INFO: [ app_init ] --START--
INFO: [ app_init ] --END-- [ RunTime:0.000077s ]
INFO: [ path_info ] --START--
INFO: [ path_info ] --END-- [ RunTime:0.000030s ]
INFO: [ app_begin ] --START--
INFO: Run Behavior\ReadHtmlCache [ RunTime:0.000041s ]
INFO: [ app_begin ] --END-- [ RunTime:0.000094s ]
INFO: [ action_begin ] --START--
INFO: [ action_begin ] --END-- [ RunTime:0.000024s ]
INFO: [ view_begin ] --START--
INFO: [ view_begin ] --END-- [ RunTime:0.000032s ]
INFO: [ view_parse ] --START--
INFO: [ template_filter ] --START--
INFO: Run Behavior\ContentReplace [ RunTime:0.000058s ]
INFO: [ template_filter ] --END-- [ RunTime:0.000127s ]
INFO: Run Behavior\ParseTemplate [ RunTime:0.003302s ]
INFO: [ view_parse ] --END-- [ RunTime:0.003362s ]
INFO: [ view_filter ] --START--
INFO: Run Behavior\WriteHtmlCache [ RunTime:0.000013s ]
INFO: [ view_filter ] --END-- [ RunTime:0.000055s ]
INFO: [ view_end ] --START--
INFO: [ view_end ] --END-- [ RunTime:0.000019s ]
INFO: [ app_end ] --START--
INFO: Run Behavior\ShowPageTrace [ RunTime:0.000029s ]
INFO: [ app_end ] --END-- [ RunTime:0.000070s ]

[ 2015-11-27T12:23:22+08:00 ] 58.20.192.216 /index.php/Admin/
INFO: [ app_init ] --START--
INFO: [ app_init ] --END-- [ RunTime:0.000051s ]
INFO: [ app_begin ] --START--
INFO: Run Behavior\ReadHtmlCache [ RunTime:0.000041s ]
INFO: [ app_begin ] --END-- [ RunTime:0.000134s ]
INFO: [ action_begin ] --START--
INFO: [ action_begin ] --END-- [ RunTime:0.000030s ]
INFO: [ view_begin ] --START--
INFO: [ view_begin ] --END-- [ RunTime:0.000027s ]
INFO: [ view_parse ] --START--
INFO: [ template_filter ] --START--
INFO: Run Behavior\ContentReplace [ RunTime:0.000092s ]
INFO: [ template_filter ] --END-- [ RunTime:0.000154s ]
INFO: Run Behavior\ParseTemplate [ RunTime:0.006907s ]
INFO: [ view_parse ] --END-- [ RunTime:0.006965s ]
INFO: [ view_filter ] --START--
INFO: Run Behavior\WriteHtmlCache [ RunTime:0.000014s ]
INFO: [ view_filter ] --END-- [ RunTime:0.000057s ]
INFO: [ view_end ] --START--
INFO: [ view_end ] --END-- [ RunTime:0.000024s ]
INFO: [ app_end ] --START--
INFO: Run Behavior\ShowPageTrace [ RunTime:0.000029s ]
INFO: [ app_end ] --END-- [ RunTime:0.000073s ]

[ 2015-11-27T12:24:04+08:00 ] 58.20.192.216 /index.php/Admin/NewArticle
INFO: [ app_init ] --START--
INFO: [ app_init ] --END-- [ RunTime:0.000070s ]
INFO: [ path_info ] --START--
INFO: [ path_info ] --END-- [ RunTime:0.000025s ]
INFO: [ app_begin ] --START--
INFO: Run Behavior\ReadHtmlCache [ RunTime:0.000042s ]
INFO: [ app_begin ] --END-- [ RunTime:0.000096s ]
INFO: [ action_begin ] --START--
INFO: [ action_begin ] --END-- [ RunTime:0.000026s ]
NOTIC: [8192] mysql_connect(): The mysql extension is deprecated and will be removed in the future: use mysqli or PDO instead /var/www/blog/ThinkPHP/Library/Think/Db/Driver/Mysql.class.php 第 52 行.
SQL: SHOW COLUMNS FROM `class` [ RunTime:0.000844s ]
SQL: SELECT `id`,`name` FROM `class`  [ RunTime:0.000090s ]
INFO: [ view_begin ] --START--
INFO: [ view_begin ] --END-- [ RunTime:0.000021s ]
INFO: [ view_parse ] --START--
INFO: [ template_filter ] --START--
INFO: Run Behavior\ContentReplace [ RunTime:0.000070s ]
INFO: [ template_filter ] --END-- [ RunTime:0.000132s ]
INFO: Run Behavior\ParseTemplate [ RunTime:0.005599s ]
INFO: [ view_parse ] --END-- [ RunTime:0.005658s ]
INFO: [ view_filter ] --START--
INFO: Run Behavior\WriteHtmlCache [ RunTime:0.000013s ]
INFO: [ view_filter ] --END-- [ RunTime:0.000056s ]
INFO: [ view_end ] --START--
INFO: [ view_end ] --END-- [ RunTime:0.000025s ]
INFO: [ app_end ] --START--
INFO: Run Behavior\ShowPageTrace [ RunTime:0.000032s ]
INFO: [ app_end ] --END-- [ RunTime:0.000075s ]

[ 2015-11-27T12:24:21+08:00 ] 58.20.192.216 /index.php/Home2
INFO: [ app_init ] --START--
INFO: [ app_init ] --END-- [ RunTime:0.000109s ]

[ 2015-11-27T12:24:24+08:00 ] 58.20.192.216 /index.php/Home2/ShowArticle/index/id/1
INFO: [ app_init ] --START--
INFO: [ app_init ] --END-- [ RunTime:0.000066s ]

[ 2015-11-27T12:43:22+08:00 ] 58.20.192.216 /
INFO: [ app_init ] --START--
INFO: [ app_init ] --END-- [ RunTime:0.000119s ]
INFO: [ app_begin ] --START--
INFO: Run Behavior\ReadHtmlCache [ RunTime:0.000053s ]
INFO: [ app_begin ] --END-- [ RunTime:0.000111s ]
INFO: [ action_begin ] --START--
INFO: [ action_begin ] --END-- [ RunTime:0.000039s ]
NOTIC: [8192] mysql_connect(): The mysql extension is deprecated and will be removed in the future: use mysqli or PDO instead /var/www/blog/ThinkPHP/Library/Think/Db/Driver/Mysql.class.php 第 52 行.
SQL: SHOW COLUMNS FROM `class` [ RunTime:0.000736s ]
SQL: SELECT * FROM `class`  [ RunTime:0.000100s ]
SQL: SHOW COLUMNS FROM `articles` [ RunTime:0.000749s ]
SQL: SELECT * FROM `articles` ORDER BY id desc LIMIT 0,5   [ RunTime:0.000274s ]
SQL: SELECT `id`,`title`,`read_sum` FROM `articles` ORDER BY read_sum desc LIMIT 6   [ RunTime:0.000214s ]
SQL: SHOW COLUMNS FROM `friend_link` [ RunTime:0.000531s ]
SQL: SELECT * FROM `friend_link`  [ RunTime:0.000088s ]
INFO: [ view_begin ] --START--
INFO: [ view_begin ] --END-- [ RunTime:0.000021s ]
INFO: [ view_parse ] --START--
INFO: [ template_filter ] --START--
INFO: Run Behavior\ContentReplace [ RunTime:0.000077s ]
INFO: [ template_filter ] --END-- [ RunTime:0.000161s ]
NOTIC: [8] Undefined variable: comment_sum /var/www/blog/Runtime/Cache/Home/2f412aae274b751dca883838bf7e7502.php 第 137 行.
NOTIC: [8] Undefined variable: comment_sum /var/www/blog/Runtime/Cache/Home/2f412aae274b751dca883838bf7e7502.php 第 137 行.
NOTIC: [8] Undefined variable: comment_sum /var/www/blog/Runtime/Cache/Home/2f412aae274b751dca883838bf7e7502.php 第 137 行.
INFO: Run Behavior\ParseTemplate [ RunTime:0.006906s ]
INFO: [ view_parse ] --END-- [ RunTime:0.006959s ]
INFO: [ view_filter ] --START--
INFO: Run Behavior\WriteHtmlCache [ RunTime:0.000014s ]
INFO: [ view_filter ] --END-- [ RunTime:0.000071s ]
INFO: [ view_end ] --START--
INFO: [ view_end ] --END-- [ RunTime:0.000024s ]
INFO: [ app_end ] --START--
INFO: Run Behavior\ShowPageTrace [ RunTime:0.000043s ]
INFO: [ app_end ] --END-- [ RunTime:0.000089s ]

[ 2015-11-27T12:43:32+08:00 ] 58.20.192.216 /
INFO: [ app_init ] --START--
INFO: [ app_init ] --END-- [ RunTime:0.000070s ]
INFO: [ app_begin ] --START--
INFO: Run Behavior\ReadHtmlCache [ RunTime:0.000045s ]
INFO: [ app_begin ] --END-- [ RunTime:0.000102s ]
INFO: [ action_begin ] --START--
INFO: [ action_begin ] --END-- [ RunTime:0.000026s ]
NOTIC: [8192] mysql_connect(): The mysql extension is deprecated and will be removed in the future: use mysqli or PDO instead /var/www/blog/ThinkPHP/Library/Think/Db/Driver/Mysql.class.php 第 52 行.
SQL: SHOW COLUMNS FROM `class` [ RunTime:0.000777s ]
SQL: SELECT * FROM `class`  [ RunTime:0.000099s ]
SQL: SHOW COLUMNS FROM `articles` [ RunTime:0.000747s ]
SQL: SELECT * FROM `articles` ORDER BY id desc LIMIT 0,5   [ RunTime:0.000094s ]
SQL: SELECT `id`,`title`,`read_sum` FROM `articles` ORDER BY read_sum desc LIMIT 6   [ RunTime:0.000088s ]
SQL: SHOW COLUMNS FROM `friend_link` [ RunTime:0.000661s ]
SQL: SELECT * FROM `friend_link`  [ RunTime:0.000089s ]
INFO: [ view_begin ] --START--
INFO: [ view_begin ] --END-- [ RunTime:0.000021s ]
INFO: [ view_parse ] --START--
INFO: [ template_filter ] --START--
INFO: Run Behavior\ContentReplace [ RunTime:0.000064s ]
INFO: [ template_filter ] --END-- [ RunTime:0.000126s ]
NOTIC: [8] Undefined variable: comment_sum /var/www/blog/Runtime/Cache/Home/2f412aae274b751dca883838bf7e7502.php 第 137 行.
NOTIC: [8] Undefined variable: comment_sum /var/www/blog/Runtime/Cache/Home/2f412aae274b751dca883838bf7e7502.php 第 137 行.
NOTIC: [8] Undefined variable: comment_sum /var/www/blog/Runtime/Cache/Home/2f412aae274b751dca883838bf7e7502.php 第 137 行.
INFO: Run Behavior\ParseTemplate [ RunTime:0.006510s ]
INFO: [ view_parse ] --END-- [ RunTime:0.006569s ]
INFO: [ view_filter ] --START--
INFO: Run Behavior\WriteHtmlCache [ RunTime:0.000016s ]
INFO: [ view_filter ] --END-- [ RunTime:0.000065s ]
INFO: [ view_end ] --START--
INFO: [ view_end ] --END-- [ RunTime:0.000025s ]
INFO: [ app_end ] --START--
INFO: Run Behavior\ShowPageTrace [ RunTime:0.000033s ]
INFO: [ app_end ] --END-- [ RunTime:0.000078s ]

[ 2015-11-27T12:43:33+08:00 ] 58.20.192.216 /
INFO: [ app_init ] --START--
INFO: [ app_init ] --END-- [ RunTime:0.000115s ]
INFO: [ app_begin ] --START--
INFO: Run Behavior\ReadHtmlCache [ RunTime:0.000055s ]
INFO: [ app_begin ] --END-- [ RunTime:0.000122s ]
INFO: [ action_begin ] --START--
INFO: [ action_begin ] --END-- [ RunTime:0.000034s ]
NOTIC: [8192] mysql_connect(): The mysql extension is deprecated and will be removed in the future: use mysqli or PDO instead /var/www/blog/ThinkPHP/Library/Think/Db/Driver/Mysql.class.php 第 52 行.
SQL: SHOW COLUMNS FROM `class` [ RunTime:0.000708s ]
SQL: SELECT * FROM `class`  [ RunTime:0.000099s ]
SQL: SHOW COLUMNS FROM `articles` [ RunTime:0.000736s ]
SQL: SELECT * FROM `articles` ORDER BY id desc LIMIT 0,5   [ RunTime:0.000100s ]
SQL: SELECT `id`,`title`,`read_sum` FROM `articles` ORDER BY read_sum desc LIMIT 6   [ RunTime:0.000088s ]
SQL: SHOW COLUMNS FROM `friend_link` [ RunTime:0.000804s ]
SQL: SELECT * FROM `friend_link`  [ RunTime:0.000107s ]
INFO: [ view_begin ] --START--
INFO: [ view_begin ] --END-- [ RunTime:0.000026s ]
INFO: [ view_parse ] --START--
INFO: [ template_filter ] --START--
INFO: Run Behavior\ContentReplace [ RunTime:0.000078s ]
INFO: [ template_filter ] --END-- [ RunTime:0.000154s ]
NOTIC: [8] Undefined variable: comment_sum /var/www/blog/Runtime/Cache/Home/2f412aae274b751dca883838bf7e7502.php 第 137 行.
NOTIC: [8] Undefined variable: comment_sum /var/www/blog/Runtime/Cache/Home/2f412aae274b751dca883838bf7e7502.php 第 137 行.
NOTIC: [8] Undefined variable: comment_sum /var/www/blog/Runtime/Cache/Home/2f412aae274b751dca883838bf7e7502.php 第 137 行.
INFO: Run Behavior\ParseTemplate [ RunTime:0.007945s ]
INFO: [ view_parse ] --END-- [ RunTime:0.008014s ]
INFO: [ view_filter ] --START--
INFO: Run Behavior\WriteHtmlCache [ RunTime:0.000016s ]
INFO: [ view_filter ] --END-- [ RunTime:0.000065s ]
INFO: [ view_end ] --START--
INFO: [ view_end ] --END-- [ RunTime:0.000025s ]
INFO: [ app_end ] --START--
INFO: Run Behavior\ShowPageTrace [ RunTime:0.000037s ]
INFO: [ app_end ] --END-- [ RunTime:0.000083s ]

[ 2015-11-27T12:43:33+08:00 ] 58.20.192.216 /
INFO: [ app_init ] --START--
INFO: [ app_init ] --END-- [ RunTime:0.000061s ]
INFO: [ app_begin ] --START--
INFO: Run Behavior\ReadHtmlCache [ RunTime:0.000044s ]
INFO: [ app_begin ] --END-- [ RunTime:0.000100s ]
INFO: [ action_begin ] --START--
INFO: [ action_begin ] --END-- [ RunTime:0.000027s ]
NOTIC: [8192] mysql_connect(): The mysql extension is deprecated and will be removed in the future: use mysqli or PDO instead /var/www/blog/ThinkPHP/Library/Think/Db/Driver/Mysql.class.php 第 52 行.
SQL: SHOW COLUMNS FROM `class` [ RunTime:0.000719s ]
SQL: SELECT * FROM `class`  [ RunTime:0.000093s ]
SQL: SHOW COLUMNS FROM `articles` [ RunTime:0.000626s ]
SQL: SELECT * FROM `articles` ORDER BY id desc LIMIT 0,5   [ RunTime:0.000095s ]
SQL: SELECT `id`,`title`,`read_sum` FROM `articles` ORDER BY read_sum desc LIMIT 6   [ RunTime:0.000088s ]
SQL: SHOW COLUMNS FROM `friend_link` [ RunTime:0.000500s ]
SQL: SELECT * FROM `friend_link`  [ RunTime:0.000118s ]
INFO: [ view_begin ] --START--
INFO: [ view_begin ] --END-- [ RunTime:0.000022s ]
INFO: [ view_parse ] --START--
INFO: [ template_filter ] --START--
INFO: Run Behavior\ContentReplace [ RunTime:0.000065s ]
INFO: [ template_filter ] --END-- [ RunTime:0.000125s ]
NOTIC: [8] Undefined variable: comment_sum /var/www/blog/Runtime/Cache/Home/2f412aae274b751dca883838bf7e7502.php 第 137 行.
NOTIC: [8] Undefined variable: comment_sum /var/www/blog/Runtime/Cache/Home/2f412aae274b751dca883838bf7e7502.php 第 137 行.
NOTIC: [8] Undefined variable: comment_sum /var/www/blog/Runtime/Cache/Home/2f412aae274b751dca883838bf7e7502.php 第 137 行.
INFO: Run Behavior\ParseTemplate [ RunTime:0.006474s ]
INFO: [ view_parse ] --END-- [ RunTime:0.006533s ]
INFO: [ view_filter ] --START--
INFO: Run Behavior\WriteHtmlCache [ RunTime:0.000022s ]
INFO: [ view_filter ] --END-- [ RunTime:0.000157s ]
INFO: [ view_end ] --START--
INFO: [ view_end ] --END-- [ RunTime:0.000024s ]
INFO: [ app_end ] --START--
INFO: Run Behavior\ShowPageTrace [ RunTime:0.000033s ]
INFO: [ app_end ] --END-- [ RunTime:0.000078s ]

[ 2015-11-27T12:45:32+08:00 ] 58.20.192.216 /
INFO: [ app_init ] --START--
INFO: [ app_init ] --END-- [ RunTime:0.000134s ]
INFO: [ app_begin ] --START--
INFO: Run Behavior\ReadHtmlCache [ RunTime:0.000145s ]
INFO: [ app_begin ] --END-- [ RunTime:0.000206s ]
INFO: [ action_begin ] --START--
INFO: [ action_begin ] --END-- [ RunTime:0.000026s ]
NOTIC: [8192] mysql_connect(): The mysql extension is deprecated and will be removed in the future: use mysqli or PDO instead /var/www/blog/ThinkPHP/Library/Think/Db/Driver/Mysql.class.php 第 52 行.
SQL: SHOW COLUMNS FROM `class` [ RunTime:0.000754s ]
SQL: SELECT * FROM `class`  [ RunTime:0.000098s ]
SQL: SHOW COLUMNS FROM `articles` [ RunTime:0.000648s ]
SQL: SELECT * FROM `articles` ORDER BY id desc LIMIT 0,5   [ RunTime:0.000129s ]
SQL: SELECT `id`,`title`,`read_sum` FROM `articles` ORDER BY read_sum desc LIMIT 6   [ RunTime:0.000095s ]
SQL: SHOW COLUMNS FROM `friend_link` [ RunTime:0.000581s ]
SQL: SELECT * FROM `friend_link`  [ RunTime:0.000089s ]
INFO: [ view_begin ] --START--
INFO: [ view_begin ] --END-- [ RunTime:0.000023s ]
INFO: [ view_parse ] --START--
INFO: [ template_filter ] --START--
INFO: Run Behavior\ContentReplace [ RunTime:0.000081s ]
INFO: [ template_filter ] --END-- [ RunTime:0.000161s ]
NOTIC: [8] Undefined variable: comment_sum /var/www/blog/Runtime/Cache/Home/2f412aae274b751dca883838bf7e7502.php 第 137 行.
NOTIC: [8] Undefined variable: comment_sum /var/www/blog/Runtime/Cache/Home/2f412aae274b751dca883838bf7e7502.php 第 137 行.
NOTIC: [8] Undefined variable: comment_sum /var/www/blog/Runtime/Cache/Home/2f412aae274b751dca883838bf7e7502.php 第 137 行.
INFO: Run Behavior\ParseTemplate [ RunTime:0.008031s ]
INFO: [ view_parse ] --END-- [ RunTime:0.008109s ]
INFO: [ view_filter ] --START--
INFO: Run Behavior\WriteHtmlCache [ RunTime:0.000016s ]
INFO: [ view_filter ] --END-- [ RunTime:0.000058s ]
INFO: [ view_end ] --START--
INFO: [ view_end ] --END-- [ RunTime:0.000026s ]
INFO: [ app_end ] --START--
INFO: Run Behavior\ShowPageTrace [ RunTime:0.000044s ]
INFO: [ app_end ] --END-- [ RunTime:0.000111s ]

[ 2015-11-27T12:45:38+08:00 ] 58.20.192.216 /index.php/
INFO: [ app_init ] --START--
INFO: [ app_init ] --END-- [ RunTime:0.000074s ]
INFO: [ app_begin ] --START--
INFO: Run Behavior\ReadHtmlCache [ RunTime:0.000044s ]
INFO: [ app_begin ] --END-- [ RunTime:0.000103s ]
INFO: [ action_begin ] --START--
INFO: [ action_begin ] --END-- [ RunTime:0.000026s ]
NOTIC: [8192] mysql_connect(): The mysql extension is deprecated and will be removed in the future: use mysqli or PDO instead /var/www/blog/ThinkPHP/Library/Think/Db/Driver/Mysql.class.php 第 52 行.
SQL: SHOW COLUMNS FROM `class` [ RunTime:0.000735s ]
SQL: SELECT * FROM `class`  [ RunTime:0.000092s ]
SQL: SHOW COLUMNS FROM `articles` [ RunTime:0.000652s ]
SQL: SELECT * FROM `articles` ORDER BY id desc LIMIT 0,5   [ RunTime:0.000092s ]
SQL: SELECT `id`,`title`,`read_sum` FROM `articles` ORDER BY read_sum desc LIMIT 6   [ RunTime:0.000095s ]
SQL: SHOW COLUMNS FROM `friend_link` [ RunTime:0.000499s ]
SQL: SELECT * FROM `friend_link`  [ RunTime:0.000096s ]
INFO: [ view_begin ] --START--
INFO: [ view_begin ] --END-- [ RunTime:0.000021s ]
INFO: [ view_parse ] --START--
INFO: [ template_filter ] --START--
INFO: Run Behavior\ContentReplace [ RunTime:0.000066s ]
INFO: [ template_filter ] --END-- [ RunTime:0.000124s ]
NOTIC: [8] Undefined variable: comment_sum /var/www/blog/Runtime/Cache/Home/2f412aae274b751dca883838bf7e7502.php 第 137 行.
NOTIC: [8] Undefined variable: comment_sum /var/www/blog/Runtime/Cache/Home/2f412aae274b751dca883838bf7e7502.php 第 137 行.
NOTIC: [8] Undefined variable: comment_sum /var/www/blog/Runtime/Cache/Home/2f412aae274b751dca883838bf7e7502.php 第 137 行.
INFO: Run Behavior\ParseTemplate [ RunTime:0.006596s ]
INFO: [ view_parse ] --END-- [ RunTime:0.006648s ]
INFO: [ view_filter ] --START--
INFO: Run Behavior\WriteHtmlCache [ RunTime:0.000015s ]
INFO: [ view_filter ] --END-- [ RunTime:0.000069s ]
INFO: [ view_end ] --START--
INFO: [ view_end ] --END-- [ RunTime:0.000023s ]
INFO: [ app_end ] --START--
INFO: Run Behavior\ShowPageTrace [ RunTime:0.000033s ]
INFO: [ app_end ] --END-- [ RunTime:0.000076s ]

[ 2015-11-27T12:48:33+08:00 ] 123.151.149.222 http://www.baidu.com/
INFO: [ app_init ] --START--
INFO: [ app_init ] --END-- [ RunTime:0.000074s ]
INFO: [ app_begin ] --START--
INFO: Run Behavior\ReadHtmlCache [ RunTime:0.000044s ]
INFO: [ app_begin ] --END-- [ RunTime:0.000101s ]
INFO: [ action_begin ] --START--
INFO: [ action_begin ] --END-- [ RunTime:0.000026s ]
NOTIC: [8192] mysql_connect(): The mysql extension is deprecated and will be removed in the future: use mysqli or PDO instead /var/www/blog/ThinkPHP/Library/Think/Db/Driver/Mysql.class.php 第 52 行.
SQL: SHOW COLUMNS FROM `class` [ RunTime:0.000751s ]
SQL: SELECT * FROM `class`  [ RunTime:0.000101s ]
SQL: SHOW COLUMNS FROM `articles` [ RunTime:0.000642s ]
SQL: SELECT * FROM `articles` ORDER BY id desc LIMIT 0,5   [ RunTime:0.000095s ]
SQL: SELECT `id`,`title`,`read_sum` FROM `articles` ORDER BY read_sum desc LIMIT 6   [ RunTime:0.000089s ]
SQL: SHOW COLUMNS FROM `friend_link` [ RunTime:0.000514s ]
SQL: SELECT * FROM `friend_link`  [ RunTime:0.000088s ]
INFO: [ view_begin ] --START--
INFO: [ view_begin ] --END-- [ RunTime:0.000022s ]
INFO: [ view_parse ] --START--
INFO: [ template_filter ] --START--
INFO: Run Behavior\ContentReplace [ RunTime:0.000064s ]
INFO: [ template_filter ] --END-- [ RunTime:0.000124s ]
NOTIC: [8] Undefined variable: comment_sum /var/www/blog/Runtime/Cache/Home/2f412aae274b751dca883838bf7e7502.php 第 137 行.
NOTIC: [8] Undefined variable: comment_sum /var/www/blog/Runtime/Cache/Home/2f412aae274b751dca883838bf7e7502.php 第 137 行.
NOTIC: [8] Undefined variable: comment_sum /var/www/blog/Runtime/Cache/Home/2f412aae274b751dca883838bf7e7502.php 第 137 行.
INFO: Run Behavior\ParseTemplate [ RunTime:0.006776s ]
INFO: [ view_parse ] --END-- [ RunTime:0.006835s ]
INFO: [ view_filter ] --START--
INFO: Run Behavior\WriteHtmlCache [ RunTime:0.000013s ]
INFO: [ view_filter ] --END-- [ RunTime:0.000056s ]
INFO: [ view_end ] --START--
INFO: [ view_end ] --END-- [ RunTime:0.000024s ]
INFO: [ app_end ] --START--
INFO: Run Behavior\ShowPageTrace [ RunTime:0.000033s ]
INFO: [ app_end ] --END-- [ RunTime:0.000077s ]

[ 2015-11-27T12:49:20+08:00 ] 58.20.192.216 /index.php/
INFO: [ app_init ] --START--
INFO: [ app_init ] --END-- [ RunTime:0.000085s ]

[ 2015-11-27T13:37:06+08:00 ] 209.126.230.71 /
INFO: [ app_init ] --START--
INFO: [ app_init ] --END-- [ RunTime:0.000136s ]

[ 2015-11-27T14:24:41+08:00 ] 221.231.6.195 /
INFO: [ app_init ] --START--
INFO: [ app_init ] --END-- [ RunTime:0.000101s ]

[ 2015-11-27T16:49:54+08:00 ] 141.212.121.208 /
INFO: [ app_init ] --START--
INFO: [ app_init ] --END-- [ RunTime:0.000172s ]

[ 2015-11-27T18:08:17+08:00 ] 101.200.77.100 /
INFO: [ app_init ] --START--
INFO: [ app_init ] --END-- [ RunTime:0.000090s ]

[ 2015-11-27T18:15:38+08:00 ] 171.208.221.246 /
INFO: [ app_init ] --START--
INFO: [ app_init ] --END-- [ RunTime:0.000069s ]

[ 2015-11-27T22:06:30+08:00 ] 111.248.103.178 163mx02.mxmail.netease.com:25
INFO: [ app_init ] --START--
INFO: [ app_init ] --END-- [ RunTime:0.000079s ]

[ 2015-11-27T22:24:40+08:00 ] 141.212.122.112 proxytest.zmap.io:80
INFO: [ app_init ] --START--
INFO: [ app_init ] --END-- [ RunTime:0.000172s ]

