[ 2015-11-26T00:19:27+08:00 ] 115.28.136.89 www.google.co.uk:443
INFO: [ app_init ] --START--
INFO: [ app_init ] --END-- [ RunTime:0.000073s ]
INFO: [ app_begin ] --START--
INFO: Run Behavior\ReadHtmlCache [ RunTime:0.000045s ]
INFO: [ app_begin ] --END-- [ RunTime:0.000135s ]
INFO: [ action_begin ] --START--
INFO: [ action_begin ] --END-- [ RunTime:0.000030s ]
NOTIC: [8192] mysql_connect(): The mysql extension is deprecated and will be removed in the future: use mysqli or PDO instead /var/www/blog/ThinkPHP/Library/Think/Db/Driver/Mysql.class.php 第 52 行.
SQL: SHOW COLUMNS FROM `class` [ RunTime:0.000839s ]
SQL: SELECT * FROM `class`  [ RunTime:0.000127s ]
SQL: SHOW COLUMNS FROM `articles` [ RunTime:0.000789s ]
SQL: SELECT * FROM `articles` ORDER BY id desc LIMIT 0,5   [ RunTime:0.000097s ]
SQL: SELECT `id`,`title`,`read_sum` FROM `articles` ORDER BY read_sum desc LIMIT 6   [ RunTime:0.000112s ]
SQL: SHOW COLUMNS FROM `friend_link` [ RunTime:0.000605s ]
SQL: SELECT * FROM `friend_link`  [ RunTime:0.000132s ]
INFO: [ view_begin ] --START--
INFO: [ view_begin ] --END-- [ RunTime:0.000041s ]
INFO: [ view_parse ] --START--
INFO: [ template_filter ] --START--
INFO: Run Behavior\ContentReplace [ RunTime:0.000147s ]
INFO: [ template_filter ] --END-- [ RunTime:0.000263s ]
NOTIC: [8] Undefined variable: comment_sum /var/www/blog/Runtime/Cache/Home/2f412aae274b751dca883838bf7e7502.php 第 137 行.
NOTIC: [8] Undefined variable: comment_sum /var/www/blog/Runtime/Cache/Home/2f412aae274b751dca883838bf7e7502.php 第 137 行.
NOTIC: [8] Undefined variable: comment_sum /var/www/blog/Runtime/Cache/Home/2f412aae274b751dca883838bf7e7502.php 第 137 行.
INFO: Run Behavior\ParseTemplate [ RunTime:0.008589s ]
INFO: [ view_parse ] --END-- [ RunTime:0.008646s ]
INFO: [ view_filter ] --START--
INFO: Run Behavior\WriteHtmlCache [ RunTime:0.000017s ]
INFO: [ view_filter ] --END-- [ RunTime:0.000082s ]
INFO: [ view_end ] --START--
INFO: [ view_end ] --END-- [ RunTime:0.000024s ]
INFO: [ app_end ] --START--
INFO: Run Behavior\ShowPageTrace [ RunTime:0.000049s ]
INFO: [ app_end ] --END-- [ RunTime:0.000104s ]

[ 2015-11-26T00:19:27+08:00 ] 115.28.136.89 www.google.co.uk:443
INFO: [ app_init ] --START--
INFO: [ app_init ] --END-- [ RunTime:0.000049s ]
INFO: [ app_begin ] --START--
INFO: Run Behavior\ReadHtmlCache [ RunTime:0.000037s ]
INFO: [ app_begin ] --END-- [ RunTime:0.000097s ]
INFO: [ action_begin ] --START--
INFO: [ action_begin ] --END-- [ RunTime:0.000039s ]
NOTIC: [8192] mysql_connect(): The mysql extension is deprecated and will be removed in the future: use mysqli or PDO instead /var/www/blog/ThinkPHP/Library/Think/Db/Driver/Mysql.class.php 第 52 行.
SQL: SHOW COLUMNS FROM `class` [ RunTime:0.000791s ]
SQL: SELECT * FROM `class`  [ RunTime:0.000098s ]
SQL: SHOW COLUMNS FROM `articles` [ RunTime:0.000716s ]
SQL: SELECT * FROM `articles` ORDER BY id desc LIMIT 0,5   [ RunTime:0.000102s ]
SQL: SELECT `id`,`title`,`read_sum` FROM `articles` ORDER BY read_sum desc LIMIT 6   [ RunTime:0.000092s ]
SQL: SHOW COLUMNS FROM `friend_link` [ RunTime:0.000698s ]
SQL: SELECT * FROM `friend_link`  [ RunTime:0.000092s ]
INFO: [ view_begin ] --START--
INFO: [ view_begin ] --END-- [ RunTime:0.000029s ]
INFO: [ view_parse ] --START--
INFO: [ template_filter ] --START--
INFO: Run Behavior\ContentReplace [ RunTime:0.000079s ]
INFO: [ template_filter ] --END-- [ RunTime:0.000167s ]
NOTIC: [8] Undefined variable: comment_sum /var/www/blog/Runtime/Cache/Home/2f412aae274b751dca883838bf7e7502.php 第 137 行.
NOTIC: [8] Undefined variable: comment_sum /var/www/blog/Runtime/Cache/Home/2f412aae274b751dca883838bf7e7502.php 第 137 行.
NOTIC: [8] Undefined variable: comment_sum /var/www/blog/Runtime/Cache/Home/2f412aae274b751dca883838bf7e7502.php 第 137 行.
INFO: Run Behavior\ParseTemplate [ RunTime:0.006825s ]
INFO: [ view_parse ] --END-- [ RunTime:0.006884s ]
INFO: [ view_filter ] --START--
INFO: Run Behavior\WriteHtmlCache [ RunTime:0.000017s ]
INFO: [ view_filter ] --END-- [ RunTime:0.000059s ]
INFO: [ view_end ] --START--
INFO: [ view_end ] --END-- [ RunTime:0.000025s ]
INFO: [ app_end ] --START--
INFO: Run Behavior\ShowPageTrace [ RunTime:0.000036s ]
INFO: [ app_end ] --END-- [ RunTime:0.000161s ]

[ 2015-11-26T02:31:26+08:00 ] 115.28.0.153 www.google.co.uk:443
INFO: [ app_init ] --START--
INFO: [ app_init ] --END-- [ RunTime:0.000113s ]
INFO: [ app_begin ] --START--
INFO: Run Behavior\ReadHtmlCache [ RunTime:0.000065s ]
INFO: [ app_begin ] --END-- [ RunTime:0.000157s ]
INFO: [ action_begin ] --START--
INFO: [ action_begin ] --END-- [ RunTime:0.000046s ]
NOTIC: [8192] mysql_connect(): The mysql extension is deprecated and will be removed in the future: use mysqli or PDO instead /var/www/blog/ThinkPHP/Library/Think/Db/Driver/Mysql.class.php 第 52 行.
SQL: SHOW COLUMNS FROM `class` [ RunTime:0.001075s ]
SQL: SELECT * FROM `class`  [ RunTime:0.000140s ]
SQL: SHOW COLUMNS FROM `articles` [ RunTime:0.001295s ]
SQL: SELECT * FROM `articles` ORDER BY id desc LIMIT 0,5   [ RunTime:0.000140s ]
SQL: SELECT `id`,`title`,`read_sum` FROM `articles` ORDER BY read_sum desc LIMIT 6   [ RunTime:0.000093s ]
SQL: SHOW COLUMNS FROM `friend_link` [ RunTime:0.000961s ]
SQL: SELECT * FROM `friend_link`  [ RunTime:0.000096s ]
INFO: [ view_begin ] --START--
INFO: [ view_begin ] --END-- [ RunTime:0.000026s ]
INFO: [ view_parse ] --START--
INFO: [ template_filter ] --START--
INFO: Run Behavior\ContentReplace [ RunTime:0.000078s ]
INFO: [ template_filter ] --END-- [ RunTime:0.000167s ]
NOTIC: [8] Undefined variable: comment_sum /var/www/blog/Runtime/Cache/Home/2f412aae274b751dca883838bf7e7502.php 第 137 行.
NOTIC: [8] Undefined variable: comment_sum /var/www/blog/Runtime/Cache/Home/2f412aae274b751dca883838bf7e7502.php 第 137 行.
NOTIC: [8] Undefined variable: comment_sum /var/www/blog/Runtime/Cache/Home/2f412aae274b751dca883838bf7e7502.php 第 137 行.
INFO: Run Behavior\ParseTemplate [ RunTime:0.008714s ]
INFO: [ view_parse ] --END-- [ RunTime:0.008773s ]
INFO: [ view_filter ] --START--
INFO: Run Behavior\WriteHtmlCache [ RunTime:0.000015s ]
INFO: [ view_filter ] --END-- [ RunTime:0.000060s ]
INFO: [ view_end ] --START--
INFO: [ view_end ] --END-- [ RunTime:0.000029s ]
INFO: [ app_end ] --START--
INFO: Run Behavior\ShowPageTrace [ RunTime:0.000041s ]
INFO: [ app_end ] --END-- [ RunTime:0.000107s ]

[ 2015-11-26T02:31:26+08:00 ] 115.28.0.153 www.google.co.uk:443
INFO: [ app_init ] --START--
INFO: [ app_init ] --END-- [ RunTime:0.000066s ]
INFO: [ app_begin ] --START--
INFO: Run Behavior\ReadHtmlCache [ RunTime:0.000066s ]
INFO: [ app_begin ] --END-- [ RunTime:0.000149s ]
INFO: [ action_begin ] --START--
INFO: [ action_begin ] --END-- [ RunTime:0.000038s ]
NOTIC: [8192] mysql_connect(): The mysql extension is deprecated and will be removed in the future: use mysqli or PDO instead /var/www/blog/ThinkPHP/Library/Think/Db/Driver/Mysql.class.php 第 52 行.
SQL: SHOW COLUMNS FROM `class` [ RunTime:0.000944s ]
SQL: SELECT * FROM `class`  [ RunTime:0.000114s ]
SQL: SHOW COLUMNS FROM `articles` [ RunTime:0.001324s ]
SQL: SELECT * FROM `articles` ORDER BY id desc LIMIT 0,5   [ RunTime:0.000178s ]
SQL: SELECT `id`,`title`,`read_sum` FROM `articles` ORDER BY read_sum desc LIMIT 6   [ RunTime:0.000120s ]
SQL: SHOW COLUMNS FROM `friend_link` [ RunTime:0.000920s ]
SQL: SELECT * FROM `friend_link`  [ RunTime:0.000116s ]
INFO: [ view_begin ] --START--
INFO: [ view_begin ] --END-- [ RunTime:0.000040s ]
INFO: [ view_parse ] --START--
INFO: [ template_filter ] --START--
INFO: Run Behavior\ContentReplace [ RunTime:0.000073s ]
INFO: [ template_filter ] --END-- [ RunTime:0.000169s ]
NOTIC: [8] Undefined variable: comment_sum /var/www/blog/Runtime/Cache/Home/2f412aae274b751dca883838bf7e7502.php 第 137 行.
NOTIC: [8] Undefined variable: comment_sum /var/www/blog/Runtime/Cache/Home/2f412aae274b751dca883838bf7e7502.php 第 137 行.
NOTIC: [8] Undefined variable: comment_sum /var/www/blog/Runtime/Cache/Home/2f412aae274b751dca883838bf7e7502.php 第 137 行.
INFO: Run Behavior\ParseTemplate [ RunTime:0.007271s ]
INFO: [ view_parse ] --END-- [ RunTime:0.007346s ]
INFO: [ view_filter ] --START--
INFO: Run Behavior\WriteHtmlCache [ RunTime:0.000016s ]
INFO: [ view_filter ] --END-- [ RunTime:0.000058s ]
INFO: [ view_end ] --START--
INFO: [ view_end ] --END-- [ RunTime:0.000023s ]
INFO: [ app_end ] --START--
INFO: Run Behavior\ShowPageTrace [ RunTime:0.000034s ]
INFO: [ app_end ] --END-- [ RunTime:0.000110s ]

[ 2015-11-26T02:55:13+08:00 ] 180.109.137.231 http://www.baidu.com
INFO: [ app_init ] --START--
INFO: [ app_init ] --END-- [ RunTime:0.000121s ]
INFO: [ app_begin ] --START--
INFO: Run Behavior\ReadHtmlCache [ RunTime:0.000075s ]
INFO: [ app_begin ] --END-- [ RunTime:0.000175s ]
INFO: [ action_begin ] --START--
INFO: [ action_begin ] --END-- [ RunTime:0.000179s ]
NOTIC: [8192] mysql_connect(): The mysql extension is deprecated and will be removed in the future: use mysqli or PDO instead /var/www/blog/ThinkPHP/Library/Think/Db/Driver/Mysql.class.php 第 52 行.
SQL: SHOW COLUMNS FROM `class` [ RunTime:0.001060s ]
SQL: SELECT * FROM `class`  [ RunTime:0.000147s ]
SQL: SHOW COLUMNS FROM `articles` [ RunTime:0.001297s ]
SQL: SELECT * FROM `articles` ORDER BY id desc LIMIT 0,5   [ RunTime:0.000108s ]
SQL: SELECT `id`,`title`,`read_sum` FROM `articles` ORDER BY read_sum desc LIMIT 6   [ RunTime:0.000092s ]
SQL: SHOW COLUMNS FROM `friend_link` [ RunTime:0.000990s ]
SQL: SELECT * FROM `friend_link`  [ RunTime:0.000133s ]
INFO: [ view_begin ] --START--
INFO: [ view_begin ] --END-- [ RunTime:0.000042s ]
INFO: [ view_parse ] --START--
INFO: [ template_filter ] --START--
INFO: Run Behavior\ContentReplace [ RunTime:0.000109s ]
INFO: [ template_filter ] --END-- [ RunTime:0.000239s ]
NOTIC: [8] Undefined variable: comment_sum /var/www/blog/Runtime/Cache/Home/2f412aae274b751dca883838bf7e7502.php 第 137 行.
NOTIC: [8] Undefined variable: comment_sum /var/www/blog/Runtime/Cache/Home/2f412aae274b751dca883838bf7e7502.php 第 137 行.
NOTIC: [8] Undefined variable: comment_sum /var/www/blog/Runtime/Cache/Home/2f412aae274b751dca883838bf7e7502.php 第 137 行.
INFO: Run Behavior\ParseTemplate [ RunTime:0.009763s ]
INFO: [ view_parse ] --END-- [ RunTime:0.009990s ]
INFO: [ view_filter ] --START--
INFO: Run Behavior\WriteHtmlCache [ RunTime:0.000022s ]
INFO: [ view_filter ] --END-- [ RunTime:0.000069s ]
INFO: [ view_end ] --START--
INFO: [ view_end ] --END-- [ RunTime:0.000026s ]
INFO: [ app_end ] --START--
INFO: Run Behavior\ShowPageTrace [ RunTime:0.000040s ]
INFO: [ app_end ] --END-- [ RunTime:0.000099s ]

[ 2015-11-26T03:01:57+08:00 ] 121.42.0.35 /
INFO: [ app_init ] --START--
INFO: [ app_init ] --END-- [ RunTime:0.000076s ]
INFO: [ app_begin ] --START--
INFO: Run Behavior\ReadHtmlCache [ RunTime:0.000074s ]
INFO: [ app_begin ] --END-- [ RunTime:0.000176s ]
INFO: [ action_begin ] --START--
INFO: [ action_begin ] --END-- [ RunTime:0.000033s ]
NOTIC: [8192] mysql_connect(): The mysql extension is deprecated and will be removed in the future: use mysqli or PDO instead /var/www/blog/ThinkPHP/Library/Think/Db/Driver/Mysql.class.php 第 52 行.
SQL: SHOW COLUMNS FROM `class` [ RunTime:0.000959s ]
SQL: SELECT * FROM `class`  [ RunTime:0.000107s ]
SQL: SHOW COLUMNS FROM `articles` [ RunTime:0.000773s ]
SQL: SELECT * FROM `articles` ORDER BY id desc LIMIT 0,5   [ RunTime:0.000108s ]
SQL: SELECT `id`,`title`,`read_sum` FROM `articles` ORDER BY read_sum desc LIMIT 6   [ RunTime:0.000095s ]
SQL: SHOW COLUMNS FROM `friend_link` [ RunTime:0.000699s ]
SQL: SELECT * FROM `friend_link`  [ RunTime:0.000129s ]
INFO: [ view_begin ] --START--
INFO: [ view_begin ] --END-- [ RunTime:0.000042s ]
INFO: [ view_parse ] --START--
INFO: [ template_filter ] --START--
INFO: Run Behavior\ContentReplace [ RunTime:0.000110s ]
INFO: [ template_filter ] --END-- [ RunTime:0.000238s ]
NOTIC: [8] Undefined variable: comment_sum /var/www/blog/Runtime/Cache/Home/2f412aae274b751dca883838bf7e7502.php 第 137 行.
NOTIC: [8] Undefined variable: comment_sum /var/www/blog/Runtime/Cache/Home/2f412aae274b751dca883838bf7e7502.php 第 137 行.
NOTIC: [8] Undefined variable: comment_sum /var/www/blog/Runtime/Cache/Home/2f412aae274b751dca883838bf7e7502.php 第 137 行.
INFO: Run Behavior\ParseTemplate [ RunTime:0.008210s ]
INFO: [ view_parse ] --END-- [ RunTime:0.008318s ]
INFO: [ view_filter ] --START--
INFO: Run Behavior\WriteHtmlCache [ RunTime:0.000032s ]
INFO: [ view_filter ] --END-- [ RunTime:0.000106s ]
INFO: [ view_end ] --START--
INFO: [ view_end ] --END-- [ RunTime:0.000037s ]
INFO: [ app_end ] --START--
INFO: Run Behavior\ShowPageTrace [ RunTime:0.000056s ]
INFO: [ app_end ] --END-- [ RunTime:0.000133s ]

[ 2015-11-26T03:04:19+08:00 ] 123.151.149.222 http://www.baidu.com/
INFO: [ app_init ] --START--
INFO: [ app_init ] --END-- [ RunTime:0.000129s ]
INFO: [ app_begin ] --START--
INFO: Run Behavior\ReadHtmlCache [ RunTime:0.000071s ]
INFO: [ app_begin ] --END-- [ RunTime:0.000150s ]
INFO: [ action_begin ] --START--
INFO: [ action_begin ] --END-- [ RunTime:0.000037s ]
NOTIC: [8192] mysql_connect(): The mysql extension is deprecated and will be removed in the future: use mysqli or PDO instead /var/www/blog/ThinkPHP/Library/Think/Db/Driver/Mysql.class.php 第 52 行.
SQL: SHOW COLUMNS FROM `class` [ RunTime:0.000970s ]
SQL: SELECT * FROM `class`  [ RunTime:0.000109s ]
SQL: SHOW COLUMNS FROM `articles` [ RunTime:0.000950s ]
SQL: SELECT * FROM `articles` ORDER BY id desc LIMIT 0,5   [ RunTime:0.000119s ]
SQL: SELECT `id`,`title`,`read_sum` FROM `articles` ORDER BY read_sum desc LIMIT 6   [ RunTime:0.000095s ]
SQL: SHOW COLUMNS FROM `friend_link` [ RunTime:0.000800s ]
SQL: SELECT * FROM `friend_link`  [ RunTime:0.000104s ]
INFO: [ view_begin ] --START--
INFO: [ view_begin ] --END-- [ RunTime:0.000026s ]
INFO: [ view_parse ] --START--
INFO: [ template_filter ] --START--
INFO: Run Behavior\ContentReplace [ RunTime:0.000088s ]
INFO: [ template_filter ] --END-- [ RunTime:0.000198s ]
NOTIC: [8] Undefined variable: comment_sum /var/www/blog/Runtime/Cache/Home/2f412aae274b751dca883838bf7e7502.php 第 137 行.
NOTIC: [8] Undefined variable: comment_sum /var/www/blog/Runtime/Cache/Home/2f412aae274b751dca883838bf7e7502.php 第 137 行.
NOTIC: [8] Undefined variable: comment_sum /var/www/blog/Runtime/Cache/Home/2f412aae274b751dca883838bf7e7502.php 第 137 行.
INFO: Run Behavior\ParseTemplate [ RunTime:0.008050s ]
INFO: [ view_parse ] --END-- [ RunTime:0.008121s ]
INFO: [ view_filter ] --START--
INFO: Run Behavior\WriteHtmlCache [ RunTime:0.000018s ]
INFO: [ view_filter ] --END-- [ RunTime:0.000177s ]
INFO: [ view_end ] --START--
INFO: [ view_end ] --END-- [ RunTime:0.000026s ]
INFO: [ app_end ] --START--
INFO: Run Behavior\ShowPageTrace [ RunTime:0.000039s ]
INFO: [ app_end ] --END-- [ RunTime:0.000088s ]

[ 2015-11-26T03:41:05+08:00 ] 154.87.1.102 /
INFO: [ app_init ] --START--
INFO: [ app_init ] --END-- [ RunTime:0.000092s ]
INFO: [ app_begin ] --START--
INFO: Run Behavior\ReadHtmlCache [ RunTime:0.000071s ]
INFO: [ app_begin ] --END-- [ RunTime:0.000165s ]
INFO: [ action_begin ] --START--
INFO: [ action_begin ] --END-- [ RunTime:0.000042s ]
NOTIC: [8192] mysql_connect(): The mysql extension is deprecated and will be removed in the future: use mysqli or PDO instead /var/www/blog/ThinkPHP/Library/Think/Db/Driver/Mysql.class.php 第 52 行.
SQL: SHOW COLUMNS FROM `class` [ RunTime:0.001026s ]
SQL: SELECT * FROM `class`  [ RunTime:0.000141s ]
SQL: SHOW COLUMNS FROM `articles` [ RunTime:0.001192s ]
SQL: SELECT * FROM `articles` ORDER BY id desc LIMIT 0,5   [ RunTime:0.000281s ]
SQL: SELECT `id`,`title`,`read_sum` FROM `articles` ORDER BY read_sum desc LIMIT 6   [ RunTime:0.000141s ]
SQL: SHOW COLUMNS FROM `friend_link` [ RunTime:0.001049s ]
SQL: SELECT * FROM `friend_link`  [ RunTime:0.000721s ]
INFO: [ view_begin ] --START--
INFO: [ view_begin ] --END-- [ RunTime:0.000026s ]
INFO: [ view_parse ] --START--
INFO: [ template_filter ] --START--
INFO: Run Behavior\ContentReplace [ RunTime:0.000102s ]
INFO: [ template_filter ] --END-- [ RunTime:0.000208s ]
NOTIC: [8] Undefined variable: comment_sum /var/www/blog/Runtime/Cache/Home/2f412aae274b751dca883838bf7e7502.php 第 137 行.
NOTIC: [8] Undefined variable: comment_sum /var/www/blog/Runtime/Cache/Home/2f412aae274b751dca883838bf7e7502.php 第 137 行.
NOTIC: [8] Undefined variable: comment_sum /var/www/blog/Runtime/Cache/Home/2f412aae274b751dca883838bf7e7502.php 第 137 行.
INFO: Run Behavior\ParseTemplate [ RunTime:0.007433s ]
INFO: [ view_parse ] --END-- [ RunTime:0.007505s ]
INFO: [ view_filter ] --START--
INFO: Run Behavior\WriteHtmlCache [ RunTime:0.000025s ]
INFO: [ view_filter ] --END-- [ RunTime:0.000075s ]
INFO: [ view_end ] --START--
INFO: [ view_end ] --END-- [ RunTime:0.000025s ]
INFO: [ app_end ] --START--
INFO: Run Behavior\ShowPageTrace [ RunTime:0.000040s ]
INFO: [ app_end ] --END-- [ RunTime:0.000095s ]

[ 2015-11-26T11:12:36+08:00 ] 58.20.192.218 /
INFO: [ app_init ] --START--
INFO: [ app_init ] --END-- [ RunTime:0.000170s ]
INFO: [ app_begin ] --START--
INFO: Run Behavior\ReadHtmlCache [ RunTime:0.000062s ]
INFO: [ app_begin ] --END-- [ RunTime:0.000150s ]
INFO: [ action_begin ] --START--
INFO: [ action_begin ] --END-- [ RunTime:0.000042s ]
NOTIC: [8192] mysql_connect(): The mysql extension is deprecated and will be removed in the future: use mysqli or PDO instead /var/www/blog/ThinkPHP/Library/Think/Db/Driver/Mysql.class.php 第 52 行.
SQL: SHOW COLUMNS FROM `class` [ RunTime:0.000968s ]
SQL: SELECT * FROM `class`  [ RunTime:0.000138s ]
SQL: SHOW COLUMNS FROM `articles` [ RunTime:0.000822s ]
SQL: SELECT * FROM `articles` ORDER BY id desc LIMIT 0,5   [ RunTime:0.000104s ]
SQL: SELECT `id`,`title`,`read_sum` FROM `articles` ORDER BY read_sum desc LIMIT 6   [ RunTime:0.000093s ]
SQL: SHOW COLUMNS FROM `friend_link` [ RunTime:0.000661s ]
SQL: SELECT * FROM `friend_link`  [ RunTime:0.000092s ]
INFO: [ view_begin ] --START--
INFO: [ view_begin ] --END-- [ RunTime:0.000024s ]
INFO: [ view_parse ] --START--
INFO: [ template_filter ] --START--
INFO: Run Behavior\ContentReplace [ RunTime:0.000085s ]
INFO: [ template_filter ] --END-- [ RunTime:0.000187s ]
NOTIC: [8] Undefined variable: comment_sum /var/www/blog/Runtime/Cache/Home/2f412aae274b751dca883838bf7e7502.php 第 137 行.
NOTIC: [8] Undefined variable: comment_sum /var/www/blog/Runtime/Cache/Home/2f412aae274b751dca883838bf7e7502.php 第 137 行.
NOTIC: [8] Undefined variable: comment_sum /var/www/blog/Runtime/Cache/Home/2f412aae274b751dca883838bf7e7502.php 第 137 行.
INFO: Run Behavior\ParseTemplate [ RunTime:0.007044s ]
INFO: [ view_parse ] --END-- [ RunTime:0.007116s ]
INFO: [ view_filter ] --START--
INFO: Run Behavior\WriteHtmlCache [ RunTime:0.000022s ]
INFO: [ view_filter ] --END-- [ RunTime:0.000073s ]
INFO: [ view_end ] --START--
INFO: [ view_end ] --END-- [ RunTime:0.000024s ]
INFO: [ app_end ] --START--
INFO: Run Behavior\ShowPageTrace [ RunTime:0.000038s ]
INFO: [ app_end ] --END-- [ RunTime:0.000086s ]

[ 2015-11-26T11:13:13+08:00 ] 58.20.192.218 /index.php/Home2/
INFO: [ app_init ] --START--
INFO: [ app_init ] --END-- [ RunTime:0.000129s ]

[ 2015-11-26T11:19:59+08:00 ] 58.20.192.218 /index.php/Home2/
INFO: [ app_init ] --START--
INFO: [ app_init ] --END-- [ RunTime:0.000074s ]

[ 2015-11-26T11:21:27+08:00 ] 58.20.192.218 /index.php/Home2/
INFO: [ app_init ] --START--
INFO: [ app_init ] --END-- [ RunTime:0.000062s ]

[ 2015-11-26T11:22:27+08:00 ] 58.20.192.218 /index.php/Home2/
INFO: [ app_init ] --START--
INFO: [ app_init ] --END-- [ RunTime:0.000088s ]

[ 2015-11-26T11:26:27+08:00 ] 58.20.192.218 /index.php/Home2/
INFO: [ app_init ] --START--
INFO: [ app_init ] --END-- [ RunTime:0.000109s ]

[ 2015-11-26T11:27:10+08:00 ] 58.20.192.218 /index.php/Home2/
INFO: [ app_init ] --START--
INFO: [ app_init ] --END-- [ RunTime:0.000110s ]

[ 2015-11-26T11:27:23+08:00 ] 58.20.192.218 /index.php/Home2/
INFO: [ app_init ] --START--
INFO: [ app_init ] --END-- [ RunTime:0.000080s ]

[ 2015-11-26T11:30:23+08:00 ] 58.20.192.218 /index.php/Home2/
INFO: [ app_init ] --START--
INFO: [ app_init ] --END-- [ RunTime:0.000095s ]

[ 2015-11-26T11:31:04+08:00 ] 58.20.192.218 /index.php/Home2/
INFO: [ app_init ] --START--
INFO: [ app_init ] --END-- [ RunTime:0.000076s ]

[ 2015-11-26T11:31:19+08:00 ] 58.20.192.218 /index.php/Home2/
INFO: [ app_init ] --START--
INFO: [ app_init ] --END-- [ RunTime:0.000088s ]

[ 2015-11-26T11:32:03+08:00 ] 58.20.192.218 /index.php/Home2/
INFO: [ app_init ] --START--
INFO: [ app_init ] --END-- [ RunTime:0.000083s ]

[ 2015-11-26T11:35:40+08:00 ] 58.20.192.218 /index.php/Home2/
INFO: [ app_init ] --START--
INFO: [ app_init ] --END-- [ RunTime:0.000106s ]

[ 2015-11-26T11:48:33+08:00 ] 58.20.192.218 /index.php/Home2/
INFO: [ app_init ] --START--
INFO: [ app_init ] --END-- [ RunTime:0.000070s ]

[ 2015-11-26T11:48:56+08:00 ] 58.20.192.218 /index.php/Home2/
INFO: [ app_init ] --START--
INFO: [ app_init ] --END-- [ RunTime:0.000102s ]

[ 2015-11-26T11:49:46+08:00 ] 58.20.192.218 /index.php/Home2/
INFO: [ app_init ] --START--
INFO: [ app_init ] --END-- [ RunTime:0.000177s ]

[ 2015-11-26T11:51:14+08:00 ] 58.20.192.218 /index.php/Home2/
INFO: [ app_init ] --START--
INFO: [ app_init ] --END-- [ RunTime:0.000062s ]

[ 2015-11-26T11:52:13+08:00 ] 58.20.192.218 /index.php/Home2/
INFO: [ app_init ] --START--
INFO: [ app_init ] --END-- [ RunTime:0.000190s ]

[ 2015-11-26T11:52:47+08:00 ] 58.20.192.218 /index.php/Home2/
INFO: [ app_init ] --START--
INFO: [ app_init ] --END-- [ RunTime:0.000123s ]

[ 2015-11-26T11:52:59+08:00 ] 58.20.192.218 /index.php/Home2/
INFO: [ app_init ] --START--
INFO: [ app_init ] --END-- [ RunTime:0.000075s ]

[ 2015-11-26T11:54:28+08:00 ] 58.20.192.218 /index.php/Home2/
INFO: [ app_init ] --START--
INFO: [ app_init ] --END-- [ RunTime:0.000120s ]

[ 2015-11-26T11:56:59+08:00 ] 58.20.192.218 /index.php/Home2/
INFO: [ app_init ] --START--
INFO: [ app_init ] --END-- [ RunTime:0.000075s ]

[ 2015-11-26T11:57:45+08:00 ] 58.20.192.218 /index.php/Home2/
INFO: [ app_init ] --START--
INFO: [ app_init ] --END-- [ RunTime:0.000170s ]

[ 2015-11-26T11:59:33+08:00 ] 58.20.192.218 /index.php/Home2/
INFO: [ app_init ] --START--
INFO: [ app_init ] --END-- [ RunTime:0.000071s ]

[ 2015-11-26T12:02:45+08:00 ] 58.20.192.218 /index.php/Home2/
INFO: [ app_init ] --START--
INFO: [ app_init ] --END-- [ RunTime:0.000147s ]

[ 2015-11-26T12:03:13+08:00 ] 58.20.192.218 /index.php/Home2/
INFO: [ app_init ] --START--
INFO: [ app_init ] --END-- [ RunTime:0.000168s ]

[ 2015-11-26T12:04:59+08:00 ] 58.20.192.218 /index.php/Home2/
INFO: [ app_init ] --START--
INFO: [ app_init ] --END-- [ RunTime:0.000101s ]

[ 2015-11-26T12:31:07+08:00 ] 58.20.192.218 /index.php/Home2/
INFO: [ app_init ] --START--
INFO: [ app_init ] --END-- [ RunTime:0.000084s ]

[ 2015-11-26T12:46:18+08:00 ] 58.20.192.218 /index.php/Home2/index.html
INFO: [ app_init ] --START--
INFO: [ app_init ] --END-- [ RunTime:0.000072s ]
ERR: 模板不存在:./Home2/View/index/index.html

[ 2015-11-26T12:46:31+08:00 ] 58.20.192.218 /index.php/Home2/
INFO: [ app_init ] --START--
INFO: [ app_init ] --END-- [ RunTime:0.000083s ]

[ 2015-11-26T15:04:09+08:00 ] 123.151.149.222 http://www.baidu.com/
INFO: [ app_init ] --START--
INFO: [ app_init ] --END-- [ RunTime:0.000234s ]
INFO: [ app_begin ] --START--
INFO: Run Behavior\ReadHtmlCache [ RunTime:0.000073s ]
INFO: [ app_begin ] --END-- [ RunTime:0.000174s ]
INFO: [ action_begin ] --START--
INFO: [ action_begin ] --END-- [ RunTime:0.000057s ]
NOTIC: [8192] mysql_connect(): The mysql extension is deprecated and will be removed in the future: use mysqli or PDO instead /var/www/blog/ThinkPHP/Library/Think/Db/Driver/Mysql.class.php 第 52 行.
SQL: SHOW COLUMNS FROM `class` [ RunTime:0.001196s ]
SQL: SELECT * FROM `class`  [ RunTime:0.000166s ]
SQL: SHOW COLUMNS FROM `articles` [ RunTime:0.001070s ]
SQL: SELECT * FROM `articles` ORDER BY id desc LIMIT 0,5   [ RunTime:0.000170s ]
SQL: SELECT `id`,`title`,`read_sum` FROM `articles` ORDER BY read_sum desc LIMIT 6   [ RunTime:0.000106s ]
SQL: SHOW COLUMNS FROM `friend_link` [ RunTime:0.001093s ]
SQL: SELECT * FROM `friend_link`  [ RunTime:0.000129s ]
INFO: [ view_begin ] --START--
INFO: [ view_begin ] --END-- [ RunTime:0.000027s ]
INFO: [ view_parse ] --START--
INFO: [ template_filter ] --START--
INFO: Run Behavior\ContentReplace [ RunTime:0.000097s ]
INFO: [ template_filter ] --END-- [ RunTime:0.000233s ]
NOTIC: [8] Undefined variable: comment_sum /var/www/blog/Runtime/Cache/Home/2f412aae274b751dca883838bf7e7502.php 第 137 行.
NOTIC: [8] Undefined variable: comment_sum /var/www/blog/Runtime/Cache/Home/2f412aae274b751dca883838bf7e7502.php 第 137 行.
NOTIC: [8] Undefined variable: comment_sum /var/www/blog/Runtime/Cache/Home/2f412aae274b751dca883838bf7e7502.php 第 137 行.
INFO: Run Behavior\ParseTemplate [ RunTime:0.009571s ]
INFO: [ view_parse ] --END-- [ RunTime:0.009683s ]
INFO: [ view_filter ] --START--
INFO: Run Behavior\WriteHtmlCache [ RunTime:0.000032s ]
INFO: [ view_filter ] --END-- [ RunTime:0.000105s ]
INFO: [ view_end ] --START--
INFO: [ view_end ] --END-- [ RunTime:0.000081s ]
INFO: [ app_end ] --START--
INFO: Run Behavior\ShowPageTrace [ RunTime:0.000074s ]
INFO: [ app_end ] --END-- [ RunTime:0.000156s ]

[ 2015-11-26T16:11:28+08:00 ] 58.20.192.218 /index.php/Home2
INFO: [ app_init ] --START--
INFO: [ app_init ] --END-- [ RunTime:0.000119s ]

[ 2015-11-26T16:18:10+08:00 ] 58.20.192.218 /index.php/Home
INFO: [ app_init ] --START--
INFO: [ app_init ] --END-- [ RunTime:0.000088s ]
INFO: [ app_begin ] --START--
INFO: Run Behavior\ReadHtmlCache [ RunTime:0.000053s ]
INFO: [ app_begin ] --END-- [ RunTime:0.000126s ]
INFO: [ action_begin ] --START--
INFO: [ action_begin ] --END-- [ RunTime:0.000033s ]
NOTIC: [8192] mysql_connect(): The mysql extension is deprecated and will be removed in the future: use mysqli or PDO instead /var/www/blog/ThinkPHP/Library/Think/Db/Driver/Mysql.class.php 第 52 行.
SQL: SHOW COLUMNS FROM `class` [ RunTime:0.001043s ]
SQL: SELECT * FROM `class`  [ RunTime:0.000180s ]
SQL: SHOW COLUMNS FROM `articles` [ RunTime:0.001420s ]
SQL: SELECT * FROM `articles` ORDER BY id desc LIMIT 0,5   [ RunTime:0.000202s ]
SQL: SELECT `id`,`title`,`read_sum` FROM `articles` ORDER BY read_sum desc LIMIT 6   [ RunTime:0.000137s ]
SQL: SHOW COLUMNS FROM `friend_link` [ RunTime:0.001202s ]
SQL: SELECT * FROM `friend_link`  [ RunTime:0.000116s ]
INFO: [ view_begin ] --START--
INFO: [ view_begin ] --END-- [ RunTime:0.000024s ]
INFO: [ view_parse ] --START--
INFO: [ template_filter ] --START--
INFO: Run Behavior\ContentReplace [ RunTime:0.000122s ]
INFO: [ template_filter ] --END-- [ RunTime:0.000274s ]
NOTIC: [8] Undefined variable: comment_sum /var/www/blog/Runtime/Cache/Home/2f412aae274b751dca883838bf7e7502.php 第 137 行.
NOTIC: [8] Undefined variable: comment_sum /var/www/blog/Runtime/Cache/Home/2f412aae274b751dca883838bf7e7502.php 第 137 行.
NOTIC: [8] Undefined variable: comment_sum /var/www/blog/Runtime/Cache/Home/2f412aae274b751dca883838bf7e7502.php 第 137 行.
INFO: Run Behavior\ParseTemplate [ RunTime:0.010744s ]
INFO: [ view_parse ] --END-- [ RunTime:0.010839s ]
INFO: [ view_filter ] --START--
INFO: Run Behavior\WriteHtmlCache [ RunTime:0.000025s ]
INFO: [ view_filter ] --END-- [ RunTime:0.000071s ]
INFO: [ view_end ] --START--
INFO: [ view_end ] --END-- [ RunTime:0.000032s ]
INFO: [ app_end ] --START--
INFO: Run Behavior\ShowPageTrace [ RunTime:0.000044s ]
INFO: [ app_end ] --END-- [ RunTime:0.000094s ]

[ 2015-11-26T16:18:14+08:00 ] 58.20.192.218 /index.php/Home/ChangeClass/index/class/PHP
INFO: [ app_init ] --START--
INFO: [ app_init ] --END-- [ RunTime:0.000059s ]
INFO: [ path_info ] --START--
INFO: [ path_info ] --END-- [ RunTime:0.000027s ]
INFO: [ app_begin ] --START--
INFO: Run Behavior\ReadHtmlCache [ RunTime:0.000060s ]
INFO: [ app_begin ] --END-- [ RunTime:0.000151s ]
INFO: [ action_begin ] --START--
INFO: [ action_begin ] --END-- [ RunTime:0.000056s ]
NOTIC: [8192] mysql_connect(): The mysql extension is deprecated and will be removed in the future: use mysqli or PDO instead /var/www/blog/ThinkPHP/Library/Think/Db/Driver/Mysql.class.php 第 52 行.
SQL: SHOW COLUMNS FROM `class` [ RunTime:0.001149s ]
SQL: SELECT * FROM `class` WHERE ( name='UEhQ' ) LIMIT 1   [ RunTime:0.000598s ]
SQL: SHOW COLUMNS FROM `articles` [ RunTime:0.001279s ]
SQL: SELECT * FROM `articles` WHERE ( class='UEhQ' ) ORDER BY id desc LIMIT 0,5   [ RunTime:0.000174s ]
SQL: SELECT * FROM `class`  [ RunTime:0.000143s ]
SQL: SELECT `id`,`title`,`read_sum` FROM `articles` WHERE ( class='UEhQ' ) ORDER BY read_sum desc LIMIT 6   [ RunTime:0.000127s ]
SQL: SHOW COLUMNS FROM `friend_link` [ RunTime:0.001121s ]
SQL: SELECT * FROM `friend_link`  [ RunTime:0.000157s ]
INFO: [ view_begin ] --START--
INFO: [ view_begin ] --END-- [ RunTime:0.000038s ]
INFO: [ view_parse ] --START--
INFO: [ template_filter ] --START--
INFO: Run Behavior\ContentReplace [ RunTime:0.000094s ]
INFO: [ template_filter ] --END-- [ RunTime:0.000215s ]
INFO: Run Behavior\ParseTemplate [ RunTime:0.061478s ]
INFO: [ view_parse ] --END-- [ RunTime:0.061609s ]
INFO: [ view_filter ] --START--
INFO: Run Behavior\WriteHtmlCache [ RunTime:0.000025s ]
INFO: [ view_filter ] --END-- [ RunTime:0.000070s ]
INFO: [ view_end ] --START--
INFO: [ view_end ] --END-- [ RunTime:0.000021s ]
INFO: [ app_end ] --START--
INFO: Run Behavior\ShowPageTrace [ RunTime:0.000051s ]
INFO: [ app_end ] --END-- [ RunTime:0.000123s ]

[ 2015-11-26T16:21:41+08:00 ] 58.20.192.218 /index.php/Home2
INFO: [ app_init ] --START--
INFO: [ app_init ] --END-- [ RunTime:0.000080s ]

[ 2015-11-26T16:21:43+08:00 ] 58.20.192.218 /index.php/Home2/ChangeClass/index/class/PHP
INFO: [ app_init ] --START--
INFO: [ app_init ] --END-- [ RunTime:0.000064s ]
ERR: 无法加载控制器:ChangeClass

[ 2015-11-26T16:22:12+08:00 ] 58.20.192.218 /index.php/Home2/ChangeClass/index/class/PHP
INFO: [ app_init ] --START--
INFO: [ app_init ] --END-- [ RunTime:0.000081s ]

[ 2015-11-26T16:23:26+08:00 ] 58.20.192.218 /index.php/Home2/ChangeClass/index/class/PHP
INFO: [ app_init ] --START--
INFO: [ app_init ] --END-- [ RunTime:0.000083s ]

[ 2015-11-26T16:26:23+08:00 ] 58.20.192.218 /index.php/Home2/
INFO: [ app_init ] --START--
INFO: [ app_init ] --END-- [ RunTime:0.000087s ]
ERR: 模板不存在:./Home2/View/Index/index.html

[ 2015-11-26T16:26:52+08:00 ] 58.20.192.218 /index.php/Home2/
INFO: [ app_init ] --START--
INFO: [ app_init ] --END-- [ RunTime:0.000171s ]

[ 2015-11-26T16:26:55+08:00 ] 58.20.192.218 /index.php/Home2/index.html
INFO: [ app_init ] --START--
INFO: [ app_init ] --END-- [ RunTime:0.000102s ]
ERR: 模板不存在:./Home2/View/index/index.html

[ 2015-11-26T16:27:10+08:00 ] 58.20.192.218 /index.php/Home2/
INFO: [ app_init ] --START--
INFO: [ app_init ] --END-- [ RunTime:0.000139s ]

[ 2015-11-26T16:27:12+08:00 ] 58.20.192.218 /index.php/Home2/ChangeClass/index/class/PHP
INFO: [ app_init ] --START--
INFO: [ app_init ] --END-- [ RunTime:0.000101s ]
ERR: 无法加载控制器:ChangeClass

[ 2015-11-26T16:27:31+08:00 ] 58.20.192.218 /index.php/Home2/ChangeClass/index/class/PHP
INFO: [ app_init ] --START--
INFO: [ app_init ] --END-- [ RunTime:0.000125s ]

[ 2015-11-26T16:38:14+08:00 ] 58.20.192.218 /index.php/Home2/ChangeClass/index/class/PHP
INFO: [ app_init ] --START--
INFO: [ app_init ] --END-- [ RunTime:0.000183s ]
ERR: Think\Controller:get_class_sum方法不存在！

[ 2015-11-26T16:38:40+08:00 ] 58.20.192.218 /index.php/Home2/ChangeClass/index/class/PHP
INFO: [ app_init ] --START--
INFO: [ app_init ] --END-- [ RunTime:0.000087s ]

[ 2015-11-26T16:39:56+08:00 ] 58.20.192.218 /index.php/Home2/ChangeClass/index/class/PHP
INFO: [ app_init ] --START--
INFO: [ app_init ] --END-- [ RunTime:0.000289s ]

[ 2015-11-26T16:39:58+08:00 ] 58.20.192.218 /index.php/Home2/
INFO: [ app_init ] --START--
INFO: [ app_init ] --END-- [ RunTime:0.000064s ]

[ 2015-11-26T16:40:02+08:00 ] 58.20.192.218 /index.php/Home2/ChangeClass/index/class/PHP
INFO: [ app_init ] --START--
INFO: [ app_init ] --END-- [ RunTime:0.000311s ]

[ 2015-11-26T16:40:21+08:00 ] 58.20.192.218 /index.php/Home2/ChangeClass/index/class/%E6%95%B0%E6%8D%AE%E7%BB%93%E6%9E%84%E4%B8%8E%E7%AE%97%E6%B3%95
INFO: [ app_init ] --START--
INFO: [ app_init ] --END-- [ RunTime:0.000113s ]

[ 2015-11-26T16:40:28+08:00 ] 58.20.192.218 /index.php/Home2/ChangeClass/index/class/%E6%95%B0%E6%8D%AE%E7%BB%93%E6%9E%84%E4%B8%8E%E7%AE%97%E6%B3%95
INFO: [ app_init ] --START--
INFO: [ app_init ] --END-- [ RunTime:0.000096s ]

[ 2015-11-26T16:40:29+08:00 ] 58.20.192.218 /index.php/Home2/ChangeClass/index/class/PHP
INFO: [ app_init ] --START--
INFO: [ app_init ] --END-- [ RunTime:0.000062s ]

[ 2015-11-26T16:42:12+08:00 ] 58.20.192.218 /index.php/Home2/ChangeClass/index/class/PHP
INFO: [ app_init ] --START--
INFO: [ app_init ] --END-- [ RunTime:0.000118s ]

[ 2015-11-26T16:44:13+08:00 ] 58.20.192.218 /index.php/Home2/ChangeClass/index/class/PHP
INFO: [ app_init ] --START--
INFO: [ app_init ] --END-- [ RunTime:0.000099s ]

[ 2015-11-26T16:44:50+08:00 ] 58.20.192.218 /index.php/Home2/ChangeClass/index/class/%E6%95%B0%E6%8D%AE%E7%BB%93%E6%9E%84%E4%B8%8E%E7%AE%97%E6%B3%95
INFO: [ app_init ] --START--
INFO: [ app_init ] --END-- [ RunTime:0.000162s ]

[ 2015-11-26T16:45:13+08:00 ] 58.20.192.218 /index.php/Home2/ChangeClass/index/class/%E6%95%B0%E6%8D%AE%E7%BB%93%E6%9E%84%E4%B8%8E%E7%AE%97%E6%B3%95
INFO: [ app_init ] --START--
INFO: [ app_init ] --END-- [ RunTime:0.000062s ]

[ 2015-11-26T16:45:15+08:00 ] 58.20.192.218 /index.php/Home2/ChangeClass/index/class/Computer%20System
INFO: [ app_init ] --START--
INFO: [ app_init ] --END-- [ RunTime:0.000096s ]

[ 2015-11-26T16:45:17+08:00 ] 58.20.192.218 /index.php/Home2/ChangeClass/index/class/%E6%95%B0%E6%8D%AE%E7%BB%93%E6%9E%84%E4%B8%8E%E7%AE%97%E6%B3%95
INFO: [ app_init ] --START--
INFO: [ app_init ] --END-- [ RunTime:0.000106s ]

[ 2015-11-26T16:45:18+08:00 ] 58.20.192.218 /index.php/Home2/ChangeClass/index/class/Computer%20System
INFO: [ app_init ] --START--
INFO: [ app_init ] --END-- [ RunTime:0.000052s ]

[ 2015-11-26T16:45:19+08:00 ] 58.20.192.218 /index.php/Home2/ChangeClass/index/class/%E6%95%B0%E6%8D%AE%E7%BB%93%E6%9E%84%E4%B8%8E%E7%AE%97%E6%B3%95
INFO: [ app_init ] --START--
INFO: [ app_init ] --END-- [ RunTime:0.000077s ]

[ 2015-11-26T16:45:22+08:00 ] 58.20.192.218 /index.php/Home2/ChangeClass/index/class/PHP
INFO: [ app_init ] --START--
INFO: [ app_init ] --END-- [ RunTime:0.000114s ]

[ 2015-11-26T16:45:23+08:00 ] 58.20.192.218 /index.php/Home2/
INFO: [ app_init ] --START--
INFO: [ app_init ] --END-- [ RunTime:0.000093s ]

[ 2015-11-26T16:45:24+08:00 ] 58.20.192.218 /index.php/Home2/ChangeClass/index/class/PHP
INFO: [ app_init ] --START--
INFO: [ app_init ] --END-- [ RunTime:0.000052s ]

[ 2015-11-26T16:45:27+08:00 ] 58.20.192.218 /index.php/Home2/ChangeClass/index/class/%E6%95%B0%E6%8D%AE%E7%BB%93%E6%9E%84%E4%B8%8E%E7%AE%97%E6%B3%95
INFO: [ app_init ] --START--
INFO: [ app_init ] --END-- [ RunTime:0.000069s ]

[ 2015-11-26T16:45:28+08:00 ] 58.20.192.218 /index.php/Home2/ChangeClass/index/class/PHP
INFO: [ app_init ] --START--
INFO: [ app_init ] --END-- [ RunTime:0.000065s ]

[ 2015-11-26T16:45:29+08:00 ] 58.20.192.218 /index.php/Home2/ChangeClass/index/class/%E6%95%B0%E6%8D%AE%E7%BB%93%E6%9E%84%E4%B8%8E%E7%AE%97%E6%B3%95
INFO: [ app_init ] --START--
INFO: [ app_init ] --END-- [ RunTime:0.000066s ]

[ 2015-11-26T16:45:31+08:00 ] 58.20.192.218 /index.php/Home2/ChangeClass/index/class/PHP
INFO: [ app_init ] --START--
INFO: [ app_init ] --END-- [ RunTime:0.000082s ]

[ 2015-11-26T16:45:32+08:00 ] 58.20.192.218 /index.php/Home2/ChangeClass/index/class/%E6%95%B0%E6%8D%AE%E7%BB%93%E6%9E%84%E4%B8%8E%E7%AE%97%E6%B3%95
INFO: [ app_init ] --START--
INFO: [ app_init ] --END-- [ RunTime:0.000052s ]

[ 2015-11-26T16:45:37+08:00 ] 58.20.192.218 /index.php/Home2/ChangeClass/index/class/PHP
INFO: [ app_init ] --START--
INFO: [ app_init ] --END-- [ RunTime:0.000077s ]

[ 2015-11-26T16:47:50+08:00 ] 58.20.192.218 /index.php/Home2/ChangeClass/index/class/PHP
INFO: [ app_init ] --START--
INFO: [ app_init ] --END-- [ RunTime:0.000112s ]

[ 2015-11-26T16:47:52+08:00 ] 58.20.192.218 /index.php/Home2/ShowArticle/index/id/10
INFO: [ app_init ] --START--
INFO: [ app_init ] --END-- [ RunTime:0.000144s ]
ERR: 无法加载控制器:ShowArticle

[ 2015-11-26T16:50:32+08:00 ] 58.20.192.218 /index.php/Home2/ChangeClass/index/class/Computer%20System
INFO: [ app_init ] --START--
INFO: [ app_init ] --END-- [ RunTime:0.000165s ]

[ 2015-11-26T16:50:34+08:00 ] 58.20.192.218 /index.php/Home2/ChangeClass/index/class/%E6%95%B0%E6%8D%AE%E7%BB%93%E6%9E%84%E4%B8%8E%E7%AE%97%E6%B3%95
INFO: [ app_init ] --START--
INFO: [ app_init ] --END-- [ RunTime:0.000052s ]

[ 2015-11-26T16:50:36+08:00 ] 58.20.192.218 /index.php/Home2/ChangeClass/index/class/PHP
INFO: [ app_init ] --START--
INFO: [ app_init ] --END-- [ RunTime:0.000070s ]

[ 2015-11-26T16:51:03+08:00 ] 58.20.192.218 /index.php/Home2/ChangeClass/index/class/PHP
INFO: [ app_init ] --START--
INFO: [ app_init ] --END-- [ RunTime:0.000102s ]

[ 2015-11-26T16:51:04+08:00 ] 58.20.192.218 /index.php/Home2/ShowArticle/index/id/10
INFO: [ app_init ] --START--
INFO: [ app_init ] --END-- [ RunTime:0.000072s ]

[ 2015-11-26T16:51:52+08:00 ] 58.20.192.218 /index.php/Home2/ShowArticle/index/id/10
INFO: [ app_init ] --START--
INFO: [ app_init ] --END-- [ RunTime:0.000165s ]

[ 2015-11-26T16:54:45+08:00 ] 58.20.192.218 /index.php/Home2/ShowArticle/index/id/10
INFO: [ app_init ] --START--
INFO: [ app_init ] --END-- [ RunTime:0.000073s ]
ERR: Think\Controller:get_class_sum方法不存在！

[ 2015-11-26T16:55:11+08:00 ] 58.20.192.218 /index.php/Home2/ShowArticle/index/id/10
INFO: [ app_init ] --START--
INFO: [ app_init ] --END-- [ RunTime:0.000115s ]

[ 2015-11-26T16:56:14+08:00 ] 58.20.192.218 /index.php/Home2/ShowArticle/index/id/10
INFO: [ app_init ] --START--
INFO: [ app_init ] --END-- [ RunTime:0.000063s ]

[ 2015-11-26T16:57:04+08:00 ] 58.20.192.218 /index.php/Home2/ShowArticle/index/id/10
INFO: [ app_init ] --START--
INFO: [ app_init ] --END-- [ RunTime:0.000092s ]

[ 2015-11-26T16:58:02+08:00 ] 58.20.192.218 /index.php/Home2/ShowArticle/index/id/10
INFO: [ app_init ] --START--
INFO: [ app_init ] --END-- [ RunTime:0.000199s ]

[ 2015-11-26T16:59:50+08:00 ] 58.20.192.218 /index.php/Home2/ShowArticle/index/id/10
INFO: [ app_init ] --START--
INFO: [ app_init ] --END-- [ RunTime:0.000112s ]

[ 2015-11-26T17:00:32+08:00 ] 58.20.192.218 /index.php/Home2/ShowArticle/index/id/10
INFO: [ app_init ] --START--
INFO: [ app_init ] --END-- [ RunTime:0.000118s ]

[ 2015-11-26T17:04:29+08:00 ] 58.20.192.218 /index.php/Home2/ShowArticle/index/id/10
INFO: [ app_init ] --START--
INFO: [ app_init ] --END-- [ RunTime:0.000184s ]

[ 2015-11-26T17:07:03+08:00 ] 58.20.192.218 /index.php/Home2/ShowArticle/index/id/10
INFO: [ app_init ] --START--
INFO: [ app_init ] --END-- [ RunTime:0.000077s ]

[ 2015-11-26T17:07:19+08:00 ] 58.20.192.218 /index.php/Home2/ShowArticle/index/id/10
INFO: [ app_init ] --START--
INFO: [ app_init ] --END-- [ RunTime:0.000103s ]

[ 2015-11-26T17:08:22+08:00 ] 58.20.192.218 /index.php/Home2/ShowArticle/index/id/10
INFO: [ app_init ] --START--
INFO: [ app_init ] --END-- [ RunTime:0.000210s ]

[ 2015-11-26T17:09:39+08:00 ] 58.20.192.218 /index.php/Home2/ShowArticle/index/id/10
INFO: [ app_init ] --START--
INFO: [ app_init ] --END-- [ RunTime:0.000080s ]

[ 2015-11-26T17:14:01+08:00 ] 58.20.192.218 /index.php/Home2/ShowArticle/index/id/10
INFO: [ app_init ] --START--
INFO: [ app_init ] --END-- [ RunTime:0.000062s ]

[ 2015-11-26T17:15:13+08:00 ] 58.20.192.218 /index.php/Home
INFO: [ app_init ] --START--
INFO: [ app_init ] --END-- [ RunTime:0.000077s ]
INFO: [ app_begin ] --START--
INFO: Run Behavior\ReadHtmlCache [ RunTime:0.000059s ]
INFO: [ app_begin ] --END-- [ RunTime:0.000125s ]
INFO: [ action_begin ] --START--
INFO: [ action_begin ] --END-- [ RunTime:0.000045s ]
NOTIC: [8192] mysql_connect(): The mysql extension is deprecated and will be removed in the future: use mysqli or PDO instead /var/www/blog/ThinkPHP/Library/Think/Db/Driver/Mysql.class.php 第 52 行.
SQL: SHOW COLUMNS FROM `class` [ RunTime:0.000919s ]
SQL: SELECT * FROM `class`  [ RunTime:0.000111s ]
SQL: SHOW COLUMNS FROM `articles` [ RunTime:0.000903s ]
SQL: SELECT * FROM `articles` ORDER BY id desc LIMIT 0,5   [ RunTime:0.000306s ]
SQL: SELECT `id`,`title`,`read_sum` FROM `articles` ORDER BY read_sum desc LIMIT 6   [ RunTime:0.000277s ]
SQL: SHOW COLUMNS FROM `friend_link` [ RunTime:0.000897s ]
SQL: SELECT * FROM `friend_link`  [ RunTime:0.000104s ]
INFO: [ view_begin ] --START--
INFO: [ view_begin ] --END-- [ RunTime:0.000024s ]
INFO: [ view_parse ] --START--
INFO: [ template_filter ] --START--
INFO: Run Behavior\ContentReplace [ RunTime:0.000098s ]
INFO: [ template_filter ] --END-- [ RunTime:0.000222s ]
NOTIC: [8] Undefined variable: comment_sum /var/www/blog/Runtime/Cache/Home/2f412aae274b751dca883838bf7e7502.php 第 137 行.
NOTIC: [8] Undefined variable: comment_sum /var/www/blog/Runtime/Cache/Home/2f412aae274b751dca883838bf7e7502.php 第 137 行.
NOTIC: [8] Undefined variable: comment_sum /var/www/blog/Runtime/Cache/Home/2f412aae274b751dca883838bf7e7502.php 第 137 行.
INFO: Run Behavior\ParseTemplate [ RunTime:0.007452s ]
INFO: [ view_parse ] --END-- [ RunTime:0.007522s ]
INFO: [ view_filter ] --START--
INFO: Run Behavior\WriteHtmlCache [ RunTime:0.000023s ]
INFO: [ view_filter ] --END-- [ RunTime:0.000069s ]
INFO: [ view_end ] --START--
INFO: [ view_end ] --END-- [ RunTime:0.000030s ]
INFO: [ app_end ] --START--
INFO: Run Behavior\ShowPageTrace [ RunTime:0.000041s ]
INFO: [ app_end ] --END-- [ RunTime:0.000090s ]

[ 2015-11-26T17:15:15+08:00 ] 58.20.192.218 /index.php/Home/ShowArticle/index/from/index/id/11
INFO: [ app_init ] --START--
INFO: [ app_init ] --END-- [ RunTime:0.000161s ]
INFO: [ path_info ] --START--
INFO: [ path_info ] --END-- [ RunTime:0.000042s ]
INFO: [ app_begin ] --START--
INFO: Run Behavior\ReadHtmlCache [ RunTime:0.000072s ]
INFO: [ app_begin ] --END-- [ RunTime:0.000165s ]
INFO: [ action_begin ] --START--
INFO: [ action_begin ] --END-- [ RunTime:0.000058s ]
NOTIC: [8192] mysql_connect(): The mysql extension is deprecated and will be removed in the future: use mysqli or PDO instead /var/www/blog/ThinkPHP/Library/Think/Db/Driver/Mysql.class.php 第 52 行.
SQL: SHOW COLUMNS FROM `class` [ RunTime:0.001030s ]
SQL: SELECT * FROM `class`  [ RunTime:0.000153s ]
SQL: SHOW COLUMNS FROM `friend_link` [ RunTime:0.000905s ]
SQL: SELECT * FROM `friend_link`  [ RunTime:0.000110s ]
SQL: SHOW COLUMNS FROM `articles` [ RunTime:0.001022s ]
SQL: SELECT * FROM `articles` WHERE ( id=11 ) LIMIT 1   [ RunTime:0.000316s ]
SQL: UPDATE `articles` SET `read_sum`=2 WHERE ( `id` = 11 ) [ RunTime:0.000290s ]
SQL: SELECT `id`,`title`,`read_sum` FROM `articles` WHERE ( class='5pWw5o2u57uT5p6E5LiO566X5rOV' ) ORDER BY read_sum desc LIMIT 6   [ RunTime:0.000278s ]
INFO: [ view_begin ] --START--
INFO: [ view_begin ] --END-- [ RunTime:0.000024s ]
INFO: [ view_parse ] --START--
INFO: [ template_filter ] --START--
INFO: Run Behavior\ContentReplace [ RunTime:0.000081s ]
INFO: [ template_filter ] --END-- [ RunTime:0.000191s ]
INFO: Run Behavior\ParseTemplate [ RunTime:0.006278s ]
INFO: [ view_parse ] --END-- [ RunTime:0.006371s ]
INFO: [ view_filter ] --START--
INFO: Run Behavior\WriteHtmlCache [ RunTime:0.000024s ]
INFO: [ view_filter ] --END-- [ RunTime:0.000068s ]
INFO: [ view_end ] --START--
INFO: [ view_end ] --END-- [ RunTime:0.000019s ]
INFO: [ app_end ] --START--
INFO: Run Behavior\ShowPageTrace [ RunTime:0.000040s ]
INFO: [ app_end ] --END-- [ RunTime:0.000087s ]

[ 2015-11-26T17:16:46+08:00 ] 58.20.192.218 /index.php/Home/ShowArticle/index/from/index/id/11
INFO: [ app_init ] --START--
INFO: [ app_init ] --END-- [ RunTime:0.000223s ]
INFO: [ path_info ] --START--
INFO: [ path_info ] --END-- [ RunTime:0.000046s ]
INFO: [ app_begin ] --START--
INFO: Run Behavior\ReadHtmlCache [ RunTime:0.000083s ]
INFO: [ app_begin ] --END-- [ RunTime:0.000172s ]
INFO: [ action_begin ] --START--
INFO: [ action_begin ] --END-- [ RunTime:0.000045s ]
NOTIC: [8192] mysql_connect(): The mysql extension is deprecated and will be removed in the future: use mysqli or PDO instead /var/www/blog/ThinkPHP/Library/Think/Db/Driver/Mysql.class.php 第 52 行.
SQL: SHOW COLUMNS FROM `class` [ RunTime:0.000720s ]
SQL: SELECT * FROM `class`  [ RunTime:0.000088s ]
SQL: SHOW COLUMNS FROM `friend_link` [ RunTime:0.000527s ]
SQL: SELECT * FROM `friend_link`  [ RunTime:0.000094s ]
SQL: SHOW COLUMNS FROM `articles` [ RunTime:0.000934s ]
SQL: SELECT * FROM `articles` WHERE ( id=11 ) LIMIT 1   [ RunTime:0.000337s ]
SQL: UPDATE `articles` SET `read_sum`=3 WHERE ( `id` = 11 ) [ RunTime:0.000228s ]
SQL: SELECT `id`,`title`,`read_sum` FROM `articles` WHERE ( class='5pWw5o2u57uT5p6E5LiO566X5rOV' ) ORDER BY read_sum desc LIMIT 6   [ RunTime:0.000235s ]
INFO: [ view_begin ] --START--
INFO: [ view_begin ] --END-- [ RunTime:0.000047s ]
INFO: [ view_parse ] --START--
INFO: [ template_filter ] --START--
INFO: Run Behavior\ContentReplace [ RunTime:0.000078s ]
INFO: [ template_filter ] --END-- [ RunTime:0.000286s ]
INFO: Run Behavior\ParseTemplate [ RunTime:0.007734s ]
INFO: [ view_parse ] --END-- [ RunTime:0.007850s ]
INFO: [ view_filter ] --START--
INFO: Run Behavior\WriteHtmlCache [ RunTime:0.000024s ]
INFO: [ view_filter ] --END-- [ RunTime:0.000069s ]
INFO: [ view_end ] --START--
INFO: [ view_end ] --END-- [ RunTime:0.000021s ]
INFO: [ app_end ] --START--
INFO: Run Behavior\ShowPageTrace [ RunTime:0.000040s ]
INFO: [ app_end ] --END-- [ RunTime:0.000098s ]

[ 2015-11-26T17:16:53+08:00 ] 58.20.192.218 /index.php/Home2/ShowArticle/index/id/10
INFO: [ app_init ] --START--
INFO: [ app_init ] --END-- [ RunTime:0.000108s ]

[ 2015-11-26T17:17:45+08:00 ] 58.20.192.218 /index.php/Home2/ShowArticle/index/id/10
INFO: [ app_init ] --START--
INFO: [ app_init ] --END-- [ RunTime:0.000130s ]

[ 2015-11-26T17:19:11+08:00 ] 58.20.192.218 /index.php/Home2/ShowArticle/index/id/10
INFO: [ app_init ] --START--
INFO: [ app_init ] --END-- [ RunTime:0.000168s ]

[ 2015-11-26T17:20:58+08:00 ] 58.20.192.218 /index.php/Home2/ShowArticle/index/id/10
INFO: [ app_init ] --START--
INFO: [ app_init ] --END-- [ RunTime:0.000075s ]

[ 2015-11-26T17:23:48+08:00 ] 58.20.192.218 /index.php/Home2/ShowArticle/index/id/10
INFO: [ app_init ] --START--
INFO: [ app_init ] --END-- [ RunTime:0.000084s ]

[ 2015-11-26T17:26:15+08:00 ] 58.20.192.218 /index.php/Home2/ShowArticle/index/id/10
INFO: [ app_init ] --START--
INFO: [ app_init ] --END-- [ RunTime:0.000082s ]

[ 2015-11-26T17:26:21+08:00 ] 58.20.192.218 /index.php/Home2/ShowArticle/index/id/10
INFO: [ app_init ] --START--
INFO: [ app_init ] --END-- [ RunTime:0.000186s ]

[ 2015-11-26T17:26:22+08:00 ] 58.20.192.218 /index.php/Home2/ShowArticle/index/id/10
INFO: [ app_init ] --START--
INFO: [ app_init ] --END-- [ RunTime:0.000064s ]

[ 2015-11-26T17:26:23+08:00 ] 58.20.192.218 /index.php/Home2/ShowArticle/index/id/10
INFO: [ app_init ] --START--
INFO: [ app_init ] --END-- [ RunTime:0.000094s ]

[ 2015-11-26T17:26:25+08:00 ] 58.20.192.218 /index.php/Home2/ShowArticle/index/id/10
INFO: [ app_init ] --START--
INFO: [ app_init ] --END-- [ RunTime:0.000074s ]

[ 2015-11-26T17:26:26+08:00 ] 58.20.192.218 /index.php/Home2/ShowArticle/index/id/10
INFO: [ app_init ] --START--
INFO: [ app_init ] --END-- [ RunTime:0.000093s ]

[ 2015-11-26T17:27:03+08:00 ] 58.20.192.218 /index.php/Home2/ShowArticle/index/id/10
INFO: [ app_init ] --START--
INFO: [ app_init ] --END-- [ RunTime:0.000107s ]

[ 2015-11-26T17:27:52+08:00 ] 58.20.192.218 /index.php/Home2/ShowArticle/index/id/10
INFO: [ app_init ] --START--
INFO: [ app_init ] --END-- [ RunTime:0.000173s ]

[ 2015-11-26T17:32:58+08:00 ] 58.20.192.218 /index.php/Home2/ShowArticle/index/id/10
INFO: [ app_init ] --START--
INFO: [ app_init ] --END-- [ RunTime:0.000061s ]

[ 2015-11-26T17:34:43+08:00 ] 58.20.192.218 /index.php/Home2/ShowArticle/index/id/10
INFO: [ app_init ] --START--
INFO: [ app_init ] --END-- [ RunTime:0.000078s ]

[ 2015-11-26T17:36:19+08:00 ] 58.20.192.218 /index.php/Home2/ShowArticle/index/id/10
INFO: [ app_init ] --START--
INFO: [ app_init ] --END-- [ RunTime:0.000116s ]

[ 2015-11-26T17:37:15+08:00 ] 58.20.192.218 /index.php/Home2/ShowArticle/index/id/10
INFO: [ app_init ] --START--
INFO: [ app_init ] --END-- [ RunTime:0.000084s ]

[ 2015-11-26T17:37:29+08:00 ] 58.20.192.218 /index.php/Home2/ShowArticle/index/id/10
INFO: [ app_init ] --START--
INFO: [ app_init ] --END-- [ RunTime:0.000110s ]

[ 2015-11-26T17:37:53+08:00 ] 58.20.192.218 /index.php/Home2/ShowArticle/index/id/10
INFO: [ app_init ] --START--
INFO: [ app_init ] --END-- [ RunTime:0.000165s ]

[ 2015-11-26T17:38:20+08:00 ] 58.20.192.218 /index.php/Home2/ShowArticle/index/id/10
INFO: [ app_init ] --START--
INFO: [ app_init ] --END-- [ RunTime:0.000165s ]

[ 2015-11-26T17:38:23+08:00 ] 58.20.192.218 /index.php/Home2/ShowArticle/index/id/10
INFO: [ app_init ] --START--
INFO: [ app_init ] --END-- [ RunTime:0.000115s ]

[ 2015-11-26T17:38:24+08:00 ] 58.20.192.218 /index.php/Home2/ShowArticle/index/id/10
INFO: [ app_init ] --START--
INFO: [ app_init ] --END-- [ RunTime:0.000097s ]

[ 2015-11-26T17:38:26+08:00 ] 58.20.192.218 /index.php/Home2/ShowArticle/index/id/10
INFO: [ app_init ] --START--
INFO: [ app_init ] --END-- [ RunTime:0.000061s ]

[ 2015-11-26T17:38:27+08:00 ] 58.20.192.218 /index.php/Home2/ShowArticle/index/id/10
INFO: [ app_init ] --START--
INFO: [ app_init ] --END-- [ RunTime:0.000162s ]

[ 2015-11-26T17:39:42+08:00 ] 58.20.192.218 /index.php/Home2/ShowArticle/index/id/index.html
INFO: [ app_init ] --START--
INFO: [ app_init ] --END-- [ RunTime:0.000072s ]

[ 2015-11-26T17:39:44+08:00 ] 58.20.192.218 /index.php/Home2/ShowArticle/index/id/index.html
INFO: [ app_init ] --START--
INFO: [ app_init ] --END-- [ RunTime:0.000094s ]

[ 2015-11-26T17:39:44+08:00 ] 58.20.192.218 /index.php/Home2/ShowArticle/index/id/index.html
INFO: [ app_init ] --START--
INFO: [ app_init ] --END-- [ RunTime:0.000071s ]

[ 2015-11-26T17:39:45+08:00 ] 58.20.192.218 /index.php/Home2/ShowArticle/index/id/index.html
INFO: [ app_init ] --START--
INFO: [ app_init ] --END-- [ RunTime:0.000075s ]

[ 2015-11-26T17:40:23+08:00 ] 58.20.192.218 /index.php/Home2/ShowArticle/index/id/index.html
INFO: [ app_init ] --START--
INFO: [ app_init ] --END-- [ RunTime:0.000110s ]

[ 2015-11-26T17:40:25+08:00 ] 58.20.192.218 /index.php/Home2/ShowArticle/index/id/__APP_/Home2
INFO: [ app_init ] --START--
INFO: [ app_init ] --END-- [ RunTime:0.000053s ]

[ 2015-11-26T17:40:26+08:00 ] 58.20.192.218 /index.php/Home2/ShowArticle/index/id/__APP_/__APP_/Home2
INFO: [ app_init ] --START--
INFO: [ app_init ] --END-- [ RunTime:0.000132s ]

[ 2015-11-26T17:40:42+08:00 ] 58.20.192.218 /index.php/Home2/ShowArticle/index/id/__APP_/__APP_/Home2
INFO: [ app_init ] --START--
INFO: [ app_init ] --END-- [ RunTime:0.000085s ]

[ 2015-11-26T17:40:43+08:00 ] 58.20.192.218 /index.php/Home2/
INFO: [ app_init ] --START--
INFO: [ app_init ] --END-- [ RunTime:0.000071s ]

[ 2015-11-26T20:36:16+08:00 ] 58.20.192.218 /index.php/Home2
INFO: [ app_init ] --START--
INFO: [ app_init ] --END-- [ RunTime:0.000081s ]

[ 2015-11-26T20:36:27+08:00 ] 58.20.192.218 /index.php/Home2
INFO: [ app_init ] --START--
INFO: [ app_init ] --END-- [ RunTime:0.000174s ]

[ 2015-11-26T20:36:39+08:00 ] 58.20.192.218 /index.php/Home2/ChangeClass/index/class/PHP
INFO: [ app_init ] --START--
INFO: [ app_init ] --END-- [ RunTime:0.000069s ]

[ 2015-11-26T20:36:40+08:00 ] 58.20.192.218 /index.php/Home2/ShowArticle/index/id/10
INFO: [ app_init ] --START--
INFO: [ app_init ] --END-- [ RunTime:0.000122s ]

