[ 2015-11-23T02:24:26+08:00 ] 1.171.248.57 vip163mx00.mxmail.netease.com:25
INFO: [ app_init ] --START--
INFO: [ app_init ] --END-- [ RunTime:0.000077s ]
INFO: [ app_begin ] --START--
INFO: Run Behavior\ReadHtmlCache [ RunTime:0.000042s ]
INFO: [ app_begin ] --END-- [ RunTime:0.000097s ]
INFO: [ action_begin ] --START--
INFO: [ action_begin ] --END-- [ RunTime:0.000027s ]
NOTIC: [8192] mysql_connect(): The mysql extension is deprecated and will be removed in the future: use mysqli or PDO instead /var/www/blog/ThinkPHP/Library/Think/Db/Driver/Mysql.class.php 第 52 行.
SQL: SHOW COLUMNS FROM `class` [ RunTime:0.000728s ]
SQL: SELECT * FROM `class`  [ RunTime:0.000096s ]
SQL: SHOW COLUMNS FROM `articles` [ RunTime:0.000823s ]
SQL: SELECT * FROM `articles` ORDER BY id desc LIMIT 0,5   [ RunTime:0.000106s ]
SQL: SELECT `id`,`title`,`read_sum` FROM `articles` ORDER BY read_sum desc LIMIT 6   [ RunTime:0.000089s ]
SQL: SHOW COLUMNS FROM `friend_link` [ RunTime:0.000594s ]
SQL: SELECT * FROM `friend_link`  [ RunTime:0.000090s ]
INFO: [ view_begin ] --START--
INFO: [ view_begin ] --END-- [ RunTime:0.000024s ]
INFO: [ view_parse ] --START--
INFO: [ template_filter ] --START--
INFO: Run Behavior\ContentReplace [ RunTime:0.000081s ]
INFO: [ template_filter ] --END-- [ RunTime:0.000170s ]
NOTIC: [8] Undefined variable: comment_sum /var/www/blog/Runtime/Cache/Home/2f412aae274b751dca883838bf7e7502.php 第 137 行.
NOTIC: [8] Undefined variable: comment_sum /var/www/blog/Runtime/Cache/Home/2f412aae274b751dca883838bf7e7502.php 第 137 行.
NOTIC: [8] Undefined variable: comment_sum /var/www/blog/Runtime/Cache/Home/2f412aae274b751dca883838bf7e7502.php 第 137 行.
INFO: Run Behavior\ParseTemplate [ RunTime:0.007361s ]
INFO: [ view_parse ] --END-- [ RunTime:0.007418s ]
INFO: [ view_filter ] --START--
INFO: Run Behavior\WriteHtmlCache [ RunTime:0.000017s ]
INFO: [ view_filter ] --END-- [ RunTime:0.000061s ]
INFO: [ view_end ] --START--
INFO: [ view_end ] --END-- [ RunTime:0.000025s ]
INFO: [ app_end ] --START--
INFO: Run Behavior\ShowPageTrace [ RunTime:0.000057s ]
INFO: [ app_end ] --END-- [ RunTime:0.000147s ]

[ 2015-11-23T02:44:30+08:00 ] 123.151.149.222 http://www.baidu.com/
INFO: [ app_init ] --START--
INFO: [ app_init ] --END-- [ RunTime:0.000117s ]
INFO: [ app_begin ] --START--
INFO: Run Behavior\ReadHtmlCache [ RunTime:0.000053s ]
INFO: [ app_begin ] --END-- [ RunTime:0.000116s ]
INFO: [ action_begin ] --START--
INFO: [ action_begin ] --END-- [ RunTime:0.000036s ]
NOTIC: [8192] mysql_connect(): The mysql extension is deprecated and will be removed in the future: use mysqli or PDO instead /var/www/blog/ThinkPHP/Library/Think/Db/Driver/Mysql.class.php 第 52 行.
SQL: SHOW COLUMNS FROM `class` [ RunTime:0.000734s ]
SQL: SELECT * FROM `class`  [ RunTime:0.000104s ]
SQL: SHOW COLUMNS FROM `articles` [ RunTime:0.000742s ]
SQL: SELECT * FROM `articles` ORDER BY id desc LIMIT 0,5   [ RunTime:0.000097s ]
SQL: SELECT `id`,`title`,`read_sum` FROM `articles` ORDER BY read_sum desc LIMIT 6   [ RunTime:0.000089s ]
SQL: SHOW COLUMNS FROM `friend_link` [ RunTime:0.000528s ]
SQL: SELECT * FROM `friend_link`  [ RunTime:0.000089s ]
INFO: [ view_begin ] --START--
INFO: [ view_begin ] --END-- [ RunTime:0.000024s ]
INFO: [ view_parse ] --START--
INFO: [ template_filter ] --START--
INFO: Run Behavior\ContentReplace [ RunTime:0.000080s ]
INFO: [ template_filter ] --END-- [ RunTime:0.000148s ]
NOTIC: [8] Undefined variable: comment_sum /var/www/blog/Runtime/Cache/Home/2f412aae274b751dca883838bf7e7502.php 第 137 行.
NOTIC: [8] Undefined variable: comment_sum /var/www/blog/Runtime/Cache/Home/2f412aae274b751dca883838bf7e7502.php 第 137 行.
NOTIC: [8] Undefined variable: comment_sum /var/www/blog/Runtime/Cache/Home/2f412aae274b751dca883838bf7e7502.php 第 137 行.
INFO: Run Behavior\ParseTemplate [ RunTime:0.007632s ]
INFO: [ view_parse ] --END-- [ RunTime:0.007696s ]
INFO: [ view_filter ] --START--
INFO: Run Behavior\WriteHtmlCache [ RunTime:0.000018s ]
INFO: [ view_filter ] --END-- [ RunTime:0.000070s ]
INFO: [ view_end ] --START--
INFO: [ view_end ] --END-- [ RunTime:0.000028s ]
INFO: [ app_end ] --START--
INFO: Run Behavior\ShowPageTrace [ RunTime:0.000048s ]
INFO: [ app_end ] --END-- [ RunTime:0.000100s ]

[ 2015-11-23T03:06:24+08:00 ] 121.42.0.34 /
INFO: [ app_init ] --START--
INFO: [ app_init ] --END-- [ RunTime:0.000073s ]
INFO: [ app_begin ] --START--
INFO: Run Behavior\ReadHtmlCache [ RunTime:0.000043s ]
INFO: [ app_begin ] --END-- [ RunTime:0.000100s ]
INFO: [ action_begin ] --START--
INFO: [ action_begin ] --END-- [ RunTime:0.000027s ]
NOTIC: [8192] mysql_connect(): The mysql extension is deprecated and will be removed in the future: use mysqli or PDO instead /var/www/blog/ThinkPHP/Library/Think/Db/Driver/Mysql.class.php 第 52 行.
SQL: SHOW COLUMNS FROM `class` [ RunTime:0.000714s ]
SQL: SELECT * FROM `class`  [ RunTime:0.000093s ]
SQL: SHOW COLUMNS FROM `articles` [ RunTime:0.000694s ]
SQL: SELECT * FROM `articles` ORDER BY id desc LIMIT 0,5   [ RunTime:0.000096s ]
SQL: SELECT `id`,`title`,`read_sum` FROM `articles` ORDER BY read_sum desc LIMIT 6   [ RunTime:0.000141s ]
SQL: SHOW COLUMNS FROM `friend_link` [ RunTime:0.000678s ]
SQL: SELECT * FROM `friend_link`  [ RunTime:0.000097s ]
INFO: [ view_begin ] --START--
INFO: [ view_begin ] --END-- [ RunTime:0.000024s ]
INFO: [ view_parse ] --START--
INFO: [ template_filter ] --START--
INFO: Run Behavior\ContentReplace [ RunTime:0.000068s ]
INFO: [ template_filter ] --END-- [ RunTime:0.000136s ]
NOTIC: [8] Undefined variable: comment_sum /var/www/blog/Runtime/Cache/Home/2f412aae274b751dca883838bf7e7502.php 第 137 行.
NOTIC: [8] Undefined variable: comment_sum /var/www/blog/Runtime/Cache/Home/2f412aae274b751dca883838bf7e7502.php 第 137 行.
NOTIC: [8] Undefined variable: comment_sum /var/www/blog/Runtime/Cache/Home/2f412aae274b751dca883838bf7e7502.php 第 137 行.
INFO: Run Behavior\ParseTemplate [ RunTime:0.007092s ]
INFO: [ view_parse ] --END-- [ RunTime:0.007146s ]
INFO: [ view_filter ] --START--
INFO: Run Behavior\WriteHtmlCache [ RunTime:0.000026s ]
INFO: [ view_filter ] --END-- [ RunTime:0.000085s ]
INFO: [ view_end ] --START--
INFO: [ view_end ] --END-- [ RunTime:0.000035s ]
INFO: [ app_end ] --START--
INFO: Run Behavior\ShowPageTrace [ RunTime:0.000035s ]
INFO: [ app_end ] --END-- [ RunTime:0.000084s ]

[ 2015-11-23T04:35:53+08:00 ] 121.40.71.196 http://www.haosou.com/?t=1448224553852
INFO: [ app_init ] --START--
INFO: [ app_init ] --END-- [ RunTime:0.000061s ]
INFO: [ app_begin ] --START--
INFO: Run Behavior\ReadHtmlCache [ RunTime:0.000038s ]
INFO: [ app_begin ] --END-- [ RunTime:0.000094s ]
INFO: [ action_begin ] --START--
INFO: [ action_begin ] --END-- [ RunTime:0.000028s ]
NOTIC: [8192] mysql_connect(): The mysql extension is deprecated and will be removed in the future: use mysqli or PDO instead /var/www/blog/ThinkPHP/Library/Think/Db/Driver/Mysql.class.php 第 52 行.
SQL: SHOW COLUMNS FROM `class` [ RunTime:0.000620s ]
SQL: SELECT * FROM `class`  [ RunTime:0.000137s ]
SQL: SHOW COLUMNS FROM `articles` [ RunTime:0.000710s ]
SQL: SELECT * FROM `articles` ORDER BY id desc LIMIT 0,5   [ RunTime:0.000096s ]
SQL: SELECT `id`,`title`,`read_sum` FROM `articles` ORDER BY read_sum desc LIMIT 6   [ RunTime:0.000099s ]
SQL: SHOW COLUMNS FROM `friend_link` [ RunTime:0.000569s ]
SQL: SELECT * FROM `friend_link`  [ RunTime:0.000105s ]
INFO: [ view_begin ] --START--
INFO: [ view_begin ] --END-- [ RunTime:0.000024s ]
INFO: [ view_parse ] --START--
INFO: [ template_filter ] --START--
INFO: Run Behavior\ContentReplace [ RunTime:0.000094s ]
INFO: [ template_filter ] --END-- [ RunTime:0.000198s ]
NOTIC: [8] Undefined variable: comment_sum /var/www/blog/Runtime/Cache/Home/2f412aae274b751dca883838bf7e7502.php 第 137 行.
NOTIC: [8] Undefined variable: comment_sum /var/www/blog/Runtime/Cache/Home/2f412aae274b751dca883838bf7e7502.php 第 137 行.
NOTIC: [8] Undefined variable: comment_sum /var/www/blog/Runtime/Cache/Home/2f412aae274b751dca883838bf7e7502.php 第 137 行.
INFO: Run Behavior\ParseTemplate [ RunTime:0.008374s ]
INFO: [ view_parse ] --END-- [ RunTime:0.008443s ]
INFO: [ view_filter ] --START--
INFO: Run Behavior\WriteHtmlCache [ RunTime:0.000024s ]
INFO: [ view_filter ] --END-- [ RunTime:0.000075s ]
INFO: [ view_end ] --START--
INFO: [ view_end ] --END-- [ RunTime:0.000027s ]
INFO: [ app_end ] --START--
INFO: Run Behavior\ShowPageTrace [ RunTime:0.000038s ]
INFO: [ app_end ] --END-- [ RunTime:0.000098s ]

[ 2015-11-23T05:22:33+08:00 ] 121.201.109.19 /
INFO: [ app_init ] --START--
INFO: [ app_init ] --END-- [ RunTime:0.000098s ]
INFO: [ app_begin ] --START--
INFO: Run Behavior\ReadHtmlCache [ RunTime:0.000064s ]
INFO: [ app_begin ] --END-- [ RunTime:0.000149s ]
INFO: [ action_begin ] --START--
INFO: [ action_begin ] --END-- [ RunTime:0.000040s ]
NOTIC: [8192] mysql_connect(): The mysql extension is deprecated and will be removed in the future: use mysqli or PDO instead /var/www/blog/ThinkPHP/Library/Think/Db/Driver/Mysql.class.php 第 52 行.
SQL: SHOW COLUMNS FROM `class` [ RunTime:0.000952s ]
SQL: SELECT * FROM `class`  [ RunTime:0.000096s ]
SQL: SHOW COLUMNS FROM `articles` [ RunTime:0.000635s ]
SQL: SELECT * FROM `articles` ORDER BY id desc LIMIT 0,5   [ RunTime:0.000097s ]
SQL: SELECT `id`,`title`,`read_sum` FROM `articles` ORDER BY read_sum desc LIMIT 6   [ RunTime:0.000150s ]
SQL: SHOW COLUMNS FROM `friend_link` [ RunTime:0.000597s ]
SQL: SELECT * FROM `friend_link`  [ RunTime:0.000091s ]
INFO: [ view_begin ] --START--
INFO: [ view_begin ] --END-- [ RunTime:0.000025s ]
INFO: [ view_parse ] --START--
INFO: [ template_filter ] --START--
INFO: Run Behavior\ContentReplace [ RunTime:0.000179s ]
INFO: [ template_filter ] --END-- [ RunTime:0.000284s ]
NOTIC: [8] Undefined variable: comment_sum /var/www/blog/Runtime/Cache/Home/2f412aae274b751dca883838bf7e7502.php 第 137 行.
NOTIC: [8] Undefined variable: comment_sum /var/www/blog/Runtime/Cache/Home/2f412aae274b751dca883838bf7e7502.php 第 137 行.
NOTIC: [8] Undefined variable: comment_sum /var/www/blog/Runtime/Cache/Home/2f412aae274b751dca883838bf7e7502.php 第 137 行.
INFO: Run Behavior\ParseTemplate [ RunTime:0.007673s ]
INFO: [ view_parse ] --END-- [ RunTime:0.007735s ]
INFO: [ view_filter ] --START--
INFO: Run Behavior\WriteHtmlCache [ RunTime:0.000019s ]
INFO: [ view_filter ] --END-- [ RunTime:0.000064s ]
INFO: 
INFO: 
INFO: 
INFO: 
INFO: 

[ 2015-11-23T10:45:07+08:00 ] 58.20.192.211 /index.php/Admin
INFO: [ app_init ] --START--
INFO: [ app_init ] --END-- [ RunTime:0.002009s ]
INFO: [ app_begin ] --START--
INFO: Run Behavior\ReadHtmlCache [ RunTime:0.000094s ]
INFO: [ app_begin ] --END-- [ RunTime:0.000226s ]
INFO: [ action_begin ] --START--
INFO: [ action_begin ] --END-- [ RunTime:0.000084s ]
INFO: [ view_begin ] --START--
INFO: [ view_begin ] --END-- [ RunTime:0.000034s ]
INFO: [ view_parse ] --START--
INFO: [ template_filter ] --START--
INFO: Run Behavior\ContentReplace [ RunTime:0.000077s ]
INFO: [ template_filter ] --END-- [ RunTime:0.000191s ]
INFO: Run Behavior\ParseTemplate [ RunTime:0.017813s ]
INFO: [ view_parse ] --END-- [ RunTime:0.017885s ]
INFO: [ view_filter ] --START--
INFO: Run Behavior\WriteHtmlCache [ RunTime:0.000020s ]
INFO: [ view_filter ] --END-- [ RunTime:0.000066s ]
INFO: [ view_end ] --START--
INFO: [ view_end ] --END-- [ RunTime:0.000019s ]

[ 2015-11-23T10:45:10+08:00 ] 58.20.192.211 /index.php/Admin/AdminLogin
INFO: [ app_init ] --START--
INFO: [ app_init ] --END-- [ RunTime:0.000070s ]
INFO: [ path_info ] --START--
INFO: [ path_info ] --END-- [ RunTime:0.000025s ]
INFO: [ app_begin ] --START--
INFO: Run Behavior\ReadHtmlCache [ RunTime:0.000050s ]
INFO: [ app_begin ] --END-- [ RunTime:0.000122s ]
INFO: [ action_begin ] --START--
INFO: [ action_begin ] --END-- [ RunTime:0.000071s ]
INFO: [ view_begin ] --START--
INFO: [ view_begin ] --END-- [ RunTime:0.000025s ]
INFO: [ view_parse ] --START--
INFO: [ template_filter ] --START--
INFO: Run Behavior\ContentReplace [ RunTime:0.000153s ]
INFO: [ template_filter ] --END-- [ RunTime:0.000271s ]
INFO: Run Behavior\ParseTemplate [ RunTime:0.012063s ]
INFO: [ view_parse ] --END-- [ RunTime:0.012132s ]
INFO: [ view_filter ] --START--
INFO: Run Behavior\WriteHtmlCache [ RunTime:0.000020s ]
INFO: [ view_filter ] --END-- [ RunTime:0.000064s ]
INFO: [ view_end ] --START--
INFO: [ view_end ] --END-- [ RunTime:0.000018s ]
INFO: [ app_end ] --START--
INFO: Run Behavior\ShowPageTrace [ RunTime:0.000047s ]
INFO: [ app_end ] --END-- [ RunTime:0.000102s ]

[ 2015-11-23T10:45:10+08:00 ] 58.20.192.211 /index.php/Admin/GetVerify
INFO: [ app_init ] --START--
INFO: [ app_init ] --END-- [ RunTime:0.000070s ]
INFO: [ path_info ] --START--
INFO: [ path_info ] --END-- [ RunTime:0.000026s ]
INFO: [ app_begin ] --START--
INFO: Run Behavior\ReadHtmlCache [ RunTime:0.000047s ]
INFO: [ app_begin ] --END-- [ RunTime:0.000104s ]
INFO: [ action_begin ] --START--
INFO: [ action_begin ] --END-- [ RunTime:0.000067s ]
INFO: [ app_end ] --START--
INFO: Run Behavior\ShowPageTrace [ RunTime:0.000047s ]
INFO: [ app_end ] --END-- [ RunTime:0.000155s ]

[ 2015-11-23T10:45:14+08:00 ] 123.151.149.222 http://www.baidu.com/
INFO: [ app_init ] --START--
INFO: [ app_init ] --END-- [ RunTime:0.000122s ]
INFO: [ app_begin ] --START--
INFO: Run Behavior\ReadHtmlCache [ RunTime:0.000067s ]
INFO: [ app_begin ] --END-- [ RunTime:0.000181s ]
INFO: [ action_begin ] --START--
INFO: [ action_begin ] --END-- [ RunTime:0.000102s ]
NOTIC: [8192] mysql_connect(): The mysql extension is deprecated and will be removed in the future: use mysqli or PDO instead /var/www/blog/ThinkPHP/Library/Think/Db/Driver/Mysql.class.php 第 52 行.
SQL: SHOW COLUMNS FROM `class` [ RunTime:0.000902s ]
SQL: SELECT * FROM `class`  [ RunTime:0.000128s ]
SQL: SHOW COLUMNS FROM `articles` [ RunTime:0.000927s ]
SQL: SELECT * FROM `articles` ORDER BY id desc LIMIT 0,5   [ RunTime:0.000114s ]
SQL: SELECT `id`,`title`,`read_sum` FROM `articles` ORDER BY read_sum desc LIMIT 6   [ RunTime:0.000094s ]
SQL: SHOW COLUMNS FROM `friend_link` [ RunTime:0.000784s ]
SQL: SELECT * FROM `friend_link`  [ RunTime:0.000101s ]
INFO: [ view_begin ] --START--
INFO: [ view_begin ] --END-- [ RunTime:0.000026s ]
INFO: [ view_parse ] --START--
INFO: [ template_filter ] --START--
INFO: Run Behavior\ContentReplace [ RunTime:0.000088s ]
INFO: [ template_filter ] --END-- [ RunTime:0.000191s ]
NOTIC: [8] Undefined variable: comment_sum /var/www/blog/Runtime/Cache/Home/2f412aae274b751dca883838bf7e7502.php 第 137 行.
NOTIC: [8] Undefined variable: comment_sum /var/www/blog/Runtime/Cache/Home/2f412aae274b751dca883838bf7e7502.php 第 137 行.
NOTIC: [8] Undefined variable: comment_sum /var/www/blog/Runtime/Cache/Home/2f412aae274b751dca883838bf7e7502.php 第 137 行.
INFO: Run Behavior\ParseTemplate [ RunTime:0.008663s ]
INFO: [ view_parse ] --END-- [ RunTime:0.008755s ]
INFO: [ view_filter ] --START--
INFO: Run Behavior\WriteHtmlCache [ RunTime:0.000021s ]
INFO: [ view_filter ] --END-- [ RunTime:0.000066s ]
INFO: [ view_end ] --START--
INFO: [ view_end ] --END-- [ RunTime:0.000026s ]
INFO: [ app_end ] --START--
INFO: Run Behavior\ShowPageTrace [ RunTime:0.000036s ]
INFO: [ app_end ] --END-- [ RunTime:0.000083s ]

[ 2015-11-23T10:45:15+08:00 ] 58.20.192.211 /index.php/Home2
INFO: [ app_init ] --START--
INFO: [ app_init ] --END-- [ RunTime:0.000093s ]

[ 2015-11-23T11:04:38+08:00 ] 58.20.192.211 /index.php/Home2
INFO: [ app_init ] --START--
INFO: [ app_init ] --END-- [ RunTime:0.000080s ]

[ 2015-11-23T11:07:42+08:00 ] 58.20.192.211 /index.php/Home2
INFO: [ app_init ] --START--
INFO: [ app_init ] --END-- [ RunTime:0.000105s ]

[ 2015-11-23T11:08:19+08:00 ] 58.20.192.211 /index.php/Home2
INFO: [ app_init ] --START--
INFO: [ app_init ] --END-- [ RunTime:0.000109s ]

[ 2015-11-23T11:10:46+08:00 ] 58.20.192.211 /index.php/Home2
INFO: [ app_init ] --START--
INFO: [ app_init ] --END-- [ RunTime:0.000101s ]

[ 2015-11-23T11:11:31+08:00 ] 58.20.192.211 /index.php/Home2
INFO: [ app_init ] --START--
INFO: [ app_init ] --END-- [ RunTime:0.000181s ]

[ 2015-11-23T11:13:44+08:00 ] 121.201.109.19 /
INFO: [ app_init ] --START--
INFO: [ app_init ] --END-- [ RunTime:0.000063s ]
INFO: [ app_begin ] --START--
INFO: Run Behavior\ReadHtmlCache [ RunTime:0.000038s ]
INFO: [ app_begin ] --END-- [ RunTime:0.000094s ]
INFO: [ action_begin ] --START--
INFO: [ action_begin ] --END-- [ RunTime:0.000028s ]
NOTIC: [8192] mysql_connect(): The mysql extension is deprecated and will be removed in the future: use mysqli or PDO instead /var/www/blog/ThinkPHP/Library/Think/Db/Driver/Mysql.class.php 第 52 行.
SQL: SHOW COLUMNS FROM `class` [ RunTime:0.000634s ]
SQL: SELECT * FROM `class`  [ RunTime:0.000098s ]
SQL: SHOW COLUMNS FROM `articles` [ RunTime:0.000638s ]
SQL: SELECT * FROM `articles` ORDER BY id desc LIMIT 0,5   [ RunTime:0.000094s ]
SQL: SELECT `id`,`title`,`read_sum` FROM `articles` ORDER BY read_sum desc LIMIT 6   [ RunTime:0.000087s ]
SQL: SHOW COLUMNS FROM `friend_link` [ RunTime:0.000608s ]
SQL: SELECT * FROM `friend_link`  [ RunTime:0.000086s ]
INFO: [ view_begin ] --START--
INFO: [ view_begin ] --END-- [ RunTime:0.000038s ]
INFO: [ view_parse ] --START--
INFO: [ template_filter ] --START--
INFO: Run Behavior\ContentReplace [ RunTime:0.000066s ]
INFO: [ template_filter ] --END-- [ RunTime:0.000132s ]
NOTIC: [8] Undefined variable: comment_sum /var/www/blog/Runtime/Cache/Home/2f412aae274b751dca883838bf7e7502.php 第 137 行.
NOTIC: [8] Undefined variable: comment_sum /var/www/blog/Runtime/Cache/Home/2f412aae274b751dca883838bf7e7502.php 第 137 行.
NOTIC: [8] Undefined variable: comment_sum /var/www/blog/Runtime/Cache/Home/2f412aae274b751dca883838bf7e7502.php 第 137 行.
INFO: Run Behavior\ParseTemplate [ RunTime:0.007010s ]
INFO: [ view_parse ] --END-- [ RunTime:0.007131s ]
INFO: [ view_filter ] --START--
INFO: Run Behavior\WriteHtmlCache [ RunTime:0.000014s ]
INFO: [ view_filter ] --END-- [ RunTime:0.000058s ]
INFO: 
INFO: 
INFO: 
INFO: 
INFO: 

[ 2015-11-23T11:14:10+08:00 ] 58.20.192.211 /index.php/Home2
INFO: [ app_init ] --START--
INFO: [ app_init ] --END-- [ RunTime:0.000081s ]

[ 2015-11-23T11:14:11+08:00 ] 58.20.192.211 /index.php/Home2
INFO: [ app_init ] --START--
INFO: [ app_init ] --END-- [ RunTime:0.000145s ]

[ 2015-11-23T11:20:43+08:00 ] 58.20.192.211 /index.php/Home2
INFO: [ app_init ] --START--
INFO: [ app_init ] --END-- [ RunTime:0.000181s ]

[ 2015-11-23T11:20:55+08:00 ] 58.20.192.211 /index.php/Home2
INFO: [ app_init ] --START--
INFO: [ app_init ] --END-- [ RunTime:0.000161s ]

[ 2015-11-23T11:22:06+08:00 ] 154.87.1.102 /
INFO: [ app_init ] --START--
INFO: [ app_init ] --END-- [ RunTime:0.000112s ]
INFO: [ app_begin ] --START--
INFO: Run Behavior\ReadHtmlCache [ RunTime:0.000076s ]
INFO: [ app_begin ] --END-- [ RunTime:0.000227s ]
INFO: [ action_begin ] --START--
INFO: [ action_begin ] --END-- [ RunTime:0.000028s ]
NOTIC: [8192] mysql_connect(): The mysql extension is deprecated and will be removed in the future: use mysqli or PDO instead /var/www/blog/ThinkPHP/Library/Think/Db/Driver/Mysql.class.php 第 52 行.
SQL: SHOW COLUMNS FROM `class` [ RunTime:0.001036s ]
SQL: SELECT * FROM `class`  [ RunTime:0.000117s ]
SQL: SHOW COLUMNS FROM `articles` [ RunTime:0.000919s ]
SQL: SELECT * FROM `articles` ORDER BY id desc LIMIT 0,5   [ RunTime:0.000173s ]
SQL: SELECT `id`,`title`,`read_sum` FROM `articles` ORDER BY read_sum desc LIMIT 6   [ RunTime:0.000146s ]
SQL: SHOW COLUMNS FROM `friend_link` [ RunTime:0.001160s ]
SQL: SELECT * FROM `friend_link`  [ RunTime:0.000105s ]
INFO: [ view_begin ] --START--
INFO: [ view_begin ] --END-- [ RunTime:0.000025s ]
INFO: [ view_parse ] --START--
INFO: [ template_filter ] --START--
INFO: Run Behavior\ContentReplace [ RunTime:0.000231s ]
INFO: [ template_filter ] --END-- [ RunTime:0.000462s ]
NOTIC: [8] Undefined variable: comment_sum /var/www/blog/Runtime/Cache/Home/2f412aae274b751dca883838bf7e7502.php 第 137 行.
NOTIC: [8] Undefined variable: comment_sum /var/www/blog/Runtime/Cache/Home/2f412aae274b751dca883838bf7e7502.php 第 137 行.
NOTIC: [8] Undefined variable: comment_sum /var/www/blog/Runtime/Cache/Home/2f412aae274b751dca883838bf7e7502.php 第 137 行.
INFO: Run Behavior\ParseTemplate [ RunTime:0.010227s ]
INFO: [ view_parse ] --END-- [ RunTime:0.010314s ]
INFO: [ view_filter ] --START--
INFO: Run Behavior\WriteHtmlCache [ RunTime:0.000027s ]
INFO: [ view_filter ] --END-- [ RunTime:0.000090s ]
INFO: [ view_end ] --START--
INFO: [ view_end ] --END-- [ RunTime:0.000030s ]
INFO: [ app_end ] --START--
INFO: Run Behavior\ShowPageTrace [ RunTime:0.000074s ]
INFO: [ app_end ] --END-- [ RunTime:0.000140s ]

[ 2015-11-23T11:24:14+08:00 ] 58.20.192.211 /index.php/Home2
INFO: [ app_init ] --START--
INFO: [ app_init ] --END-- [ RunTime:0.000168s ]

[ 2015-11-23T11:25:51+08:00 ] 58.20.192.211 /index.php/Home2
INFO: [ app_init ] --START--
INFO: [ app_init ] --END-- [ RunTime:0.000078s ]

[ 2015-11-23T11:28:57+08:00 ] 58.20.192.211 /index.php/Home
INFO: [ app_init ] --START--
INFO: [ app_init ] --END-- [ RunTime:0.000078s ]
INFO: [ app_begin ] --START--
INFO: Run Behavior\ReadHtmlCache [ RunTime:0.000047s ]
INFO: [ app_begin ] --END-- [ RunTime:0.000106s ]
INFO: [ action_begin ] --START--
INFO: [ action_begin ] --END-- [ RunTime:0.000026s ]
NOTIC: [8192] mysql_connect(): The mysql extension is deprecated and will be removed in the future: use mysqli or PDO instead /var/www/blog/ThinkPHP/Library/Think/Db/Driver/Mysql.class.php 第 52 行.
SQL: SHOW COLUMNS FROM `class` [ RunTime:0.000803s ]
SQL: SELECT * FROM `class`  [ RunTime:0.000104s ]
SQL: SHOW COLUMNS FROM `articles` [ RunTime:0.000778s ]
SQL: SELECT * FROM `articles` ORDER BY id desc LIMIT 0,5   [ RunTime:0.000109s ]
SQL: SELECT `id`,`title`,`read_sum` FROM `articles` ORDER BY read_sum desc LIMIT 6   [ RunTime:0.000094s ]
SQL: SHOW COLUMNS FROM `friend_link` [ RunTime:0.000709s ]
SQL: SELECT * FROM `friend_link`  [ RunTime:0.000087s ]
INFO: [ view_begin ] --START--
INFO: [ view_begin ] --END-- [ RunTime:0.000024s ]
INFO: [ view_parse ] --START--
INFO: [ template_filter ] --START--
INFO: Run Behavior\ContentReplace [ RunTime:0.000087s ]
INFO: [ template_filter ] --END-- [ RunTime:0.000190s ]
NOTIC: [8] Undefined variable: comment_sum /var/www/blog/Runtime/Cache/Home/2f412aae274b751dca883838bf7e7502.php 第 137 行.
NOTIC: [8] Undefined variable: comment_sum /var/www/blog/Runtime/Cache/Home/2f412aae274b751dca883838bf7e7502.php 第 137 行.
NOTIC: [8] Undefined variable: comment_sum /var/www/blog/Runtime/Cache/Home/2f412aae274b751dca883838bf7e7502.php 第 137 行.
INFO: Run Behavior\ParseTemplate [ RunTime:0.007691s ]
INFO: [ view_parse ] --END-- [ RunTime:0.007760s ]
INFO: [ view_filter ] --START--
INFO: Run Behavior\WriteHtmlCache [ RunTime:0.000021s ]
INFO: [ view_filter ] --END-- [ RunTime:0.000065s ]
INFO: [ view_end ] --START--
INFO: [ view_end ] --END-- [ RunTime:0.000027s ]
INFO: [ app_end ] --START--
INFO: Run Behavior\ShowPageTrace [ RunTime:0.000039s ]
INFO: [ app_end ] --END-- [ RunTime:0.000086s ]

[ 2015-11-23T11:29:13+08:00 ] 58.20.192.211 /index.php/Home2
INFO: [ app_init ] --START--
INFO: [ app_init ] --END-- [ RunTime:0.000162s ]

[ 2015-11-23T11:34:58+08:00 ] 58.20.192.211 /index.php/Home2
INFO: [ app_init ] --START--
INFO: [ app_init ] --END-- [ RunTime:0.000105s ]

[ 2015-11-23T11:35:47+08:00 ] 58.20.192.211 /index.php/Home2
INFO: [ app_init ] --START--
INFO: [ app_init ] --END-- [ RunTime:0.000071s ]

[ 2015-11-23T11:39:31+08:00 ] 58.20.192.211 /index.php/Home
INFO: [ app_init ] --START--
INFO: [ app_init ] --END-- [ RunTime:0.000094s ]
INFO: [ app_begin ] --START--
INFO: Run Behavior\ReadHtmlCache [ RunTime:0.000066s ]
INFO: [ app_begin ] --END-- [ RunTime:0.000188s ]
INFO: [ action_begin ] --START--
INFO: [ action_begin ] --END-- [ RunTime:0.000039s ]
NOTIC: [8192] mysql_connect(): The mysql extension is deprecated and will be removed in the future: use mysqli or PDO instead /var/www/blog/ThinkPHP/Library/Think/Db/Driver/Mysql.class.php 第 52 行.
SQL: SHOW COLUMNS FROM `class` [ RunTime:0.001051s ]
SQL: SELECT * FROM `class`  [ RunTime:0.000123s ]
SQL: SHOW COLUMNS FROM `articles` [ RunTime:0.000917s ]
SQL: SELECT * FROM `articles` ORDER BY id desc LIMIT 0,5   [ RunTime:0.000132s ]
SQL: SELECT `id`,`title`,`read_sum` FROM `articles` ORDER BY read_sum desc LIMIT 6   [ RunTime:0.000123s ]
SQL: SHOW COLUMNS FROM `friend_link` [ RunTime:0.000852s ]
SQL: SELECT * FROM `friend_link`  [ RunTime:0.000095s ]
INFO: [ view_begin ] --START--
INFO: [ view_begin ] --END-- [ RunTime:0.000024s ]
INFO: [ view_parse ] --START--
INFO: [ template_filter ] --START--
INFO: Run Behavior\ContentReplace [ RunTime:0.000087s ]
INFO: [ template_filter ] --END-- [ RunTime:0.000194s ]
NOTIC: [8] Undefined variable: comment_sum /var/www/blog/Runtime/Cache/Home/2f412aae274b751dca883838bf7e7502.php 第 137 行.
NOTIC: [8] Undefined variable: comment_sum /var/www/blog/Runtime/Cache/Home/2f412aae274b751dca883838bf7e7502.php 第 137 行.
NOTIC: [8] Undefined variable: comment_sum /var/www/blog/Runtime/Cache/Home/2f412aae274b751dca883838bf7e7502.php 第 137 行.
INFO: Run Behavior\ParseTemplate [ RunTime:0.008321s ]
INFO: [ view_parse ] --END-- [ RunTime:0.008400s ]
INFO: [ view_filter ] --START--
INFO: Run Behavior\WriteHtmlCache [ RunTime:0.000026s ]
INFO: [ view_filter ] --END-- [ RunTime:0.000075s ]
INFO: [ view_end ] --START--
INFO: [ view_end ] --END-- [ RunTime:0.000028s ]
INFO: [ app_end ] --START--
INFO: Run Behavior\ShowPageTrace [ RunTime:0.000039s ]
INFO: [ app_end ] --END-- [ RunTime:0.000090s ]

[ 2015-11-23T11:42:38+08:00 ] 58.20.192.211 /index.php/Home2
INFO: [ app_init ] --START--
INFO: [ app_init ] --END-- [ RunTime:0.000109s ]

[ 2015-11-23T11:43:07+08:00 ] 58.20.192.211 /index.php/Home2
INFO: [ app_init ] --START--
INFO: [ app_init ] --END-- [ RunTime:0.000270s ]

[ 2015-11-23T11:43:18+08:00 ] 58.20.192.211 /index.php/Home2
INFO: [ app_init ] --START--
INFO: [ app_init ] --END-- [ RunTime:0.000084s ]

[ 2015-11-23T11:44:54+08:00 ] 58.20.192.211 /index.php/Home2
INFO: [ app_init ] --START--
INFO: [ app_init ] --END-- [ RunTime:0.000200s ]

[ 2015-11-23T11:45:39+08:00 ] 58.20.192.211 /index.php/Home2
INFO: [ app_init ] --START--
INFO: [ app_init ] --END-- [ RunTime:0.000071s ]

[ 2015-11-23T11:49:08+08:00 ] 58.20.192.211 /index.php/Home2
INFO: [ app_init ] --START--
INFO: [ app_init ] --END-- [ RunTime:0.000071s ]

[ 2015-11-23T11:49:09+08:00 ] 58.20.192.211 /index.php/Home2
INFO: [ app_init ] --START--
INFO: [ app_init ] --END-- [ RunTime:0.000071s ]

[ 2015-11-23T11:49:37+08:00 ] 58.20.192.211 /index.php/Home2
INFO: [ app_init ] --START--
INFO: [ app_init ] --END-- [ RunTime:0.000166s ]

[ 2015-11-23T11:49:38+08:00 ] 58.20.192.211 /index.php/Home2
INFO: [ app_init ] --START--
INFO: [ app_init ] --END-- [ RunTime:0.000081s ]

[ 2015-11-23T11:49:38+08:00 ] 58.20.192.211 /index.php/Home2
INFO: [ app_init ] --START--
INFO: [ app_init ] --END-- [ RunTime:0.000098s ]

[ 2015-11-23T11:50:25+08:00 ] 58.20.192.211 /index.php/Home2
INFO: [ app_init ] --START--
INFO: [ app_init ] --END-- [ RunTime:0.000163s ]

[ 2015-11-23T11:50:25+08:00 ] 58.20.192.211 /index.php/Home2
INFO: [ app_init ] --START--
INFO: [ app_init ] --END-- [ RunTime:0.000093s ]

[ 2015-11-23T11:50:26+08:00 ] 58.20.192.211 /index.php/Home2
INFO: [ app_init ] --START--
INFO: [ app_init ] --END-- [ RunTime:0.000090s ]

[ 2015-11-23T11:50:26+08:00 ] 58.20.192.211 /index.php/Home2
INFO: [ app_init ] --START--
INFO: [ app_init ] --END-- [ RunTime:0.000144s ]

[ 2015-11-23T11:50:27+08:00 ] 58.20.192.211 /index.php/Home2
INFO: [ app_init ] --START--
INFO: [ app_init ] --END-- [ RunTime:0.000064s ]

[ 2015-11-23T11:50:28+08:00 ] 58.20.192.211 /index.php/Home2
INFO: [ app_init ] --START--
INFO: [ app_init ] --END-- [ RunTime:0.000086s ]

[ 2015-11-23T11:52:36+08:00 ] 58.20.192.211 /index.php/Home2
INFO: [ app_init ] --START--
INFO: [ app_init ] --END-- [ RunTime:0.000234s ]

[ 2015-11-23T11:55:54+08:00 ] 58.20.192.211 /index.php/Home2
INFO: [ app_init ] --START--
INFO: [ app_init ] --END-- [ RunTime:0.000089s ]

[ 2015-11-23T11:58:17+08:00 ] 58.20.192.211 /index.php/Home2
INFO: [ app_init ] --START--
INFO: [ app_init ] --END-- [ RunTime:0.000181s ]

[ 2015-11-23T11:59:12+08:00 ] 58.20.192.211 /index.php/Home2
INFO: [ app_init ] --START--
INFO: [ app_init ] --END-- [ RunTime:0.000073s ]

[ 2015-11-23T11:59:51+08:00 ] 58.20.192.211 /index.php/Admin
INFO: [ app_init ] --START--
INFO: [ app_init ] --END-- [ RunTime:0.000076s ]
INFO: [ app_begin ] --START--
INFO: Run Behavior\ReadHtmlCache [ RunTime:0.000049s ]
INFO: [ app_begin ] --END-- [ RunTime:0.000109s ]
INFO: [ action_begin ] --START--
INFO: [ action_begin ] --END-- [ RunTime:0.000032s ]
INFO: [ view_begin ] --START--
INFO: [ view_begin ] --END-- [ RunTime:0.000025s ]
INFO: [ view_parse ] --START--
INFO: [ template_filter ] --START--
INFO: Run Behavior\ContentReplace [ RunTime:0.000069s ]
INFO: [ template_filter ] --END-- [ RunTime:0.000175s ]
INFO: Run Behavior\ParseTemplate [ RunTime:0.002816s ]
INFO: [ view_parse ] --END-- [ RunTime:0.002892s ]
INFO: [ view_filter ] --START--
INFO: Run Behavior\WriteHtmlCache [ RunTime:0.000024s ]
INFO: [ view_filter ] --END-- [ RunTime:0.000070s ]
INFO: [ view_end ] --START--
INFO: [ view_end ] --END-- [ RunTime:0.000019s ]

[ 2015-11-23T11:59:54+08:00 ] 58.20.192.211 /index.php/Admin/AdminLogin
INFO: [ app_init ] --START--
INFO: [ app_init ] --END-- [ RunTime:0.000070s ]
INFO: [ path_info ] --START--
INFO: [ path_info ] --END-- [ RunTime:0.000026s ]
INFO: [ app_begin ] --START--
INFO: Run Behavior\ReadHtmlCache [ RunTime:0.000040s ]
INFO: [ app_begin ] --END-- [ RunTime:0.000093s ]
INFO: [ action_begin ] --START--
INFO: [ action_begin ] --END-- [ RunTime:0.000045s ]
INFO: [ view_begin ] --START--
INFO: [ view_begin ] --END-- [ RunTime:0.000023s ]
INFO: [ view_parse ] --START--
INFO: [ template_filter ] --START--
INFO: Run Behavior\ContentReplace [ RunTime:0.000064s ]
INFO: [ template_filter ] --END-- [ RunTime:0.000132s ]
INFO: Run Behavior\ParseTemplate [ RunTime:0.002845s ]
INFO: [ view_parse ] --END-- [ RunTime:0.002926s ]
INFO: [ view_filter ] --START--
INFO: Run Behavior\WriteHtmlCache [ RunTime:0.000014s ]
INFO: [ view_filter ] --END-- [ RunTime:0.000060s ]
INFO: [ view_end ] --START--
INFO: [ view_end ] --END-- [ RunTime:0.000017s ]
INFO: [ app_end ] --START--
INFO: Run Behavior\ShowPageTrace [ RunTime:0.000031s ]
INFO: [ app_end ] --END-- [ RunTime:0.000080s ]

[ 2015-11-23T11:59:54+08:00 ] 58.20.192.211 /index.php/Admin/GetVerify
INFO: [ app_init ] --START--
INFO: [ app_init ] --END-- [ RunTime:0.000102s ]
INFO: [ path_info ] --START--
INFO: [ path_info ] --END-- [ RunTime:0.000044s ]
INFO: [ app_begin ] --START--
INFO: Run Behavior\ReadHtmlCache [ RunTime:0.000071s ]
INFO: [ app_begin ] --END-- [ RunTime:0.000165s ]
INFO: [ action_begin ] --START--
INFO: [ action_begin ] --END-- [ RunTime:0.000047s ]
INFO: [ app_end ] --START--
INFO: Run Behavior\ShowPageTrace [ RunTime:0.000067s ]
INFO: [ app_end ] --END-- [ RunTime:0.000213s ]

[ 2015-11-23T12:00:01+08:00 ] 58.20.192.211 /index.php/Admin/DoAdminLogin
INFO: [ app_init ] --START--
INFO: [ app_init ] --END-- [ RunTime:0.000109s ]
INFO: [ path_info ] --START--
INFO: [ path_info ] --END-- [ RunTime:0.000025s ]
INFO: [ app_begin ] --START--
INFO: Run Behavior\ReadHtmlCache [ RunTime:0.000041s ]
INFO: [ app_begin ] --END-- [ RunTime:0.000096s ]
INFO: [ action_begin ] --START--
INFO: [ action_begin ] --END-- [ RunTime:0.000053s ]
INFO: [ view_begin ] --START--
INFO: [ view_begin ] --END-- [ RunTime:0.000029s ]
INFO: [ view_parse ] --START--
INFO: [ template_filter ] --START--
INFO: Run Behavior\ContentReplace [ RunTime:0.000095s ]
INFO: [ template_filter ] --END-- [ RunTime:0.000241s ]
INFO: Run Behavior\ParseTemplate [ RunTime:0.003447s ]
INFO: [ view_parse ] --END-- [ RunTime:0.003550s ]
INFO: [ view_filter ] --START--
INFO: Run Behavior\WriteHtmlCache [ RunTime:0.000035s ]
INFO: [ view_filter ] --END-- [ RunTime:0.000121s ]
INFO: [ view_end ] --START--
INFO: [ view_end ] --END-- [ RunTime:0.000033s ]
INFO: [ app_end ] --START--
INFO: Run Behavior\ShowPageTrace [ RunTime:0.000056s ]
INFO: [ app_end ] --END-- [ RunTime:0.000138s ]

[ 2015-11-23T12:00:02+08:00 ] 58.20.192.211 /index.php/Admin/AdminLogin
INFO: [ app_init ] --START--
INFO: [ app_init ] --END-- [ RunTime:0.000099s ]
INFO: [ path_info ] --START--
INFO: [ path_info ] --END-- [ RunTime:0.000039s ]
INFO: [ app_begin ] --START--
INFO: Run Behavior\ReadHtmlCache [ RunTime:0.000041s ]
INFO: [ app_begin ] --END-- [ RunTime:0.000093s ]
INFO: [ action_begin ] --START--
INFO: [ action_begin ] --END-- [ RunTime:0.000024s ]
INFO: [ view_begin ] --START--
INFO: [ view_begin ] --END-- [ RunTime:0.000021s ]
INFO: [ view_parse ] --START--
INFO: [ template_filter ] --START--
INFO: Run Behavior\ContentReplace [ RunTime:0.000055s ]
INFO: [ template_filter ] --END-- [ RunTime:0.000129s ]
INFO: Run Behavior\ParseTemplate [ RunTime:0.003038s ]
INFO: [ view_parse ] --END-- [ RunTime:0.003094s ]
INFO: [ view_filter ] --START--
INFO: Run Behavior\WriteHtmlCache [ RunTime:0.000015s ]
INFO: [ view_filter ] --END-- [ RunTime:0.000062s ]
INFO: [ view_end ] --START--
INFO: [ view_end ] --END-- [ RunTime:0.000019s ]
INFO: [ app_end ] --START--
INFO: Run Behavior\ShowPageTrace [ RunTime:0.000031s ]
INFO: [ app_end ] --END-- [ RunTime:0.000072s ]

[ 2015-11-23T12:00:02+08:00 ] 58.20.192.211 /index.php/Admin/GetVerify
INFO: [ app_init ] --START--
INFO: [ app_init ] --END-- [ RunTime:0.000062s ]
INFO: [ path_info ] --START--
INFO: [ path_info ] --END-- [ RunTime:0.000024s ]
INFO: [ app_begin ] --START--
INFO: Run Behavior\ReadHtmlCache [ RunTime:0.000044s ]
INFO: [ app_begin ] --END-- [ RunTime:0.000095s ]
INFO: [ action_begin ] --START--
INFO: [ action_begin ] --END-- [ RunTime:0.000025s ]
INFO: [ app_end ] --START--
INFO: Run Behavior\ShowPageTrace [ RunTime:0.000049s ]
INFO: [ app_end ] --END-- [ RunTime:0.000160s ]

[ 2015-11-23T12:00:10+08:00 ] 58.20.192.211 /index.php/Admin/DoAdminLogin
INFO: [ app_init ] --START--
INFO: [ app_init ] --END-- [ RunTime:0.000166s ]
INFO: [ path_info ] --START--
INFO: [ path_info ] --END-- [ RunTime:0.000029s ]
INFO: [ app_begin ] --START--
INFO: Run Behavior\ReadHtmlCache [ RunTime:0.000058s ]
INFO: [ app_begin ] --END-- [ RunTime:0.000132s ]
INFO: [ action_begin ] --START--
INFO: [ action_begin ] --END-- [ RunTime:0.000029s ]
INFO: [ view_begin ] --START--
INFO: [ view_begin ] --END-- [ RunTime:0.000057s ]
INFO: [ view_parse ] --START--
INFO: [ template_filter ] --START--
INFO: Run Behavior\ContentReplace [ RunTime:0.000107s ]
INFO: [ template_filter ] --END-- [ RunTime:0.000263s ]
INFO: Run Behavior\ParseTemplate [ RunTime:0.004399s ]
INFO: [ view_parse ] --END-- [ RunTime:0.004512s ]
INFO: [ view_filter ] --START--
INFO: Run Behavior\WriteHtmlCache [ RunTime:0.000030s ]
INFO: [ view_filter ] --END-- [ RunTime:0.000101s ]
INFO: [ view_end ] --START--
INFO: [ view_end ] --END-- [ RunTime:0.000021s ]
INFO: [ app_end ] --START--
INFO: Run Behavior\ShowPageTrace [ RunTime:0.000039s ]
INFO: [ app_end ] --END-- [ RunTime:0.000084s ]

[ 2015-11-23T12:00:11+08:00 ] 58.20.192.211 /index.php/Admin/
INFO: [ app_init ] --START--
INFO: [ app_init ] --END-- [ RunTime:0.000064s ]
INFO: [ app_begin ] --START--
INFO: Run Behavior\ReadHtmlCache [ RunTime:0.000067s ]
INFO: [ app_begin ] --END-- [ RunTime:0.000140s ]
INFO: [ action_begin ] --START--
INFO: [ action_begin ] --END-- [ RunTime:0.000043s ]
INFO: [ view_begin ] --START--
INFO: [ view_begin ] --END-- [ RunTime:0.000036s ]
INFO: [ view_parse ] --START--
INFO: [ template_filter ] --START--
INFO: Run Behavior\ContentReplace [ RunTime:0.000105s ]
INFO: [ template_filter ] --END-- [ RunTime:0.000215s ]
INFO: Run Behavior\ParseTemplate [ RunTime:0.024250s ]
INFO: [ view_parse ] --END-- [ RunTime:0.024319s ]
INFO: [ view_filter ] --START--
INFO: Run Behavior\WriteHtmlCache [ RunTime:0.000020s ]
INFO: [ view_filter ] --END-- [ RunTime:0.000072s ]
INFO: [ view_end ] --START--
INFO: [ view_end ] --END-- [ RunTime:0.000041s ]
INFO: [ app_end ] --START--
INFO: Run Behavior\ShowPageTrace [ RunTime:0.000041s ]
INFO: [ app_end ] --END-- [ RunTime:0.000086s ]

[ 2015-11-23T12:00:17+08:00 ] 58.20.192.211 /index.php/Admin/ArticleClass
INFO: [ app_init ] --START--
INFO: [ app_init ] --END-- [ RunTime:0.000078s ]
INFO: [ path_info ] --START--
INFO: [ path_info ] --END-- [ RunTime:0.000032s ]
INFO: [ app_begin ] --START--
INFO: Run Behavior\ReadHtmlCache [ RunTime:0.000077s ]
INFO: [ app_begin ] --END-- [ RunTime:0.000185s ]
INFO: [ action_begin ] --START--
INFO: [ action_begin ] --END-- [ RunTime:0.000078s ]
NOTIC: [8192] mysql_connect(): The mysql extension is deprecated and will be removed in the future: use mysqli or PDO instead /var/www/blog/ThinkPHP/Library/Think/Db/Driver/Mysql.class.php 第 52 行.
SQL: SHOW COLUMNS FROM `class` [ RunTime:0.001058s ]
SQL: SELECT * FROM `class`  [ RunTime:0.000123s ]
SQL: SHOW COLUMNS FROM `articles` [ RunTime:0.001092s ]
SQL: SELECT COUNT(*) AS tp_count FROM `articles` WHERE ( class="UEhQ" ) LIMIT 1   [ RunTime:0.022083s ]
SQL: SELECT COUNT(*) AS tp_count FROM `articles` WHERE ( class="5pWw5o2u57uT5p6E5LiO566X5rOV" ) LIMIT 1   [ RunTime:0.000630s ]
INFO: [ view_begin ] --START--
INFO: [ view_begin ] --END-- [ RunTime:0.000041s ]
INFO: [ view_parse ] --START--
INFO: [ template_filter ] --START--
INFO: Run Behavior\ContentReplace [ RunTime:0.000102s ]
INFO: [ template_filter ] --END-- [ RunTime:0.000223s ]
NOTIC: [8] Undefined variable: tip /var/www/blog/Runtime/Cache/Admin/cb64d4dda35180ecb8abdb4fbc5629b4.php 第 152 行.
INFO: Run Behavior\ParseTemplate [ RunTime:0.034467s ]
INFO: [ view_parse ] --END-- [ RunTime:0.034550s ]
INFO: [ view_filter ] --START--
INFO: Run Behavior\WriteHtmlCache [ RunTime:0.000020s ]
INFO: [ view_filter ] --END-- [ RunTime:0.000064s ]
INFO: [ view_end ] --START--
INFO: [ view_end ] --END-- [ RunTime:0.000126s ]
INFO: [ app_end ] --START--
INFO: Run Behavior\ShowPageTrace [ RunTime:0.000045s ]
INFO: [ app_end ] --END-- [ RunTime:0.000104s ]

[ 2015-11-23T12:50:59+08:00 ] 58.20.192.211 /index.php/Admin/DoArticleClass/newclass
INFO: [ app_init ] --START--
INFO: [ app_init ] --END-- [ RunTime:0.000167s ]
INFO: [ path_info ] --START--
INFO: [ path_info ] --END-- [ RunTime:0.000029s ]
INFO: [ app_begin ] --START--
INFO: Run Behavior\ReadHtmlCache [ RunTime:0.000059s ]
INFO: [ app_begin ] --END-- [ RunTime:0.000122s ]
INFO: [ action_begin ] --START--
INFO: [ action_begin ] --END-- [ RunTime:0.000062s ]
INFO: [ view_begin ] --START--
INFO: [ view_begin ] --END-- [ RunTime:0.000032s ]
INFO: [ view_parse ] --START--
INFO: [ template_filter ] --START--
INFO: Run Behavior\ContentReplace [ RunTime:0.000071s ]
INFO: [ template_filter ] --END-- [ RunTime:0.000210s ]
INFO: Run Behavior\ParseTemplate [ RunTime:0.003748s ]
INFO: [ view_parse ] --END-- [ RunTime:0.003846s ]
INFO: [ view_filter ] --START--
INFO: Run Behavior\WriteHtmlCache [ RunTime:0.000025s ]
INFO: [ view_filter ] --END-- [ RunTime:0.000070s ]
INFO: [ view_end ] --START--
INFO: [ view_end ] --END-- [ RunTime:0.000020s ]

[ 2015-11-23T12:51:02+08:00 ] 58.20.192.211 /index.php/Admin/AdminLogin
INFO: [ app_init ] --START--
INFO: [ app_init ] --END-- [ RunTime:0.000093s ]
INFO: [ path_info ] --START--
INFO: [ path_info ] --END-- [ RunTime:0.000040s ]
INFO: [ app_begin ] --START--
INFO: Run Behavior\ReadHtmlCache [ RunTime:0.000048s ]
INFO: [ app_begin ] --END-- [ RunTime:0.000109s ]
INFO: [ action_begin ] --START--
INFO: [ action_begin ] --END-- [ RunTime:0.000029s ]
INFO: [ view_begin ] --START--
INFO: [ view_begin ] --END-- [ RunTime:0.000023s ]
INFO: [ view_parse ] --START--
INFO: [ template_filter ] --START--
INFO: Run Behavior\ContentReplace [ RunTime:0.000072s ]
INFO: [ template_filter ] --END-- [ RunTime:0.000173s ]
INFO: Run Behavior\ParseTemplate [ RunTime:0.003125s ]
INFO: [ view_parse ] --END-- [ RunTime:0.003191s ]
INFO: [ view_filter ] --START--
INFO: Run Behavior\WriteHtmlCache [ RunTime:0.000019s ]
INFO: [ view_filter ] --END-- [ RunTime:0.000066s ]
INFO: [ view_end ] --START--
INFO: [ view_end ] --END-- [ RunTime:0.000019s ]
INFO: [ app_end ] --START--
INFO: Run Behavior\ShowPageTrace [ RunTime:0.000043s ]
INFO: [ app_end ] --END-- [ RunTime:0.000089s ]

[ 2015-11-23T12:51:02+08:00 ] 58.20.192.211 /index.php/Admin/GetVerify
INFO: [ app_init ] --START--
INFO: [ app_init ] --END-- [ RunTime:0.000067s ]
INFO: [ path_info ] --START--
INFO: [ path_info ] --END-- [ RunTime:0.000027s ]
INFO: [ app_begin ] --START--
INFO: Run Behavior\ReadHtmlCache [ RunTime:0.000050s ]
INFO: [ app_begin ] --END-- [ RunTime:0.000106s ]
INFO: [ action_begin ] --START--
INFO: [ action_begin ] --END-- [ RunTime:0.000031s ]
INFO: [ app_end ] --START--
INFO: Run Behavior\ShowPageTrace [ RunTime:0.000051s ]
INFO: [ app_end ] --END-- [ RunTime:0.000187s ]

[ 2015-11-23T12:51:08+08:00 ] 58.20.192.211 /index.php/Admin/DoAdminLogin
INFO: [ app_init ] --START--
INFO: [ app_init ] --END-- [ RunTime:0.000082s ]
INFO: [ path_info ] --START--
INFO: [ path_info ] --END-- [ RunTime:0.000026s ]
INFO: [ app_begin ] --START--
INFO: Run Behavior\ReadHtmlCache [ RunTime:0.000045s ]
INFO: [ app_begin ] --END-- [ RunTime:0.000112s ]
INFO: [ action_begin ] --START--
INFO: [ action_begin ] --END-- [ RunTime:0.000029s ]
INFO: [ view_begin ] --START--
INFO: [ view_begin ] --END-- [ RunTime:0.000027s ]
INFO: [ view_parse ] --START--
INFO: [ template_filter ] --START--
INFO: Run Behavior\ContentReplace [ RunTime:0.000072s ]
INFO: [ template_filter ] --END-- [ RunTime:0.000189s ]
INFO: Run Behavior\ParseTemplate [ RunTime:0.002962s ]
INFO: [ view_parse ] --END-- [ RunTime:0.003031s ]
INFO: [ view_filter ] --START--
INFO: Run Behavior\WriteHtmlCache [ RunTime:0.000020s ]
INFO: [ view_filter ] --END-- [ RunTime:0.000075s ]
INFO: [ view_end ] --START--
INFO: [ view_end ] --END-- [ RunTime:0.000024s ]
INFO: [ app_end ] --START--
INFO: Run Behavior\ShowPageTrace [ RunTime:0.000036s ]
INFO: [ app_end ] --END-- [ RunTime:0.000096s ]

[ 2015-11-23T12:51:10+08:00 ] 58.20.192.211 /index.php/Admin/
INFO: [ app_init ] --START--
INFO: [ app_init ] --END-- [ RunTime:0.000091s ]
INFO: [ app_begin ] --START--
INFO: Run Behavior\ReadHtmlCache [ RunTime:0.000072s ]
INFO: [ app_begin ] --END-- [ RunTime:0.000167s ]
INFO: [ action_begin ] --START--
INFO: [ action_begin ] --END-- [ RunTime:0.000045s ]
INFO: [ view_begin ] --START--
INFO: [ view_begin ] --END-- [ RunTime:0.000036s ]
INFO: [ view_parse ] --START--
INFO: [ template_filter ] --START--
INFO: Run Behavior\ContentReplace [ RunTime:0.000116s ]
INFO: [ template_filter ] --END-- [ RunTime:0.000228s ]
INFO: Run Behavior\ParseTemplate [ RunTime:0.009488s ]
INFO: [ view_parse ] --END-- [ RunTime:0.009612s ]
INFO: [ view_filter ] --START--
INFO: Run Behavior\WriteHtmlCache [ RunTime:0.000034s ]
INFO: [ view_filter ] --END-- [ RunTime:0.000094s ]
INFO: [ view_end ] --START--
INFO: [ view_end ] --END-- [ RunTime:0.000031s ]
INFO: [ app_end ] --START--
INFO: Run Behavior\ShowPageTrace [ RunTime:0.000045s ]
INFO: [ app_end ] --END-- [ RunTime:0.000092s ]

[ 2015-11-23T12:51:19+08:00 ] 58.20.192.211 /index.php/Admin/ArticleClass
INFO: [ app_init ] --START--
INFO: [ app_init ] --END-- [ RunTime:0.000179s ]
INFO: [ path_info ] --START--
INFO: [ path_info ] --END-- [ RunTime:0.000032s ]
INFO: [ app_begin ] --START--
INFO: Run Behavior\ReadHtmlCache [ RunTime:0.000065s ]
INFO: [ app_begin ] --END-- [ RunTime:0.000131s ]
INFO: [ action_begin ] --START--
INFO: [ action_begin ] --END-- [ RunTime:0.000035s ]
NOTIC: [8192] mysql_connect(): The mysql extension is deprecated and will be removed in the future: use mysqli or PDO instead /var/www/blog/ThinkPHP/Library/Think/Db/Driver/Mysql.class.php 第 52 行.
SQL: SHOW COLUMNS FROM `class` [ RunTime:0.000917s ]
SQL: SELECT * FROM `class`  [ RunTime:0.000104s ]
SQL: SHOW COLUMNS FROM `articles` [ RunTime:0.000835s ]
SQL: SELECT COUNT(*) AS tp_count FROM `articles` WHERE ( class="UEhQ" ) LIMIT 1   [ RunTime:0.000122s ]
SQL: SELECT COUNT(*) AS tp_count FROM `articles` WHERE ( class="5pWw5o2u57uT5p6E5LiO566X5rOV" ) LIMIT 1   [ RunTime:0.000088s ]
INFO: [ view_begin ] --START--
INFO: [ view_begin ] --END-- [ RunTime:0.000024s ]
INFO: [ view_parse ] --START--
INFO: [ template_filter ] --START--
INFO: Run Behavior\ContentReplace [ RunTime:0.000089s ]
INFO: [ template_filter ] --END-- [ RunTime:0.000185s ]
NOTIC: [8] Undefined variable: tip /var/www/blog/Runtime/Cache/Admin/cb64d4dda35180ecb8abdb4fbc5629b4.php 第 152 行.
INFO: Run Behavior\ParseTemplate [ RunTime:0.008536s ]
INFO: [ view_parse ] --END-- [ RunTime:0.008614s ]
INFO: [ view_filter ] --START--
INFO: Run Behavior\WriteHtmlCache [ RunTime:0.000024s ]
INFO: [ view_filter ] --END-- [ RunTime:0.000071s ]
INFO: [ view_end ] --START--
INFO: [ view_end ] --END-- [ RunTime:0.000089s ]
INFO: [ app_end ] --START--
INFO: Run Behavior\ShowPageTrace [ RunTime:0.000076s ]
INFO: [ app_end ] --END-- [ RunTime:0.000168s ]

[ 2015-11-23T12:51:31+08:00 ] 58.20.192.211 /index.php/Admin/DoArticleClass/newclass
INFO: [ app_init ] --START--
INFO: [ app_init ] --END-- [ RunTime:0.000076s ]
INFO: [ path_info ] --START--
INFO: [ path_info ] --END-- [ RunTime:0.000027s ]
INFO: [ app_begin ] --START--
INFO: Run Behavior\ReadHtmlCache [ RunTime:0.000046s ]
INFO: [ app_begin ] --END-- [ RunTime:0.000111s ]
INFO: [ action_begin ] --START--
INFO: [ action_begin ] --END-- [ RunTime:0.000029s ]
INFO: [ view_begin ] --START--
INFO: [ view_begin ] --END-- [ RunTime:0.000027s ]
INFO: [ view_parse ] --START--
INFO: [ template_filter ] --START--
INFO: Run Behavior\ContentReplace [ RunTime:0.000090s ]
INFO: [ template_filter ] --END-- [ RunTime:0.000206s ]
INFO: Run Behavior\ParseTemplate [ RunTime:0.003226s ]
INFO: [ view_parse ] --END-- [ RunTime:0.003383s ]
INFO: [ view_filter ] --START--
INFO: Run Behavior\WriteHtmlCache [ RunTime:0.000023s ]
INFO: [ view_filter ] --END-- [ RunTime:0.000070s ]
INFO: [ view_end ] --START--
INFO: [ view_end ] --END-- [ RunTime:0.000020s ]

[ 2015-11-23T12:51:52+08:00 ] 58.20.192.211 /index.php/Admin/DoArticleClass/newclass
INFO: [ app_init ] --START--
INFO: [ app_init ] --END-- [ RunTime:0.000065s ]
INFO: [ path_info ] --START--
INFO: [ path_info ] --END-- [ RunTime:0.000025s ]
INFO: [ app_begin ] --START--
INFO: Run Behavior\ReadHtmlCache [ RunTime:0.000049s ]
INFO: [ app_begin ] --END-- [ RunTime:0.000104s ]
INFO: [ action_begin ] --START--
INFO: [ action_begin ] --END-- [ RunTime:0.000035s ]
NOTIC: [8192] mysql_connect(): The mysql extension is deprecated and will be removed in the future: use mysqli or PDO instead /var/www/blog/ThinkPHP/Library/Think/Db/Driver/Mysql.class.php 第 52 行.
SQL: SHOW COLUMNS FROM `class` [ RunTime:0.000701s ]
SQL: INSERT INTO `class` (`name`,`des`) VALUES ('Q29tcHV0ZXIgU3lzdGVt','5LiN5q2iMOWSjDE=') [ RunTime:0.000235s ]
INFO: [ view_begin ] --START--
INFO: [ view_begin ] --END-- [ RunTime:0.000025s ]
INFO: [ view_parse ] --START--
INFO: [ template_filter ] --START--
INFO: Run Behavior\ContentReplace [ RunTime:0.000052s ]
INFO: [ template_filter ] --END-- [ RunTime:0.000125s ]
INFO: Run Behavior\ParseTemplate [ RunTime:0.002534s ]
INFO: [ view_parse ] --END-- [ RunTime:0.002593s ]
INFO: [ view_filter ] --START--
INFO: Run Behavior\WriteHtmlCache [ RunTime:0.000015s ]
INFO: [ view_filter ] --END-- [ RunTime:0.000057s ]
INFO: [ view_end ] --START--
INFO: [ view_end ] --END-- [ RunTime:0.000020s ]
INFO: [ app_end ] --START--
INFO: Run Behavior\ShowPageTrace [ RunTime:0.000033s ]
INFO: [ app_end ] --END-- [ RunTime:0.000075s ]

[ 2015-11-23T12:51:53+08:00 ] 58.20.192.211 /index.php/Admin/ArticleClass
INFO: [ app_init ] --START--
INFO: [ app_init ] --END-- [ RunTime:0.000057s ]
INFO: [ path_info ] --START--
INFO: [ path_info ] --END-- [ RunTime:0.000023s ]
INFO: [ app_begin ] --START--
INFO: Run Behavior\ReadHtmlCache [ RunTime:0.000039s ]
INFO: [ app_begin ] --END-- [ RunTime:0.000090s ]
INFO: [ action_begin ] --START--
INFO: [ action_begin ] --END-- [ RunTime:0.000023s ]
NOTIC: [8192] mysql_connect(): The mysql extension is deprecated and will be removed in the future: use mysqli or PDO instead /var/www/blog/ThinkPHP/Library/Think/Db/Driver/Mysql.class.php 第 52 行.
SQL: SHOW COLUMNS FROM `class` [ RunTime:0.000640s ]
SQL: SELECT * FROM `class`  [ RunTime:0.000192s ]
SQL: SHOW COLUMNS FROM `articles` [ RunTime:0.000736s ]
SQL: SELECT COUNT(*) AS tp_count FROM `articles` WHERE ( class="UEhQ" ) LIMIT 1   [ RunTime:0.000087s ]
SQL: SELECT COUNT(*) AS tp_count FROM `articles` WHERE ( class="5pWw5o2u57uT5p6E5LiO566X5rOV" ) LIMIT 1   [ RunTime:0.000084s ]
SQL: SELECT COUNT(*) AS tp_count FROM `articles` WHERE ( class="Q29tcHV0ZXIgU3lzdGVt" ) LIMIT 1   [ RunTime:0.000215s ]
INFO: [ view_begin ] --START--
INFO: [ view_begin ] --END-- [ RunTime:0.000022s ]
INFO: [ view_parse ] --START--
INFO: [ template_filter ] --START--
INFO: Run Behavior\ContentReplace [ RunTime:0.000079s ]
INFO: [ template_filter ] --END-- [ RunTime:0.000163s ]
NOTIC: [8] Undefined variable: tip /var/www/blog/Runtime/Cache/Admin/cb64d4dda35180ecb8abdb4fbc5629b4.php 第 152 行.
INFO: Run Behavior\ParseTemplate [ RunTime:0.006814s ]
INFO: [ view_parse ] --END-- [ RunTime:0.006867s ]
INFO: [ view_filter ] --START--
INFO: Run Behavior\WriteHtmlCache [ RunTime:0.000016s ]
INFO: [ view_filter ] --END-- [ RunTime:0.000065s ]
INFO: [ view_end ] --START--
INFO: [ view_end ] --END-- [ RunTime:0.000038s ]
INFO: [ app_end ] --START--
INFO: Run Behavior\ShowPageTrace [ RunTime:0.000035s ]
INFO: [ app_end ] --END-- [ RunTime:0.000080s ]

[ 2015-11-23T12:51:56+08:00 ] 58.20.192.211 /index.php/Admin/NewArticle
INFO: [ app_init ] --START--
INFO: [ app_init ] --END-- [ RunTime:0.000091s ]
INFO: [ path_info ] --START--
INFO: [ path_info ] --END-- [ RunTime:0.000026s ]
INFO: [ app_begin ] --START--
INFO: Run Behavior\ReadHtmlCache [ RunTime:0.000050s ]
INFO: [ app_begin ] --END-- [ RunTime:0.000125s ]
INFO: [ action_begin ] --START--
INFO: [ action_begin ] --END-- [ RunTime:0.000091s ]
NOTIC: [8192] mysql_connect(): The mysql extension is deprecated and will be removed in the future: use mysqli or PDO instead /var/www/blog/ThinkPHP/Library/Think/Db/Driver/Mysql.class.php 第 52 行.
SQL: SHOW COLUMNS FROM `class` [ RunTime:0.001248s ]
SQL: SELECT `id`,`name` FROM `class`  [ RunTime:0.000386s ]
INFO: [ view_begin ] --START--
INFO: [ view_begin ] --END-- [ RunTime:0.000044s ]
INFO: [ view_parse ] --START--
INFO: [ template_filter ] --START--
INFO: Run Behavior\ContentReplace [ RunTime:0.000130s ]
INFO: [ template_filter ] --END-- [ RunTime:0.000293s ]
INFO: Run Behavior\ParseTemplate [ RunTime:0.024716s ]
INFO: [ view_parse ] --END-- [ RunTime:0.024866s ]
INFO: [ view_filter ] --START--
INFO: Run Behavior\WriteHtmlCache [ RunTime:0.000036s ]
INFO: [ view_filter ] --END-- [ RunTime:0.000117s ]
INFO: [ view_end ] --START--
INFO: [ view_end ] --END-- [ RunTime:0.000050s ]
INFO: [ app_end ] --START--
INFO: Run Behavior\ShowPageTrace [ RunTime:0.000051s ]
INFO: [ app_end ] --END-- [ RunTime:0.000099s ]

[ 2015-11-23T14:06:15+08:00 ] 58.20.192.211 /index.php/Admin/DoNewArticle/
INFO: [ app_init ] --START--
INFO: [ app_init ] --END-- [ RunTime:0.000080s ]
INFO: [ path_info ] --START--
INFO: [ path_info ] --END-- [ RunTime:0.000027s ]
INFO: [ app_begin ] --START--
INFO: Run Behavior\ReadHtmlCache [ RunTime:0.000051s ]
INFO: [ app_begin ] --END-- [ RunTime:0.000125s ]
INFO: [ action_begin ] --START--
INFO: [ action_begin ] --END-- [ RunTime:0.000068s ]
INFO: [ view_begin ] --START--
INFO: [ view_begin ] --END-- [ RunTime:0.000034s ]
INFO: [ view_parse ] --START--
INFO: [ template_filter ] --START--
INFO: Run Behavior\ContentReplace [ RunTime:0.000201s ]
INFO: [ template_filter ] --END-- [ RunTime:0.000350s ]
INFO: Run Behavior\ParseTemplate [ RunTime:0.004054s ]
INFO: [ view_parse ] --END-- [ RunTime:0.004146s ]
INFO: [ view_filter ] --START--
INFO: Run Behavior\WriteHtmlCache [ RunTime:0.000032s ]
INFO: [ view_filter ] --END-- [ RunTime:0.000117s ]
INFO: [ view_end ] --START--
INFO: [ view_end ] --END-- [ RunTime:0.000021s ]

[ 2015-11-23T14:06:18+08:00 ] 58.20.192.211 /index.php/Admin/AdminLogin
INFO: [ app_init ] --START--
INFO: [ app_init ] --END-- [ RunTime:0.000072s ]
INFO: [ path_info ] --START--
INFO: [ path_info ] --END-- [ RunTime:0.000024s ]
INFO: [ app_begin ] --START--
INFO: Run Behavior\ReadHtmlCache [ RunTime:0.000040s ]
INFO: [ app_begin ] --END-- [ RunTime:0.000102s ]
INFO: [ action_begin ] --START--
INFO: [ action_begin ] --END-- [ RunTime:0.000024s ]
INFO: [ view_begin ] --START--
INFO: [ view_begin ] --END-- [ RunTime:0.000025s ]
INFO: [ view_parse ] --START--
INFO: [ template_filter ] --START--
INFO: Run Behavior\ContentReplace [ RunTime:0.000057s ]
INFO: [ template_filter ] --END-- [ RunTime:0.000122s ]
INFO: Run Behavior\ParseTemplate [ RunTime:0.002889s ]
INFO: [ view_parse ] --END-- [ RunTime:0.002952s ]
INFO: [ view_filter ] --START--
INFO: Run Behavior\WriteHtmlCache [ RunTime:0.000015s ]
INFO: [ view_filter ] --END-- [ RunTime:0.000061s ]
INFO: [ view_end ] --START--
INFO: [ view_end ] --END-- [ RunTime:0.000018s ]
INFO: [ app_end ] --START--
INFO: Run Behavior\ShowPageTrace [ RunTime:0.000030s ]
INFO: [ app_end ] --END-- [ RunTime:0.000072s ]

[ 2015-11-23T14:06:18+08:00 ] 58.20.192.211 /index.php/Admin/GetVerify
INFO: [ app_init ] --START--
INFO: [ app_init ] --END-- [ RunTime:0.000097s ]
INFO: [ path_info ] --START--
INFO: [ path_info ] --END-- [ RunTime:0.000045s ]
INFO: [ app_begin ] --START--
INFO: Run Behavior\ReadHtmlCache [ RunTime:0.000048s ]
INFO: [ app_begin ] --END-- [ RunTime:0.000104s ]
INFO: [ action_begin ] --START--
INFO: [ action_begin ] --END-- [ RunTime:0.000030s ]
INFO: [ app_end ] --START--
INFO: Run Behavior\ShowPageTrace [ RunTime:0.000055s ]
INFO: [ app_end ] --END-- [ RunTime:0.000173s ]

[ 2015-11-23T14:06:18+08:00 ] 58.20.192.211 /index.php/Admin/GetVerify
INFO: [ app_init ] --START--
INFO: [ app_init ] --END-- [ RunTime:0.000051s ]
INFO: [ path_info ] --START--
INFO: [ path_info ] --END-- [ RunTime:0.000026s ]
INFO: [ app_begin ] --START--
INFO: Run Behavior\ReadHtmlCache [ RunTime:0.000057s ]
INFO: [ app_begin ] --END-- [ RunTime:0.000145s ]
INFO: [ action_begin ] --START--
INFO: [ action_begin ] --END-- [ RunTime:0.000027s ]
INFO: [ app_end ] --START--
INFO: Run Behavior\ShowPageTrace [ RunTime:0.000047s ]
INFO: [ app_end ] --END-- [ RunTime:0.000139s ]

[ 2015-11-23T15:54:29+08:00 ] 58.20.192.211 /index.php/Home2
INFO: [ app_init ] --START--
INFO: [ app_init ] --END-- [ RunTime:0.000074s ]

[ 2015-11-23T15:56:07+08:00 ] 58.20.192.211 /index.php/Home
INFO: [ app_init ] --START--
INFO: [ app_init ] --END-- [ RunTime:0.000190s ]
INFO: [ app_begin ] --START--
INFO: Run Behavior\ReadHtmlCache [ RunTime:0.000068s ]
INFO: [ app_begin ] --END-- [ RunTime:0.000157s ]
INFO: [ action_begin ] --START--
INFO: [ action_begin ] --END-- [ RunTime:0.000033s ]
NOTIC: [8192] mysql_connect(): The mysql extension is deprecated and will be removed in the future: use mysqli or PDO instead /var/www/blog/ThinkPHP/Library/Think/Db/Driver/Mysql.class.php 第 52 行.
SQL: SHOW COLUMNS FROM `class` [ RunTime:0.000849s ]
SQL: SELECT * FROM `class`  [ RunTime:0.000116s ]
SQL: SHOW COLUMNS FROM `articles` [ RunTime:0.000809s ]
SQL: SELECT * FROM `articles` ORDER BY id desc LIMIT 0,5   [ RunTime:0.000134s ]
SQL: SELECT `id`,`title`,`read_sum` FROM `articles` ORDER BY read_sum desc LIMIT 6   [ RunTime:0.000119s ]
SQL: SHOW COLUMNS FROM `friend_link` [ RunTime:0.000916s ]
SQL: SELECT * FROM `friend_link`  [ RunTime:0.000119s ]
INFO: [ view_begin ] --START--
INFO: [ view_begin ] --END-- [ RunTime:0.000038s ]
INFO: [ view_parse ] --START--
INFO: [ template_filter ] --START--
INFO: Run Behavior\ContentReplace [ RunTime:0.000089s ]
INFO: [ template_filter ] --END-- [ RunTime:0.000204s ]
NOTIC: [8] Undefined variable: comment_sum /var/www/blog/Runtime/Cache/Home/2f412aae274b751dca883838bf7e7502.php 第 137 行.
NOTIC: [8] Undefined variable: comment_sum /var/www/blog/Runtime/Cache/Home/2f412aae274b751dca883838bf7e7502.php 第 137 行.
NOTIC: [8] Undefined variable: comment_sum /var/www/blog/Runtime/Cache/Home/2f412aae274b751dca883838bf7e7502.php 第 137 行.
INFO: Run Behavior\ParseTemplate [ RunTime:0.009627s ]
INFO: [ view_parse ] --END-- [ RunTime:0.009726s ]
INFO: [ view_filter ] --START--
INFO: Run Behavior\WriteHtmlCache [ RunTime:0.000023s ]
INFO: [ view_filter ] --END-- [ RunTime:0.000074s ]
INFO: [ view_end ] --START--
INFO: [ view_end ] --END-- [ RunTime:0.000030s ]
INFO: [ app_end ] --START--
INFO: Run Behavior\ShowPageTrace [ RunTime:0.000052s ]
INFO: [ app_end ] --END-- [ RunTime:0.000111s ]

[ 2015-11-23T15:57:18+08:00 ] 58.20.192.211 /index.php/Home
INFO: [ app_init ] --START--
INFO: [ app_init ] --END-- [ RunTime:0.000073s ]
INFO: [ app_begin ] --START--
INFO: Run Behavior\ReadHtmlCache [ RunTime:0.000046s ]
INFO: [ app_begin ] --END-- [ RunTime:0.000109s ]
INFO: [ action_begin ] --START--
INFO: [ action_begin ] --END-- [ RunTime:0.000027s ]
NOTIC: [8192] mysql_connect(): The mysql extension is deprecated and will be removed in the future: use mysqli or PDO instead /var/www/blog/ThinkPHP/Library/Think/Db/Driver/Mysql.class.php 第 52 行.
SQL: SHOW COLUMNS FROM `class` [ RunTime:0.000871s ]
SQL: SELECT * FROM `class`  [ RunTime:0.000104s ]
SQL: SHOW COLUMNS FROM `articles` [ RunTime:0.000759s ]
SQL: SELECT * FROM `articles` ORDER BY id desc LIMIT 0,5   [ RunTime:0.000115s ]
SQL: SELECT `id`,`title`,`read_sum` FROM `articles` ORDER BY read_sum desc LIMIT 6   [ RunTime:0.000092s ]
SQL: SHOW COLUMNS FROM `friend_link` [ RunTime:0.000693s ]
SQL: SELECT * FROM `friend_link`  [ RunTime:0.000092s ]
INFO: [ view_begin ] --START--
INFO: [ view_begin ] --END-- [ RunTime:0.000032s ]
INFO: [ view_parse ] --START--
INFO: [ template_filter ] --START--
INFO: Run Behavior\ContentReplace [ RunTime:0.000099s ]
INFO: [ template_filter ] --END-- [ RunTime:0.000340s ]
NOTIC: [8] Undefined variable: comment_sum /var/www/blog/Runtime/Cache/Home/2f412aae274b751dca883838bf7e7502.php 第 137 行.
NOTIC: [8] Undefined variable: comment_sum /var/www/blog/Runtime/Cache/Home/2f412aae274b751dca883838bf7e7502.php 第 137 行.
NOTIC: [8] Undefined variable: comment_sum /var/www/blog/Runtime/Cache/Home/2f412aae274b751dca883838bf7e7502.php 第 137 行.
INFO: Run Behavior\ParseTemplate [ RunTime:0.008214s ]
INFO: [ view_parse ] --END-- [ RunTime:0.008281s ]
INFO: [ view_filter ] --START--
INFO: Run Behavior\WriteHtmlCache [ RunTime:0.000022s ]
INFO: [ view_filter ] --END-- [ RunTime:0.000069s ]
INFO: [ view_end ] --START--
INFO: [ view_end ] --END-- [ RunTime:0.000026s ]
INFO: [ app_end ] --START--
INFO: Run Behavior\ShowPageTrace [ RunTime:0.000040s ]
INFO: [ app_end ] --END-- [ RunTime:0.000092s ]

[ 2015-11-23T16:00:02+08:00 ] 58.20.192.211 /index.php/Home
INFO: [ app_init ] --START--
INFO: [ app_init ] --END-- [ RunTime:0.000078s ]
INFO: [ app_begin ] --START--
INFO: Run Behavior\ReadHtmlCache [ RunTime:0.000051s ]
INFO: [ app_begin ] --END-- [ RunTime:0.000111s ]
INFO: [ action_begin ] --START--
INFO: [ action_begin ] --END-- [ RunTime:0.000034s ]
NOTIC: [8192] mysql_connect(): The mysql extension is deprecated and will be removed in the future: use mysqli or PDO instead /var/www/blog/ThinkPHP/Library/Think/Db/Driver/Mysql.class.php 第 52 行.
SQL: SHOW COLUMNS FROM `class` [ RunTime:0.000887s ]
SQL: SELECT * FROM `class`  [ RunTime:0.000110s ]
SQL: SHOW COLUMNS FROM `articles` [ RunTime:0.000918s ]
SQL: SELECT * FROM `articles` ORDER BY id desc LIMIT 0,5   [ RunTime:0.000099s ]
SQL: SELECT `id`,`title`,`read_sum` FROM `articles` ORDER BY read_sum desc LIMIT 6   [ RunTime:0.000092s ]
SQL: SHOW COLUMNS FROM `friend_link` [ RunTime:0.000765s ]
SQL: SELECT * FROM `friend_link`  [ RunTime:0.000101s ]
INFO: [ view_begin ] --START--
INFO: [ view_begin ] --END-- [ RunTime:0.000025s ]
INFO: [ view_parse ] --START--
INFO: [ template_filter ] --START--
INFO: Run Behavior\ContentReplace [ RunTime:0.000117s ]
INFO: [ template_filter ] --END-- [ RunTime:0.000337s ]
NOTIC: [8] Undefined variable: comment_sum /var/www/blog/Runtime/Cache/Home/2f412aae274b751dca883838bf7e7502.php 第 137 行.
NOTIC: [8] Undefined variable: comment_sum /var/www/blog/Runtime/Cache/Home/2f412aae274b751dca883838bf7e7502.php 第 137 行.
NOTIC: [8] Undefined variable: comment_sum /var/www/blog/Runtime/Cache/Home/2f412aae274b751dca883838bf7e7502.php 第 137 行.
INFO: Run Behavior\ParseTemplate [ RunTime:0.008139s ]
INFO: [ view_parse ] --END-- [ RunTime:0.008218s ]
INFO: [ view_filter ] --START--
INFO: Run Behavior\WriteHtmlCache [ RunTime:0.000022s ]
INFO: [ view_filter ] --END-- [ RunTime:0.000068s ]
INFO: [ view_end ] --START--
INFO: [ view_end ] --END-- [ RunTime:0.000025s ]
INFO: [ app_end ] --START--
INFO: Run Behavior\ShowPageTrace [ RunTime:0.000038s ]
INFO: [ app_end ] --END-- [ RunTime:0.000087s ]

[ 2015-11-23T16:01:37+08:00 ] 58.20.192.211 /index.php/Home
INFO: [ app_init ] --START--
INFO: [ app_init ] --END-- [ RunTime:0.000074s ]
INFO: [ app_begin ] --START--
INFO: Run Behavior\ReadHtmlCache [ RunTime:0.000046s ]
INFO: [ app_begin ] --END-- [ RunTime:0.000104s ]
INFO: [ action_begin ] --START--
INFO: [ action_begin ] --END-- [ RunTime:0.000027s ]
NOTIC: [8192] mysql_connect(): The mysql extension is deprecated and will be removed in the future: use mysqli or PDO instead /var/www/blog/ThinkPHP/Library/Think/Db/Driver/Mysql.class.php 第 52 行.
SQL: SHOW COLUMNS FROM `class` [ RunTime:0.000896s ]
SQL: SELECT * FROM `class`  [ RunTime:0.000126s ]
SQL: SHOW COLUMNS FROM `articles` [ RunTime:0.000845s ]
SQL: SELECT * FROM `articles` ORDER BY id desc LIMIT 0,5   [ RunTime:0.000121s ]
SQL: SELECT `id`,`title`,`read_sum` FROM `articles` ORDER BY read_sum desc LIMIT 6   [ RunTime:0.000093s ]
SQL: SHOW COLUMNS FROM `friend_link` [ RunTime:0.000728s ]
SQL: SELECT * FROM `friend_link`  [ RunTime:0.000092s ]
INFO: [ view_begin ] --START--
INFO: [ view_begin ] --END-- [ RunTime:0.000034s ]
INFO: [ view_parse ] --START--
INFO: [ template_filter ] --START--
INFO: Run Behavior\ContentReplace [ RunTime:0.000092s ]
INFO: [ template_filter ] --END-- [ RunTime:0.000211s ]
NOTIC: [8] Undefined variable: comment_sum /var/www/blog/Runtime/Cache/Home/2f412aae274b751dca883838bf7e7502.php 第 137 行.
NOTIC: [8] Undefined variable: comment_sum /var/www/blog/Runtime/Cache/Home/2f412aae274b751dca883838bf7e7502.php 第 137 行.
NOTIC: [8] Undefined variable: comment_sum /var/www/blog/Runtime/Cache/Home/2f412aae274b751dca883838bf7e7502.php 第 137 行.
INFO: Run Behavior\ParseTemplate [ RunTime:0.007541s ]
INFO: [ view_parse ] --END-- [ RunTime:0.007617s ]
INFO: [ view_filter ] --START--
INFO: Run Behavior\WriteHtmlCache [ RunTime:0.000023s ]
INFO: [ view_filter ] --END-- [ RunTime:0.000068s ]
INFO: [ view_end ] --START--
INFO: [ view_end ] --END-- [ RunTime:0.000030s ]
INFO: [ app_end ] --START--
INFO: Run Behavior\ShowPageTrace [ RunTime:0.000040s ]
INFO: [ app_end ] --END-- [ RunTime:0.000088s ]

[ 2015-11-23T16:54:39+08:00 ] 58.20.192.211 /
INFO: [ app_init ] --START--
INFO: [ app_init ] --END-- [ RunTime:0.000063s ]
INFO: [ app_begin ] --START--
INFO: Run Behavior\ReadHtmlCache [ RunTime:0.000054s ]
INFO: [ app_begin ] --END-- [ RunTime:0.000112s ]
INFO: [ action_begin ] --START--
INFO: [ action_begin ] --END-- [ RunTime:0.000039s ]
NOTIC: [8192] mysql_connect(): The mysql extension is deprecated and will be removed in the future: use mysqli or PDO instead /var/www/blog/ThinkPHP/Library/Think/Db/Driver/Mysql.class.php 第 52 行.
SQL: SHOW COLUMNS FROM `class` [ RunTime:0.000648s ]
SQL: SELECT * FROM `class`  [ RunTime:0.000092s ]
SQL: SHOW COLUMNS FROM `articles` [ RunTime:0.001078s ]
SQL: SELECT * FROM `articles` ORDER BY id desc LIMIT 0,5   [ RunTime:0.000121s ]
SQL: SELECT `id`,`title`,`read_sum` FROM `articles` ORDER BY read_sum desc LIMIT 6   [ RunTime:0.000103s ]
SQL: SHOW COLUMNS FROM `friend_link` [ RunTime:0.000794s ]
SQL: SELECT * FROM `friend_link`  [ RunTime:0.000096s ]
INFO: [ view_begin ] --START--
INFO: [ view_begin ] --END-- [ RunTime:0.000024s ]
INFO: [ view_parse ] --START--
INFO: [ template_filter ] --START--
INFO: Run Behavior\ContentReplace [ RunTime:0.000093s ]
INFO: [ template_filter ] --END-- [ RunTime:0.000203s ]
NOTIC: [8] Undefined variable: comment_sum /var/www/blog/Runtime/Cache/Home/2f412aae274b751dca883838bf7e7502.php 第 137 行.
NOTIC: [8] Undefined variable: comment_sum /var/www/blog/Runtime/Cache/Home/2f412aae274b751dca883838bf7e7502.php 第 137 行.
NOTIC: [8] Undefined variable: comment_sum /var/www/blog/Runtime/Cache/Home/2f412aae274b751dca883838bf7e7502.php 第 137 行.
INFO: Run Behavior\ParseTemplate [ RunTime:0.007726s ]
INFO: [ view_parse ] --END-- [ RunTime:0.007781s ]
INFO: [ view_filter ] --START--
INFO: Run Behavior\WriteHtmlCache [ RunTime:0.000016s ]
INFO: [ view_filter ] --END-- [ RunTime:0.000061s ]
INFO: [ view_end ] --START--
INFO: [ view_end ] --END-- [ RunTime:0.000040s ]
INFO: [ app_end ] --START--
INFO: Run Behavior\ShowPageTrace [ RunTime:0.000057s ]
INFO: [ app_end ] --END-- [ RunTime:0.000112s ]

[ 2015-11-23T16:57:44+08:00 ] 58.20.192.211 /
INFO: [ app_init ] --START--
INFO: [ app_init ] --END-- [ RunTime:0.000081s ]
INFO: [ app_begin ] --START--
INFO: Run Behavior\ReadHtmlCache [ RunTime:0.000052s ]
INFO: [ app_begin ] --END-- [ RunTime:0.000114s ]
INFO: [ action_begin ] --START--
INFO: [ action_begin ] --END-- [ RunTime:0.000074s ]
NOTIC: [8192] mysql_connect(): The mysql extension is deprecated and will be removed in the future: use mysqli or PDO instead /var/www/blog/ThinkPHP/Library/Think/Db/Driver/Mysql.class.php 第 52 行.
SQL: SHOW COLUMNS FROM `class` [ RunTime:0.000958s ]
SQL: SELECT * FROM `class`  [ RunTime:0.000161s ]
SQL: SHOW COLUMNS FROM `articles` [ RunTime:0.000986s ]
SQL: SELECT * FROM `articles` ORDER BY id desc LIMIT 0,5   [ RunTime:0.000125s ]
SQL: SELECT `id`,`title`,`read_sum` FROM `articles` ORDER BY read_sum desc LIMIT 6   [ RunTime:0.000097s ]
SQL: SHOW COLUMNS FROM `friend_link` [ RunTime:0.000963s ]
SQL: SELECT * FROM `friend_link`  [ RunTime:0.000111s ]
INFO: [ view_begin ] --START--
INFO: [ view_begin ] --END-- [ RunTime:0.000024s ]
INFO: [ view_parse ] --START--
INFO: [ template_filter ] --START--
INFO: Run Behavior\ContentReplace [ RunTime:0.000083s ]
INFO: [ template_filter ] --END-- [ RunTime:0.000185s ]
NOTIC: [8] Undefined variable: comment_sum /var/www/blog/Runtime/Cache/Home/2f412aae274b751dca883838bf7e7502.php 第 137 行.
NOTIC: [8] Undefined variable: comment_sum /var/www/blog/Runtime/Cache/Home/2f412aae274b751dca883838bf7e7502.php 第 137 行.
NOTIC: [8] Undefined variable: comment_sum /var/www/blog/Runtime/Cache/Home/2f412aae274b751dca883838bf7e7502.php 第 137 行.
INFO: Run Behavior\ParseTemplate [ RunTime:0.007868s ]
INFO: [ view_parse ] --END-- [ RunTime:0.007930s ]
INFO: [ view_filter ] --START--
INFO: Run Behavior\WriteHtmlCache [ RunTime:0.000019s ]
INFO: [ view_filter ] --END-- [ RunTime:0.000064s ]
INFO: [ view_end ] --START--
INFO: [ view_end ] --END-- [ RunTime:0.000029s ]
INFO: [ app_end ] --START--
INFO: Run Behavior\ShowPageTrace [ RunTime:0.000052s ]
INFO: [ app_end ] --END-- [ RunTime:0.000100s ]

[ 2015-11-23T16:58:12+08:00 ] 58.20.192.211 /
INFO: [ app_init ] --START--
INFO: [ app_init ] --END-- [ RunTime:0.000089s ]
INFO: [ app_begin ] --START--
INFO: Run Behavior\ReadHtmlCache [ RunTime:0.000045s ]
INFO: [ app_begin ] --END-- [ RunTime:0.000105s ]
INFO: [ action_begin ] --START--
INFO: [ action_begin ] --END-- [ RunTime:0.000031s ]
NOTIC: [8192] mysql_connect(): The mysql extension is deprecated and will be removed in the future: use mysqli or PDO instead /var/www/blog/ThinkPHP/Library/Think/Db/Driver/Mysql.class.php 第 52 行.
SQL: SHOW COLUMNS FROM `class` [ RunTime:0.000872s ]
SQL: SELECT * FROM `class`  [ RunTime:0.000104s ]
SQL: SHOW COLUMNS FROM `articles` [ RunTime:0.001030s ]
SQL: SELECT * FROM `articles` ORDER BY id desc LIMIT 0,5   [ RunTime:0.000124s ]
SQL: SELECT `id`,`title`,`read_sum` FROM `articles` ORDER BY read_sum desc LIMIT 6   [ RunTime:0.000118s ]
SQL: SHOW COLUMNS FROM `friend_link` [ RunTime:0.000772s ]
SQL: SELECT * FROM `friend_link`  [ RunTime:0.000091s ]
INFO: [ view_begin ] --START--
INFO: [ view_begin ] --END-- [ RunTime:0.000041s ]
INFO: [ view_parse ] --START--
INFO: [ template_filter ] --START--
INFO: Run Behavior\ContentReplace [ RunTime:0.000091s ]
INFO: [ template_filter ] --END-- [ RunTime:0.000214s ]
NOTIC: [8] Undefined variable: comment_sum /var/www/blog/Runtime/Cache/Home/2f412aae274b751dca883838bf7e7502.php 第 137 行.
NOTIC: [8] Undefined variable: comment_sum /var/www/blog/Runtime/Cache/Home/2f412aae274b751dca883838bf7e7502.php 第 137 行.
NOTIC: [8] Undefined variable: comment_sum /var/www/blog/Runtime/Cache/Home/2f412aae274b751dca883838bf7e7502.php 第 137 行.
INFO: Run Behavior\ParseTemplate [ RunTime:0.008131s ]
INFO: [ view_parse ] --END-- [ RunTime:0.008221s ]
INFO: [ view_filter ] --START--
INFO: Run Behavior\WriteHtmlCache [ RunTime:0.000022s ]
INFO: [ view_filter ] --END-- [ RunTime:0.000068s ]
INFO: [ view_end ] --START--
INFO: [ view_end ] --END-- [ RunTime:0.000028s ]
INFO: [ app_end ] --START--
INFO: Run Behavior\ShowPageTrace [ RunTime:0.000041s ]
INFO: [ app_end ] --END-- [ RunTime:0.000093s ]

[ 2015-11-23T17:00:29+08:00 ] 58.20.192.211 /index.php/Home2
INFO: [ app_init ] --START--
INFO: [ app_init ] --END-- [ RunTime:0.000124s ]

[ 2015-11-23T18:23:47+08:00 ] 120.24.249.21 www.google.co.uk:443
INFO: [ app_init ] --START--
INFO: [ app_init ] --END-- [ RunTime:0.000121s ]
INFO: [ app_begin ] --START--
INFO: Run Behavior\ReadHtmlCache [ RunTime:0.000076s ]
INFO: [ app_begin ] --END-- [ RunTime:0.000166s ]
INFO: [ action_begin ] --START--
INFO: [ action_begin ] --END-- [ RunTime:0.000039s ]
NOTIC: [8192] mysql_connect(): The mysql extension is deprecated and will be removed in the future: use mysqli or PDO instead /var/www/blog/ThinkPHP/Library/Think/Db/Driver/Mysql.class.php 第 52 行.
SQL: SHOW COLUMNS FROM `class` [ RunTime:0.000816s ]
SQL: SELECT * FROM `class`  [ RunTime:0.000131s ]
SQL: SHOW COLUMNS FROM `articles` [ RunTime:0.001056s ]
SQL: SELECT * FROM `articles` ORDER BY id desc LIMIT 0,5   [ RunTime:0.000222s ]
SQL: SELECT `id`,`title`,`read_sum` FROM `articles` ORDER BY read_sum desc LIMIT 6   [ RunTime:0.000099s ]
SQL: SHOW COLUMNS FROM `friend_link` [ RunTime:0.000814s ]
SQL: SELECT * FROM `friend_link`  [ RunTime:0.000105s ]
INFO: [ view_begin ] --START--
INFO: [ view_begin ] --END-- [ RunTime:0.000026s ]
INFO: [ view_parse ] --START--
INFO: [ template_filter ] --START--
INFO: Run Behavior\ContentReplace [ RunTime:0.000101s ]
INFO: [ template_filter ] --END-- [ RunTime:0.000216s ]
NOTIC: [8] Undefined variable: comment_sum /var/www/blog/Runtime/Cache/Home/2f412aae274b751dca883838bf7e7502.php 第 137 行.
NOTIC: [8] Undefined variable: comment_sum /var/www/blog/Runtime/Cache/Home/2f412aae274b751dca883838bf7e7502.php 第 137 行.
NOTIC: [8] Undefined variable: comment_sum /var/www/blog/Runtime/Cache/Home/2f412aae274b751dca883838bf7e7502.php 第 137 行.
INFO: Run Behavior\ParseTemplate [ RunTime:0.009070s ]
INFO: [ view_parse ] --END-- [ RunTime:0.009146s ]
INFO: [ view_filter ] --START--
INFO: Run Behavior\WriteHtmlCache [ RunTime:0.000028s ]
INFO: [ view_filter ] --END-- [ RunTime:0.000082s ]
INFO: [ view_end ] --START--
INFO: [ view_end ] --END-- [ RunTime:0.000027s ]
INFO: [ app_end ] --START--
INFO: Run Behavior\ShowPageTrace [ RunTime:0.000043s ]
INFO: [ app_end ] --END-- [ RunTime:0.000105s ]

[ 2015-11-23T18:23:47+08:00 ] 120.24.249.21 www.google.co.uk:443
INFO: [ app_init ] --START--
INFO: [ app_init ] --END-- [ RunTime:0.000060s ]
INFO: [ app_begin ] --START--
INFO: Run Behavior\ReadHtmlCache [ RunTime:0.000042s ]
INFO: [ app_begin ] --END-- [ RunTime:0.000099s ]
INFO: [ action_begin ] --START--
INFO: [ action_begin ] --END-- [ RunTime:0.000112s ]
NOTIC: [8192] mysql_connect(): The mysql extension is deprecated and will be removed in the future: use mysqli or PDO instead /var/www/blog/ThinkPHP/Library/Think/Db/Driver/Mysql.class.php 第 52 行.
SQL: SHOW COLUMNS FROM `class` [ RunTime:0.000739s ]
SQL: SELECT * FROM `class`  [ RunTime:0.000092s ]
SQL: SHOW COLUMNS FROM `articles` [ RunTime:0.000655s ]
SQL: SELECT * FROM `articles` ORDER BY id desc LIMIT 0,5   [ RunTime:0.000098s ]
SQL: SELECT `id`,`title`,`read_sum` FROM `articles` ORDER BY read_sum desc LIMIT 6   [ RunTime:0.000090s ]
SQL: SHOW COLUMNS FROM `friend_link` [ RunTime:0.000575s ]
SQL: SELECT * FROM `friend_link`  [ RunTime:0.000091s ]
INFO: [ view_begin ] --START--
INFO: [ view_begin ] --END-- [ RunTime:0.000024s ]
INFO: [ view_parse ] --START--
INFO: [ template_filter ] --START--
INFO: Run Behavior\ContentReplace [ RunTime:0.000098s ]
INFO: [ template_filter ] --END-- [ RunTime:0.000203s ]
NOTIC: [8] Undefined variable: comment_sum /var/www/blog/Runtime/Cache/Home/2f412aae274b751dca883838bf7e7502.php 第 137 行.
NOTIC: [8] Undefined variable: comment_sum /var/www/blog/Runtime/Cache/Home/2f412aae274b751dca883838bf7e7502.php 第 137 行.
NOTIC: [8] Undefined variable: comment_sum /var/www/blog/Runtime/Cache/Home/2f412aae274b751dca883838bf7e7502.php 第 137 行.
INFO: Run Behavior\ParseTemplate [ RunTime:0.007116s ]
INFO: [ view_parse ] --END-- [ RunTime:0.007181s ]
INFO: [ view_filter ] --START--
INFO: Run Behavior\WriteHtmlCache [ RunTime:0.000022s ]
INFO: [ view_filter ] --END-- [ RunTime:0.000067s ]
INFO: [ view_end ] --START--
INFO: [ view_end ] --END-- [ RunTime:0.000025s ]
INFO: [ app_end ] --START--
INFO: Run Behavior\ShowPageTrace [ RunTime:0.000038s ]
INFO: [ app_end ] --END-- [ RunTime:0.000091s ]

[ 2015-11-23T18:44:33+08:00 ] 123.151.149.222 http://www.baidu.com/
INFO: [ app_init ] --START--
INFO: [ app_init ] --END-- [ RunTime:0.000062s ]
INFO: [ app_begin ] --START--
INFO: Run Behavior\ReadHtmlCache [ RunTime:0.000041s ]
INFO: [ app_begin ] --END-- [ RunTime:0.000105s ]
INFO: [ action_begin ] --START--
INFO: [ action_begin ] --END-- [ RunTime:0.000036s ]
NOTIC: [8192] mysql_connect(): The mysql extension is deprecated and will be removed in the future: use mysqli or PDO instead /var/www/blog/ThinkPHP/Library/Think/Db/Driver/Mysql.class.php 第 52 行.
SQL: SHOW COLUMNS FROM `class` [ RunTime:0.000808s ]
SQL: SELECT * FROM `class`  [ RunTime:0.000115s ]
SQL: SHOW COLUMNS FROM `articles` [ RunTime:0.000864s ]
SQL: SELECT * FROM `articles` ORDER BY id desc LIMIT 0,5   [ RunTime:0.000122s ]
SQL: SELECT `id`,`title`,`read_sum` FROM `articles` ORDER BY read_sum desc LIMIT 6   [ RunTime:0.000115s ]
SQL: SHOW COLUMNS FROM `friend_link` [ RunTime:0.000723s ]
SQL: SELECT * FROM `friend_link`  [ RunTime:0.000087s ]
INFO: [ view_begin ] --START--
INFO: [ view_begin ] --END-- [ RunTime:0.000023s ]
INFO: [ view_parse ] --START--
INFO: [ template_filter ] --START--
INFO: Run Behavior\ContentReplace [ RunTime:0.000071s ]
INFO: [ template_filter ] --END-- [ RunTime:0.000148s ]
NOTIC: [8] Undefined variable: comment_sum /var/www/blog/Runtime/Cache/Home/2f412aae274b751dca883838bf7e7502.php 第 137 行.
NOTIC: [8] Undefined variable: comment_sum /var/www/blog/Runtime/Cache/Home/2f412aae274b751dca883838bf7e7502.php 第 137 行.
NOTIC: [8] Undefined variable: comment_sum /var/www/blog/Runtime/Cache/Home/2f412aae274b751dca883838bf7e7502.php 第 137 行.
INFO: Run Behavior\ParseTemplate [ RunTime:0.006668s ]
INFO: [ view_parse ] --END-- [ RunTime:0.006722s ]
INFO: [ view_filter ] --START--
INFO: Run Behavior\WriteHtmlCache [ RunTime:0.000016s ]
INFO: [ view_filter ] --END-- [ RunTime:0.000064s ]
INFO: [ view_end ] --START--
INFO: [ view_end ] --END-- [ RunTime:0.000023s ]
INFO: [ app_end ] --START--
INFO: Run Behavior\ShowPageTrace [ RunTime:0.000051s ]
INFO: [ app_end ] --END-- [ RunTime:0.000099s ]

[ 2015-11-23T22:02:20+08:00 ] 101.200.77.100 /
INFO: [ app_init ] --START--
INFO: [ app_init ] --END-- [ RunTime:0.000079s ]
INFO: [ app_begin ] --START--
INFO: Run Behavior\ReadHtmlCache [ RunTime:0.000048s ]
INFO: [ app_begin ] --END-- [ RunTime:0.000110s ]
INFO: [ action_begin ] --START--
INFO: [ action_begin ] --END-- [ RunTime:0.000026s ]
NOTIC: [8192] mysql_connect(): The mysql extension is deprecated and will be removed in the future: use mysqli or PDO instead /var/www/blog/ThinkPHP/Library/Think/Db/Driver/Mysql.class.php 第 52 行.
SQL: SHOW COLUMNS FROM `class` [ RunTime:0.000728s ]
SQL: SELECT * FROM `class`  [ RunTime:0.000092s ]
SQL: SHOW COLUMNS FROM `articles` [ RunTime:0.000642s ]
SQL: SELECT * FROM `articles` ORDER BY id desc LIMIT 0,5   [ RunTime:0.000113s ]
SQL: SELECT `id`,`title`,`read_sum` FROM `articles` ORDER BY read_sum desc LIMIT 6   [ RunTime:0.000099s ]
SQL: SHOW COLUMNS FROM `friend_link` [ RunTime:0.000744s ]
SQL: SELECT * FROM `friend_link`  [ RunTime:0.000095s ]
INFO: [ view_begin ] --START--
INFO: [ view_begin ] --END-- [ RunTime:0.000030s ]
INFO: [ view_parse ] --START--
INFO: [ template_filter ] --START--
INFO: Run Behavior\ContentReplace [ RunTime:0.000093s ]
INFO: [ template_filter ] --END-- [ RunTime:0.000193s ]
NOTIC: [8] Undefined variable: comment_sum /var/www/blog/Runtime/Cache/Home/2f412aae274b751dca883838bf7e7502.php 第 137 行.
NOTIC: [8] Undefined variable: comment_sum /var/www/blog/Runtime/Cache/Home/2f412aae274b751dca883838bf7e7502.php 第 137 行.
NOTIC: [8] Undefined variable: comment_sum /var/www/blog/Runtime/Cache/Home/2f412aae274b751dca883838bf7e7502.php 第 137 行.
INFO: Run Behavior\ParseTemplate [ RunTime:0.007269s ]
INFO: [ view_parse ] --END-- [ RunTime:0.007326s ]
INFO: [ view_filter ] --START--
INFO: Run Behavior\WriteHtmlCache [ RunTime:0.000017s ]
INFO: [ view_filter ] --END-- [ RunTime:0.000061s ]
INFO: [ view_end ] --START--
INFO: [ view_end ] --END-- [ RunTime:0.000024s ]
INFO: [ app_end ] --START--
INFO: Run Behavior\ShowPageTrace [ RunTime:0.000048s ]
INFO: [ app_end ] --END-- [ RunTime:0.000115s ]

