[ 2016-01-04T00:04:29+08:00 ] 119.39.133.67 /
INFO: [ app_init ] --START--
INFO: [ app_init ] --END-- [ RunTime:0.000061s ]
INFO: [ app_begin ] --START--
INFO: Run Behavior\ReadHtmlCache [ RunTime:0.000041s ]
INFO: [ app_begin ] --END-- [ RunTime:0.000099s ]
INFO: [ action_begin ] --START--
INFO: [ action_begin ] --END-- [ RunTime:0.000040s ]
NOTIC: [8192] mysql_connect(): The mysql extension is deprecated and will be removed in the future: use mysqli or PDO instead /var/www/blog/ThinkPHP/Library/Think/Db/Driver/Mysql.class.php 第 52 行.
SQL: SHOW COLUMNS FROM `class` [ RunTime:0.000651s ]
SQL: SELECT * FROM `class`  [ RunTime:0.000093s ]
SQL: SHOW COLUMNS FROM `articles` [ RunTime:0.000666s ]
SQL: SELECT COUNT(*) AS tp_count FROM `articles` WHERE ( class='UEhQ' ) LIMIT 1   [ RunTime:0.000091s ]
SQL: SELECT COUNT(*) AS tp_count FROM `articles` WHERE ( class='5pWw5o2u57uT5p6E5LiO566X5rOV' ) LIMIT 1   [ RunTime:0.000085s ]
SQL: SELECT COUNT(*) AS tp_count FROM `articles` WHERE ( class='Q29tcHV0ZXIgU3lzdGVt' ) LIMIT 1   [ RunTime:0.000084s ]
SQL: SELECT * FROM `articles` ORDER BY id desc LIMIT 0,5   [ RunTime:0.000093s ]
SQL: SELECT `id`,`title`,`read_sum` FROM `articles` ORDER BY read_sum desc LIMIT 6   [ RunTime:0.000194s ]
SQL: SHOW COLUMNS FROM `friend_link` [ RunTime:0.000791s ]
SQL: SELECT * FROM `friend_link`  [ RunTime:0.000089s ]
INFO: [ view_begin ] --START--
INFO: [ view_begin ] --END-- [ RunTime:0.000021s ]
INFO: [ view_parse ] --START--
INFO: [ template_filter ] --START--
INFO: Run Behavior\ContentReplace [ RunTime:0.000103s ]
INFO: [ template_filter ] --END-- [ RunTime:0.000211s ]
INFO: Run Behavior\ParseTemplate [ RunTime:0.009121s ]
INFO: [ view_parse ] --END-- [ RunTime:0.009182s ]
INFO: [ view_filter ] --START--
INFO: Run Behavior\WriteHtmlCache [ RunTime:0.000017s ]
INFO: [ view_filter ] --END-- [ RunTime:0.000068s ]
INFO: [ view_end ] --START--
INFO: [ view_end ] --END-- [ RunTime:0.000024s ]
INFO: [ app_end ] --START--
INFO: Run Behavior\ShowPageTrace [ RunTime:0.000035s ]
INFO: [ app_end ] --END-- [ RunTime:0.000080s ]

[ 2016-01-04T00:04:37+08:00 ] 119.39.133.67 /index.php/Admin
INFO: [ app_init ] --START--
INFO: [ app_init ] --END-- [ RunTime:0.000129s ]
INFO: [ app_begin ] --START--
INFO: Run Behavior\ReadHtmlCache [ RunTime:0.000056s ]
INFO: [ app_begin ] --END-- [ RunTime:0.000144s ]
INFO: [ action_begin ] --START--
INFO: [ action_begin ] --END-- [ RunTime:0.000057s ]
INFO: [ view_begin ] --START--
INFO: [ view_begin ] --END-- [ RunTime:0.000025s ]
INFO: [ view_parse ] --START--
INFO: [ template_filter ] --START--
INFO: Run Behavior\ContentReplace [ RunTime:0.000068s ]
INFO: [ template_filter ] --END-- [ RunTime:0.000175s ]
INFO: Run Behavior\ParseTemplate [ RunTime:0.002891s ]
INFO: [ view_parse ] --END-- [ RunTime:0.002975s ]
INFO: [ view_filter ] --START--
INFO: Run Behavior\WriteHtmlCache [ RunTime:0.000025s ]
INFO: [ view_filter ] --END-- [ RunTime:0.000075s ]
INFO: [ view_end ] --START--
INFO: [ view_end ] --END-- [ RunTime:0.000018s ]

[ 2016-01-04T00:04:40+08:00 ] 119.39.133.67 /index.php/Admin/AdminLogin
INFO: [ app_init ] --START--
INFO: [ app_init ] --END-- [ RunTime:0.000120s ]
INFO: [ path_info ] --START--
INFO: [ path_info ] --END-- [ RunTime:0.000040s ]
INFO: [ app_begin ] --START--
INFO: Run Behavior\ReadHtmlCache [ RunTime:0.001284s ]
INFO: [ app_begin ] --END-- [ RunTime:0.001420s ]
INFO: [ action_begin ] --START--
INFO: [ action_begin ] --END-- [ RunTime:0.000038s ]
INFO: [ view_begin ] --START--
INFO: [ view_begin ] --END-- [ RunTime:0.000023s ]
INFO: [ view_parse ] --START--
INFO: [ template_filter ] --START--
INFO: Run Behavior\ContentReplace [ RunTime:0.000081s ]
INFO: [ template_filter ] --END-- [ RunTime:0.000201s ]
INFO: Run Behavior\ParseTemplate [ RunTime:0.004120s ]
INFO: [ view_parse ] --END-- [ RunTime:0.004244s ]
INFO: [ view_filter ] --START--
INFO: Run Behavior\WriteHtmlCache [ RunTime:0.000035s ]
INFO: [ view_filter ] --END-- [ RunTime:0.000115s ]
INFO: [ view_end ] --START--
INFO: [ view_end ] --END-- [ RunTime:0.000039s ]
INFO: [ app_end ] --START--
INFO: Run Behavior\ShowPageTrace [ RunTime:0.000042s ]
INFO: [ app_end ] --END-- [ RunTime:0.000089s ]

[ 2016-01-04T00:04:41+08:00 ] 119.39.133.67 /index.php/Admin/GetVerify
INFO: [ app_init ] --START--
INFO: [ app_init ] --END-- [ RunTime:0.000073s ]
INFO: [ path_info ] --START--
INFO: [ path_info ] --END-- [ RunTime:0.000037s ]
INFO: [ app_begin ] --START--
INFO: Run Behavior\ReadHtmlCache [ RunTime:0.000059s ]
INFO: [ app_begin ] --END-- [ RunTime:0.000139s ]
INFO: [ action_begin ] --START--
INFO: [ action_begin ] --END-- [ RunTime:0.000041s ]
INFO: [ app_end ] --START--
INFO: Run Behavior\ShowPageTrace [ RunTime:0.000040s ]
INFO: [ app_end ] --END-- [ RunTime:0.000120s ]

[ 2016-01-04T00:04:54+08:00 ] 119.39.133.67 /index.php/Admin/GetVerify?0.8979949147906154
INFO: [ app_init ] --START--
INFO: [ app_init ] --END-- [ RunTime:0.000120s ]
INFO: [ path_info ] --START--
INFO: [ path_info ] --END-- [ RunTime:0.000040s ]
INFO: [ app_begin ] --START--
INFO: Run Behavior\ReadHtmlCache [ RunTime:0.000072s ]
INFO: [ app_begin ] --END-- [ RunTime:0.000163s ]
INFO: [ action_begin ] --START--
INFO: [ action_begin ] --END-- [ RunTime:0.000044s ]
INFO: [ app_end ] --START--
INFO: Run Behavior\ShowPageTrace [ RunTime:0.000057s ]
INFO: [ app_end ] --END-- [ RunTime:0.000175s ]

[ 2016-01-04T00:05:05+08:00 ] 119.39.133.67 /index.php/Admin/DoAdminLogin
INFO: [ app_init ] --START--
INFO: [ app_init ] --END-- [ RunTime:0.000128s ]
INFO: [ path_info ] --START--
INFO: [ path_info ] --END-- [ RunTime:0.000053s ]
INFO: [ app_begin ] --START--
INFO: Run Behavior\ReadHtmlCache [ RunTime:0.000072s ]
INFO: [ app_begin ] --END-- [ RunTime:0.000175s ]
INFO: [ action_begin ] --START--
INFO: [ action_begin ] --END-- [ RunTime:0.000090s ]
INFO: [ view_begin ] --START--
INFO: [ view_begin ] --END-- [ RunTime:0.000046s ]
INFO: [ view_parse ] --START--
INFO: [ template_filter ] --START--
INFO: Run Behavior\ContentReplace [ RunTime:0.000063s ]
INFO: [ template_filter ] --END-- [ RunTime:0.000160s ]
INFO: Run Behavior\ParseTemplate [ RunTime:0.004163s ]
INFO: [ view_parse ] --END-- [ RunTime:0.004268s ]
INFO: [ view_filter ] --START--
INFO: Run Behavior\WriteHtmlCache [ RunTime:0.000025s ]
INFO: [ view_filter ] --END-- [ RunTime:0.000074s ]
INFO: [ view_end ] --START--
INFO: [ view_end ] --END-- [ RunTime:0.000019s ]

[ 2016-01-04T00:07:13+08:00 ] 119.39.133.67 /index.php/Admin/GetVerify?0.40439371671527624
INFO: [ app_init ] --START--
INFO: [ app_init ] --END-- [ RunTime:0.000086s ]
INFO: [ path_info ] --START--
INFO: [ path_info ] --END-- [ RunTime:0.000037s ]
INFO: [ app_begin ] --START--
INFO: Run Behavior\ReadHtmlCache [ RunTime:0.000057s ]
INFO: [ app_begin ] --END-- [ RunTime:0.000138s ]
INFO: [ action_begin ] --START--
INFO: [ action_begin ] --END-- [ RunTime:0.000036s ]
INFO: [ app_end ] --START--
INFO: Run Behavior\ShowPageTrace [ RunTime:0.000060s ]
INFO: [ app_end ] --END-- [ RunTime:0.000182s ]

[ 2016-01-04T00:07:22+08:00 ] 119.39.133.67 /index.php/Admin/DoAdminLogin
INFO: [ app_init ] --START--
INFO: [ app_init ] --END-- [ RunTime:0.000079s ]
INFO: [ path_info ] --START--
INFO: [ path_info ] --END-- [ RunTime:0.000041s ]
INFO: [ app_begin ] --START--
INFO: Run Behavior\ReadHtmlCache [ RunTime:0.000067s ]
INFO: [ app_begin ] --END-- [ RunTime:0.000157s ]
INFO: [ action_begin ] --START--
INFO: [ action_begin ] --END-- [ RunTime:0.000043s ]
INFO: [ view_begin ] --START--
INFO: [ view_begin ] --END-- [ RunTime:0.000025s ]
INFO: [ view_parse ] --START--
INFO: [ template_filter ] --START--
INFO: Run Behavior\ContentReplace [ RunTime:0.000073s ]
INFO: [ template_filter ] --END-- [ RunTime:0.000150s ]
INFO: Run Behavior\ParseTemplate [ RunTime:0.002909s ]
INFO: [ view_parse ] --END-- [ RunTime:0.002968s ]
INFO: [ view_filter ] --START--
INFO: Run Behavior\WriteHtmlCache [ RunTime:0.000018s ]
INFO: [ view_filter ] --END-- [ RunTime:0.000061s ]
INFO: [ view_end ] --START--
INFO: [ view_end ] --END-- [ RunTime:0.000018s ]
INFO: [ app_end ] --START--
INFO: Run Behavior\ShowPageTrace [ RunTime:0.000045s ]
INFO: [ app_end ] --END-- [ RunTime:0.000101s ]

[ 2016-01-04T00:07:23+08:00 ] 119.39.133.67 /index.php/Admin/
INFO: [ app_init ] --START--
INFO: [ app_init ] --END-- [ RunTime:0.000068s ]
INFO: [ app_begin ] --START--
INFO: Run Behavior\ReadHtmlCache [ RunTime:0.000052s ]
INFO: [ app_begin ] --END-- [ RunTime:0.000109s ]
INFO: [ action_begin ] --START--
INFO: [ action_begin ] --END-- [ RunTime:0.000030s ]
INFO: [ view_begin ] --START--
INFO: [ view_begin ] --END-- [ RunTime:0.000023s ]
INFO: [ view_parse ] --START--
INFO: [ template_filter ] --START--
INFO: Run Behavior\ContentReplace [ RunTime:0.000106s ]
INFO: [ template_filter ] --END-- [ RunTime:0.000296s ]
INFO: Run Behavior\ParseTemplate [ RunTime:0.008883s ]
INFO: [ view_parse ] --END-- [ RunTime:0.008971s ]
INFO: [ view_filter ] --START--
INFO: Run Behavior\WriteHtmlCache [ RunTime:0.000027s ]
INFO: [ view_filter ] --END-- [ RunTime:0.000074s ]
INFO: [ view_end ] --START--
INFO: [ view_end ] --END-- [ RunTime:0.000179s ]
INFO: [ app_end ] --START--
INFO: Run Behavior\ShowPageTrace [ RunTime:0.000049s ]
INFO: [ app_end ] --END-- [ RunTime:0.000097s ]

[ 2016-01-04T00:07:45+08:00 ] 119.39.133.67 /index.php/Admin/NewArticle
INFO: [ app_init ] --START--
INFO: [ app_init ] --END-- [ RunTime:0.000198s ]
INFO: [ path_info ] --START--
INFO: [ path_info ] --END-- [ RunTime:0.000034s ]
INFO: [ app_begin ] --START--
INFO: Run Behavior\ReadHtmlCache [ RunTime:0.000086s ]
INFO: [ app_begin ] --END-- [ RunTime:0.000177s ]
INFO: [ action_begin ] --START--
INFO: [ action_begin ] --END-- [ RunTime:0.000062s ]
NOTIC: [8192] mysql_connect(): The mysql extension is deprecated and will be removed in the future: use mysqli or PDO instead /var/www/blog/ThinkPHP/Library/Think/Db/Driver/Mysql.class.php 第 52 行.
SQL: SHOW COLUMNS FROM `class` [ RunTime:0.000881s ]
SQL: SELECT `id`,`name` FROM `class`  [ RunTime:0.000120s ]
INFO: [ view_begin ] --START--
INFO: [ view_begin ] --END-- [ RunTime:0.000033s ]
INFO: [ view_parse ] --START--
INFO: [ template_filter ] --START--
INFO: Run Behavior\ContentReplace [ RunTime:0.000195s ]
INFO: [ template_filter ] --END-- [ RunTime:0.000322s ]
INFO: Run Behavior\ParseTemplate [ RunTime:0.007507s ]
INFO: [ view_parse ] --END-- [ RunTime:0.007594s ]
INFO: [ view_filter ] --START--
INFO: Run Behavior\WriteHtmlCache [ RunTime:0.000023s ]
INFO: [ view_filter ] --END-- [ RunTime:0.000066s ]
INFO: [ view_end ] --START--
INFO: [ view_end ] --END-- [ RunTime:0.000028s ]
INFO: [ app_end ] --START--
INFO: Run Behavior\ShowPageTrace [ RunTime:0.000041s ]
INFO: [ app_end ] --END-- [ RunTime:0.000090s ]

[ 2016-01-04T00:08:08+08:00 ] 119.39.133.67 /index.php/Admin/NewArticle
INFO: [ app_init ] --START--
INFO: [ app_init ] --END-- [ RunTime:0.000078s ]
INFO: [ path_info ] --START--
INFO: [ path_info ] --END-- [ RunTime:0.000027s ]
INFO: [ app_begin ] --START--
INFO: Run Behavior\ReadHtmlCache [ RunTime:0.000051s ]
INFO: [ app_begin ] --END-- [ RunTime:0.000107s ]
INFO: [ action_begin ] --START--
INFO: [ action_begin ] --END-- [ RunTime:0.000026s ]
NOTIC: [8192] mysql_connect(): The mysql extension is deprecated and will be removed in the future: use mysqli or PDO instead /var/www/blog/ThinkPHP/Library/Think/Db/Driver/Mysql.class.php 第 52 行.
SQL: SHOW COLUMNS FROM `class` [ RunTime:0.000858s ]
SQL: SELECT `id`,`name` FROM `class`  [ RunTime:0.000090s ]
INFO: [ view_begin ] --START--
INFO: [ view_begin ] --END-- [ RunTime:0.000035s ]
INFO: [ view_parse ] --START--
INFO: [ template_filter ] --START--
INFO: Run Behavior\ContentReplace [ RunTime:0.000094s ]
INFO: [ template_filter ] --END-- [ RunTime:0.000213s ]
INFO: Run Behavior\ParseTemplate [ RunTime:0.006441s ]
INFO: [ view_parse ] --END-- [ RunTime:0.006545s ]
INFO: [ view_filter ] --START--
INFO: Run Behavior\WriteHtmlCache [ RunTime:0.000025s ]
INFO: [ view_filter ] --END-- [ RunTime:0.000070s ]
INFO: [ view_end ] --START--
INFO: [ view_end ] --END-- [ RunTime:0.000030s ]
INFO: [ app_end ] --START--
INFO: Run Behavior\ShowPageTrace [ RunTime:0.000161s ]
INFO: [ app_end ] --END-- [ RunTime:0.000217s ]

[ 2016-01-04T00:08:31+08:00 ] 119.39.133.67 /index.php/Admin/NewArticle
INFO: [ app_init ] --START--
INFO: [ app_init ] --END-- [ RunTime:0.000065s ]
INFO: [ path_info ] --START--
INFO: [ path_info ] --END-- [ RunTime:0.000024s ]
INFO: [ app_begin ] --START--
INFO: Run Behavior\ReadHtmlCache [ RunTime:0.000045s ]
INFO: [ app_begin ] --END-- [ RunTime:0.000105s ]
INFO: [ action_begin ] --START--
INFO: [ action_begin ] --END-- [ RunTime:0.000039s ]
NOTIC: [8192] mysql_connect(): The mysql extension is deprecated and will be removed in the future: use mysqli or PDO instead /var/www/blog/ThinkPHP/Library/Think/Db/Driver/Mysql.class.php 第 52 行.
SQL: SHOW COLUMNS FROM `class` [ RunTime:0.000850s ]
SQL: SELECT `id`,`name` FROM `class`  [ RunTime:0.000120s ]
INFO: [ view_begin ] --START--
INFO: [ view_begin ] --END-- [ RunTime:0.000033s ]
INFO: [ view_parse ] --START--
INFO: [ template_filter ] --START--
INFO: Run Behavior\ContentReplace [ RunTime:0.000111s ]
INFO: [ template_filter ] --END-- [ RunTime:0.000235s ]
INFO: Run Behavior\ParseTemplate [ RunTime:0.008591s ]
INFO: [ view_parse ] --END-- [ RunTime:0.008835s ]
INFO: [ view_filter ] --START--
INFO: Run Behavior\WriteHtmlCache [ RunTime:0.000026s ]
INFO: [ view_filter ] --END-- [ RunTime:0.000072s ]
INFO: [ view_end ] --START--
INFO: [ view_end ] --END-- [ RunTime:0.000034s ]
INFO: [ app_end ] --START--
INFO: Run Behavior\ShowPageTrace [ RunTime:0.000061s ]
INFO: [ app_end ] --END-- [ RunTime:0.000129s ]

[ 2016-01-04T00:09:19+08:00 ] 119.39.133.67 /index.php/Admin/ArticleList
INFO: [ app_init ] --START--
INFO: [ app_init ] --END-- [ RunTime:0.000175s ]
INFO: [ path_info ] --START--
INFO: [ path_info ] --END-- [ RunTime:0.000035s ]
INFO: [ app_begin ] --START--
INFO: Run Behavior\ReadHtmlCache [ RunTime:0.000061s ]
INFO: [ app_begin ] --END-- [ RunTime:0.000121s ]
INFO: [ action_begin ] --START--
INFO: [ action_begin ] --END-- [ RunTime:0.000055s ]
NOTIC: [8192] mysql_connect(): The mysql extension is deprecated and will be removed in the future: use mysqli or PDO instead /var/www/blog/ThinkPHP/Library/Think/Db/Driver/Mysql.class.php 第 52 行.
SQL: SHOW COLUMNS FROM `class` [ RunTime:0.000880s ]
SQL: SELECT * FROM `class`  [ RunTime:0.000121s ]
SQL: SELECT * FROM `class`  [ RunTime:0.000091s ]
SQL: SHOW COLUMNS FROM `articles` [ RunTime:0.001028s ]
SQL: SELECT * FROM `articles` WHERE ( class="UEhQ" ) ORDER BY id desc LIMIT 0,15   [ RunTime:0.000342s ]
INFO: [ view_begin ] --START--
INFO: [ view_begin ] --END-- [ RunTime:0.000035s ]
INFO: [ view_parse ] --START--
INFO: [ template_filter ] --START--
INFO: Run Behavior\ContentReplace [ RunTime:0.000128s ]
INFO: [ template_filter ] --END-- [ RunTime:0.000245s ]
NOTIC: [8] Undefined variable: tip /var/www/blog/Runtime/Cache/Admin/1e13b15714a638c4596742d05a130d53.php 第 127 行.
NOTIC: [8] Undefined variable: sum /var/www/blog/Runtime/Cache/Admin/1e13b15714a638c4596742d05a130d53.php 第 193 行.
INFO: Run Behavior\ParseTemplate [ RunTime:0.027185s ]
INFO: [ view_parse ] --END-- [ RunTime:0.027277s ]
INFO: [ view_filter ] --START--
INFO: Run Behavior\WriteHtmlCache [ RunTime:0.000027s ]
INFO: [ view_filter ] --END-- [ RunTime:0.000082s ]
INFO: [ view_end ] --START--
INFO: [ view_end ] --END-- [ RunTime:0.000046s ]
INFO: [ app_end ] --START--
INFO: Run Behavior\ShowPageTrace [ RunTime:0.000056s ]
INFO: [ app_end ] --END-- [ RunTime:0.000110s ]

[ 2016-01-04T00:09:30+08:00 ] 119.39.133.67 /index.php/Admin/ArticleList/doarticlelist/state/showclass/class/%E6%95%B0%E6%8D%AE%E7%BB%93%E6%9E%84%E4%B8%8E%E7%AE%97%E6%B3%95/key/1
INFO: [ app_init ] --START--
INFO: [ app_init ] --END-- [ RunTime:0.000086s ]
INFO: [ path_info ] --START--
INFO: [ path_info ] --END-- [ RunTime:0.000028s ]
INFO: [ app_begin ] --START--
INFO: Run Behavior\ReadHtmlCache [ RunTime:0.000051s ]
INFO: [ app_begin ] --END-- [ RunTime:0.000113s ]
INFO: [ action_begin ] --START--
INFO: [ action_begin ] --END-- [ RunTime:0.000038s ]
NOTIC: [8192] mysql_connect(): The mysql extension is deprecated and will be removed in the future: use mysqli or PDO instead /var/www/blog/ThinkPHP/Library/Think/Db/Driver/Mysql.class.php 第 52 行.
SQL: SHOW COLUMNS FROM `class` [ RunTime:0.000925s ]
SQL: SELECT * FROM `class`  [ RunTime:0.000117s ]
SQL: SHOW COLUMNS FROM `articles` [ RunTime:0.001100s ]
SQL: SELECT * FROM `articles` WHERE ( class="5pWw5o2u57uT5p6E5LiO566X5rOV" ) ORDER BY id desc LIMIT 0,15   [ RunTime:0.000406s ]
INFO: [ view_begin ] --START--
INFO: [ view_begin ] --END-- [ RunTime:0.000028s ]
INFO: [ view_parse ] --START--
INFO: [ template_filter ] --START--
INFO: Run Behavior\ContentReplace [ RunTime:0.000101s ]
INFO: [ template_filter ] --END-- [ RunTime:0.000207s ]
NOTIC: [8] Undefined variable: tip /var/www/blog/Runtime/Cache/Admin/1e13b15714a638c4596742d05a130d53.php 第 127 行.
NOTIC: [8] Undefined variable: sum /var/www/blog/Runtime/Cache/Admin/1e13b15714a638c4596742d05a130d53.php 第 193 行.
INFO: Run Behavior\ParseTemplate [ RunTime:0.010782s ]
INFO: [ view_parse ] --END-- [ RunTime:0.010883s ]
INFO: [ view_filter ] --START--
INFO: Run Behavior\WriteHtmlCache [ RunTime:0.000026s ]
INFO: [ view_filter ] --END-- [ RunTime:0.000073s ]
INFO: [ view_end ] --START--
INFO: [ view_end ] --END-- [ RunTime:0.000032s ]
INFO: [ app_end ] --START--
INFO: Run Behavior\ShowPageTrace [ RunTime:0.000043s ]
INFO: [ app_end ] --END-- [ RunTime:0.000089s ]

[ 2016-01-04T00:09:33+08:00 ] 119.39.133.67 /index.php/Admin/NewArticle
INFO: [ app_init ] --START--
INFO: [ app_init ] --END-- [ RunTime:0.000071s ]
INFO: [ path_info ] --START--
INFO: [ path_info ] --END-- [ RunTime:0.000026s ]
INFO: [ app_begin ] --START--
INFO: Run Behavior\ReadHtmlCache [ RunTime:0.000052s ]
INFO: [ app_begin ] --END-- [ RunTime:0.000108s ]
INFO: [ action_begin ] --START--
INFO: [ action_begin ] --END-- [ RunTime:0.000034s ]
NOTIC: [8192] mysql_connect(): The mysql extension is deprecated and will be removed in the future: use mysqli or PDO instead /var/www/blog/ThinkPHP/Library/Think/Db/Driver/Mysql.class.php 第 52 行.
SQL: SHOW COLUMNS FROM `class` [ RunTime:0.000875s ]
SQL: SELECT `id`,`name` FROM `class`  [ RunTime:0.000119s ]
INFO: [ view_begin ] --START--
INFO: [ view_begin ] --END-- [ RunTime:0.000031s ]
INFO: [ view_parse ] --START--
INFO: [ template_filter ] --START--
INFO: Run Behavior\ContentReplace [ RunTime:0.000094s ]
INFO: [ template_filter ] --END-- [ RunTime:0.000213s ]
INFO: Run Behavior\ParseTemplate [ RunTime:0.006756s ]
INFO: [ view_parse ] --END-- [ RunTime:0.006875s ]
INFO: [ view_filter ] --START--
INFO: Run Behavior\WriteHtmlCache [ RunTime:0.000025s ]
INFO: [ view_filter ] --END-- [ RunTime:0.000084s ]
INFO: [ view_end ] --START--
INFO: [ view_end ] --END-- [ RunTime:0.000028s ]
INFO: [ app_end ] --START--
INFO: Run Behavior\ShowPageTrace [ RunTime:0.000044s ]
INFO: [ app_end ] --END-- [ RunTime:0.000125s ]

[ 2016-01-04T00:09:50+08:00 ] 119.39.133.67 /index.php/Admin/NewArticle
INFO: [ app_init ] --START--
INFO: [ app_init ] --END-- [ RunTime:0.000074s ]
INFO: [ path_info ] --START--
INFO: [ path_info ] --END-- [ RunTime:0.000036s ]
INFO: [ app_begin ] --START--
INFO: Run Behavior\ReadHtmlCache [ RunTime:0.000046s ]
INFO: [ app_begin ] --END-- [ RunTime:0.000099s ]
INFO: [ action_begin ] --START--
INFO: [ action_begin ] --END-- [ RunTime:0.000026s ]
NOTIC: [8192] mysql_connect(): The mysql extension is deprecated and will be removed in the future: use mysqli or PDO instead /var/www/blog/ThinkPHP/Library/Think/Db/Driver/Mysql.class.php 第 52 行.
SQL: SHOW COLUMNS FROM `class` [ RunTime:0.000909s ]
SQL: SELECT `id`,`name` FROM `class`  [ RunTime:0.000193s ]
INFO: [ view_begin ] --START--
INFO: [ view_begin ] --END-- [ RunTime:0.000044s ]
INFO: [ view_parse ] --START--
INFO: [ template_filter ] --START--
INFO: Run Behavior\ContentReplace [ RunTime:0.000121s ]
INFO: [ template_filter ] --END-- [ RunTime:0.000261s ]
INFO: Run Behavior\ParseTemplate [ RunTime:0.009083s ]
INFO: [ view_parse ] --END-- [ RunTime:0.009183s ]
INFO: [ view_filter ] --START--
INFO: Run Behavior\WriteHtmlCache [ RunTime:0.000026s ]
INFO: [ view_filter ] --END-- [ RunTime:0.000105s ]
INFO: [ view_end ] --START--
INFO: [ view_end ] --END-- [ RunTime:0.000045s ]
INFO: [ app_end ] --START--
INFO: Run Behavior\ShowPageTrace [ RunTime:0.000058s ]
INFO: [ app_end ] --END-- [ RunTime:0.000137s ]

[ 2016-01-04T00:11:39+08:00 ] 115.28.101.54 search.yahoo.com:443
INFO: [ app_init ] --START--
INFO: [ app_init ] --END-- [ RunTime:0.000180s ]
INFO: [ app_begin ] --START--
INFO: Run Behavior\ReadHtmlCache [ RunTime:0.000074s ]
INFO: [ app_begin ] --END-- [ RunTime:0.000162s ]
INFO: [ action_begin ] --START--
INFO: [ action_begin ] --END-- [ RunTime:0.000048s ]
NOTIC: [8192] mysql_connect(): The mysql extension is deprecated and will be removed in the future: use mysqli or PDO instead /var/www/blog/ThinkPHP/Library/Think/Db/Driver/Mysql.class.php 第 52 行.
SQL: SHOW COLUMNS FROM `class` [ RunTime:0.001208s ]
SQL: SELECT * FROM `class`  [ RunTime:0.000178s ]
SQL: SHOW COLUMNS FROM `articles` [ RunTime:0.001626s ]
SQL: SELECT COUNT(*) AS tp_count FROM `articles` WHERE ( class='UEhQ' ) LIMIT 1   [ RunTime:0.000181s ]
SQL: SELECT COUNT(*) AS tp_count FROM `articles` WHERE ( class='5pWw5o2u57uT5p6E5LiO566X5rOV' ) LIMIT 1   [ RunTime:0.000126s ]
SQL: SELECT COUNT(*) AS tp_count FROM `articles` WHERE ( class='Q29tcHV0ZXIgU3lzdGVt' ) LIMIT 1   [ RunTime:0.000132s ]
SQL: SELECT * FROM `articles` ORDER BY id desc LIMIT 0,5   [ RunTime:0.000149s ]
SQL: SELECT `id`,`title`,`read_sum` FROM `articles` ORDER BY read_sum desc LIMIT 6   [ RunTime:0.000122s ]
SQL: SHOW COLUMNS FROM `friend_link` [ RunTime:0.001000s ]
SQL: SELECT * FROM `friend_link`  [ RunTime:0.000110s ]
INFO: [ view_begin ] --START--
INFO: [ view_begin ] --END-- [ RunTime:0.000026s ]
INFO: [ view_parse ] --START--
INFO: [ template_filter ] --START--
INFO: Run Behavior\ContentReplace [ RunTime:0.000174s ]
INFO: [ template_filter ] --END-- [ RunTime:0.000327s ]
INFO: Run Behavior\ParseTemplate [ RunTime:0.011068s ]
INFO: [ view_parse ] --END-- [ RunTime:0.011190s ]
INFO: [ view_filter ] --START--
INFO: Run Behavior\WriteHtmlCache [ RunTime:0.000028s ]
INFO: [ view_filter ] --END-- [ RunTime:0.000075s ]
INFO: [ view_end ] --START--
INFO: [ view_end ] --END-- [ RunTime:0.000026s ]
INFO: [ app_end ] --START--
INFO: Run Behavior\ShowPageTrace [ RunTime:0.000043s ]
INFO: [ app_end ] --END-- [ RunTime:0.000115s ]

[ 2016-01-04T00:11:39+08:00 ] 115.28.101.54 search.yahoo.com:443
INFO: [ app_init ] --START--
INFO: [ app_init ] --END-- [ RunTime:0.000195s ]
INFO: [ app_begin ] --START--
INFO: Run Behavior\ReadHtmlCache [ RunTime:0.000062s ]
INFO: [ app_begin ] --END-- [ RunTime:0.000133s ]
INFO: [ action_begin ] --START--
INFO: [ action_begin ] --END-- [ RunTime:0.000078s ]
NOTIC: [8192] mysql_connect(): The mysql extension is deprecated and will be removed in the future: use mysqli or PDO instead /var/www/blog/ThinkPHP/Library/Think/Db/Driver/Mysql.class.php 第 52 行.
SQL: SHOW COLUMNS FROM `class` [ RunTime:0.001316s ]
SQL: SELECT * FROM `class`  [ RunTime:0.000152s ]
SQL: SHOW COLUMNS FROM `articles` [ RunTime:0.001309s ]
SQL: SELECT COUNT(*) AS tp_count FROM `articles` WHERE ( class='UEhQ' ) LIMIT 1   [ RunTime:0.000284s ]
SQL: SELECT COUNT(*) AS tp_count FROM `articles` WHERE ( class='5pWw5o2u57uT5p6E5LiO566X5rOV' ) LIMIT 1   [ RunTime:0.000105s ]
SQL: SELECT COUNT(*) AS tp_count FROM `articles` WHERE ( class='Q29tcHV0ZXIgU3lzdGVt' ) LIMIT 1   [ RunTime:0.000095s ]
SQL: SELECT * FROM `articles` ORDER BY id desc LIMIT 0,5   [ RunTime:0.000334s ]
SQL: SELECT `id`,`title`,`read_sum` FROM `articles` ORDER BY read_sum desc LIMIT 6   [ RunTime:0.000229s ]
SQL: SHOW COLUMNS FROM `friend_link` [ RunTime:0.001333s ]
SQL: SELECT * FROM `friend_link`  [ RunTime:0.000167s ]
INFO: [ view_begin ] --START--
INFO: [ view_begin ] --END-- [ RunTime:0.000040s ]
INFO: [ view_parse ] --START--
INFO: [ template_filter ] --START--
INFO: Run Behavior\ContentReplace [ RunTime:0.000132s ]
INFO: [ template_filter ] --END-- [ RunTime:0.000292s ]
INFO: Run Behavior\ParseTemplate [ RunTime:0.014440s ]
INFO: [ view_parse ] --END-- [ RunTime:0.014612s ]
INFO: [ view_filter ] --START--
INFO: Run Behavior\WriteHtmlCache [ RunTime:0.000098s ]
INFO: [ view_filter ] --END-- [ RunTime:0.000197s ]
INFO: [ view_end ] --START--
INFO: [ view_end ] --END-- [ RunTime:0.000046s ]
INFO: [ app_end ] --START--
INFO: Run Behavior\ShowPageTrace [ RunTime:0.000053s ]
INFO: [ app_end ] --END-- [ RunTime:0.000129s ]

[ 2016-01-04T00:11:41+08:00 ] 119.39.133.67 /index.php/Admin/NewArticle
INFO: [ app_init ] --START--
INFO: [ app_init ] --END-- [ RunTime:0.000063s ]
INFO: [ path_info ] --START--
INFO: [ path_info ] --END-- [ RunTime:0.000025s ]
INFO: [ app_begin ] --START--
INFO: Run Behavior\ReadHtmlCache [ RunTime:0.000055s ]
INFO: [ app_begin ] --END-- [ RunTime:0.000128s ]
INFO: [ action_begin ] --START--
INFO: [ action_begin ] --END-- [ RunTime:0.000027s ]
NOTIC: [8192] mysql_connect(): The mysql extension is deprecated and will be removed in the future: use mysqli or PDO instead /var/www/blog/ThinkPHP/Library/Think/Db/Driver/Mysql.class.php 第 52 行.
SQL: SHOW COLUMNS FROM `class` [ RunTime:0.000739s ]
SQL: SELECT `id`,`name` FROM `class`  [ RunTime:0.000091s ]
INFO: [ view_begin ] --START--
INFO: [ view_begin ] --END-- [ RunTime:0.000022s ]
INFO: [ view_parse ] --START--
INFO: [ template_filter ] --START--
INFO: Run Behavior\ContentReplace [ RunTime:0.000078s ]
INFO: [ template_filter ] --END-- [ RunTime:0.000171s ]
INFO: Run Behavior\ParseTemplate [ RunTime:0.005884s ]
INFO: [ view_parse ] --END-- [ RunTime:0.005952s ]
INFO: [ view_filter ] --START--
INFO: Run Behavior\WriteHtmlCache [ RunTime:0.000016s ]
INFO: [ view_filter ] --END-- [ RunTime:0.000058s ]
INFO: [ view_end ] --START--
INFO: [ view_end ] --END-- [ RunTime:0.000026s ]
INFO: [ app_end ] --START--
INFO: Run Behavior\ShowPageTrace [ RunTime:0.000036s ]
INFO: [ app_end ] --END-- [ RunTime:0.000079s ]

[ 2016-01-04T00:13:33+08:00 ] 119.39.133.67 /index.php/Admin
INFO: [ app_init ] --START--
INFO: [ app_init ] --END-- [ RunTime:0.000766s ]
INFO: [ app_begin ] --START--
INFO: Run Behavior\ReadHtmlCache [ RunTime:0.000059s ]
INFO: [ app_begin ] --END-- [ RunTime:0.000128s ]
INFO: [ action_begin ] --START--
INFO: [ action_begin ] --END-- [ RunTime:0.000087s ]
INFO: [ view_begin ] --START--
INFO: [ view_begin ] --END-- [ RunTime:0.000039s ]
INFO: [ view_parse ] --START--
INFO: [ template_filter ] --START--
INFO: Run Behavior\ContentReplace [ RunTime:0.000118s ]
INFO: [ template_filter ] --END-- [ RunTime:0.000232s ]
INFO: Run Behavior\ParseTemplate [ RunTime:0.018697s ]
INFO: [ view_parse ] --END-- [ RunTime:0.018801s ]
INFO: [ view_filter ] --START--
INFO: Run Behavior\WriteHtmlCache [ RunTime:0.000026s ]
INFO: [ view_filter ] --END-- [ RunTime:0.000083s ]
INFO: [ view_end ] --START--
INFO: [ view_end ] --END-- [ RunTime:0.000047s ]
INFO: [ app_end ] --START--
INFO: Run Behavior\ShowPageTrace [ RunTime:0.000050s ]
INFO: [ app_end ] --END-- [ RunTime:0.000109s ]

[ 2016-01-04T00:13:42+08:00 ] 119.39.133.67 /index.php/Admin
INFO: [ app_init ] --START--
INFO: [ app_init ] --END-- [ RunTime:0.000222s ]
INFO: [ app_begin ] --START--
INFO: Run Behavior\ReadHtmlCache [ RunTime:0.000056s ]
INFO: [ app_begin ] --END-- [ RunTime:0.000118s ]
INFO: [ action_begin ] --START--
INFO: [ action_begin ] --END-- [ RunTime:0.000033s ]
INFO: [ view_begin ] --START--
INFO: [ view_begin ] --END-- [ RunTime:0.000022s ]
INFO: [ view_parse ] --START--
INFO: [ template_filter ] --START--
INFO: Run Behavior\ContentReplace [ RunTime:0.000168s ]
INFO: [ template_filter ] --END-- [ RunTime:0.000292s ]
INFO: Run Behavior\ParseTemplate [ RunTime:0.009601s ]
INFO: [ view_parse ] --END-- [ RunTime:0.009836s ]
INFO: [ view_filter ] --START--
INFO: Run Behavior\WriteHtmlCache [ RunTime:0.000036s ]
INFO: [ view_filter ] --END-- [ RunTime:0.000089s ]
INFO: [ view_end ] --START--
INFO: [ view_end ] --END-- [ RunTime:0.000037s ]
INFO: [ app_end ] --START--
INFO: Run Behavior\ShowPageTrace [ RunTime:0.000058s ]
INFO: [ app_end ] --END-- [ RunTime:0.000108s ]

[ 2016-01-04T00:15:00+08:00 ] 119.39.133.67 /index.php/Admin
INFO: [ app_init ] --START--
INFO: [ app_init ] --END-- [ RunTime:0.000233s ]
INFO: [ app_begin ] --START--
INFO: Run Behavior\ReadHtmlCache [ RunTime:0.000071s ]
INFO: [ app_begin ] --END-- [ RunTime:0.000175s ]
INFO: [ action_begin ] --START--
INFO: [ action_begin ] --END-- [ RunTime:0.000044s ]
INFO: [ view_begin ] --START--
INFO: [ view_begin ] --END-- [ RunTime:0.000036s ]
INFO: [ view_parse ] --START--
INFO: [ template_filter ] --START--
INFO: Run Behavior\ContentReplace [ RunTime:0.000124s ]
INFO: [ template_filter ] --END-- [ RunTime:0.000229s ]
INFO: Run Behavior\ParseTemplate [ RunTime:0.010445s ]
INFO: [ view_parse ] --END-- [ RunTime:0.010570s ]
INFO: [ view_filter ] --START--
INFO: Run Behavior\WriteHtmlCache [ RunTime:0.000026s ]
INFO: [ view_filter ] --END-- [ RunTime:0.000081s ]
INFO: [ view_end ] --START--
INFO: [ view_end ] --END-- [ RunTime:0.000049s ]
INFO: [ app_end ] --START--
INFO: Run Behavior\ShowPageTrace [ RunTime:0.000046s ]
INFO: [ app_end ] --END-- [ RunTime:0.000104s ]

[ 2016-01-04T00:15:17+08:00 ] 119.39.133.67 /
INFO: [ app_init ] --START--
INFO: [ app_init ] --END-- [ RunTime:0.000086s ]
INFO: [ app_begin ] --START--
INFO: Run Behavior\ReadHtmlCache [ RunTime:0.000062s ]
INFO: [ app_begin ] --END-- [ RunTime:0.000155s ]
INFO: [ action_begin ] --START--
INFO: [ action_begin ] --END-- [ RunTime:0.000048s ]
NOTIC: [8192] mysql_connect(): The mysql extension is deprecated and will be removed in the future: use mysqli or PDO instead /var/www/blog/ThinkPHP/Library/Think/Db/Driver/Mysql.class.php 第 52 行.
SQL: SHOW COLUMNS FROM `class` [ RunTime:0.000683s ]
SQL: SELECT * FROM `class`  [ RunTime:0.000146s ]
SQL: SHOW COLUMNS FROM `articles` [ RunTime:0.000756s ]
SQL: SELECT COUNT(*) AS tp_count FROM `articles` WHERE ( class='UEhQ' ) LIMIT 1   [ RunTime:0.000093s ]
SQL: SELECT COUNT(*) AS tp_count FROM `articles` WHERE ( class='5pWw5o2u57uT5p6E5LiO566X5rOV' ) LIMIT 1   [ RunTime:0.000085s ]
SQL: SELECT COUNT(*) AS tp_count FROM `articles` WHERE ( class='Q29tcHV0ZXIgU3lzdGVt' ) LIMIT 1   [ RunTime:0.000083s ]
SQL: SELECT * FROM `articles` ORDER BY id desc LIMIT 0,5   [ RunTime:0.000092s ]
SQL: SELECT `id`,`title`,`read_sum` FROM `articles` ORDER BY read_sum desc LIMIT 6   [ RunTime:0.000089s ]
SQL: SHOW COLUMNS FROM `friend_link` [ RunTime:0.000628s ]
SQL: SELECT * FROM `friend_link`  [ RunTime:0.000089s ]
INFO: [ view_begin ] --START--
INFO: [ view_begin ] --END-- [ RunTime:0.000026s ]
INFO: [ view_parse ] --START--
INFO: [ template_filter ] --START--
INFO: Run Behavior\ContentReplace [ RunTime:0.000106s ]
INFO: [ template_filter ] --END-- [ RunTime:0.000229s ]
INFO: Run Behavior\ParseTemplate [ RunTime:0.011633s ]
INFO: [ view_parse ] --END-- [ RunTime:0.011779s ]
INFO: [ view_filter ] --START--
INFO: Run Behavior\WriteHtmlCache [ RunTime:0.000022s ]
INFO: [ view_filter ] --END-- [ RunTime:0.000083s ]
INFO: [ view_end ] --START--
INFO: [ view_end ] --END-- [ RunTime:0.000028s ]
INFO: [ app_end ] --START--
INFO: Run Behavior\ShowPageTrace [ RunTime:0.000036s ]
INFO: [ app_end ] --END-- [ RunTime:0.000082s ]

[ 2016-01-04T00:18:59+08:00 ] 119.39.133.67 /index.php/Admin
INFO: [ app_init ] --START--
INFO: [ app_init ] --END-- [ RunTime:0.000085s ]
INFO: [ app_begin ] --START--
INFO: Run Behavior\ReadHtmlCache [ RunTime:0.000051s ]
INFO: [ app_begin ] --END-- [ RunTime:0.000112s ]
INFO: [ action_begin ] --START--
INFO: [ action_begin ] --END-- [ RunTime:0.000030s ]
INFO: [ view_begin ] --START--
INFO: [ view_begin ] --END-- [ RunTime:0.000022s ]
INFO: [ view_parse ] --START--
INFO: [ template_filter ] --START--
INFO: Run Behavior\ContentReplace [ RunTime:0.000108s ]
INFO: [ template_filter ] --END-- [ RunTime:0.000219s ]
INFO: Run Behavior\ParseTemplate [ RunTime:0.007703s ]
INFO: [ view_parse ] --END-- [ RunTime:0.007763s ]
INFO: [ view_filter ] --START--
INFO: Run Behavior\WriteHtmlCache [ RunTime:0.000017s ]
INFO: [ view_filter ] --END-- [ RunTime:0.000063s ]
INFO: [ view_end ] --START--
INFO: [ view_end ] --END-- [ RunTime:0.000028s ]
INFO: [ app_end ] --START--
INFO: Run Behavior\ShowPageTrace [ RunTime:0.000035s ]
INFO: [ app_end ] --END-- [ RunTime:0.000078s ]

[ 2016-01-04T00:19:58+08:00 ] 119.39.133.67 /index.php/Admin
INFO: [ app_init ] --START--
INFO: [ app_init ] --END-- [ RunTime:0.000192s ]
INFO: [ app_begin ] --START--
INFO: Run Behavior\ReadHtmlCache [ RunTime:0.000061s ]
INFO: [ app_begin ] --END-- [ RunTime:0.000126s ]
INFO: [ action_begin ] --START--
INFO: [ action_begin ] --END-- [ RunTime:0.000068s ]
INFO: [ view_begin ] --START--
INFO: [ view_begin ] --END-- [ RunTime:0.000025s ]
INFO: [ view_parse ] --START--
INFO: [ template_filter ] --START--
INFO: Run Behavior\ContentReplace [ RunTime:0.000124s ]
INFO: [ template_filter ] --END-- [ RunTime:0.000227s ]
INFO: Run Behavior\ParseTemplate [ RunTime:0.008948s ]
INFO: [ view_parse ] --END-- [ RunTime:0.009050s ]
INFO: [ view_filter ] --START--
INFO: Run Behavior\WriteHtmlCache [ RunTime:0.000033s ]
INFO: [ view_filter ] --END-- [ RunTime:0.000100s ]
INFO: [ view_end ] --START--
INFO: [ view_end ] --END-- [ RunTime:0.000047s ]
INFO: [ app_end ] --START--
INFO: Run Behavior\ShowPageTrace [ RunTime:0.000052s ]
INFO: [ app_end ] --END-- [ RunTime:0.000112s ]

[ 2016-01-04T00:20:12+08:00 ] 119.39.133.67 /index.php/Admin
INFO: [ app_init ] --START--
INFO: [ app_init ] --END-- [ RunTime:0.000188s ]
INFO: [ app_begin ] --START--
INFO: Run Behavior\ReadHtmlCache [ RunTime:0.000068s ]
INFO: [ app_begin ] --END-- [ RunTime:0.000158s ]
INFO: [ action_begin ] --START--
INFO: [ action_begin ] --END-- [ RunTime:0.000060s ]
INFO: [ view_begin ] --START--
INFO: [ view_begin ] --END-- [ RunTime:0.000024s ]
INFO: [ view_parse ] --START--
INFO: [ template_filter ] --START--
INFO: Run Behavior\ContentReplace [ RunTime:0.000135s ]
INFO: [ template_filter ] --END-- [ RunTime:0.000242s ]
INFO: Run Behavior\ParseTemplate [ RunTime:0.009242s ]
INFO: [ view_parse ] --END-- [ RunTime:0.009339s ]
INFO: [ view_filter ] --START--
INFO: Run Behavior\WriteHtmlCache [ RunTime:0.000025s ]
INFO: [ view_filter ] --END-- [ RunTime:0.000073s ]
INFO: [ view_end ] --START--
INFO: [ view_end ] --END-- [ RunTime:0.000039s ]
INFO: [ app_end ] --START--
INFO: Run Behavior\ShowPageTrace [ RunTime:0.000047s ]
INFO: [ app_end ] --END-- [ RunTime:0.000093s ]

[ 2016-01-04T00:20:17+08:00 ] 119.39.133.67 /index.php/Admin/NewArticle
INFO: [ app_init ] --START--
INFO: [ app_init ] --END-- [ RunTime:0.000184s ]
INFO: [ path_info ] --START--
INFO: [ path_info ] --END-- [ RunTime:0.000038s ]
INFO: [ app_begin ] --START--
INFO: Run Behavior\ReadHtmlCache [ RunTime:0.000061s ]
INFO: [ app_begin ] --END-- [ RunTime:0.000121s ]
INFO: [ action_begin ] --START--
INFO: [ action_begin ] --END-- [ RunTime:0.000057s ]
NOTIC: [8192] mysql_connect(): The mysql extension is deprecated and will be removed in the future: use mysqli or PDO instead /var/www/blog/ThinkPHP/Library/Think/Db/Driver/Mysql.class.php 第 52 行.
SQL: SHOW COLUMNS FROM `class` [ RunTime:0.000864s ]
SQL: SELECT `id`,`name` FROM `class`  [ RunTime:0.000195s ]
INFO: [ view_begin ] --START--
INFO: [ view_begin ] --END-- [ RunTime:0.000040s ]
INFO: [ view_parse ] --START--
INFO: [ template_filter ] --START--
INFO: Run Behavior\ContentReplace [ RunTime:0.000105s ]
INFO: [ template_filter ] --END-- [ RunTime:0.000222s ]
INFO: Run Behavior\ParseTemplate [ RunTime:0.007170s ]
INFO: [ view_parse ] --END-- [ RunTime:0.007253s ]
INFO: [ view_filter ] --START--
INFO: Run Behavior\WriteHtmlCache [ RunTime:0.000029s ]
INFO: [ view_filter ] --END-- [ RunTime:0.000087s ]
INFO: [ view_end ] --START--
INFO: [ view_end ] --END-- [ RunTime:0.000033s ]
INFO: [ app_end ] --START--
INFO: Run Behavior\ShowPageTrace [ RunTime:0.000045s ]
INFO: [ app_end ] --END-- [ RunTime:0.000092s ]

[ 2016-01-04T00:25:30+08:00 ] 119.39.133.67 /index.php/Admin/DoNewArticle/
INFO: [ app_init ] --START--
INFO: [ app_init ] --END-- [ RunTime:0.000196s ]
INFO: [ path_info ] --START--
INFO: [ path_info ] --END-- [ RunTime:0.000045s ]
INFO: [ app_begin ] --START--
INFO: Run Behavior\ReadHtmlCache [ RunTime:0.000065s ]
INFO: [ app_begin ] --END-- [ RunTime:0.000129s ]
INFO: [ action_begin ] --START--
INFO: [ action_begin ] --END-- [ RunTime:0.000070s ]
NOTIC: [8192] mysql_connect(): The mysql extension is deprecated and will be removed in the future: use mysqli or PDO instead /var/www/blog/ThinkPHP/Library/Think/Db/Driver/Mysql.class.php 第 52 行.
SQL: SHOW COLUMNS FROM `class` [ RunTime:0.000853s ]
SQL: SELECT `id` FROM `class` WHERE ( name=5pWw5o2u57uT5p6E5LiO566X5rOV ) LIMIT 1   [ RunTime:0.000244s ]
ERR: 1054:Unknown column '5pWw5o2u57uT5p6E5LiO566X5rOV' in 'where clause'
 [ SQL语句 ] : SELECT `id` FROM `class` WHERE ( name=5pWw5o2u57uT5p6E5LiO566X5rOV ) LIMIT 1  
NOTIC: [8] Undefined index: name /var/www/blog/Admin/Controller/DoNewArticleController.class.php 第 22 行.
SQL: SHOW COLUMNS FROM `articles` [ RunTime:0.000933s ]
SQL: INSERT INTO `articles` (`title`,`class`,`description`,`time`,`addr`,`state`) VALUES ('5o+S5YWl5o6S5bqP','5pWw5o2u57uT5p6E5LiO566X5rOV','5omT54mM5oCd5oOz55qE5o+S5YWl5o6S5bqP77yM5b+F6aG75p2l5LiA5Y+R',1451838330,'/var/www/blog/Admin/public/article/1451838330.xml',0) [ RunTime:0.000338s ]
INFO: [ view_begin ] --START--
INFO: [ view_begin ] --END-- [ RunTime:0.000031s ]
INFO: [ view_parse ] --START--
INFO: [ template_filter ] --START--
INFO: Run Behavior\ContentReplace [ RunTime:0.000070s ]
INFO: [ template_filter ] --END-- [ RunTime:0.000192s ]
INFO: Run Behavior\ParseTemplate [ RunTime:0.003614s ]
INFO: [ view_parse ] --END-- [ RunTime:0.003713s ]
INFO: [ view_filter ] --START--
INFO: Run Behavior\WriteHtmlCache [ RunTime:0.000026s ]
INFO: [ view_filter ] --END-- [ RunTime:0.000074s ]
INFO: [ view_end ] --START--
INFO: [ view_end ] --END-- [ RunTime:0.000018s ]
INFO: [ app_end ] --START--
INFO: Run Behavior\ShowPageTrace [ RunTime:0.000039s ]
INFO: [ app_end ] --END-- [ RunTime:0.000088s ]

[ 2016-01-04T00:25:31+08:00 ] 119.39.133.67 /index.php/Admin/NewArticle
INFO: [ app_init ] --START--
INFO: [ app_init ] --END-- [ RunTime:0.000079s ]
INFO: [ path_info ] --START--
INFO: [ path_info ] --END-- [ RunTime:0.000025s ]
INFO: [ app_begin ] --START--
INFO: Run Behavior\ReadHtmlCache [ RunTime:0.000097s ]
INFO: [ app_begin ] --END-- [ RunTime:0.000155s ]
INFO: [ action_begin ] --START--
INFO: [ action_begin ] --END-- [ RunTime:0.000028s ]
NOTIC: [8192] mysql_connect(): The mysql extension is deprecated and will be removed in the future: use mysqli or PDO instead /var/www/blog/ThinkPHP/Library/Think/Db/Driver/Mysql.class.php 第 52 行.
SQL: SHOW COLUMNS FROM `class` [ RunTime:0.000796s ]
SQL: SELECT `id`,`name` FROM `class`  [ RunTime:0.000102s ]
INFO: [ view_begin ] --START--
INFO: [ view_begin ] --END-- [ RunTime:0.000023s ]
INFO: [ view_parse ] --START--
INFO: [ template_filter ] --START--
INFO: Run Behavior\ContentReplace [ RunTime:0.000118s ]
INFO: [ template_filter ] --END-- [ RunTime:0.000246s ]
INFO: Run Behavior\ParseTemplate [ RunTime:0.006991s ]
INFO: [ view_parse ] --END-- [ RunTime:0.007121s ]
INFO: [ view_filter ] --START--
INFO: Run Behavior\WriteHtmlCache [ RunTime:0.000027s ]
INFO: [ view_filter ] --END-- [ RunTime:0.000076s ]
INFO: [ view_end ] --START--
INFO: [ view_end ] --END-- [ RunTime:0.000038s ]
INFO: [ app_end ] --START--
INFO: Run Behavior\ShowPageTrace [ RunTime:0.000047s ]
INFO: [ app_end ] --END-- [ RunTime:0.000093s ]

[ 2016-01-04T00:25:35+08:00 ] 119.39.133.67 /
INFO: [ app_init ] --START--
INFO: [ app_init ] --END-- [ RunTime:0.000060s ]
INFO: [ app_begin ] --START--
INFO: Run Behavior\ReadHtmlCache [ RunTime:0.000040s ]
INFO: [ app_begin ] --END-- [ RunTime:0.000109s ]
INFO: [ action_begin ] --START--
INFO: [ action_begin ] --END-- [ RunTime:0.000029s ]
NOTIC: [8192] mysql_connect(): The mysql extension is deprecated and will be removed in the future: use mysqli or PDO instead /var/www/blog/ThinkPHP/Library/Think/Db/Driver/Mysql.class.php 第 52 行.
SQL: SHOW COLUMNS FROM `class` [ RunTime:0.000895s ]
SQL: SELECT * FROM `class`  [ RunTime:0.000113s ]
SQL: SHOW COLUMNS FROM `articles` [ RunTime:0.000956s ]
SQL: SELECT COUNT(*) AS tp_count FROM `articles` WHERE ( class='UEhQ' ) LIMIT 1   [ RunTime:0.000299s ]
SQL: SELECT COUNT(*) AS tp_count FROM `articles` WHERE ( class='5pWw5o2u57uT5p6E5LiO566X5rOV' ) LIMIT 1   [ RunTime:0.000246s ]
SQL: SELECT COUNT(*) AS tp_count FROM `articles` WHERE ( class='Q29tcHV0ZXIgU3lzdGVt' ) LIMIT 1   [ RunTime:0.000239s ]
SQL: SELECT * FROM `articles` ORDER BY id desc LIMIT 0,5   [ RunTime:0.000288s ]
SQL: SELECT `id`,`title`,`read_sum` FROM `articles` ORDER BY read_sum desc LIMIT 6   [ RunTime:0.000251s ]
SQL: SHOW COLUMNS FROM `friend_link` [ RunTime:0.000761s ]
SQL: SELECT * FROM `friend_link`  [ RunTime:0.000117s ]
INFO: [ view_begin ] --START--
INFO: [ view_begin ] --END-- [ RunTime:0.000034s ]
INFO: [ view_parse ] --START--
INFO: [ template_filter ] --START--
INFO: Run Behavior\ContentReplace [ RunTime:0.000109s ]
INFO: [ template_filter ] --END-- [ RunTime:0.000230s ]
INFO: Run Behavior\ParseTemplate [ RunTime:0.011967s ]
INFO: [ view_parse ] --END-- [ RunTime:0.012064s ]
INFO: [ view_filter ] --START--
INFO: Run Behavior\WriteHtmlCache [ RunTime:0.000019s ]
INFO: [ view_filter ] --END-- [ RunTime:0.000077s ]
INFO: [ view_end ] --START--
INFO: [ view_end ] --END-- [ RunTime:0.000025s ]
INFO: [ app_end ] --START--
INFO: Run Behavior\ShowPageTrace [ RunTime:0.000035s ]
INFO: [ app_end ] --END-- [ RunTime:0.000081s ]

[ 2016-01-04T00:25:38+08:00 ] 119.39.133.67 /index.php/Home2/ShowArticle/index/id/12
INFO: [ app_init ] --START--
INFO: [ app_init ] --END-- [ RunTime:0.000098s ]
INFO: [ path_info ] --START--
INFO: [ path_info ] --END-- [ RunTime:0.000030s ]
INFO: [ app_begin ] --START--
INFO: Run Behavior\ReadHtmlCache [ RunTime:0.000041s ]
INFO: [ app_begin ] --END-- [ RunTime:0.000096s ]
INFO: [ action_begin ] --START--
INFO: [ action_begin ] --END-- [ RunTime:0.000033s ]
NOTIC: [8] Undefined variable: class /var/www/blog/Home2/Controller/ShowArticleController.class.php 第 10 行.
NOTIC: [8192] mysql_connect(): The mysql extension is deprecated and will be removed in the future: use mysqli or PDO instead /var/www/blog/ThinkPHP/Library/Think/Db/Driver/Mysql.class.php 第 52 行.
SQL: SHOW COLUMNS FROM `class` [ RunTime:0.000768s ]
SQL: SELECT * FROM `class`  [ RunTime:0.000095s ]
SQL: SHOW COLUMNS FROM `articles` [ RunTime:0.000708s ]
SQL: SELECT COUNT(*) AS tp_count FROM `articles` WHERE ( class='UEhQ' ) LIMIT 1   [ RunTime:0.000109s ]
SQL: SELECT COUNT(*) AS tp_count FROM `articles` WHERE ( class='5pWw5o2u57uT5p6E5LiO566X5rOV' ) LIMIT 1   [ RunTime:0.000094s ]
SQL: SELECT COUNT(*) AS tp_count FROM `articles` WHERE ( class='Q29tcHV0ZXIgU3lzdGVt' ) LIMIT 1   [ RunTime:0.000086s ]
SQL: SHOW COLUMNS FROM `friend_link` [ RunTime:0.000700s ]
SQL: SELECT * FROM `friend_link`  [ RunTime:0.000121s ]
SQL: SELECT * FROM `articles` WHERE ( id=12 ) LIMIT 1   [ RunTime:0.000391s ]
SQL: UPDATE `articles` SET `read_sum`=1 WHERE ( `id` = 12 ) [ RunTime:0.000296s ]
SQL: SELECT `id`,`title`,`read_sum` FROM `articles` WHERE ( class='5pWw5o2u57uT5p6E5LiO566X5rOV' ) ORDER BY read_sum desc LIMIT 6   [ RunTime:0.000336s ]
INFO: [ view_begin ] --START--
INFO: [ view_begin ] --END-- [ RunTime:0.000035s ]
INFO: [ view_parse ] --START--
INFO: [ template_filter ] --START--
INFO: Run Behavior\ContentReplace [ RunTime:0.000098s ]
INFO: [ template_filter ] --END-- [ RunTime:0.000219s ]
INFO: Run Behavior\ParseTemplate [ RunTime:0.009502s ]
INFO: [ view_parse ] --END-- [ RunTime:0.009614s ]
INFO: [ view_filter ] --START--
INFO: Run Behavior\WriteHtmlCache [ RunTime:0.000027s ]
INFO: [ view_filter ] --END-- [ RunTime:0.000100s ]
INFO: [ view_end ] --START--
INFO: [ view_end ] --END-- [ RunTime:0.000032s ]
INFO: [ app_end ] --START--
INFO: Run Behavior\ShowPageTrace [ RunTime:0.000055s ]
INFO: [ app_end ] --END-- [ RunTime:0.000127s ]

[ 2016-01-04T00:25:48+08:00 ] 119.39.133.67 /index.php/Home2/
INFO: [ app_init ] --START--
INFO: [ app_init ] --END-- [ RunTime:0.000110s ]
INFO: [ app_begin ] --START--
INFO: Run Behavior\ReadHtmlCache [ RunTime:0.000050s ]
INFO: [ app_begin ] --END-- [ RunTime:0.000109s ]
INFO: [ action_begin ] --START--
INFO: [ action_begin ] --END-- [ RunTime:0.000028s ]
NOTIC: [8192] mysql_connect(): The mysql extension is deprecated and will be removed in the future: use mysqli or PDO instead /var/www/blog/ThinkPHP/Library/Think/Db/Driver/Mysql.class.php 第 52 行.
SQL: SHOW COLUMNS FROM `class` [ RunTime:0.001033s ]
SQL: SELECT * FROM `class`  [ RunTime:0.000133s ]
SQL: SHOW COLUMNS FROM `articles` [ RunTime:0.000937s ]
SQL: SELECT COUNT(*) AS tp_count FROM `articles` WHERE ( class='UEhQ' ) LIMIT 1   [ RunTime:0.000355s ]
SQL: SELECT COUNT(*) AS tp_count FROM `articles` WHERE ( class='5pWw5o2u57uT5p6E5LiO566X5rOV' ) LIMIT 1   [ RunTime:0.000230s ]
SQL: SELECT COUNT(*) AS tp_count FROM `articles` WHERE ( class='Q29tcHV0ZXIgU3lzdGVt' ) LIMIT 1   [ RunTime:0.000233s ]
SQL: SELECT * FROM `articles` ORDER BY id desc LIMIT 0,5   [ RunTime:0.000278s ]
SQL: SELECT `id`,`title`,`read_sum` FROM `articles` ORDER BY read_sum desc LIMIT 6   [ RunTime:0.000267s ]
SQL: SHOW COLUMNS FROM `friend_link` [ RunTime:0.000921s ]
SQL: SELECT * FROM `friend_link`  [ RunTime:0.000149s ]
INFO: [ view_begin ] --START--
INFO: [ view_begin ] --END-- [ RunTime:0.000028s ]
INFO: [ view_parse ] --START--
INFO: [ template_filter ] --START--
INFO: Run Behavior\ContentReplace [ RunTime:0.000136s ]
INFO: [ template_filter ] --END-- [ RunTime:0.000290s ]
INFO: Run Behavior\ParseTemplate [ RunTime:0.011611s ]
INFO: [ view_parse ] --END-- [ RunTime:0.011731s ]
INFO: [ view_filter ] --START--
INFO: Run Behavior\WriteHtmlCache [ RunTime:0.000026s ]
INFO: [ view_filter ] --END-- [ RunTime:0.000075s ]
INFO: [ view_end ] --START--
INFO: [ view_end ] --END-- [ RunTime:0.000034s ]
INFO: [ app_end ] --START--
INFO: Run Behavior\ShowPageTrace [ RunTime:0.000176s ]
INFO: [ app_end ] --END-- [ RunTime:0.000238s ]

[ 2016-01-04T01:00:49+08:00 ] 123.151.42.61 http://www.baidu.com/
INFO: [ app_init ] --START--
INFO: [ app_init ] --END-- [ RunTime:0.000118s ]
INFO: [ app_begin ] --START--
INFO: Run Behavior\ReadHtmlCache [ RunTime:0.000064s ]
INFO: [ app_begin ] --END-- [ RunTime:0.000133s ]
INFO: [ action_begin ] --START--
INFO: [ action_begin ] --END-- [ RunTime:0.000041s ]
NOTIC: [8192] mysql_connect(): The mysql extension is deprecated and will be removed in the future: use mysqli or PDO instead /var/www/blog/ThinkPHP/Library/Think/Db/Driver/Mysql.class.php 第 52 行.
SQL: SHOW COLUMNS FROM `class` [ RunTime:0.001087s ]
SQL: SELECT * FROM `class`  [ RunTime:0.000148s ]
SQL: SHOW COLUMNS FROM `articles` [ RunTime:0.001251s ]
SQL: SELECT COUNT(*) AS tp_count FROM `articles` WHERE ( class='UEhQ' ) LIMIT 1   [ RunTime:0.000170s ]
SQL: SELECT COUNT(*) AS tp_count FROM `articles` WHERE ( class='5pWw5o2u57uT5p6E5LiO566X5rOV' ) LIMIT 1   [ RunTime:0.000100s ]
SQL: SELECT COUNT(*) AS tp_count FROM `articles` WHERE ( class='Q29tcHV0ZXIgU3lzdGVt' ) LIMIT 1   [ RunTime:0.000122s ]
SQL: SELECT * FROM `articles` ORDER BY id desc LIMIT 0,5   [ RunTime:0.000144s ]
SQL: SELECT `id`,`title`,`read_sum` FROM `articles` ORDER BY read_sum desc LIMIT 6   [ RunTime:0.000163s ]
SQL: SHOW COLUMNS FROM `friend_link` [ RunTime:0.001312s ]
SQL: SELECT * FROM `friend_link`  [ RunTime:0.000132s ]
INFO: [ view_begin ] --START--
INFO: [ view_begin ] --END-- [ RunTime:0.000024s ]
INFO: [ view_parse ] --START--
INFO: [ template_filter ] --START--
INFO: Run Behavior\ContentReplace [ RunTime:0.000073s ]
INFO: [ template_filter ] --END-- [ RunTime:0.000158s ]
INFO: Run Behavior\ParseTemplate [ RunTime:0.009075s ]
INFO: [ view_parse ] --END-- [ RunTime:0.009150s ]
INFO: [ view_filter ] --START--
INFO: Run Behavior\WriteHtmlCache [ RunTime:0.000016s ]
INFO: [ view_filter ] --END-- [ RunTime:0.000058s ]
INFO: [ view_end ] --START--
INFO: [ view_end ] --END-- [ RunTime:0.000024s ]
INFO: [ app_end ] --START--
INFO: Run Behavior\ShowPageTrace [ RunTime:0.000037s ]
INFO: [ app_end ] --END-- [ RunTime:0.000103s ]

[ 2016-01-04T02:15:11+08:00 ] 103.41.53.252 http://www.baidu.com/
INFO: [ app_init ] --START--
INFO: [ app_init ] --END-- [ RunTime:0.000372s ]
INFO: [ app_begin ] --START--
INFO: Run Behavior\ReadHtmlCache [ RunTime:0.000072s ]
INFO: [ app_begin ] --END-- [ RunTime:0.000163s ]
INFO: [ action_begin ] --START--
INFO: [ action_begin ] --END-- [ RunTime:0.000049s ]
NOTIC: [8192] mysql_connect(): The mysql extension is deprecated and will be removed in the future: use mysqli or PDO instead /var/www/blog/ThinkPHP/Library/Think/Db/Driver/Mysql.class.php 第 52 行.
SQL: SHOW COLUMNS FROM `class` [ RunTime:0.000851s ]
SQL: SELECT * FROM `class`  [ RunTime:0.000126s ]
SQL: SHOW COLUMNS FROM `articles` [ RunTime:0.000998s ]
SQL: SELECT COUNT(*) AS tp_count FROM `articles` WHERE ( class='UEhQ' ) LIMIT 1   [ RunTime:0.000187s ]
SQL: SELECT COUNT(*) AS tp_count FROM `articles` WHERE ( class='5pWw5o2u57uT5p6E5LiO566X5rOV' ) LIMIT 1   [ RunTime:0.000131s ]
SQL: SELECT COUNT(*) AS tp_count FROM `articles` WHERE ( class='Q29tcHV0ZXIgU3lzdGVt' ) LIMIT 1   [ RunTime:0.000095s ]
SQL: SELECT * FROM `articles` ORDER BY id desc LIMIT 0,5   [ RunTime:0.000100s ]
SQL: SELECT `id`,`title`,`read_sum` FROM `articles` ORDER BY read_sum desc LIMIT 6   [ RunTime:0.000137s ]
SQL: SHOW COLUMNS FROM `friend_link` [ RunTime:0.001044s ]
SQL: SELECT * FROM `friend_link`  [ RunTime:0.000137s ]
INFO: [ view_begin ] --START--
INFO: [ view_begin ] --END-- [ RunTime:0.000037s ]
INFO: [ view_parse ] --START--
INFO: [ template_filter ] --START--
INFO: Run Behavior\ContentReplace [ RunTime:0.000133s ]
INFO: [ template_filter ] --END-- [ RunTime:0.000292s ]
INFO: Run Behavior\ParseTemplate [ RunTime:0.012051s ]
INFO: [ view_parse ] --END-- [ RunTime:0.012237s ]
INFO: [ view_filter ] --START--
INFO: Run Behavior\WriteHtmlCache [ RunTime:0.000026s ]
INFO: [ view_filter ] --END-- [ RunTime:0.000076s ]
INFO: [ view_end ] --START--
INFO: [ view_end ] --END-- [ RunTime:0.000025s ]
INFO: [ app_end ] --START--
INFO: Run Behavior\ShowPageTrace [ RunTime:0.000042s ]
INFO: [ app_end ] --END-- [ RunTime:0.000091s ]

[ 2016-01-04T03:03:34+08:00 ] 121.42.0.35 /
INFO: [ app_init ] --START--
INFO: [ app_init ] --END-- [ RunTime:0.000064s ]
INFO: [ app_begin ] --START--
INFO: Run Behavior\ReadHtmlCache [ RunTime:0.000040s ]
INFO: [ app_begin ] --END-- [ RunTime:0.000096s ]
INFO: [ action_begin ] --START--
INFO: [ action_begin ] --END-- [ RunTime:0.000026s ]
NOTIC: [8192] mysql_connect(): The mysql extension is deprecated and will be removed in the future: use mysqli or PDO instead /var/www/blog/ThinkPHP/Library/Think/Db/Driver/Mysql.class.php 第 52 行.
SQL: SHOW COLUMNS FROM `class` [ RunTime:0.000661s ]
SQL: SELECT * FROM `class`  [ RunTime:0.000101s ]
SQL: SHOW COLUMNS FROM `articles` [ RunTime:0.000655s ]
SQL: SELECT COUNT(*) AS tp_count FROM `articles` WHERE ( class='UEhQ' ) LIMIT 1   [ RunTime:0.000092s ]
SQL: SELECT COUNT(*) AS tp_count FROM `articles` WHERE ( class='5pWw5o2u57uT5p6E5LiO566X5rOV' ) LIMIT 1   [ RunTime:0.000087s ]
SQL: SELECT COUNT(*) AS tp_count FROM `articles` WHERE ( class='Q29tcHV0ZXIgU3lzdGVt' ) LIMIT 1   [ RunTime:0.000083s ]
SQL: SELECT * FROM `articles` ORDER BY id desc LIMIT 0,5   [ RunTime:0.000101s ]
SQL: SELECT `id`,`title`,`read_sum` FROM `articles` ORDER BY read_sum desc LIMIT 6   [ RunTime:0.000175s ]
SQL: SHOW COLUMNS FROM `friend_link` [ RunTime:0.000662s ]
SQL: SELECT * FROM `friend_link`  [ RunTime:0.000093s ]
INFO: [ view_begin ] --START--
INFO: [ view_begin ] --END-- [ RunTime:0.000022s ]
INFO: [ view_parse ] --START--
INFO: [ template_filter ] --START--
INFO: Run Behavior\ContentReplace [ RunTime:0.000094s ]
INFO: [ template_filter ] --END-- [ RunTime:0.000204s ]
INFO: Run Behavior\ParseTemplate [ RunTime:0.009429s ]
INFO: [ view_parse ] --END-- [ RunTime:0.009536s ]
INFO: [ view_filter ] --START--
INFO: Run Behavior\WriteHtmlCache [ RunTime:0.000026s ]
INFO: [ view_filter ] --END-- [ RunTime:0.000074s ]
INFO: [ view_end ] --START--
INFO: [ view_end ] --END-- [ RunTime:0.000029s ]
INFO: [ app_end ] --START--
INFO: Run Behavior\ShowPageTrace [ RunTime:0.000055s ]
INFO: [ app_end ] --END-- [ RunTime:0.000111s ]

[ 2016-01-04T06:13:33+08:00 ] 103.41.53.252 http://www.baidu.com/
INFO: [ app_init ] --START--
INFO: [ app_init ] --END-- [ RunTime:0.000061s ]
INFO: [ app_begin ] --START--
INFO: Run Behavior\ReadHtmlCache [ RunTime:0.000059s ]
INFO: [ app_begin ] --END-- [ RunTime:0.000127s ]
INFO: [ action_begin ] --START--
INFO: [ action_begin ] --END-- [ RunTime:0.000025s ]
NOTIC: [8192] mysql_connect(): The mysql extension is deprecated and will be removed in the future: use mysqli or PDO instead /var/www/blog/ThinkPHP/Library/Think/Db/Driver/Mysql.class.php 第 52 行.
SQL: SHOW COLUMNS FROM `class` [ RunTime:0.000830s ]
SQL: SELECT * FROM `class`  [ RunTime:0.000095s ]
SQL: SHOW COLUMNS FROM `articles` [ RunTime:0.000668s ]
SQL: SELECT COUNT(*) AS tp_count FROM `articles` WHERE ( class='UEhQ' ) LIMIT 1   [ RunTime:0.000091s ]
SQL: SELECT COUNT(*) AS tp_count FROM `articles` WHERE ( class='5pWw5o2u57uT5p6E5LiO566X5rOV' ) LIMIT 1   [ RunTime:0.000089s ]
SQL: SELECT COUNT(*) AS tp_count FROM `articles` WHERE ( class='Q29tcHV0ZXIgU3lzdGVt' ) LIMIT 1   [ RunTime:0.000084s ]
SQL: SELECT * FROM `articles` ORDER BY id desc LIMIT 0,5   [ RunTime:0.000093s ]
SQL: SELECT `id`,`title`,`read_sum` FROM `articles` ORDER BY read_sum desc LIMIT 6   [ RunTime:0.000111s ]
SQL: SHOW COLUMNS FROM `friend_link` [ RunTime:0.000678s ]
SQL: SELECT * FROM `friend_link`  [ RunTime:0.000099s ]
INFO: [ view_begin ] --START--
INFO: [ view_begin ] --END-- [ RunTime:0.000021s ]
INFO: [ view_parse ] --START--
INFO: [ template_filter ] --START--
INFO: Run Behavior\ContentReplace [ RunTime:0.000075s ]
INFO: [ template_filter ] --END-- [ RunTime:0.000159s ]
INFO: Run Behavior\ParseTemplate [ RunTime:0.008372s ]
INFO: [ view_parse ] --END-- [ RunTime:0.008446s ]
INFO: [ view_filter ] --START--
INFO: Run Behavior\WriteHtmlCache [ RunTime:0.000018s ]
INFO: [ view_filter ] --END-- [ RunTime:0.000061s ]
INFO: [ view_end ] --START--
INFO: [ view_end ] --END-- [ RunTime:0.000024s ]
INFO: [ app_end ] --START--
INFO: Run Behavior\ShowPageTrace [ RunTime:0.000034s ]
INFO: [ app_end ] --END-- [ RunTime:0.000080s ]

[ 2016-01-04T06:25:25+08:00 ] 23.251.63.45 http://www.baidu.com/
INFO: [ app_init ] --START--
INFO: [ app_init ] --END-- [ RunTime:0.001046s ]
INFO: [ app_begin ] --START--
INFO: Run Behavior\ReadHtmlCache [ RunTime:0.000059s ]
INFO: [ app_begin ] --END-- [ RunTime:0.000134s ]
INFO: [ action_begin ] --START--
INFO: [ action_begin ] --END-- [ RunTime:0.000046s ]
NOTIC: [8192] mysql_connect(): The mysql extension is deprecated and will be removed in the future: use mysqli or PDO instead /var/www/blog/ThinkPHP/Library/Think/Db/Driver/Mysql.class.php 第 52 行.
SQL: SHOW COLUMNS FROM `class` [ RunTime:0.000865s ]
SQL: SELECT * FROM `class`  [ RunTime:0.000110s ]
SQL: SHOW COLUMNS FROM `articles` [ RunTime:0.000840s ]
SQL: SELECT COUNT(*) AS tp_count FROM `articles` WHERE ( class='UEhQ' ) LIMIT 1   [ RunTime:0.000102s ]
SQL: SELECT COUNT(*) AS tp_count FROM `articles` WHERE ( class='5pWw5o2u57uT5p6E5LiO566X5rOV' ) LIMIT 1   [ RunTime:0.000086s ]
SQL: SELECT COUNT(*) AS tp_count FROM `articles` WHERE ( class='Q29tcHV0ZXIgU3lzdGVt' ) LIMIT 1   [ RunTime:0.000087s ]
SQL: SELECT * FROM `articles` ORDER BY id desc LIMIT 0,5   [ RunTime:0.000098s ]
SQL: SELECT `id`,`title`,`read_sum` FROM `articles` ORDER BY read_sum desc LIMIT 6   [ RunTime:0.000094s ]
SQL: SHOW COLUMNS FROM `friend_link` [ RunTime:0.000800s ]
SQL: SELECT * FROM `friend_link`  [ RunTime:0.000105s ]
INFO: [ view_begin ] --START--
INFO: [ view_begin ] --END-- [ RunTime:0.000024s ]
INFO: [ view_parse ] --START--
INFO: [ template_filter ] --START--
INFO: Run Behavior\ContentReplace [ RunTime:0.000095s ]
INFO: [ template_filter ] --END-- [ RunTime:0.000208s ]
INFO: Run Behavior\ParseTemplate [ RunTime:0.018331s ]
INFO: [ view_parse ] --END-- [ RunTime:0.018449s ]
INFO: [ view_filter ] --START--
INFO: Run Behavior\WriteHtmlCache [ RunTime:0.000023s ]
INFO: [ view_filter ] --END-- [ RunTime:0.000224s ]
INFO: [ view_end ] --START--
INFO: [ view_end ] --END-- [ RunTime:0.000036s ]
INFO: [ app_end ] --START--
INFO: Run Behavior\ShowPageTrace [ RunTime:0.000067s ]
INFO: [ app_end ] --END-- [ RunTime:0.000165s ]

[ 2016-01-04T06:25:26+08:00 ] 23.251.63.45 www.baidu.com:443
INFO: [ app_init ] --START--
INFO: [ app_init ] --END-- [ RunTime:0.000211s ]
INFO: [ app_begin ] --START--
INFO: Run Behavior\ReadHtmlCache [ RunTime:0.000068s ]
INFO: [ app_begin ] --END-- [ RunTime:0.000170s ]
INFO: [ action_begin ] --START--
INFO: [ action_begin ] --END-- [ RunTime:0.000065s ]
NOTIC: [8192] mysql_connect(): The mysql extension is deprecated and will be removed in the future: use mysqli or PDO instead /var/www/blog/ThinkPHP/Library/Think/Db/Driver/Mysql.class.php 第 52 行.
SQL: SHOW COLUMNS FROM `class` [ RunTime:0.000865s ]
SQL: SELECT * FROM `class`  [ RunTime:0.000147s ]
SQL: SHOW COLUMNS FROM `articles` [ RunTime:0.001026s ]
SQL: SELECT COUNT(*) AS tp_count FROM `articles` WHERE ( class='UEhQ' ) LIMIT 1   [ RunTime:0.000131s ]
SQL: SELECT COUNT(*) AS tp_count FROM `articles` WHERE ( class='5pWw5o2u57uT5p6E5LiO566X5rOV' ) LIMIT 1   [ RunTime:0.000092s ]
SQL: SELECT COUNT(*) AS tp_count FROM `articles` WHERE ( class='Q29tcHV0ZXIgU3lzdGVt' ) LIMIT 1   [ RunTime:0.000090s ]
SQL: SELECT * FROM `articles` ORDER BY id desc LIMIT 0,5   [ RunTime:0.000100s ]
SQL: SELECT `id`,`title`,`read_sum` FROM `articles` ORDER BY read_sum desc LIMIT 6   [ RunTime:0.000109s ]
SQL: SHOW COLUMNS FROM `friend_link` [ RunTime:0.000869s ]
SQL: SELECT * FROM `friend_link`  [ RunTime:0.000110s ]
INFO: [ view_begin ] --START--
INFO: [ view_begin ] --END-- [ RunTime:0.000024s ]
INFO: [ view_parse ] --START--
INFO: [ template_filter ] --START--
INFO: Run Behavior\ContentReplace [ RunTime:0.000103s ]
INFO: [ template_filter ] --END-- [ RunTime:0.000233s ]
INFO: Run Behavior\ParseTemplate [ RunTime:0.010661s ]
INFO: [ view_parse ] --END-- [ RunTime:0.010794s ]
INFO: [ view_filter ] --START--
INFO: Run Behavior\WriteHtmlCache [ RunTime:0.000026s ]
INFO: [ view_filter ] --END-- [ RunTime:0.000073s ]
INFO: [ view_end ] --START--
INFO: [ view_end ] --END-- [ RunTime:0.000029s ]
INFO: [ app_end ] --START--
INFO: Run Behavior\ShowPageTrace [ RunTime:0.000042s ]
INFO: [ app_end ] --END-- [ RunTime:0.000093s ]

[ 2016-01-04T08:58:24+08:00 ] 180.109.139.233 http://www.baidu.com
INFO: [ app_init ] --START--
INFO: [ app_init ] --END-- [ RunTime:0.000219s ]
INFO: [ app_begin ] --START--
INFO: Run Behavior\ReadHtmlCache [ RunTime:0.000066s ]
INFO: [ app_begin ] --END-- [ RunTime:0.000244s ]
INFO: [ action_begin ] --START--
INFO: [ action_begin ] --END-- [ RunTime:0.000037s ]
NOTIC: [8192] mysql_connect(): The mysql extension is deprecated and will be removed in the future: use mysqli or PDO instead /var/www/blog/ThinkPHP/Library/Think/Db/Driver/Mysql.class.php 第 52 行.
SQL: SHOW COLUMNS FROM `class` [ RunTime:0.001035s ]
SQL: SELECT * FROM `class`  [ RunTime:0.000137s ]
SQL: SHOW COLUMNS FROM `articles` [ RunTime:0.000985s ]
SQL: SELECT COUNT(*) AS tp_count FROM `articles` WHERE ( class='UEhQ' ) LIMIT 1   [ RunTime:0.000113s ]
SQL: SELECT COUNT(*) AS tp_count FROM `articles` WHERE ( class='5pWw5o2u57uT5p6E5LiO566X5rOV' ) LIMIT 1   [ RunTime:0.000118s ]
SQL: SELECT COUNT(*) AS tp_count FROM `articles` WHERE ( class='Q29tcHV0ZXIgU3lzdGVt' ) LIMIT 1   [ RunTime:0.000088s ]
SQL: SELECT * FROM `articles` ORDER BY id desc LIMIT 0,5   [ RunTime:0.000100s ]
SQL: SELECT `id`,`title`,`read_sum` FROM `articles` ORDER BY read_sum desc LIMIT 6   [ RunTime:0.000103s ]
SQL: SHOW COLUMNS FROM `friend_link` [ RunTime:0.000899s ]
SQL: SELECT * FROM `friend_link`  [ RunTime:0.000096s ]
INFO: [ view_begin ] --START--
INFO: [ view_begin ] --END-- [ RunTime:0.000025s ]
INFO: [ view_parse ] --START--
INFO: [ template_filter ] --START--
INFO: Run Behavior\ContentReplace [ RunTime:0.000100s ]
INFO: [ template_filter ] --END-- [ RunTime:0.000210s ]
INFO: Run Behavior\ParseTemplate [ RunTime:0.010150s ]
INFO: [ view_parse ] --END-- [ RunTime:0.010271s ]
INFO: [ view_filter ] --START--
INFO: Run Behavior\WriteHtmlCache [ RunTime:0.000025s ]
INFO: [ view_filter ] --END-- [ RunTime:0.000070s ]
INFO: [ view_end ] --START--
INFO: [ view_end ] --END-- [ RunTime:0.000026s ]
INFO: [ app_end ] --START--
INFO: Run Behavior\ShowPageTrace [ RunTime:0.000061s ]
INFO: [ app_end ] --END-- [ RunTime:0.000123s ]

[ 2016-01-04T10:04:50+08:00 ] 93.174.93.203 /
INFO: [ app_init ] --START--
INFO: [ app_init ] --END-- [ RunTime:0.000201s ]
INFO: [ app_begin ] --START--
INFO: Run Behavior\ReadHtmlCache [ RunTime:0.000080s ]
INFO: [ app_begin ] --END-- [ RunTime:0.000158s ]
INFO: [ action_begin ] --START--
INFO: [ action_begin ] --END-- [ RunTime:0.000034s ]
NOTIC: [8192] mysql_connect(): The mysql extension is deprecated and will be removed in the future: use mysqli or PDO instead /var/www/blog/ThinkPHP/Library/Think/Db/Driver/Mysql.class.php 第 52 行.
SQL: SHOW COLUMNS FROM `class` [ RunTime:0.000898s ]
SQL: SELECT * FROM `class`  [ RunTime:0.000111s ]
SQL: SHOW COLUMNS FROM `articles` [ RunTime:0.000773s ]
SQL: SELECT COUNT(*) AS tp_count FROM `articles` WHERE ( class='UEhQ' ) LIMIT 1   [ RunTime:0.000182s ]
SQL: SELECT COUNT(*) AS tp_count FROM `articles` WHERE ( class='5pWw5o2u57uT5p6E5LiO566X5rOV' ) LIMIT 1   [ RunTime:0.000088s ]
SQL: SELECT COUNT(*) AS tp_count FROM `articles` WHERE ( class='Q29tcHV0ZXIgU3lzdGVt' ) LIMIT 1   [ RunTime:0.000100s ]
SQL: SELECT * FROM `articles` ORDER BY id desc LIMIT 0,5   [ RunTime:0.000100s ]
SQL: SELECT `id`,`title`,`read_sum` FROM `articles` ORDER BY read_sum desc LIMIT 6   [ RunTime:0.000107s ]
SQL: SHOW COLUMNS FROM `friend_link` [ RunTime:0.000821s ]
SQL: SELECT * FROM `friend_link`  [ RunTime:0.000094s ]
INFO: [ view_begin ] --START--
INFO: [ view_begin ] --END-- [ RunTime:0.000037s ]
INFO: [ view_parse ] --START--
INFO: [ template_filter ] --START--
INFO: Run Behavior\ContentReplace [ RunTime:0.000105s ]
INFO: [ template_filter ] --END-- [ RunTime:0.000321s ]
INFO: Run Behavior\ParseTemplate [ RunTime:0.010302s ]
INFO: [ view_parse ] --END-- [ RunTime:0.010390s ]
INFO: [ view_filter ] --START--
INFO: Run Behavior\WriteHtmlCache [ RunTime:0.000016s ]
INFO: [ view_filter ] --END-- [ RunTime:0.000059s ]
INFO: [ view_end ] --START--
INFO: [ view_end ] --END-- [ RunTime:0.000025s ]
INFO: [ app_end ] --START--
INFO: Run Behavior\ShowPageTrace [ RunTime:0.000035s ]
INFO: [ app_end ] --END-- [ RunTime:0.000080s ]

[ 2016-01-04T13:00:35+08:00 ] 123.151.42.61 http://www.baidu.com/
INFO: [ app_init ] --START--
INFO: [ app_init ] --END-- [ RunTime:0.000062s ]
INFO: [ app_begin ] --START--
INFO: Run Behavior\ReadHtmlCache [ RunTime:0.000041s ]
INFO: [ app_begin ] --END-- [ RunTime:0.000096s ]
INFO: [ action_begin ] --START--
INFO: [ action_begin ] --END-- [ RunTime:0.000026s ]
NOTIC: [8192] mysql_connect(): The mysql extension is deprecated and will be removed in the future: use mysqli or PDO instead /var/www/blog/ThinkPHP/Library/Think/Db/Driver/Mysql.class.php 第 52 行.
SQL: SHOW COLUMNS FROM `class` [ RunTime:0.000653s ]
SQL: SELECT * FROM `class`  [ RunTime:0.000096s ]
SQL: SHOW COLUMNS FROM `articles` [ RunTime:0.000663s ]
SQL: SELECT COUNT(*) AS tp_count FROM `articles` WHERE ( class='UEhQ' ) LIMIT 1   [ RunTime:0.000091s ]
SQL: SELECT COUNT(*) AS tp_count FROM `articles` WHERE ( class='5pWw5o2u57uT5p6E5LiO566X5rOV' ) LIMIT 1   [ RunTime:0.000086s ]
SQL: SELECT COUNT(*) AS tp_count FROM `articles` WHERE ( class='Q29tcHV0ZXIgU3lzdGVt' ) LIMIT 1   [ RunTime:0.000092s ]
SQL: SELECT * FROM `articles` ORDER BY id desc LIMIT 0,5   [ RunTime:0.000118s ]
SQL: SELECT `id`,`title`,`read_sum` FROM `articles` ORDER BY read_sum desc LIMIT 6   [ RunTime:0.000113s ]
SQL: SHOW COLUMNS FROM `friend_link` [ RunTime:0.000888s ]
SQL: SELECT * FROM `friend_link`  [ RunTime:0.000104s ]
INFO: [ view_begin ] --START--
INFO: [ view_begin ] --END-- [ RunTime:0.000023s ]
INFO: [ view_parse ] --START--
INFO: [ template_filter ] --START--
INFO: Run Behavior\ContentReplace [ RunTime:0.000150s ]
INFO: [ template_filter ] --END-- [ RunTime:0.000334s ]
INFO: Run Behavior\ParseTemplate [ RunTime:0.011170s ]
INFO: [ view_parse ] --END-- [ RunTime:0.011271s ]
INFO: [ view_filter ] --START--
INFO: Run Behavior\WriteHtmlCache [ RunTime:0.000026s ]
INFO: [ view_filter ] --END-- [ RunTime:0.000084s ]
INFO: [ view_end ] --START--
INFO: [ view_end ] --END-- [ RunTime:0.000038s ]
INFO: [ app_end ] --START--
INFO: Run Behavior\ShowPageTrace [ RunTime:0.000039s ]
INFO: [ app_end ] --END-- [ RunTime:0.000101s ]

[ 2016-01-04T17:07:43+08:00 ] 121.42.210.61 /
INFO: [ app_init ] --START--
INFO: [ app_init ] --END-- [ RunTime:0.000123s ]
INFO: [ app_begin ] --START--
INFO: Run Behavior\ReadHtmlCache [ RunTime:0.000074s ]
INFO: [ app_begin ] --END-- [ RunTime:0.000168s ]
INFO: [ action_begin ] --START--
INFO: [ action_begin ] --END-- [ RunTime:0.000050s ]
NOTIC: [8192] mysql_connect(): The mysql extension is deprecated and will be removed in the future: use mysqli or PDO instead /var/www/blog/ThinkPHP/Library/Think/Db/Driver/Mysql.class.php 第 52 行.
SQL: SHOW COLUMNS FROM `class` [ RunTime:0.001021s ]
SQL: SELECT * FROM `class`  [ RunTime:0.000144s ]
SQL: SHOW COLUMNS FROM `articles` [ RunTime:0.001280s ]
SQL: SELECT COUNT(*) AS tp_count FROM `articles` WHERE ( class='UEhQ' ) LIMIT 1   [ RunTime:0.000127s ]
SQL: SELECT COUNT(*) AS tp_count FROM `articles` WHERE ( class='5pWw5o2u57uT5p6E5LiO566X5rOV' ) LIMIT 1   [ RunTime:0.000086s ]
SQL: SELECT COUNT(*) AS tp_count FROM `articles` WHERE ( class='Q29tcHV0ZXIgU3lzdGVt' ) LIMIT 1   [ RunTime:0.000084s ]
SQL: SELECT * FROM `articles` ORDER BY id desc LIMIT 0,5   [ RunTime:0.000097s ]
SQL: SELECT `id`,`title`,`read_sum` FROM `articles` ORDER BY read_sum desc LIMIT 6   [ RunTime:0.000103s ]
SQL: SHOW COLUMNS FROM `friend_link` [ RunTime:0.001360s ]
SQL: SELECT * FROM `friend_link`  [ RunTime:0.000309s ]
INFO: [ view_begin ] --START--
INFO: [ view_begin ] --END-- [ RunTime:0.000040s ]
INFO: [ view_parse ] --START--
INFO: [ template_filter ] --START--
INFO: Run Behavior\ContentReplace [ RunTime:0.000092s ]
INFO: [ template_filter ] --END-- [ RunTime:0.000209s ]
INFO: Run Behavior\ParseTemplate [ RunTime:0.010776s ]
INFO: [ view_parse ] --END-- [ RunTime:0.010859s ]
INFO: [ view_filter ] --START--
INFO: Run Behavior\WriteHtmlCache [ RunTime:0.000020s ]
INFO: [ view_filter ] --END-- [ RunTime:0.000067s ]
INFO: [ view_end ] --START--
INFO: [ view_end ] --END-- [ RunTime:0.000024s ]
INFO: [ app_end ] --START--
INFO: Run Behavior\ShowPageTrace [ RunTime:0.000035s ]
INFO: [ app_end ] --END-- [ RunTime:0.000079s ]

[ 2016-01-04T18:36:25+08:00 ] 115.28.43.230 search.yahoo.com:443
INFO: [ app_init ] --START--
INFO: [ app_init ] --END-- [ RunTime:0.000193s ]
INFO: [ app_begin ] --START--
INFO: Run Behavior\ReadHtmlCache [ RunTime:0.000065s ]
INFO: [ app_begin ] --END-- [ RunTime:0.000143s ]
INFO: [ action_begin ] --START--
INFO: [ action_begin ] --END-- [ RunTime:0.000046s ]
NOTIC: [8192] mysql_connect(): The mysql extension is deprecated and will be removed in the future: use mysqli or PDO instead /var/www/blog/ThinkPHP/Library/Think/Db/Driver/Mysql.class.php 第 52 行.
SQL: SHOW COLUMNS FROM `class` [ RunTime:0.000854s ]
SQL: SELECT * FROM `class`  [ RunTime:0.000147s ]
SQL: SHOW COLUMNS FROM `articles` [ RunTime:0.001038s ]
SQL: SELECT COUNT(*) AS tp_count FROM `articles` WHERE ( class='UEhQ' ) LIMIT 1   [ RunTime:0.000122s ]
SQL: SELECT COUNT(*) AS tp_count FROM `articles` WHERE ( class='5pWw5o2u57uT5p6E5LiO566X5rOV' ) LIMIT 1   [ RunTime:0.000093s ]
SQL: SELECT COUNT(*) AS tp_count FROM `articles` WHERE ( class='Q29tcHV0ZXIgU3lzdGVt' ) LIMIT 1   [ RunTime:0.000088s ]
SQL: SELECT * FROM `articles` ORDER BY id desc LIMIT 0,5   [ RunTime:0.000101s ]
SQL: SELECT `id`,`title`,`read_sum` FROM `articles` ORDER BY read_sum desc LIMIT 6   [ RunTime:0.000091s ]
SQL: SHOW COLUMNS FROM `friend_link` [ RunTime:0.000817s ]
SQL: SELECT * FROM `friend_link`  [ RunTime:0.000096s ]
INFO: [ view_begin ] --START--
INFO: [ view_begin ] --END-- [ RunTime:0.000024s ]
INFO: [ view_parse ] --START--
INFO: [ template_filter ] --START--
INFO: Run Behavior\ContentReplace [ RunTime:0.000090s ]
INFO: [ template_filter ] --END-- [ RunTime:0.000198s ]
INFO: Run Behavior\ParseTemplate [ RunTime:0.011825s ]
INFO: [ view_parse ] --END-- [ RunTime:0.011956s ]
INFO: [ view_filter ] --START--
INFO: Run Behavior\WriteHtmlCache [ RunTime:0.000024s ]
INFO: [ view_filter ] --END-- [ RunTime:0.000070s ]
INFO: [ view_end ] --START--
INFO: [ view_end ] --END-- [ RunTime:0.000025s ]
INFO: [ app_end ] --START--
INFO: Run Behavior\ShowPageTrace [ RunTime:0.000039s ]
INFO: [ app_end ] --END-- [ RunTime:0.000105s ]

[ 2016-01-04T18:36:25+08:00 ] 115.28.43.230 search.yahoo.com:443
INFO: [ app_init ] --START--
INFO: [ app_init ] --END-- [ RunTime:0.000054s ]
INFO: [ app_begin ] --START--
INFO: Run Behavior\ReadHtmlCache [ RunTime:0.000051s ]
INFO: [ app_begin ] --END-- [ RunTime:0.000109s ]
INFO: [ action_begin ] --START--
INFO: [ action_begin ] --END-- [ RunTime:0.000025s ]
NOTIC: [8192] mysql_connect(): The mysql extension is deprecated and will be removed in the future: use mysqli or PDO instead /var/www/blog/ThinkPHP/Library/Think/Db/Driver/Mysql.class.php 第 52 行.
SQL: SHOW COLUMNS FROM `class` [ RunTime:0.000683s ]
SQL: SELECT * FROM `class`  [ RunTime:0.000094s ]
SQL: SHOW COLUMNS FROM `articles` [ RunTime:0.000673s ]
SQL: SELECT COUNT(*) AS tp_count FROM `articles` WHERE ( class='UEhQ' ) LIMIT 1   [ RunTime:0.000091s ]
SQL: SELECT COUNT(*) AS tp_count FROM `articles` WHERE ( class='5pWw5o2u57uT5p6E5LiO566X5rOV' ) LIMIT 1   [ RunTime:0.000085s ]
SQL: SELECT COUNT(*) AS tp_count FROM `articles` WHERE ( class='Q29tcHV0ZXIgU3lzdGVt' ) LIMIT 1   [ RunTime:0.000089s ]
SQL: SELECT * FROM `articles` ORDER BY id desc LIMIT 0,5   [ RunTime:0.000089s ]
SQL: SELECT `id`,`title`,`read_sum` FROM `articles` ORDER BY read_sum desc LIMIT 6   [ RunTime:0.000091s ]
SQL: SHOW COLUMNS FROM `friend_link` [ RunTime:0.000537s ]
SQL: SELECT * FROM `friend_link`  [ RunTime:0.000089s ]
INFO: [ view_begin ] --START--
INFO: [ view_begin ] --END-- [ RunTime:0.000022s ]
INFO: [ view_parse ] --START--
INFO: [ template_filter ] --START--
INFO: Run Behavior\ContentReplace [ RunTime:0.000104s ]
INFO: [ template_filter ] --END-- [ RunTime:0.000217s ]
INFO: Run Behavior\ParseTemplate [ RunTime:0.009264s ]
INFO: [ view_parse ] --END-- [ RunTime:0.009376s ]
INFO: [ view_filter ] --START--
INFO: Run Behavior\WriteHtmlCache [ RunTime:0.000025s ]
INFO: [ view_filter ] --END-- [ RunTime:0.000071s ]
INFO: [ view_end ] --START--
INFO: [ view_end ] --END-- [ RunTime:0.000038s ]
INFO: [ app_end ] --START--
INFO: Run Behavior\ShowPageTrace [ RunTime:0.000051s ]
INFO: [ app_end ] --END-- [ RunTime:0.000133s ]

[ 2016-01-04T19:34:15+08:00 ] 114.215.239.201 /
INFO: [ app_init ] --START--
INFO: [ app_init ] --END-- [ RunTime:0.000099s ]
INFO: [ app_begin ] --START--
INFO: Run Behavior\ReadHtmlCache [ RunTime:0.000065s ]
INFO: [ app_begin ] --END-- [ RunTime:0.000279s ]
INFO: [ action_begin ] --START--
INFO: [ action_begin ] --END-- [ RunTime:0.000062s ]
NOTIC: [8192] mysql_connect(): The mysql extension is deprecated and will be removed in the future: use mysqli or PDO instead /var/www/blog/ThinkPHP/Library/Think/Db/Driver/Mysql.class.php 第 52 行.
SQL: SHOW COLUMNS FROM `class` [ RunTime:0.000711s ]
SQL: SELECT * FROM `class`  [ RunTime:0.000096s ]
SQL: SHOW COLUMNS FROM `articles` [ RunTime:0.000631s ]
SQL: SELECT COUNT(*) AS tp_count FROM `articles` WHERE ( class='UEhQ' ) LIMIT 1   [ RunTime:0.000281s ]
SQL: SELECT COUNT(*) AS tp_count FROM `articles` WHERE ( class='5pWw5o2u57uT5p6E5LiO566X5rOV' ) LIMIT 1   [ RunTime:0.000096s ]
SQL: SELECT COUNT(*) AS tp_count FROM `articles` WHERE ( class='Q29tcHV0ZXIgU3lzdGVt' ) LIMIT 1   [ RunTime:0.000086s ]
SQL: SELECT * FROM `articles` ORDER BY id desc LIMIT 0,5   [ RunTime:0.000117s ]
SQL: SELECT `id`,`title`,`read_sum` FROM `articles` ORDER BY read_sum desc LIMIT 6   [ RunTime:0.000101s ]
SQL: SHOW COLUMNS FROM `friend_link` [ RunTime:0.000788s ]
SQL: SELECT * FROM `friend_link`  [ RunTime:0.000093s ]
INFO: [ view_begin ] --START--
INFO: [ view_begin ] --END-- [ RunTime:0.000030s ]
INFO: [ view_parse ] --START--
INFO: [ template_filter ] --START--
INFO: Run Behavior\ContentReplace [ RunTime:0.000127s ]
INFO: [ template_filter ] --END-- [ RunTime:0.000277s ]
INFO: Run Behavior\ParseTemplate [ RunTime:0.011911s ]
INFO: [ view_parse ] --END-- [ RunTime:0.012052s ]
INFO: [ view_filter ] --START--
INFO: Run Behavior\WriteHtmlCache [ RunTime:0.000026s ]
INFO: [ view_filter ] --END-- [ RunTime:0.000084s ]
INFO: [ view_end ] --START--
INFO: [ view_end ] --END-- [ RunTime:0.000024s ]
INFO: [ app_end ] --START--
INFO: Run Behavior\ShowPageTrace [ RunTime:0.000063s ]
INFO: [ app_end ] --END-- [ RunTime:0.000216s ]

[ 2016-01-04T21:11:17+08:00 ] 54.201.192.218 /
INFO: [ app_init ] --START--
INFO: [ app_init ] --END-- [ RunTime:0.000074s ]
INFO: [ app_begin ] --START--
INFO: Run Behavior\ReadHtmlCache [ RunTime:0.000047s ]
INFO: [ app_begin ] --END-- [ RunTime:0.000105s ]
INFO: [ action_begin ] --START--
INFO: [ action_begin ] --END-- [ RunTime:0.000042s ]
NOTIC: [8192] mysql_connect(): The mysql extension is deprecated and will be removed in the future: use mysqli or PDO instead /var/www/blog/ThinkPHP/Library/Think/Db/Driver/Mysql.class.php 第 52 行.
SQL: SHOW COLUMNS FROM `class` [ RunTime:0.000918s ]
SQL: SELECT * FROM `class`  [ RunTime:0.000137s ]
SQL: SHOW COLUMNS FROM `articles` [ RunTime:0.000941s ]
SQL: SELECT COUNT(*) AS tp_count FROM `articles` WHERE ( class='UEhQ' ) LIMIT 1   [ RunTime:0.000130s ]
SQL: SELECT COUNT(*) AS tp_count FROM `articles` WHERE ( class='5pWw5o2u57uT5p6E5LiO566X5rOV' ) LIMIT 1   [ RunTime:0.000088s ]
SQL: SELECT COUNT(*) AS tp_count FROM `articles` WHERE ( class='Q29tcHV0ZXIgU3lzdGVt' ) LIMIT 1   [ RunTime:0.000087s ]
SQL: SELECT * FROM `articles` ORDER BY id desc LIMIT 0,5   [ RunTime:0.000091s ]
SQL: SELECT `id`,`title`,`read_sum` FROM `articles` ORDER BY read_sum desc LIMIT 6   [ RunTime:0.000092s ]
SQL: SHOW COLUMNS FROM `friend_link` [ RunTime:0.001455s ]
SQL: SELECT * FROM `friend_link`  [ RunTime:0.000166s ]
INFO: [ view_begin ] --START--
INFO: [ view_begin ] --END-- [ RunTime:0.000029s ]
INFO: [ view_parse ] --START--
INFO: [ template_filter ] --START--
INFO: Run Behavior\ContentReplace [ RunTime:0.000116s ]
INFO: [ template_filter ] --END-- [ RunTime:0.000247s ]
INFO: Run Behavior\ParseTemplate [ RunTime:0.009105s ]
INFO: [ view_parse ] --END-- [ RunTime:0.009217s ]
INFO: [ view_filter ] --START--
INFO: Run Behavior\WriteHtmlCache [ RunTime:0.000034s ]
INFO: [ view_filter ] --END-- [ RunTime:0.000092s ]
INFO: [ view_end ] --START--
INFO: [ view_end ] --END-- [ RunTime:0.000026s ]
INFO: [ app_end ] --START--
INFO: Run Behavior\ShowPageTrace [ RunTime:0.000041s ]
INFO: [ app_end ] --END-- [ RunTime:0.000111s ]

