[ 2016-03-08T18:42:44+08:00 ] 127.0.0.1 /index.php/
NOTIC: [2] file_put_contents(./Home/index.html): failed to open stream: Permission denied /var/www/blog/ThinkPHP/Common/build.php 第 99 行.
NOTIC: [2] file_put_contents(./Home/Common/index.html): failed to open stream: Permission denied /var/www/blog/ThinkPHP/Common/build.php 第 99 行.
NOTIC: [2] file_put_contents(./Home/Controller/index.html): failed to open stream: Permission denied /var/www/blog/ThinkPHP/Common/build.php 第 99 行.
NOTIC: [2] file_put_contents(./Home/Model/index.html): failed to open stream: Permission denied /var/www/blog/ThinkPHP/Common/build.php 第 99 行.
NOTIC: [2] file_put_contents(./Home/Conf/index.html): failed to open stream: Permission denied /var/www/blog/ThinkPHP/Common/build.php 第 99 行.
NOTIC: [2] file_put_contents(./Home/View/index.html): failed to open stream: Permission denied /var/www/blog/ThinkPHP/Common/build.php 第 99 行.
INFO: [ app_init ] --START--
INFO: [ app_init ] --END-- [ RunTime:0.000044s ]
INFO: [ app_begin ] --START--
INFO: Run Behavior\ReadHtmlCache [ RunTime:0.000041s ]
INFO: [ app_begin ] --END-- [ RunTime:0.000096s ]
INFO: [ action_begin ] --START--
INFO: [ action_begin ] --END-- [ RunTime:0.000039s ]
NOTIC: [8] A session had already been started - ignoring session_start() /var/www/blog/ThinkPHP/Common/functions.php 第 1056 行.
NOTIC: [8192] mysql_connect(): The mysql extension is deprecated and will be removed in the future: use mysqli or PDO instead /var/www/blog/ThinkPHP/Library/Think/Db/Driver/Mysql.class.php 第 52 行.
ERR: Unknown database '*ocalhost'

[ 2016-03-08T18:42:58+08:00 ] 127.0.0.1 /index.php/
INFO: [ app_init ] --START--
INFO: [ app_init ] --END-- [ RunTime:0.000065s ]
INFO: [ app_begin ] --START--
INFO: Run Behavior\ReadHtmlCache [ RunTime:0.000061s ]
INFO: [ app_begin ] --END-- [ RunTime:0.000152s ]
INFO: [ action_begin ] --START--
INFO: [ action_begin ] --END-- [ RunTime:0.000036s ]
NOTIC: [8] A session had already been started - ignoring session_start() /var/www/blog/ThinkPHP/Common/functions.php 第 1056 行.
NOTIC: [8192] mysql_connect(): The mysql extension is deprecated and will be removed in the future: use mysqli or PDO instead /var/www/blog/ThinkPHP/Library/Think/Db/Driver/Mysql.class.php 第 52 行.
SQL: SHOW COLUMNS FROM `class` [ RunTime:0.000790s ]
SQL: SELECT `id`,`name`,`color` FROM `class`  [ RunTime:0.000077s ]
SQL: SHOW COLUMNS FROM `articles` [ RunTime:0.000781s ]
SQL: SELECT * FROM `articles` ORDER BY id desc LIMIT 0,5   [ RunTime:0.000086s ]
SQL: SELECT `id`,`title`,`read_sum` FROM `articles` ORDER BY read_sum desc LIMIT 6   [ RunTime:0.000120s ]
SQL: SHOW COLUMNS FROM `friend_link` [ RunTime:0.001027s ]
SQL: SELECT * FROM `friend_link`  [ RunTime:0.000073s ]
SQL: SELECT COUNT(*) AS tp_count FROM `articles` LIMIT 1   [ RunTime:0.000083s ]
SQL: SELECT SUM(read_sum) AS tp_sum FROM `articles` LIMIT 1   [ RunTime:0.000073s ]
INFO: [ view_begin ] --START--
INFO: [ view_begin ] --END-- [ RunTime:0.000035s ]
INFO: [ view_parse ] --START--
INFO: [ template_filter ] --START--
INFO: Run Behavior\ContentReplace [ RunTime:0.000059s ]
INFO: [ template_filter ] --END-- [ RunTime:0.000123s ]
INFO: Run Behavior\ParseTemplate [ RunTime:0.007311s ]
INFO: [ view_parse ] --END-- [ RunTime:0.007374s ]
INFO: [ view_filter ] --START--
INFO: Run Behavior\WriteHtmlCache [ RunTime:0.000013s ]
INFO: [ view_filter ] --END-- [ RunTime:0.000049s ]
INFO: [ view_end ] --START--
INFO: [ view_end ] --END-- [ RunTime:0.000021s ]
INFO: [ app_end ] --START--
INFO: Run Behavior\ShowPageTrace [ RunTime:0.000029s ]
INFO: [ app_end ] --END-- [ RunTime:0.000065s ]

[ 2016-03-08T18:43:01+08:00 ] 127.0.0.1 /index.php/Home/ChangeClass/index/class/PHP
INFO: [ app_init ] --START--
INFO: [ app_init ] --END-- [ RunTime:0.000058s ]
INFO: [ path_info ] --START--
INFO: [ path_info ] --END-- [ RunTime:0.000027s ]
INFO: [ app_begin ] --START--
INFO: Run Behavior\ReadHtmlCache [ RunTime:0.000041s ]
INFO: [ app_begin ] --END-- [ RunTime:0.000094s ]
INFO: [ action_begin ] --START--
INFO: [ action_begin ] --END-- [ RunTime:0.000023s ]
NOTIC: [8192] mysql_connect(): The mysql extension is deprecated and will be removed in the future: use mysqli or PDO instead /var/www/blog/ThinkPHP/Library/Think/Db/Driver/Mysql.class.php 第 52 行.
SQL: SHOW COLUMNS FROM `class` [ RunTime:0.000684s ]
SQL: SELECT * FROM `class` WHERE ( name='UEhQ' ) LIMIT 1   [ RunTime:0.000086s ]
SQL: SHOW COLUMNS FROM `articles` [ RunTime:0.001074s ]
SQL: SELECT * FROM `articles` WHERE ( class='UEhQ' ) ORDER BY id desc LIMIT 0,5   [ RunTime:0.000092s ]
SQL: SELECT * FROM `class`  [ RunTime:0.000086s ]
SQL: SELECT `id`,`title`,`read_sum` FROM `articles` WHERE ( class='UEhQ' ) ORDER BY read_sum desc LIMIT 6   [ RunTime:0.000080s ]
SQL: SHOW COLUMNS FROM `friend_link` [ RunTime:0.000672s ]
SQL: SELECT * FROM `friend_link`  [ RunTime:0.000085s ]
SQL: SELECT COUNT(*) AS tp_count FROM `articles` WHERE ( class='UEhQ' ) LIMIT 1   [ RunTime:0.000083s ]
SQL: SELECT SUM(read_sum) AS tp_sum FROM `articles` WHERE ( class='UEhQ' ) LIMIT 1   [ RunTime:0.000176s ]
INFO: [ view_begin ] --START--
INFO: [ view_begin ] --END-- [ RunTime:0.000024s ]
INFO: [ view_parse ] --START--
INFO: [ template_filter ] --START--
INFO: Run Behavior\ContentReplace [ RunTime:0.000081s ]
INFO: [ template_filter ] --END-- [ RunTime:0.000238s ]
NOTIC: [2] Illegal string offset 'color' /var/www/blog/Runtime/Cache/Home/6151efb29d7a5552ceeb7a3b2618a91d.php 第 29 行.
INFO: Run Behavior\ParseTemplate [ RunTime:0.010736s ]
INFO: [ view_parse ] --END-- [ RunTime:0.010802s ]
INFO: [ view_filter ] --START--
INFO: Run Behavior\WriteHtmlCache [ RunTime:0.000030s ]
INFO: [ view_filter ] --END-- [ RunTime:0.000139s ]
INFO: [ view_end ] --START--
INFO: [ view_end ] --END-- [ RunTime:0.000046s ]
INFO: [ app_end ] --START--
INFO: Run Behavior\ShowPageTrace [ RunTime:0.000079s ]
INFO: [ app_end ] --END-- [ RunTime:0.000181s ]

[ 2016-03-08T18:43:02+08:00 ] 127.0.0.1 /index.php/Home/ChangeClass/index/class/%E6%95%B0%E6%8D%AE%E7%BB%93%E6%9E%84%E4%B8%8E%E7%AE%97%E6%B3%95
INFO: [ app_init ] --START--
INFO: [ app_init ] --END-- [ RunTime:0.000059s ]
INFO: [ path_info ] --START--
INFO: [ path_info ] --END-- [ RunTime:0.000028s ]
INFO: [ app_begin ] --START--
INFO: Run Behavior\ReadHtmlCache [ RunTime:0.000051s ]
INFO: [ app_begin ] --END-- [ RunTime:0.000114s ]
INFO: [ action_begin ] --START--
INFO: [ action_begin ] --END-- [ RunTime:0.000030s ]
NOTIC: [8192] mysql_connect(): The mysql extension is deprecated and will be removed in the future: use mysqli or PDO instead /var/www/blog/ThinkPHP/Library/Think/Db/Driver/Mysql.class.php 第 52 行.
SQL: SHOW COLUMNS FROM `class` [ RunTime:0.000949s ]
SQL: SELECT * FROM `class` WHERE ( name='5pWw5o2u57uT5p6E5LiO566X5rOV' ) LIMIT 1   [ RunTime:0.000118s ]
SQL: SHOW COLUMNS FROM `articles` [ RunTime:0.000859s ]
SQL: SELECT * FROM `articles` WHERE ( class='5pWw5o2u57uT5p6E5LiO566X5rOV' ) ORDER BY id desc LIMIT 0,5   [ RunTime:0.000122s ]
SQL: SELECT * FROM `class`  [ RunTime:0.000085s ]
SQL: SELECT `id`,`title`,`read_sum` FROM `articles` WHERE ( class='5pWw5o2u57uT5p6E5LiO566X5rOV' ) ORDER BY read_sum desc LIMIT 6   [ RunTime:0.000097s ]
SQL: SHOW COLUMNS FROM `friend_link` [ RunTime:0.000714s ]
SQL: SELECT * FROM `friend_link`  [ RunTime:0.000097s ]
SQL: SELECT COUNT(*) AS tp_count FROM `articles` WHERE ( class='5pWw5o2u57uT5p6E5LiO566X5rOV' ) LIMIT 1   [ RunTime:0.000079s ]
SQL: SELECT SUM(read_sum) AS tp_sum FROM `articles` WHERE ( class='5pWw5o2u57uT5p6E5LiO566X5rOV' ) LIMIT 1   [ RunTime:0.000081s ]
INFO: [ view_begin ] --START--
INFO: [ view_begin ] --END-- [ RunTime:0.000044s ]
INFO: [ view_parse ] --START--
INFO: [ template_filter ] --START--
INFO: Run Behavior\ContentReplace [ RunTime:0.000076s ]
INFO: [ template_filter ] --END-- [ RunTime:0.000159s ]
NOTIC: [2] Illegal string offset 'color' /var/www/blog/Runtime/Cache/Home/6151efb29d7a5552ceeb7a3b2618a91d.php 第 29 行.
INFO: Run Behavior\ParseTemplate [ RunTime:0.011086s ]
INFO: [ view_parse ] --END-- [ RunTime:0.011156s ]
INFO: [ view_filter ] --START--
INFO: Run Behavior\WriteHtmlCache [ RunTime:0.000019s ]
INFO: [ view_filter ] --END-- [ RunTime:0.000065s ]
INFO: [ view_end ] --START--
INFO: [ view_end ] --END-- [ RunTime:0.000023s ]
INFO: [ app_end ] --START--
INFO: Run Behavior\ShowPageTrace [ RunTime:0.000041s ]
INFO: [ app_end ] --END-- [ RunTime:0.000086s ]

[ 2016-03-08T18:43:03+08:00 ] 127.0.0.1 /index.php/Home/ChangeClass/index/class/Computer%20System
INFO: [ app_init ] --START--
INFO: [ app_init ] --END-- [ RunTime:0.000056s ]
INFO: [ path_info ] --START--
INFO: [ path_info ] --END-- [ RunTime:0.000042s ]
INFO: [ app_begin ] --START--
INFO: Run Behavior\ReadHtmlCache [ RunTime:0.000075s ]
INFO: [ app_begin ] --END-- [ RunTime:0.000183s ]
INFO: [ action_begin ] --START--
INFO: [ action_begin ] --END-- [ RunTime:0.000044s ]
NOTIC: [8192] mysql_connect(): The mysql extension is deprecated and will be removed in the future: use mysqli or PDO instead /var/www/blog/ThinkPHP/Library/Think/Db/Driver/Mysql.class.php 第 52 行.
SQL: SHOW COLUMNS FROM `class` [ RunTime:0.000777s ]
SQL: SELECT * FROM `class` WHERE ( name='Q29tcHV0ZXIgU3lzdGVt' ) LIMIT 1   [ RunTime:0.000090s ]
SQL: SHOW COLUMNS FROM `articles` [ RunTime:0.000733s ]
SQL: SELECT * FROM `articles` WHERE ( class='Q29tcHV0ZXIgU3lzdGVt' ) ORDER BY id desc LIMIT 0,5   [ RunTime:0.000098s ]
NOTIC: [2] Invalid argument supplied for foreach() /var/www/blog/Home/Controller/ChangeClassController.class.php 第 30 行.
SQL: SELECT * FROM `class`  [ RunTime:0.000128s ]
SQL: SELECT `id`,`title`,`read_sum` FROM `articles` WHERE ( class='Q29tcHV0ZXIgU3lzdGVt' ) ORDER BY read_sum desc LIMIT 6   [ RunTime:0.000116s ]
NOTIC: [2] Invalid argument supplied for foreach() /var/www/blog/Home/Controller/ChangeClassController.class.php 第 82 行.
SQL: SHOW COLUMNS FROM `friend_link` [ RunTime:0.000752s ]
SQL: SELECT * FROM `friend_link`  [ RunTime:0.000091s ]
SQL: SELECT COUNT(*) AS tp_count FROM `articles` WHERE ( class='Q29tcHV0ZXIgU3lzdGVt' ) LIMIT 1   [ RunTime:0.000083s ]
SQL: SELECT SUM(read_sum) AS tp_sum FROM `articles` WHERE ( class='Q29tcHV0ZXIgU3lzdGVt' ) LIMIT 1   [ RunTime:0.000079s ]
INFO: [ view_begin ] --START--
INFO: [ view_begin ] --END-- [ RunTime:0.000024s ]
INFO: [ view_parse ] --START--
INFO: [ template_filter ] --START--
INFO: Run Behavior\ContentReplace [ RunTime:0.000071s ]
INFO: [ template_filter ] --END-- [ RunTime:0.000147s ]
NOTIC: [2] Illegal string offset 'color' /var/www/blog/Runtime/Cache/Home/6151efb29d7a5552ceeb7a3b2618a91d.php 第 29 行.
INFO: Run Behavior\ParseTemplate [ RunTime:0.010145s ]
INFO: [ view_parse ] --END-- [ RunTime:0.010201s ]
INFO: [ view_filter ] --START--
INFO: Run Behavior\WriteHtmlCache [ RunTime:0.000015s ]
INFO: [ view_filter ] --END-- [ RunTime:0.000061s ]
INFO: [ view_end ] --START--
INFO: [ view_end ] --END-- [ RunTime:0.000018s ]
INFO: [ app_end ] --START--
INFO: Run Behavior\ShowPageTrace [ RunTime:0.000036s ]
INFO: [ app_end ] --END-- [ RunTime:0.000104s ]

[ 2016-03-08T18:43:04+08:00 ] 127.0.0.1 /index.php/Home/ChangeClass/index/class/%E6%95%B0%E6%8D%AE%E7%BB%93%E6%9E%84%E4%B8%8E%E7%AE%97%E6%B3%95
INFO: [ app_init ] --START--
INFO: [ app_init ] --END-- [ RunTime:0.000077s ]
INFO: [ path_info ] --START--
INFO: [ path_info ] --END-- [ RunTime:0.000031s ]
INFO: [ app_begin ] --START--
INFO: Run Behavior\ReadHtmlCache [ RunTime:0.000052s ]
INFO: [ app_begin ] --END-- [ RunTime:0.000116s ]
INFO: [ action_begin ] --START--
INFO: [ action_begin ] --END-- [ RunTime:0.000035s ]
NOTIC: [8192] mysql_connect(): The mysql extension is deprecated and will be removed in the future: use mysqli or PDO instead /var/www/blog/ThinkPHP/Library/Think/Db/Driver/Mysql.class.php 第 52 行.
SQL: SHOW COLUMNS FROM `class` [ RunTime:0.000782s ]
SQL: SELECT * FROM `class` WHERE ( name='5pWw5o2u57uT5p6E5LiO566X5rOV' ) LIMIT 1   [ RunTime:0.000104s ]
SQL: SHOW COLUMNS FROM `articles` [ RunTime:0.000857s ]
SQL: SELECT * FROM `articles` WHERE ( class='5pWw5o2u57uT5p6E5LiO566X5rOV' ) ORDER BY id desc LIMIT 0,5   [ RunTime:0.000115s ]
SQL: SELECT * FROM `class`  [ RunTime:0.000097s ]
SQL: SELECT `id`,`title`,`read_sum` FROM `articles` WHERE ( class='5pWw5o2u57uT5p6E5LiO566X5rOV' ) ORDER BY read_sum desc LIMIT 6   [ RunTime:0.000087s ]
SQL: SHOW COLUMNS FROM `friend_link` [ RunTime:0.000703s ]
SQL: SELECT * FROM `friend_link`  [ RunTime:0.000095s ]
SQL: SELECT COUNT(*) AS tp_count FROM `articles` WHERE ( class='5pWw5o2u57uT5p6E5LiO566X5rOV' ) LIMIT 1   [ RunTime:0.000084s ]
SQL: SELECT SUM(read_sum) AS tp_sum FROM `articles` WHERE ( class='5pWw5o2u57uT5p6E5LiO566X5rOV' ) LIMIT 1   [ RunTime:0.000084s ]
INFO: [ view_begin ] --START--
INFO: [ view_begin ] --END-- [ RunTime:0.000027s ]
INFO: [ view_parse ] --START--
INFO: [ template_filter ] --START--
INFO: Run Behavior\ContentReplace [ RunTime:0.000083s ]
INFO: [ template_filter ] --END-- [ RunTime:0.000172s ]
NOTIC: [2] Illegal string offset 'color' /var/www/blog/Runtime/Cache/Home/6151efb29d7a5552ceeb7a3b2618a91d.php 第 29 行.
INFO: Run Behavior\ParseTemplate [ RunTime:0.011303s ]
INFO: [ view_parse ] --END-- [ RunTime:0.011386s ]
INFO: [ view_filter ] --START--
INFO: Run Behavior\WriteHtmlCache [ RunTime:0.000018s ]
INFO: [ view_filter ] --END-- [ RunTime:0.000067s ]
INFO: [ view_end ] --START--
INFO: [ view_end ] --END-- [ RunTime:0.000025s ]
INFO: [ app_end ] --START--
INFO: Run Behavior\ShowPageTrace [ RunTime:0.000042s ]
INFO: [ app_end ] --END-- [ RunTime:0.000090s ]

[ 2016-03-08T18:43:37+08:00 ] 127.0.0.1 /index.php/Home/ChangeClass/index/class/%E6%95%B0%E6%8D%AE%E7%BB%93%E6%9E%84%E4%B8%8E%E7%AE%97%E6%B3%95
INFO: [ app_init ] --START--
INFO: [ app_init ] --END-- [ RunTime:0.000082s ]
INFO: [ path_info ] --START--
INFO: [ path_info ] --END-- [ RunTime:0.000046s ]
INFO: [ app_begin ] --START--
INFO: Run Behavior\ReadHtmlCache [ RunTime:0.000031s ]
INFO: [ app_begin ] --END-- [ RunTime:0.000069s ]
INFO: [ action_begin ] --START--
INFO: [ action_begin ] --END-- [ RunTime:0.000016s ]
NOTIC: [8192] mysql_connect(): The mysql extension is deprecated and will be removed in the future: use mysqli or PDO instead /var/www/blog/ThinkPHP/Library/Think/Db/Driver/Mysql.class.php 第 52 行.
SQL: SHOW COLUMNS FROM `class` [ RunTime:0.000461s ]
SQL: SELECT * FROM `class` WHERE ( name='5pWw5o2u57uT5p6E5LiO566X5rOV' ) LIMIT 1   [ RunTime:0.000057s ]
SQL: SHOW COLUMNS FROM `articles` [ RunTime:0.000510s ]
SQL: SELECT * FROM `articles` WHERE ( class='5pWw5o2u57uT5p6E5LiO566X5rOV' ) ORDER BY id desc LIMIT 0,5   [ RunTime:0.000096s ]
SQL: SELECT * FROM `class`  [ RunTime:0.000061s ]
SQL: SELECT `id`,`title`,`read_sum` FROM `articles` WHERE ( class='5pWw5o2u57uT5p6E5LiO566X5rOV' ) ORDER BY read_sum desc LIMIT 6   [ RunTime:0.000102s ]
SQL: SHOW COLUMNS FROM `friend_link` [ RunTime:0.000526s ]
SQL: SELECT * FROM `friend_link`  [ RunTime:0.000074s ]
SQL: SELECT COUNT(*) AS tp_count FROM `articles` WHERE ( class='5pWw5o2u57uT5p6E5LiO566X5rOV' ) LIMIT 1   [ RunTime:0.000050s ]
SQL: SELECT SUM(read_sum) AS tp_sum FROM `articles` WHERE ( class='5pWw5o2u57uT5p6E5LiO566X5rOV' ) LIMIT 1   [ RunTime:0.000048s ]
INFO: [ view_begin ] --START--
INFO: [ view_begin ] --END-- [ RunTime:0.000015s ]
INFO: [ view_parse ] --START--
INFO: [ template_filter ] --START--
INFO: Run Behavior\ContentReplace [ RunTime:0.000050s ]
INFO: [ template_filter ] --END-- [ RunTime:0.000106s ]
NOTIC: [2] Illegal string offset 'color' /var/www/blog/Runtime/Cache/Home/6151efb29d7a5552ceeb7a3b2618a91d.php 第 29 行.
INFO: Run Behavior\ParseTemplate [ RunTime:0.006465s ]
INFO: [ view_parse ] --END-- [ RunTime:0.006505s ]
INFO: [ view_filter ] --START--
INFO: Run Behavior\WriteHtmlCache [ RunTime:0.000012s ]
INFO: [ view_filter ] --END-- [ RunTime:0.000042s ]
INFO: [ view_end ] --START--
INFO: [ view_end ] --END-- [ RunTime:0.000015s ]
INFO: [ app_end ] --START--
INFO: Run Behavior\ShowPageTrace [ RunTime:0.000026s ]
INFO: [ app_end ] --END-- [ RunTime:0.000067s ]

