[ 2016-01-11T00:46:46+08:00 ] 123.151.42.61 http://www.baidu.com/
INFO: [ app_init ] --START--
INFO: [ app_init ] --END-- [ RunTime:0.000092s ]
INFO: [ app_begin ] --START--
INFO: Run Behavior\ReadHtmlCache [ RunTime:0.000044s ]
INFO: [ app_begin ] --END-- [ RunTime:0.000101s ]
INFO: [ action_begin ] --START--
INFO: [ action_begin ] --END-- [ RunTime:0.000033s ]
NOTIC: [8192] mysql_connect(): The mysql extension is deprecated and will be removed in the future: use mysqli or PDO instead /var/www/blog/ThinkPHP/Library/Think/Db/Driver/Mysql.class.php 第 52 行.
SQL: SHOW COLUMNS FROM `class` [ RunTime:0.000653s ]
SQL: SELECT * FROM `class`  [ RunTime:0.000092s ]
SQL: SHOW COLUMNS FROM `articles` [ RunTime:0.000733s ]
SQL: SELECT COUNT(*) AS tp_count FROM `articles` WHERE ( class='UEhQ' ) LIMIT 1   [ RunTime:0.000107s ]
SQL: SELECT COUNT(*) AS tp_count FROM `articles` WHERE ( class='5pWw5o2u57uT5p6E5LiO566X5rOV' ) LIMIT 1   [ RunTime:0.000085s ]
SQL: SELECT COUNT(*) AS tp_count FROM `articles` WHERE ( class='Q29tcHV0ZXIgU3lzdGVt' ) LIMIT 1   [ RunTime:0.000083s ]
SQL: SELECT * FROM `articles` ORDER BY id desc LIMIT 0,5   [ RunTime:0.000090s ]
SQL: SELECT `id`,`title`,`read_sum` FROM `articles` ORDER BY read_sum desc LIMIT 6   [ RunTime:0.000092s ]
SQL: SHOW COLUMNS FROM `friend_link` [ RunTime:0.000586s ]
SQL: SELECT * FROM `friend_link`  [ RunTime:0.000090s ]
INFO: [ view_begin ] --START--
INFO: [ view_begin ] --END-- [ RunTime:0.000021s ]
INFO: [ view_parse ] --START--
INFO: [ template_filter ] --START--
INFO: Run Behavior\ContentReplace [ RunTime:0.000070s ]
INFO: [ template_filter ] --END-- [ RunTime:0.000136s ]
INFO: Run Behavior\ParseTemplate [ RunTime:0.008142s ]
INFO: [ view_parse ] --END-- [ RunTime:0.008218s ]
INFO: [ view_filter ] --START--
INFO: Run Behavior\WriteHtmlCache [ RunTime:0.000016s ]
INFO: [ view_filter ] --END-- [ RunTime:0.000060s ]
INFO: [ view_end ] --START--
INFO: [ view_end ] --END-- [ RunTime:0.000024s ]
INFO: [ app_end ] --START--
INFO: Run Behavior\ShowPageTrace [ RunTime:0.000033s ]
INFO: [ app_end ] --END-- [ RunTime:0.000090s ]

[ 2016-01-11T01:01:48+08:00 ] 115.28.100.52 search.yahoo.com:443
INFO: [ app_init ] --START--
INFO: [ app_init ] --END-- [ RunTime:0.000314s ]
INFO: [ app_begin ] --START--
INFO: Run Behavior\ReadHtmlCache [ RunTime:0.000061s ]
INFO: [ app_begin ] --END-- [ RunTime:0.000137s ]
INFO: [ action_begin ] --START--
INFO: [ action_begin ] --END-- [ RunTime:0.000044s ]
NOTIC: [8192] mysql_connect(): The mysql extension is deprecated and will be removed in the future: use mysqli or PDO instead /var/www/blog/ThinkPHP/Library/Think/Db/Driver/Mysql.class.php 第 52 行.
SQL: SHOW COLUMNS FROM `class` [ RunTime:0.000954s ]
SQL: SELECT * FROM `class`  [ RunTime:0.000119s ]
SQL: SHOW COLUMNS FROM `articles` [ RunTime:0.001054s ]
SQL: SELECT COUNT(*) AS tp_count FROM `articles` WHERE ( class='UEhQ' ) LIMIT 1   [ RunTime:0.000113s ]
SQL: SELECT COUNT(*) AS tp_count FROM `articles` WHERE ( class='5pWw5o2u57uT5p6E5LiO566X5rOV' ) LIMIT 1   [ RunTime:0.000089s ]
SQL: SELECT COUNT(*) AS tp_count FROM `articles` WHERE ( class='Q29tcHV0ZXIgU3lzdGVt' ) LIMIT 1   [ RunTime:0.000086s ]
SQL: SELECT * FROM `articles` ORDER BY id desc LIMIT 0,5   [ RunTime:0.000094s ]
SQL: SELECT `id`,`title`,`read_sum` FROM `articles` ORDER BY read_sum desc LIMIT 6   [ RunTime:0.000113s ]
SQL: SHOW COLUMNS FROM `friend_link` [ RunTime:0.000859s ]
SQL: SELECT * FROM `friend_link`  [ RunTime:0.000103s ]
INFO: [ view_begin ] --START--
INFO: [ view_begin ] --END-- [ RunTime:0.000027s ]
INFO: [ view_parse ] --START--
INFO: [ template_filter ] --START--
INFO: Run Behavior\ContentReplace [ RunTime:0.000092s ]
INFO: [ template_filter ] --END-- [ RunTime:0.000211s ]
INFO: Run Behavior\ParseTemplate [ RunTime:0.010186s ]
INFO: [ view_parse ] --END-- [ RunTime:0.010302s ]
INFO: [ view_filter ] --START--
INFO: Run Behavior\WriteHtmlCache [ RunTime:0.000026s ]
INFO: [ view_filter ] --END-- [ RunTime:0.000073s ]
INFO: [ view_end ] --START--
INFO: [ view_end ] --END-- [ RunTime:0.000040s ]
INFO: [ app_end ] --START--
INFO: Run Behavior\ShowPageTrace [ RunTime:0.000065s ]
INFO: [ app_end ] --END-- [ RunTime:0.000153s ]

[ 2016-01-11T01:01:49+08:00 ] 115.28.100.52 search.yahoo.com:443
INFO: [ app_init ] --START--
INFO: [ app_init ] --END-- [ RunTime:0.000052s ]
INFO: [ app_begin ] --START--
INFO: Run Behavior\ReadHtmlCache [ RunTime:0.000043s ]
INFO: [ app_begin ] --END-- [ RunTime:0.000100s ]
INFO: [ action_begin ] --START--
INFO: [ action_begin ] --END-- [ RunTime:0.000037s ]
NOTIC: [8192] mysql_connect(): The mysql extension is deprecated and will be removed in the future: use mysqli or PDO instead /var/www/blog/ThinkPHP/Library/Think/Db/Driver/Mysql.class.php 第 52 行.
SQL: SHOW COLUMNS FROM `class` [ RunTime:0.000665s ]
SQL: SELECT * FROM `class`  [ RunTime:0.000092s ]
SQL: SHOW COLUMNS FROM `articles` [ RunTime:0.000999s ]
SQL: SELECT COUNT(*) AS tp_count FROM `articles` WHERE ( class='UEhQ' ) LIMIT 1   [ RunTime:0.000096s ]
SQL: SELECT COUNT(*) AS tp_count FROM `articles` WHERE ( class='5pWw5o2u57uT5p6E5LiO566X5rOV' ) LIMIT 1   [ RunTime:0.000086s ]
SQL: SELECT COUNT(*) AS tp_count FROM `articles` WHERE ( class='Q29tcHV0ZXIgU3lzdGVt' ) LIMIT 1   [ RunTime:0.000118s ]
SQL: SELECT * FROM `articles` ORDER BY id desc LIMIT 0,5   [ RunTime:0.000092s ]
SQL: SELECT `id`,`title`,`read_sum` FROM `articles` ORDER BY read_sum desc LIMIT 6   [ RunTime:0.000090s ]
SQL: SHOW COLUMNS FROM `friend_link` [ RunTime:0.000633s ]
SQL: SELECT * FROM `friend_link`  [ RunTime:0.000090s ]
INFO: [ view_begin ] --START--
INFO: [ view_begin ] --END-- [ RunTime:0.000022s ]
INFO: [ view_parse ] --START--
INFO: [ template_filter ] --START--
INFO: Run Behavior\ContentReplace [ RunTime:0.000076s ]
INFO: [ template_filter ] --END-- [ RunTime:0.000158s ]
INFO: Run Behavior\ParseTemplate [ RunTime:0.008037s ]
INFO: [ view_parse ] --END-- [ RunTime:0.008107s ]
INFO: [ view_filter ] --START--
INFO: Run Behavior\WriteHtmlCache [ RunTime:0.000022s ]
INFO: [ view_filter ] --END-- [ RunTime:0.000083s ]
INFO: [ view_end ] --START--
INFO: [ view_end ] --END-- [ RunTime:0.000035s ]
INFO: [ app_end ] --START--
INFO: Run Behavior\ShowPageTrace [ RunTime:0.000034s ]
INFO: [ app_end ] --END-- [ RunTime:0.000096s ]

[ 2016-01-11T03:02:48+08:00 ] 121.42.0.33 /
INFO: [ app_init ] --START--
INFO: [ app_init ] --END-- [ RunTime:0.000097s ]
INFO: [ app_begin ] --START--
INFO: Run Behavior\ReadHtmlCache [ RunTime:0.000062s ]
INFO: [ app_begin ] --END-- [ RunTime:0.000157s ]
INFO: [ action_begin ] --START--
INFO: [ action_begin ] --END-- [ RunTime:0.000041s ]
NOTIC: [8192] mysql_connect(): The mysql extension is deprecated and will be removed in the future: use mysqli or PDO instead /var/www/blog/ThinkPHP/Library/Think/Db/Driver/Mysql.class.php 第 52 行.
SQL: SHOW COLUMNS FROM `class` [ RunTime:0.001140s ]
SQL: SELECT * FROM `class`  [ RunTime:0.000129s ]
SQL: SHOW COLUMNS FROM `articles` [ RunTime:0.001055s ]
SQL: SELECT COUNT(*) AS tp_count FROM `articles` WHERE ( class='UEhQ' ) LIMIT 1   [ RunTime:0.000122s ]
SQL: SELECT COUNT(*) AS tp_count FROM `articles` WHERE ( class='5pWw5o2u57uT5p6E5LiO566X5rOV' ) LIMIT 1   [ RunTime:0.000113s ]
SQL: SELECT COUNT(*) AS tp_count FROM `articles` WHERE ( class='Q29tcHV0ZXIgU3lzdGVt' ) LIMIT 1   [ RunTime:0.000110s ]
SQL: SELECT * FROM `articles` ORDER BY id desc LIMIT 0,5   [ RunTime:0.000202s ]
SQL: SELECT `id`,`title`,`read_sum` FROM `articles` ORDER BY read_sum desc LIMIT 6   [ RunTime:0.000093s ]
SQL: SHOW COLUMNS FROM `friend_link` [ RunTime:0.000711s ]
SQL: SELECT * FROM `friend_link`  [ RunTime:0.000092s ]
INFO: [ view_begin ] --START--
INFO: [ view_begin ] --END-- [ RunTime:0.000022s ]
INFO: [ view_parse ] --START--
INFO: [ template_filter ] --START--
INFO: Run Behavior\ContentReplace [ RunTime:0.000087s ]
INFO: [ template_filter ] --END-- [ RunTime:0.000188s ]
INFO: Run Behavior\ParseTemplate [ RunTime:0.008034s ]
INFO: [ view_parse ] --END-- [ RunTime:0.008110s ]
INFO: [ view_filter ] --START--
INFO: Run Behavior\WriteHtmlCache [ RunTime:0.000020s ]
INFO: [ view_filter ] --END-- [ RunTime:0.000066s ]
INFO: [ view_end ] --START--
INFO: [ view_end ] --END-- [ RunTime:0.000026s ]
INFO: [ app_end ] --START--
INFO: Run Behavior\ShowPageTrace [ RunTime:0.000037s ]
INFO: [ app_end ] --END-- [ RunTime:0.000085s ]

[ 2016-01-11T03:22:39+08:00 ] 103.41.53.253 http://www.baidu.com/
INFO: [ app_init ] --START--
INFO: [ app_init ] --END-- [ RunTime:0.000171s ]
INFO: [ app_begin ] --START--
INFO: Run Behavior\ReadHtmlCache [ RunTime:0.000065s ]
INFO: [ app_begin ] --END-- [ RunTime:0.000132s ]
INFO: [ action_begin ] --START--
INFO: [ action_begin ] --END-- [ RunTime:0.000038s ]
NOTIC: [8192] mysql_connect(): The mysql extension is deprecated and will be removed in the future: use mysqli or PDO instead /var/www/blog/ThinkPHP/Library/Think/Db/Driver/Mysql.class.php 第 52 行.
SQL: SHOW COLUMNS FROM `class` [ RunTime:0.000941s ]
SQL: SELECT * FROM `class`  [ RunTime:0.000098s ]
SQL: SHOW COLUMNS FROM `articles` [ RunTime:0.000723s ]
SQL: SELECT COUNT(*) AS tp_count FROM `articles` WHERE ( class='UEhQ' ) LIMIT 1   [ RunTime:0.000168s ]
SQL: SELECT COUNT(*) AS tp_count FROM `articles` WHERE ( class='5pWw5o2u57uT5p6E5LiO566X5rOV' ) LIMIT 1   [ RunTime:0.000093s ]
SQL: SELECT COUNT(*) AS tp_count FROM `articles` WHERE ( class='Q29tcHV0ZXIgU3lzdGVt' ) LIMIT 1   [ RunTime:0.000092s ]
SQL: SELECT * FROM `articles` ORDER BY id desc LIMIT 0,5   [ RunTime:0.000093s ]
SQL: SELECT `id`,`title`,`read_sum` FROM `articles` ORDER BY read_sum desc LIMIT 6   [ RunTime:0.000092s ]
SQL: SHOW COLUMNS FROM `friend_link` [ RunTime:0.000696s ]
SQL: SELECT * FROM `friend_link`  [ RunTime:0.000091s ]
INFO: [ view_begin ] --START--
INFO: [ view_begin ] --END-- [ RunTime:0.000024s ]
INFO: [ view_parse ] --START--
INFO: [ template_filter ] --START--
INFO: Run Behavior\ContentReplace [ RunTime:0.000091s ]
INFO: [ template_filter ] --END-- [ RunTime:0.000201s ]
INFO: Run Behavior\ParseTemplate [ RunTime:0.009861s ]
INFO: [ view_parse ] --END-- [ RunTime:0.009944s ]
INFO: [ view_filter ] --START--
INFO: Run Behavior\WriteHtmlCache [ RunTime:0.000020s ]
INFO: [ view_filter ] --END-- [ RunTime:0.000066s ]
INFO: [ view_end ] --START--
INFO: [ view_end ] --END-- [ RunTime:0.000035s ]
INFO: [ app_end ] --START--
INFO: Run Behavior\ShowPageTrace [ RunTime:0.000037s ]
INFO: [ app_end ] --END-- [ RunTime:0.000104s ]

[ 2016-01-11T04:56:17+08:00 ] 23.251.63.45 www.baidu.com:443
INFO: [ app_init ] --START--
INFO: [ app_init ] --END-- [ RunTime:0.000069s ]
INFO: [ app_begin ] --START--
INFO: Run Behavior\ReadHtmlCache [ RunTime:0.000041s ]
INFO: [ app_begin ] --END-- [ RunTime:0.000095s ]
INFO: [ action_begin ] --START--
INFO: [ action_begin ] --END-- [ RunTime:0.000026s ]
NOTIC: [8192] mysql_connect(): The mysql extension is deprecated and will be removed in the future: use mysqli or PDO instead /var/www/blog/ThinkPHP/Library/Think/Db/Driver/Mysql.class.php 第 52 行.
SQL: SHOW COLUMNS FROM `class` [ RunTime:0.000726s ]
SQL: SELECT * FROM `class`  [ RunTime:0.000095s ]
SQL: SHOW COLUMNS FROM `articles` [ RunTime:0.001150s ]
SQL: SELECT COUNT(*) AS tp_count FROM `articles` WHERE ( class='UEhQ' ) LIMIT 1   [ RunTime:0.000097s ]
SQL: SELECT COUNT(*) AS tp_count FROM `articles` WHERE ( class='5pWw5o2u57uT5p6E5LiO566X5rOV' ) LIMIT 1   [ RunTime:0.000085s ]
SQL: SELECT COUNT(*) AS tp_count FROM `articles` WHERE ( class='Q29tcHV0ZXIgU3lzdGVt' ) LIMIT 1   [ RunTime:0.000084s ]
SQL: SELECT * FROM `articles` ORDER BY id desc LIMIT 0,5   [ RunTime:0.000091s ]
SQL: SELECT `id`,`title`,`read_sum` FROM `articles` ORDER BY read_sum desc LIMIT 6   [ RunTime:0.000090s ]
SQL: SHOW COLUMNS FROM `friend_link` [ RunTime:0.000683s ]
SQL: SELECT * FROM `friend_link`  [ RunTime:0.000102s ]
INFO: [ view_begin ] --START--
INFO: [ view_begin ] --END-- [ RunTime:0.000023s ]
INFO: [ view_parse ] --START--
INFO: [ template_filter ] --START--
INFO: Run Behavior\ContentReplace [ RunTime:0.000095s ]
INFO: [ template_filter ] --END-- [ RunTime:0.000202s ]
INFO: Run Behavior\ParseTemplate [ RunTime:0.008258s ]
INFO: [ view_parse ] --END-- [ RunTime:0.008329s ]
INFO: [ view_filter ] --START--
INFO: Run Behavior\WriteHtmlCache [ RunTime:0.000020s ]
INFO: [ view_filter ] --END-- [ RunTime:0.000075s ]
INFO: [ view_end ] --START--
INFO: [ view_end ] --END-- [ RunTime:0.000030s ]
INFO: [ app_end ] --START--
INFO: Run Behavior\ShowPageTrace [ RunTime:0.000037s ]
INFO: [ app_end ] --END-- [ RunTime:0.000097s ]

[ 2016-01-11T06:02:10+08:00 ] 103.41.52.91 http://www.baidu.com/
INFO: [ app_init ] --START--
INFO: [ app_init ] --END-- [ RunTime:0.000071s ]
INFO: [ app_begin ] --START--
INFO: Run Behavior\ReadHtmlCache [ RunTime:0.000043s ]
INFO: [ app_begin ] --END-- [ RunTime:0.000099s ]
INFO: [ action_begin ] --START--
INFO: [ action_begin ] --END-- [ RunTime:0.000027s ]
NOTIC: [8192] mysql_connect(): The mysql extension is deprecated and will be removed in the future: use mysqli or PDO instead /var/www/blog/ThinkPHP/Library/Think/Db/Driver/Mysql.class.php 第 52 行.
SQL: SHOW COLUMNS FROM `class` [ RunTime:0.000736s ]
SQL: SELECT * FROM `class`  [ RunTime:0.000093s ]
SQL: SHOW COLUMNS FROM `articles` [ RunTime:0.000642s ]
SQL: SELECT COUNT(*) AS tp_count FROM `articles` WHERE ( class='UEhQ' ) LIMIT 1   [ RunTime:0.000091s ]
SQL: SELECT COUNT(*) AS tp_count FROM `articles` WHERE ( class='5pWw5o2u57uT5p6E5LiO566X5rOV' ) LIMIT 1   [ RunTime:0.000084s ]
SQL: SELECT COUNT(*) AS tp_count FROM `articles` WHERE ( class='Q29tcHV0ZXIgU3lzdGVt' ) LIMIT 1   [ RunTime:0.000082s ]
SQL: SELECT * FROM `articles` ORDER BY id desc LIMIT 0,5   [ RunTime:0.000179s ]
SQL: SELECT `id`,`title`,`read_sum` FROM `articles` ORDER BY read_sum desc LIMIT 6   [ RunTime:0.000090s ]
SQL: SHOW COLUMNS FROM `friend_link` [ RunTime:0.000664s ]
SQL: SELECT * FROM `friend_link`  [ RunTime:0.000090s ]
INFO: [ view_begin ] --START--
INFO: [ view_begin ] --END-- [ RunTime:0.000022s ]
INFO: [ view_parse ] --START--
INFO: [ template_filter ] --START--
INFO: Run Behavior\ContentReplace [ RunTime:0.000086s ]
INFO: [ template_filter ] --END-- [ RunTime:0.000189s ]
INFO: Run Behavior\ParseTemplate [ RunTime:0.008428s ]
INFO: [ view_parse ] --END-- [ RunTime:0.008503s ]
INFO: [ view_filter ] --START--
INFO: Run Behavior\WriteHtmlCache [ RunTime:0.000019s ]
INFO: [ view_filter ] --END-- [ RunTime:0.000065s ]
INFO: [ view_end ] --START--
INFO: [ view_end ] --END-- [ RunTime:0.000024s ]
INFO: [ app_end ] --START--
INFO: Run Behavior\ShowPageTrace [ RunTime:0.000037s ]
INFO: [ app_end ] --END-- [ RunTime:0.000083s ]

[ 2016-01-11T10:16:40+08:00 ] 123.56.65.139 /
INFO: [ app_init ] --START--
INFO: [ app_init ] --END-- [ RunTime:0.000071s ]
INFO: [ app_begin ] --START--
INFO: Run Behavior\ReadHtmlCache [ RunTime:0.000044s ]
INFO: [ app_begin ] --END-- [ RunTime:0.000100s ]
INFO: [ action_begin ] --START--
INFO: [ action_begin ] --END-- [ RunTime:0.000027s ]
NOTIC: [8192] mysql_connect(): The mysql extension is deprecated and will be removed in the future: use mysqli or PDO instead /var/www/blog/ThinkPHP/Library/Think/Db/Driver/Mysql.class.php 第 52 行.
SQL: SHOW COLUMNS FROM `class` [ RunTime:0.000758s ]
SQL: SELECT * FROM `class`  [ RunTime:0.000094s ]
SQL: SHOW COLUMNS FROM `articles` [ RunTime:0.000696s ]
SQL: SELECT COUNT(*) AS tp_count FROM `articles` WHERE ( class='UEhQ' ) LIMIT 1   [ RunTime:0.000091s ]
SQL: SELECT COUNT(*) AS tp_count FROM `articles` WHERE ( class='5pWw5o2u57uT5p6E5LiO566X5rOV' ) LIMIT 1   [ RunTime:0.000084s ]
SQL: SELECT COUNT(*) AS tp_count FROM `articles` WHERE ( class='Q29tcHV0ZXIgU3lzdGVt' ) LIMIT 1   [ RunTime:0.000083s ]
SQL: SELECT * FROM `articles` ORDER BY id desc LIMIT 0,5   [ RunTime:0.000093s ]
SQL: SELECT `id`,`title`,`read_sum` FROM `articles` ORDER BY read_sum desc LIMIT 6   [ RunTime:0.000092s ]
SQL: SHOW COLUMNS FROM `friend_link` [ RunTime:0.000636s ]
SQL: SELECT * FROM `friend_link`  [ RunTime:0.000093s ]
INFO: [ view_begin ] --START--
INFO: [ view_begin ] --END-- [ RunTime:0.000022s ]
INFO: [ view_parse ] --START--
INFO: [ template_filter ] --START--
INFO: Run Behavior\ContentReplace [ RunTime:0.000088s ]
INFO: [ template_filter ] --END-- [ RunTime:0.000190s ]
INFO: Run Behavior\ParseTemplate [ RunTime:0.008518s ]
INFO: [ view_parse ] --END-- [ RunTime:0.008594s ]
INFO: [ view_filter ] --START--
INFO: Run Behavior\WriteHtmlCache [ RunTime:0.000021s ]
INFO: [ view_filter ] --END-- [ RunTime:0.000067s ]
INFO: [ view_end ] --START--
INFO: [ view_end ] --END-- [ RunTime:0.000024s ]
INFO: [ app_end ] --START--
INFO: Run Behavior\ShowPageTrace [ RunTime:0.000053s ]
INFO: [ app_end ] --END-- [ RunTime:0.000107s ]

[ 2016-01-11T11:52:12+08:00 ] 103.41.53.253 http://www.baidu.com/
INFO: [ app_init ] --START--
INFO: [ app_init ] --END-- [ RunTime:0.000204s ]
INFO: [ app_begin ] --START--
INFO: Run Behavior\ReadHtmlCache [ RunTime:0.000049s ]
INFO: [ app_begin ] --END-- [ RunTime:0.000106s ]
INFO: [ action_begin ] --START--
INFO: [ action_begin ] --END-- [ RunTime:0.000031s ]
NOTIC: [8192] mysql_connect(): The mysql extension is deprecated and will be removed in the future: use mysqli or PDO instead /var/www/blog/ThinkPHP/Library/Think/Db/Driver/Mysql.class.php 第 52 行.
SQL: SHOW COLUMNS FROM `class` [ RunTime:0.000830s ]
SQL: SELECT * FROM `class`  [ RunTime:0.000108s ]
SQL: SHOW COLUMNS FROM `articles` [ RunTime:0.001000s ]
SQL: SELECT COUNT(*) AS tp_count FROM `articles` WHERE ( class='UEhQ' ) LIMIT 1   [ RunTime:0.000116s ]
SQL: SELECT COUNT(*) AS tp_count FROM `articles` WHERE ( class='5pWw5o2u57uT5p6E5LiO566X5rOV' ) LIMIT 1   [ RunTime:0.000088s ]
SQL: SELECT COUNT(*) AS tp_count FROM `articles` WHERE ( class='Q29tcHV0ZXIgU3lzdGVt' ) LIMIT 1   [ RunTime:0.000096s ]
SQL: SELECT * FROM `articles` ORDER BY id desc LIMIT 0,5   [ RunTime:0.000094s ]
SQL: SELECT `id`,`title`,`read_sum` FROM `articles` ORDER BY read_sum desc LIMIT 6   [ RunTime:0.000087s ]
SQL: SHOW COLUMNS FROM `friend_link` [ RunTime:0.000743s ]
SQL: SELECT * FROM `friend_link`  [ RunTime:0.000111s ]
INFO: [ view_begin ] --START--
INFO: [ view_begin ] --END-- [ RunTime:0.000039s ]
INFO: [ view_parse ] --START--
INFO: [ template_filter ] --START--
INFO: Run Behavior\ContentReplace [ RunTime:0.000092s ]
INFO: [ template_filter ] --END-- [ RunTime:0.000217s ]
INFO: Run Behavior\ParseTemplate [ RunTime:0.009874s ]
INFO: [ view_parse ] --END-- [ RunTime:0.009994s ]
INFO: [ view_filter ] --START--
INFO: Run Behavior\WriteHtmlCache [ RunTime:0.000025s ]
INFO: [ view_filter ] --END-- [ RunTime:0.000072s ]
INFO: [ view_end ] --START--
INFO: [ view_end ] --END-- [ RunTime:0.000025s ]
INFO: [ app_end ] --START--
INFO: Run Behavior\ShowPageTrace [ RunTime:0.000038s ]
INFO: [ app_end ] --END-- [ RunTime:0.000086s ]

[ 2016-01-11T12:48:44+08:00 ] 123.151.42.61 http://www.baidu.com/
INFO: [ app_init ] --START--
INFO: [ app_init ] --END-- [ RunTime:0.000079s ]
INFO: [ app_begin ] --START--
INFO: Run Behavior\ReadHtmlCache [ RunTime:0.000049s ]
INFO: [ app_begin ] --END-- [ RunTime:0.000161s ]
INFO: [ action_begin ] --START--
INFO: [ action_begin ] --END-- [ RunTime:0.000028s ]
NOTIC: [8192] mysql_connect(): The mysql extension is deprecated and will be removed in the future: use mysqli or PDO instead /var/www/blog/ThinkPHP/Library/Think/Db/Driver/Mysql.class.php 第 52 行.
SQL: SHOW COLUMNS FROM `class` [ RunTime:0.000808s ]
SQL: SELECT * FROM `class`  [ RunTime:0.000093s ]
SQL: SHOW COLUMNS FROM `articles` [ RunTime:0.000823s ]
SQL: SELECT COUNT(*) AS tp_count FROM `articles` WHERE ( class='UEhQ' ) LIMIT 1   [ RunTime:0.000115s ]
SQL: SELECT COUNT(*) AS tp_count FROM `articles` WHERE ( class='5pWw5o2u57uT5p6E5LiO566X5rOV' ) LIMIT 1   [ RunTime:0.000086s ]
SQL: SELECT COUNT(*) AS tp_count FROM `articles` WHERE ( class='Q29tcHV0ZXIgU3lzdGVt' ) LIMIT 1   [ RunTime:0.000084s ]
SQL: SELECT * FROM `articles` ORDER BY id desc LIMIT 0,5   [ RunTime:0.000092s ]
SQL: SELECT `id`,`title`,`read_sum` FROM `articles` ORDER BY read_sum desc LIMIT 6   [ RunTime:0.000094s ]
SQL: SHOW COLUMNS FROM `friend_link` [ RunTime:0.000976s ]
SQL: SELECT * FROM `friend_link`  [ RunTime:0.000104s ]
INFO: [ view_begin ] --START--
INFO: [ view_begin ] --END-- [ RunTime:0.000254s ]
INFO: [ view_parse ] --START--
INFO: [ template_filter ] --START--
INFO: Run Behavior\ContentReplace [ RunTime:0.000098s ]
INFO: [ template_filter ] --END-- [ RunTime:0.000211s ]
INFO: Run Behavior\ParseTemplate [ RunTime:0.008632s ]
INFO: [ view_parse ] --END-- [ RunTime:0.008735s ]
INFO: [ view_filter ] --START--
INFO: Run Behavior\WriteHtmlCache [ RunTime:0.000024s ]
INFO: [ view_filter ] --END-- [ RunTime:0.000080s ]
INFO: [ view_end ] --START--
INFO: [ view_end ] --END-- [ RunTime:0.000035s ]
INFO: [ app_end ] --START--
INFO: Run Behavior\ShowPageTrace [ RunTime:0.000039s ]
INFO: [ app_end ] --END-- [ RunTime:0.000087s ]

[ 2016-01-11T13:32:35+08:00 ] 111.248.98.148 vip163mx01.mxmail.netease.com:25
INFO: [ app_init ] --START--
INFO: [ app_init ] --END-- [ RunTime:0.000184s ]
INFO: [ app_begin ] --START--
INFO: Run Behavior\ReadHtmlCache [ RunTime:0.000059s ]
INFO: [ app_begin ] --END-- [ RunTime:0.000146s ]
INFO: [ action_begin ] --START--
INFO: [ action_begin ] --END-- [ RunTime:0.000040s ]
NOTIC: [8192] mysql_connect(): The mysql extension is deprecated and will be removed in the future: use mysqli or PDO instead /var/www/blog/ThinkPHP/Library/Think/Db/Driver/Mysql.class.php 第 52 行.
SQL: SHOW COLUMNS FROM `class` [ RunTime:0.000921s ]
SQL: SELECT * FROM `class`  [ RunTime:0.000107s ]
SQL: SHOW COLUMNS FROM `articles` [ RunTime:0.000940s ]
SQL: SELECT COUNT(*) AS tp_count FROM `articles` WHERE ( class='UEhQ' ) LIMIT 1   [ RunTime:0.000102s ]
SQL: SELECT COUNT(*) AS tp_count FROM `articles` WHERE ( class='5pWw5o2u57uT5p6E5LiO566X5rOV' ) LIMIT 1   [ RunTime:0.000085s ]
SQL: SELECT COUNT(*) AS tp_count FROM `articles` WHERE ( class='Q29tcHV0ZXIgU3lzdGVt' ) LIMIT 1   [ RunTime:0.000083s ]
SQL: SELECT * FROM `articles` ORDER BY id desc LIMIT 0,5   [ RunTime:0.000094s ]
SQL: SELECT `id`,`title`,`read_sum` FROM `articles` ORDER BY read_sum desc LIMIT 6   [ RunTime:0.000094s ]
SQL: SHOW COLUMNS FROM `friend_link` [ RunTime:0.000889s ]
SQL: SELECT * FROM `friend_link`  [ RunTime:0.000093s ]
INFO: [ view_begin ] --START--
INFO: [ view_begin ] --END-- [ RunTime:0.000024s ]
INFO: [ view_parse ] --START--
INFO: [ template_filter ] --START--
INFO: Run Behavior\ContentReplace [ RunTime:0.000094s ]
INFO: [ template_filter ] --END-- [ RunTime:0.000201s ]
INFO: Run Behavior\ParseTemplate [ RunTime:0.008376s ]
INFO: [ view_parse ] --END-- [ RunTime:0.008454s ]
INFO: [ view_filter ] --START--
INFO: Run Behavior\WriteHtmlCache [ RunTime:0.000019s ]
INFO: [ view_filter ] --END-- [ RunTime:0.000065s ]
INFO: [ view_end ] --START--
INFO: [ view_end ] --END-- [ RunTime:0.000025s ]
INFO: [ app_end ] --START--
INFO: Run Behavior\ShowPageTrace [ RunTime:0.000038s ]
INFO: [ app_end ] --END-- [ RunTime:0.000086s ]

[ 2016-01-11T14:59:48+08:00 ] 120.26.55.211 /index.php
INFO: [ app_init ] --START--
INFO: [ app_init ] --END-- [ RunTime:0.000134s ]
INFO: [ app_begin ] --START--
INFO: Run Behavior\ReadHtmlCache [ RunTime:0.000047s ]
INFO: [ app_begin ] --END-- [ RunTime:0.000106s ]
INFO: [ action_begin ] --START--
INFO: [ action_begin ] --END-- [ RunTime:0.000027s ]
NOTIC: [8192] mysql_connect(): The mysql extension is deprecated and will be removed in the future: use mysqli or PDO instead /var/www/blog/ThinkPHP/Library/Think/Db/Driver/Mysql.class.php 第 52 行.
SQL: SHOW COLUMNS FROM `class` [ RunTime:0.000755s ]
SQL: SELECT * FROM `class`  [ RunTime:0.000105s ]
SQL: SHOW COLUMNS FROM `articles` [ RunTime:0.000748s ]
SQL: SELECT COUNT(*) AS tp_count FROM `articles` WHERE ( class='UEhQ' ) LIMIT 1   [ RunTime:0.000103s ]
SQL: SELECT COUNT(*) AS tp_count FROM `articles` WHERE ( class='5pWw5o2u57uT5p6E5LiO566X5rOV' ) LIMIT 1   [ RunTime:0.000086s ]
SQL: SELECT COUNT(*) AS tp_count FROM `articles` WHERE ( class='Q29tcHV0ZXIgU3lzdGVt' ) LIMIT 1   [ RunTime:0.000084s ]
SQL: SELECT * FROM `articles` ORDER BY id desc LIMIT 0,5   [ RunTime:0.000099s ]
SQL: SELECT `id`,`title`,`read_sum` FROM `articles` ORDER BY read_sum desc LIMIT 6   [ RunTime:0.000095s ]
SQL: SHOW COLUMNS FROM `friend_link` [ RunTime:0.000966s ]
SQL: SELECT * FROM `friend_link`  [ RunTime:0.000161s ]
INFO: [ view_begin ] --START--
INFO: [ view_begin ] --END-- [ RunTime:0.000025s ]
INFO: [ view_parse ] --START--
INFO: [ template_filter ] --START--
INFO: Run Behavior\ContentReplace [ RunTime:0.000092s ]
INFO: [ template_filter ] --END-- [ RunTime:0.000354s ]
INFO: Run Behavior\ParseTemplate [ RunTime:0.009242s ]
INFO: [ view_parse ] --END-- [ RunTime:0.009358s ]
INFO: [ view_filter ] --START--
INFO: Run Behavior\WriteHtmlCache [ RunTime:0.000025s ]
INFO: [ view_filter ] --END-- [ RunTime:0.000080s ]
INFO: [ view_end ] --START--
INFO: [ view_end ] --END-- [ RunTime:0.000026s ]
INFO: [ app_end ] --START--
INFO: Run Behavior\ShowPageTrace [ RunTime:0.000057s ]
INFO: [ app_end ] --END-- [ RunTime:0.000105s ]

[ 2016-01-11T16:08:42+08:00 ] 101.200.78.64 /
INFO: [ app_init ] --START--
INFO: [ app_init ] --END-- [ RunTime:0.000070s ]
INFO: [ app_begin ] --START--
INFO: Run Behavior\ReadHtmlCache [ RunTime:0.000045s ]
INFO: [ app_begin ] --END-- [ RunTime:0.000100s ]
INFO: [ action_begin ] --START--
INFO: [ action_begin ] --END-- [ RunTime:0.000028s ]
NOTIC: [8192] mysql_connect(): The mysql extension is deprecated and will be removed in the future: use mysqli or PDO instead /var/www/blog/ThinkPHP/Library/Think/Db/Driver/Mysql.class.php 第 52 行.
SQL: SHOW COLUMNS FROM `class` [ RunTime:0.000753s ]
SQL: SELECT * FROM `class`  [ RunTime:0.000098s ]
SQL: SHOW COLUMNS FROM `articles` [ RunTime:0.000645s ]
SQL: SELECT COUNT(*) AS tp_count FROM `articles` WHERE ( class='UEhQ' ) LIMIT 1   [ RunTime:0.000172s ]
SQL: SELECT COUNT(*) AS tp_count FROM `articles` WHERE ( class='5pWw5o2u57uT5p6E5LiO566X5rOV' ) LIMIT 1   [ RunTime:0.000087s ]
SQL: SELECT COUNT(*) AS tp_count FROM `articles` WHERE ( class='Q29tcHV0ZXIgU3lzdGVt' ) LIMIT 1   [ RunTime:0.000082s ]
SQL: SELECT * FROM `articles` ORDER BY id desc LIMIT 0,5   [ RunTime:0.000090s ]
SQL: SELECT `id`,`title`,`read_sum` FROM `articles` ORDER BY read_sum desc LIMIT 6   [ RunTime:0.000088s ]
SQL: SHOW COLUMNS FROM `friend_link` [ RunTime:0.000624s ]
SQL: SELECT * FROM `friend_link`  [ RunTime:0.000090s ]
INFO: [ view_begin ] --START--
INFO: [ view_begin ] --END-- [ RunTime:0.000023s ]
INFO: [ view_parse ] --START--
INFO: [ template_filter ] --START--
INFO: Run Behavior\ContentReplace [ RunTime:0.000087s ]
INFO: [ template_filter ] --END-- [ RunTime:0.000193s ]
INFO: Run Behavior\ParseTemplate [ RunTime:0.009153s ]
INFO: [ view_parse ] --END-- [ RunTime:0.009220s ]
INFO: [ view_filter ] --START--
INFO: Run Behavior\WriteHtmlCache [ RunTime:0.000017s ]
INFO: [ view_filter ] --END-- [ RunTime:0.000064s ]
INFO: [ view_end ] --START--
INFO: [ view_end ] --END-- [ RunTime:0.000023s ]
INFO: [ app_end ] --START--
INFO: Run Behavior\ShowPageTrace [ RunTime:0.000044s ]
INFO: [ app_end ] --END-- [ RunTime:0.000096s ]

[ 2016-01-11T17:11:10+08:00 ] 208.100.26.229 /
INFO: [ app_init ] --START--
INFO: [ app_init ] --END-- [ RunTime:0.000071s ]
INFO: [ app_begin ] --START--
INFO: Run Behavior\ReadHtmlCache [ RunTime:0.000066s ]
INFO: [ app_begin ] --END-- [ RunTime:0.000128s ]
INFO: [ action_begin ] --START--
INFO: [ action_begin ] --END-- [ RunTime:0.000026s ]
NOTIC: [8192] mysql_connect(): The mysql extension is deprecated and will be removed in the future: use mysqli or PDO instead /var/www/blog/ThinkPHP/Library/Think/Db/Driver/Mysql.class.php 第 52 行.
SQL: SHOW COLUMNS FROM `class` [ RunTime:0.000791s ]
SQL: SELECT * FROM `class`  [ RunTime:0.000200s ]
SQL: SHOW COLUMNS FROM `articles` [ RunTime:0.000758s ]
SQL: SELECT COUNT(*) AS tp_count FROM `articles` WHERE ( class='UEhQ' ) LIMIT 1   [ RunTime:0.000097s ]
SQL: SELECT COUNT(*) AS tp_count FROM `articles` WHERE ( class='5pWw5o2u57uT5p6E5LiO566X5rOV' ) LIMIT 1   [ RunTime:0.000094s ]
SQL: SELECT COUNT(*) AS tp_count FROM `articles` WHERE ( class='Q29tcHV0ZXIgU3lzdGVt' ) LIMIT 1   [ RunTime:0.000096s ]
SQL: SELECT * FROM `articles` ORDER BY id desc LIMIT 0,5   [ RunTime:0.000092s ]
SQL: SELECT `id`,`title`,`read_sum` FROM `articles` ORDER BY read_sum desc LIMIT 6   [ RunTime:0.000090s ]
SQL: SHOW COLUMNS FROM `friend_link` [ RunTime:0.000596s ]
SQL: SELECT * FROM `friend_link`  [ RunTime:0.000100s ]
INFO: [ view_begin ] --START--
INFO: [ view_begin ] --END-- [ RunTime:0.000023s ]
INFO: [ view_parse ] --START--
INFO: [ template_filter ] --START--
INFO: Run Behavior\ContentReplace [ RunTime:0.000111s ]
INFO: [ template_filter ] --END-- [ RunTime:0.000222s ]
INFO: Run Behavior\ParseTemplate [ RunTime:0.011290s ]
INFO: [ view_parse ] --END-- [ RunTime:0.011492s ]
INFO: [ view_filter ] --START--
INFO: Run Behavior\WriteHtmlCache [ RunTime:0.000027s ]
INFO: [ view_filter ] --END-- [ RunTime:0.000078s ]
INFO: [ view_end ] --START--
INFO: [ view_end ] --END-- [ RunTime:0.000026s ]
INFO: [ app_end ] --START--
INFO: Run Behavior\ShowPageTrace [ RunTime:0.000044s ]
INFO: [ app_end ] --END-- [ RunTime:0.000092s ]

[ 2016-01-11T17:12:39+08:00 ] 208.100.26.229 /
INFO: [ app_init ] --START--
INFO: [ app_init ] --END-- [ RunTime:0.000120s ]
INFO: [ app_begin ] --START--
INFO: Run Behavior\ReadHtmlCache [ RunTime:0.000043s ]
INFO: [ app_begin ] --END-- [ RunTime:0.000097s ]
INFO: [ action_begin ] --START--
INFO: [ action_begin ] --END-- [ RunTime:0.000036s ]
NOTIC: [8192] mysql_connect(): The mysql extension is deprecated and will be removed in the future: use mysqli or PDO instead /var/www/blog/ThinkPHP/Library/Think/Db/Driver/Mysql.class.php 第 52 行.
SQL: SHOW COLUMNS FROM `class` [ RunTime:0.000969s ]
SQL: SELECT * FROM `class`  [ RunTime:0.000140s ]
SQL: SHOW COLUMNS FROM `articles` [ RunTime:0.000922s ]
SQL: SELECT COUNT(*) AS tp_count FROM `articles` WHERE ( class='UEhQ' ) LIMIT 1   [ RunTime:0.000095s ]
SQL: SELECT COUNT(*) AS tp_count FROM `articles` WHERE ( class='5pWw5o2u57uT5p6E5LiO566X5rOV' ) LIMIT 1   [ RunTime:0.000090s ]
SQL: SELECT COUNT(*) AS tp_count FROM `articles` WHERE ( class='Q29tcHV0ZXIgU3lzdGVt' ) LIMIT 1   [ RunTime:0.000090s ]
SQL: SELECT * FROM `articles` ORDER BY id desc LIMIT 0,5   [ RunTime:0.000157s ]
SQL: SELECT `id`,`title`,`read_sum` FROM `articles` ORDER BY read_sum desc LIMIT 6   [ RunTime:0.000090s ]
SQL: SHOW COLUMNS FROM `friend_link` [ RunTime:0.000803s ]
SQL: SELECT * FROM `friend_link`  [ RunTime:0.000092s ]
INFO: [ view_begin ] --START--
INFO: [ view_begin ] --END-- [ RunTime:0.000024s ]
INFO: [ view_parse ] --START--
INFO: [ template_filter ] --START--
INFO: Run Behavior\ContentReplace [ RunTime:0.000088s ]
INFO: [ template_filter ] --END-- [ RunTime:0.000189s ]
INFO: Run Behavior\ParseTemplate [ RunTime:0.008270s ]
INFO: [ view_parse ] --END-- [ RunTime:0.008343s ]
INFO: [ view_filter ] --START--
INFO: Run Behavior\WriteHtmlCache [ RunTime:0.000022s ]
INFO: [ view_filter ] --END-- [ RunTime:0.000069s ]
INFO: 
INFO: 
INFO: 
INFO: 
INFO: 

[ 2016-01-11T17:25:45+08:00 ] 115.28.100.52 search.yahoo.com:443
INFO: [ app_init ] --START--
INFO: [ app_init ] --END-- [ RunTime:0.000074s ]
INFO: [ app_begin ] --START--
INFO: Run Behavior\ReadHtmlCache [ RunTime:0.000045s ]
INFO: [ app_begin ] --END-- [ RunTime:0.000106s ]
INFO: [ action_begin ] --START--
INFO: [ action_begin ] --END-- [ RunTime:0.000028s ]
NOTIC: [8192] mysql_connect(): The mysql extension is deprecated and will be removed in the future: use mysqli or PDO instead /var/www/blog/ThinkPHP/Library/Think/Db/Driver/Mysql.class.php 第 52 行.
SQL: SHOW COLUMNS FROM `class` [ RunTime:0.000831s ]
SQL: SELECT * FROM `class`  [ RunTime:0.000099s ]
SQL: SHOW COLUMNS FROM `articles` [ RunTime:0.000752s ]
SQL: SELECT COUNT(*) AS tp_count FROM `articles` WHERE ( class='UEhQ' ) LIMIT 1   [ RunTime:0.000095s ]
SQL: SELECT COUNT(*) AS tp_count FROM `articles` WHERE ( class='5pWw5o2u57uT5p6E5LiO566X5rOV' ) LIMIT 1   [ RunTime:0.000085s ]
SQL: SELECT COUNT(*) AS tp_count FROM `articles` WHERE ( class='Q29tcHV0ZXIgU3lzdGVt' ) LIMIT 1   [ RunTime:0.000085s ]
SQL: SELECT * FROM `articles` ORDER BY id desc LIMIT 0,5   [ RunTime:0.000096s ]
SQL: SELECT `id`,`title`,`read_sum` FROM `articles` ORDER BY read_sum desc LIMIT 6   [ RunTime:0.000090s ]
SQL: SHOW COLUMNS FROM `friend_link` [ RunTime:0.000901s ]
SQL: SELECT * FROM `friend_link`  [ RunTime:0.000099s ]
INFO: [ view_begin ] --START--
INFO: [ view_begin ] --END-- [ RunTime:0.000024s ]
INFO: [ view_parse ] --START--
INFO: [ template_filter ] --START--
INFO: Run Behavior\ContentReplace [ RunTime:0.000084s ]
INFO: [ template_filter ] --END-- [ RunTime:0.000188s ]
INFO: Run Behavior\ParseTemplate [ RunTime:0.009819s ]
INFO: [ view_parse ] --END-- [ RunTime:0.009895s ]
INFO: [ view_filter ] --START--
INFO: Run Behavior\WriteHtmlCache [ RunTime:0.000018s ]
INFO: [ view_filter ] --END-- [ RunTime:0.000065s ]
INFO: [ view_end ] --START--
INFO: [ view_end ] --END-- [ RunTime:0.000024s ]
INFO: [ app_end ] --START--
INFO: Run Behavior\ShowPageTrace [ RunTime:0.000036s ]
INFO: [ app_end ] --END-- [ RunTime:0.000084s ]

[ 2016-01-11T17:25:45+08:00 ] 115.28.100.52 search.yahoo.com:443
INFO: [ app_init ] --START--
INFO: [ app_init ] --END-- [ RunTime:0.000070s ]
INFO: [ app_begin ] --START--
INFO: Run Behavior\ReadHtmlCache [ RunTime:0.000044s ]
INFO: [ app_begin ] --END-- [ RunTime:0.000102s ]
INFO: [ action_begin ] --START--
INFO: [ action_begin ] --END-- [ RunTime:0.000027s ]
NOTIC: [8192] mysql_connect(): The mysql extension is deprecated and will be removed in the future: use mysqli or PDO instead /var/www/blog/ThinkPHP/Library/Think/Db/Driver/Mysql.class.php 第 52 行.
SQL: SHOW COLUMNS FROM `class` [ RunTime:0.000812s ]
SQL: SELECT * FROM `class`  [ RunTime:0.000109s ]
SQL: SHOW COLUMNS FROM `articles` [ RunTime:0.000875s ]
SQL: SELECT COUNT(*) AS tp_count FROM `articles` WHERE ( class='UEhQ' ) LIMIT 1   [ RunTime:0.000100s ]
SQL: SELECT COUNT(*) AS tp_count FROM `articles` WHERE ( class='5pWw5o2u57uT5p6E5LiO566X5rOV' ) LIMIT 1   [ RunTime:0.000090s ]
SQL: SELECT COUNT(*) AS tp_count FROM `articles` WHERE ( class='Q29tcHV0ZXIgU3lzdGVt' ) LIMIT 1   [ RunTime:0.000090s ]
SQL: SELECT * FROM `articles` ORDER BY id desc LIMIT 0,5   [ RunTime:0.000089s ]
SQL: SELECT `id`,`title`,`read_sum` FROM `articles` ORDER BY read_sum desc LIMIT 6   [ RunTime:0.000095s ]
SQL: SHOW COLUMNS FROM `friend_link` [ RunTime:0.000768s ]
SQL: SELECT * FROM `friend_link`  [ RunTime:0.000217s ]
INFO: [ view_begin ] --START--
INFO: [ view_begin ] --END-- [ RunTime:0.000023s ]
INFO: [ view_parse ] --START--
INFO: [ template_filter ] --START--
INFO: Run Behavior\ContentReplace [ RunTime:0.000088s ]
INFO: [ template_filter ] --END-- [ RunTime:0.000200s ]
INFO: Run Behavior\ParseTemplate [ RunTime:0.008877s ]
INFO: [ view_parse ] --END-- [ RunTime:0.008945s ]
INFO: [ view_filter ] --START--
INFO: Run Behavior\WriteHtmlCache [ RunTime:0.000018s ]
INFO: [ view_filter ] --END-- [ RunTime:0.000062s ]
INFO: [ view_end ] --START--
INFO: [ view_end ] --END-- [ RunTime:0.000024s ]
INFO: [ app_end ] --START--
INFO: Run Behavior\ShowPageTrace [ RunTime:0.000036s ]
INFO: [ app_end ] --END-- [ RunTime:0.000095s ]

[ 2016-01-11T17:58:09+08:00 ] 111.248.61.20 vip163mx01.mxmail.netease.com:25
INFO: [ app_init ] --START--
INFO: [ app_init ] --END-- [ RunTime:0.000061s ]
INFO: [ app_begin ] --START--
INFO: Run Behavior\ReadHtmlCache [ RunTime:0.000038s ]
INFO: [ app_begin ] --END-- [ RunTime:0.000098s ]
INFO: [ action_begin ] --START--
INFO: [ action_begin ] --END-- [ RunTime:0.000026s ]
NOTIC: [8192] mysql_connect(): The mysql extension is deprecated and will be removed in the future: use mysqli or PDO instead /var/www/blog/ThinkPHP/Library/Think/Db/Driver/Mysql.class.php 第 52 行.
SQL: SHOW COLUMNS FROM `class` [ RunTime:0.000703s ]
SQL: SELECT * FROM `class`  [ RunTime:0.000092s ]
SQL: SHOW COLUMNS FROM `articles` [ RunTime:0.000640s ]
SQL: SELECT COUNT(*) AS tp_count FROM `articles` WHERE ( class='UEhQ' ) LIMIT 1   [ RunTime:0.000088s ]
SQL: SELECT COUNT(*) AS tp_count FROM `articles` WHERE ( class='5pWw5o2u57uT5p6E5LiO566X5rOV' ) LIMIT 1   [ RunTime:0.000097s ]
SQL: SELECT COUNT(*) AS tp_count FROM `articles` WHERE ( class='Q29tcHV0ZXIgU3lzdGVt' ) LIMIT 1   [ RunTime:0.000083s ]
SQL: SELECT * FROM `articles` ORDER BY id desc LIMIT 0,5   [ RunTime:0.000088s ]
SQL: SELECT `id`,`title`,`read_sum` FROM `articles` ORDER BY read_sum desc LIMIT 6   [ RunTime:0.000087s ]
SQL: SHOW COLUMNS FROM `friend_link` [ RunTime:0.000511s ]
SQL: SELECT * FROM `friend_link`  [ RunTime:0.000088s ]
INFO: [ view_begin ] --START--
INFO: [ view_begin ] --END-- [ RunTime:0.000021s ]
INFO: [ view_parse ] --START--
INFO: [ template_filter ] --START--
INFO: Run Behavior\ContentReplace [ RunTime:0.000073s ]
INFO: [ template_filter ] --END-- [ RunTime:0.000163s ]
INFO: Run Behavior\ParseTemplate [ RunTime:0.007960s ]
INFO: [ view_parse ] --END-- [ RunTime:0.008024s ]
INFO: [ view_filter ] --START--
INFO: Run Behavior\WriteHtmlCache [ RunTime:0.000016s ]
INFO: [ view_filter ] --END-- [ RunTime:0.000060s ]
INFO: [ view_end ] --START--
INFO: [ view_end ] --END-- [ RunTime:0.000087s ]
INFO: [ app_end ] --START--
INFO: Run Behavior\ShowPageTrace [ RunTime:0.000035s ]
INFO: [ app_end ] --END-- [ RunTime:0.000080s ]

[ 2016-01-11T19:03:47+08:00 ] 107.150.60.76 /
INFO: [ app_init ] --START--
INFO: [ app_init ] --END-- [ RunTime:0.000076s ]
INFO: [ app_begin ] --START--
INFO: Run Behavior\ReadHtmlCache [ RunTime:0.000059s ]
INFO: [ app_begin ] --END-- [ RunTime:0.000123s ]
INFO: [ action_begin ] --START--
INFO: [ action_begin ] --END-- [ RunTime:0.000026s ]
NOTIC: [8192] mysql_connect(): The mysql extension is deprecated and will be removed in the future: use mysqli or PDO instead /var/www/blog/ThinkPHP/Library/Think/Db/Driver/Mysql.class.php 第 52 行.
SQL: SHOW COLUMNS FROM `class` [ RunTime:0.000766s ]
SQL: SELECT * FROM `class`  [ RunTime:0.000111s ]
SQL: SHOW COLUMNS FROM `articles` [ RunTime:0.000858s ]
SQL: SELECT COUNT(*) AS tp_count FROM `articles` WHERE ( class='UEhQ' ) LIMIT 1   [ RunTime:0.000101s ]
SQL: SELECT COUNT(*) AS tp_count FROM `articles` WHERE ( class='5pWw5o2u57uT5p6E5LiO566X5rOV' ) LIMIT 1   [ RunTime:0.000088s ]
SQL: SELECT COUNT(*) AS tp_count FROM `articles` WHERE ( class='Q29tcHV0ZXIgU3lzdGVt' ) LIMIT 1   [ RunTime:0.000084s ]
SQL: SELECT * FROM `articles` ORDER BY id desc LIMIT 0,5   [ RunTime:0.000092s ]
SQL: SELECT `id`,`title`,`read_sum` FROM `articles` ORDER BY read_sum desc LIMIT 6   [ RunTime:0.000098s ]
SQL: SHOW COLUMNS FROM `friend_link` [ RunTime:0.000803s ]
SQL: SELECT * FROM `friend_link`  [ RunTime:0.000098s ]
INFO: [ view_begin ] --START--
INFO: [ view_begin ] --END-- [ RunTime:0.000024s ]
INFO: [ view_parse ] --START--
INFO: [ template_filter ] --START--
INFO: Run Behavior\ContentReplace [ RunTime:0.000087s ]
INFO: [ template_filter ] --END-- [ RunTime:0.000188s ]
INFO: Run Behavior\ParseTemplate [ RunTime:0.008752s ]
INFO: [ view_parse ] --END-- [ RunTime:0.008844s ]
INFO: [ view_filter ] --START--
INFO: Run Behavior\WriteHtmlCache [ RunTime:0.000023s ]
INFO: [ view_filter ] --END-- [ RunTime:0.000070s ]
INFO: [ view_end ] --START--
INFO: [ view_end ] --END-- [ RunTime:0.000025s ]
INFO: [ app_end ] --START--
INFO: Run Behavior\ShowPageTrace [ RunTime:0.000038s ]
INFO: [ app_end ] --END-- [ RunTime:0.000109s ]

[ 2016-01-11T20:28:19+08:00 ] 103.41.52.91 http://www.baidu.com/
INFO: [ app_init ] --START--
INFO: [ app_init ] --END-- [ RunTime:0.000072s ]
INFO: [ app_begin ] --START--
INFO: Run Behavior\ReadHtmlCache [ RunTime:0.000044s ]
INFO: [ app_begin ] --END-- [ RunTime:0.000117s ]
INFO: [ action_begin ] --START--
INFO: [ action_begin ] --END-- [ RunTime:0.000027s ]
NOTIC: [8192] mysql_connect(): The mysql extension is deprecated and will be removed in the future: use mysqli or PDO instead /var/www/blog/ThinkPHP/Library/Think/Db/Driver/Mysql.class.php 第 52 行.
SQL: SHOW COLUMNS FROM `class` [ RunTime:0.000788s ]
SQL: SELECT * FROM `class`  [ RunTime:0.000100s ]
SQL: SHOW COLUMNS FROM `articles` [ RunTime:0.000698s ]
SQL: SELECT COUNT(*) AS tp_count FROM `articles` WHERE ( class='UEhQ' ) LIMIT 1   [ RunTime:0.000094s ]
SQL: SELECT COUNT(*) AS tp_count FROM `articles` WHERE ( class='5pWw5o2u57uT5p6E5LiO566X5rOV' ) LIMIT 1   [ RunTime:0.000085s ]
SQL: SELECT COUNT(*) AS tp_count FROM `articles` WHERE ( class='Q29tcHV0ZXIgU3lzdGVt' ) LIMIT 1   [ RunTime:0.000083s ]
SQL: SELECT * FROM `articles` ORDER BY id desc LIMIT 0,5   [ RunTime:0.000100s ]
SQL: SELECT `id`,`title`,`read_sum` FROM `articles` ORDER BY read_sum desc LIMIT 6   [ RunTime:0.000090s ]
SQL: SHOW COLUMNS FROM `friend_link` [ RunTime:0.000792s ]
SQL: SELECT * FROM `friend_link`  [ RunTime:0.000091s ]
INFO: [ view_begin ] --START--
INFO: [ view_begin ] --END-- [ RunTime:0.000023s ]
INFO: [ view_parse ] --START--
INFO: [ template_filter ] --START--
INFO: Run Behavior\ContentReplace [ RunTime:0.000111s ]
INFO: [ template_filter ] --END-- [ RunTime:0.000221s ]
INFO: Run Behavior\ParseTemplate [ RunTime:0.009586s ]
INFO: [ view_parse ] --END-- [ RunTime:0.009693s ]
INFO: [ view_filter ] --START--
INFO: Run Behavior\WriteHtmlCache [ RunTime:0.000033s ]
INFO: [ view_filter ] --END-- [ RunTime:0.000123s ]
INFO: [ view_end ] --START--
INFO: [ view_end ] --END-- [ RunTime:0.000044s ]
INFO: [ app_end ] --START--
INFO: Run Behavior\ShowPageTrace [ RunTime:0.000060s ]
INFO: [ app_end ] --END-- [ RunTime:0.000146s ]

[ 2016-01-11T23:52:51+08:00 ] 58.20.192.214 /
INFO: [ app_init ] --START--
INFO: [ app_init ] --END-- [ RunTime:0.000069s ]
INFO: [ app_begin ] --START--
INFO: Run Behavior\ReadHtmlCache [ RunTime:0.000043s ]
INFO: [ app_begin ] --END-- [ RunTime:0.000096s ]
INFO: [ action_begin ] --START--
INFO: [ action_begin ] --END-- [ RunTime:0.000026s ]
NOTIC: [8192] mysql_connect(): The mysql extension is deprecated and will be removed in the future: use mysqli or PDO instead /var/www/blog/ThinkPHP/Library/Think/Db/Driver/Mysql.class.php 第 52 行.
SQL: SHOW COLUMNS FROM `class` [ RunTime:0.000718s ]
SQL: SELECT * FROM `class`  [ RunTime:0.000091s ]
SQL: SHOW COLUMNS FROM `articles` [ RunTime:0.000652s ]
SQL: SELECT COUNT(*) AS tp_count FROM `articles` WHERE ( class='UEhQ' ) LIMIT 1   [ RunTime:0.000088s ]
SQL: SELECT COUNT(*) AS tp_count FROM `articles` WHERE ( class='5pWw5o2u57uT5p6E5LiO566X5rOV' ) LIMIT 1   [ RunTime:0.000083s ]
SQL: SELECT COUNT(*) AS tp_count FROM `articles` WHERE ( class='Q29tcHV0ZXIgU3lzdGVt' ) LIMIT 1   [ RunTime:0.000080s ]
SQL: SELECT * FROM `articles` ORDER BY id desc LIMIT 0,5   [ RunTime:0.000092s ]
SQL: SELECT `id`,`title`,`read_sum` FROM `articles` ORDER BY read_sum desc LIMIT 6   [ RunTime:0.000086s ]
SQL: SHOW COLUMNS FROM `friend_link` [ RunTime:0.000506s ]
SQL: SELECT * FROM `friend_link`  [ RunTime:0.000087s ]
INFO: [ view_begin ] --START--
INFO: [ view_begin ] --END-- [ RunTime:0.000020s ]
INFO: [ view_parse ] --START--
INFO: [ template_filter ] --START--
INFO: Run Behavior\ContentReplace [ RunTime:0.000069s ]
INFO: [ template_filter ] --END-- [ RunTime:0.000129s ]
INFO: Run Behavior\ParseTemplate [ RunTime:0.007853s ]
INFO: [ view_parse ] --END-- [ RunTime:0.007918s ]
INFO: [ view_filter ] --START--
INFO: Run Behavior\WriteHtmlCache [ RunTime:0.000015s ]
INFO: [ view_filter ] --END-- [ RunTime:0.000059s ]
INFO: [ view_end ] --START--
INFO: [ view_end ] --END-- [ RunTime:0.000026s ]
INFO: [ app_end ] --START--
INFO: Run Behavior\ShowPageTrace [ RunTime:0.000034s ]
INFO: [ app_end ] --END-- [ RunTime:0.000078s ]

