[ 2016-01-02T00:51:52+08:00 ] 54.201.192.218 /
INFO: [ app_init ] --START--
INFO: [ app_init ] --END-- [ RunTime:0.000070s ]
INFO: [ app_begin ] --START--
INFO: Run Behavior\ReadHtmlCache [ RunTime:0.000042s ]
INFO: [ app_begin ] --END-- [ RunTime:0.000103s ]
INFO: [ action_begin ] --START--
INFO: [ action_begin ] --END-- [ RunTime:0.000036s ]
NOTIC: [8192] mysql_connect(): The mysql extension is deprecated and will be removed in the future: use mysqli or PDO instead /var/www/blog/ThinkPHP/Library/Think/Db/Driver/Mysql.class.php 第 52 行.
SQL: SHOW COLUMNS FROM `class` [ RunTime:0.000660s ]
SQL: SELECT * FROM `class`  [ RunTime:0.000095s ]
SQL: SHOW COLUMNS FROM `articles` [ RunTime:0.000640s ]
SQL: SELECT COUNT(*) AS tp_count FROM `articles` WHERE ( class='UEhQ' ) LIMIT 1   [ RunTime:0.000088s ]
SQL: SELECT COUNT(*) AS tp_count FROM `articles` WHERE ( class='5pWw5o2u57uT5p6E5LiO566X5rOV' ) LIMIT 1   [ RunTime:0.000085s ]
SQL: SELECT COUNT(*) AS tp_count FROM `articles` WHERE ( class='Q29tcHV0ZXIgU3lzdGVt' ) LIMIT 1   [ RunTime:0.000081s ]
SQL: SELECT * FROM `articles` ORDER BY id desc LIMIT 0,5   [ RunTime:0.000112s ]
SQL: SELECT `id`,`title`,`read_sum` FROM `articles` ORDER BY read_sum desc LIMIT 6   [ RunTime:0.000090s ]
SQL: SHOW COLUMNS FROM `friend_link` [ RunTime:0.000575s ]
SQL: SELECT * FROM `friend_link`  [ RunTime:0.000091s ]
INFO: [ view_begin ] --START--
INFO: [ view_begin ] --END-- [ RunTime:0.000022s ]
INFO: [ view_parse ] --START--
INFO: [ template_filter ] --START--
INFO: Run Behavior\ContentReplace [ RunTime:0.000094s ]
INFO: [ template_filter ] --END-- [ RunTime:0.000212s ]
INFO: Run Behavior\ParseTemplate [ RunTime:0.009002s ]
INFO: [ view_parse ] --END-- [ RunTime:0.009105s ]
INFO: [ view_filter ] --START--
INFO: Run Behavior\WriteHtmlCache [ RunTime:0.000026s ]
INFO: [ view_filter ] --END-- [ RunTime:0.000073s ]
INFO: [ view_end ] --START--
INFO: [ view_end ] --END-- [ RunTime:0.000029s ]
INFO: [ app_end ] --START--
INFO: Run Behavior\ShowPageTrace [ RunTime:0.000042s ]
INFO: [ app_end ] --END-- [ RunTime:0.000103s ]

[ 2016-01-02T03:02:50+08:00 ] 121.42.0.33 /
INFO: [ app_init ] --START--
INFO: [ app_init ] --END-- [ RunTime:0.000089s ]
INFO: [ app_begin ] --START--
INFO: Run Behavior\ReadHtmlCache [ RunTime:0.000045s ]
INFO: [ app_begin ] --END-- [ RunTime:0.000104s ]
INFO: [ action_begin ] --START--
INFO: [ action_begin ] --END-- [ RunTime:0.000031s ]
NOTIC: [8192] mysql_connect(): The mysql extension is deprecated and will be removed in the future: use mysqli or PDO instead /var/www/blog/ThinkPHP/Library/Think/Db/Driver/Mysql.class.php 第 52 行.
SQL: SHOW COLUMNS FROM `class` [ RunTime:0.000929s ]
SQL: SELECT * FROM `class`  [ RunTime:0.000121s ]
SQL: SHOW COLUMNS FROM `articles` [ RunTime:0.000965s ]
SQL: SELECT COUNT(*) AS tp_count FROM `articles` WHERE ( class='UEhQ' ) LIMIT 1   [ RunTime:0.000109s ]
SQL: SELECT COUNT(*) AS tp_count FROM `articles` WHERE ( class='5pWw5o2u57uT5p6E5LiO566X5rOV' ) LIMIT 1   [ RunTime:0.000102s ]
SQL: SELECT COUNT(*) AS tp_count FROM `articles` WHERE ( class='Q29tcHV0ZXIgU3lzdGVt' ) LIMIT 1   [ RunTime:0.000095s ]
SQL: SELECT * FROM `articles` ORDER BY id desc LIMIT 0,5   [ RunTime:0.000093s ]
SQL: SELECT `id`,`title`,`read_sum` FROM `articles` ORDER BY read_sum desc LIMIT 6   [ RunTime:0.000105s ]
SQL: SHOW COLUMNS FROM `friend_link` [ RunTime:0.000816s ]
SQL: SELECT * FROM `friend_link`  [ RunTime:0.000103s ]
INFO: [ view_begin ] --START--
INFO: [ view_begin ] --END-- [ RunTime:0.000024s ]
INFO: [ view_parse ] --START--
INFO: [ template_filter ] --START--
INFO: Run Behavior\ContentReplace [ RunTime:0.000128s ]
INFO: [ template_filter ] --END-- [ RunTime:0.000276s ]
INFO: Run Behavior\ParseTemplate [ RunTime:0.011995s ]
INFO: [ view_parse ] --END-- [ RunTime:0.012127s ]
INFO: [ view_filter ] --START--
INFO: Run Behavior\WriteHtmlCache [ RunTime:0.000118s ]
INFO: [ view_filter ] --END-- [ RunTime:0.000201s ]
INFO: [ view_end ] --START--
INFO: [ view_end ] --END-- [ RunTime:0.000054s ]
INFO: [ app_end ] --START--
INFO: Run Behavior\ShowPageTrace [ RunTime:0.000067s ]
INFO: [ app_end ] --END-- [ RunTime:0.000152s ]

[ 2016-01-02T04:26:07+08:00 ] 123.151.42.61 http://www.baidu.com/
INFO: [ app_init ] --START--
INFO: [ app_init ] --END-- [ RunTime:0.000087s ]
INFO: [ app_begin ] --START--
INFO: Run Behavior\ReadHtmlCache [ RunTime:0.000063s ]
INFO: [ app_begin ] --END-- [ RunTime:0.000154s ]
INFO: [ action_begin ] --START--
INFO: [ action_begin ] --END-- [ RunTime:0.000046s ]
NOTIC: [8192] mysql_connect(): The mysql extension is deprecated and will be removed in the future: use mysqli or PDO instead /var/www/blog/ThinkPHP/Library/Think/Db/Driver/Mysql.class.php 第 52 行.
SQL: SHOW COLUMNS FROM `class` [ RunTime:0.000814s ]
SQL: SELECT * FROM `class`  [ RunTime:0.000111s ]
SQL: SHOW COLUMNS FROM `articles` [ RunTime:0.000821s ]
SQL: SELECT COUNT(*) AS tp_count FROM `articles` WHERE ( class='UEhQ' ) LIMIT 1   [ RunTime:0.000125s ]
SQL: SELECT COUNT(*) AS tp_count FROM `articles` WHERE ( class='5pWw5o2u57uT5p6E5LiO566X5rOV' ) LIMIT 1   [ RunTime:0.000114s ]
SQL: SELECT COUNT(*) AS tp_count FROM `articles` WHERE ( class='Q29tcHV0ZXIgU3lzdGVt' ) LIMIT 1   [ RunTime:0.000107s ]
SQL: SELECT * FROM `articles` ORDER BY id desc LIMIT 0,5   [ RunTime:0.000110s ]
SQL: SELECT `id`,`title`,`read_sum` FROM `articles` ORDER BY read_sum desc LIMIT 6   [ RunTime:0.000112s ]
SQL: SHOW COLUMNS FROM `friend_link` [ RunTime:0.000740s ]
SQL: SELECT * FROM `friend_link`  [ RunTime:0.000119s ]
INFO: [ view_begin ] --START--
INFO: [ view_begin ] --END-- [ RunTime:0.000039s ]
INFO: [ view_parse ] --START--
INFO: [ template_filter ] --START--
INFO: Run Behavior\ContentReplace [ RunTime:0.000110s ]
INFO: [ template_filter ] --END-- [ RunTime:0.000227s ]
INFO: Run Behavior\ParseTemplate [ RunTime:0.011242s ]
INFO: [ view_parse ] --END-- [ RunTime:0.011360s ]
INFO: [ view_filter ] --START--
INFO: Run Behavior\WriteHtmlCache [ RunTime:0.000024s ]
INFO: [ view_filter ] --END-- [ RunTime:0.000072s ]
INFO: [ view_end ] --START--
INFO: [ view_end ] --END-- [ RunTime:0.000031s ]
INFO: [ app_end ] --START--
INFO: Run Behavior\ShowPageTrace [ RunTime:0.000039s ]
INFO: [ app_end ] --END-- [ RunTime:0.000102s ]

[ 2016-01-02T12:36:35+08:00 ] 114.64.251.86 /
INFO: [ app_init ] --START--
INFO: [ app_init ] --END-- [ RunTime:0.000163s ]
INFO: [ app_begin ] --START--
INFO: Run Behavior\ReadHtmlCache [ RunTime:0.000065s ]
INFO: [ app_begin ] --END-- [ RunTime:0.000158s ]
INFO: [ action_begin ] --START--
INFO: [ action_begin ] --END-- [ RunTime:0.000042s ]
NOTIC: [8192] mysql_connect(): The mysql extension is deprecated and will be removed in the future: use mysqli or PDO instead /var/www/blog/ThinkPHP/Library/Think/Db/Driver/Mysql.class.php 第 52 行.
SQL: SHOW COLUMNS FROM `class` [ RunTime:0.000934s ]
SQL: SELECT * FROM `class`  [ RunTime:0.000121s ]
SQL: SHOW COLUMNS FROM `articles` [ RunTime:0.000725s ]
SQL: SELECT COUNT(*) AS tp_count FROM `articles` WHERE ( class='UEhQ' ) LIMIT 1   [ RunTime:0.000089s ]
SQL: SELECT COUNT(*) AS tp_count FROM `articles` WHERE ( class='5pWw5o2u57uT5p6E5LiO566X5rOV' ) LIMIT 1   [ RunTime:0.000084s ]
SQL: SELECT COUNT(*) AS tp_count FROM `articles` WHERE ( class='Q29tcHV0ZXIgU3lzdGVt' ) LIMIT 1   [ RunTime:0.000083s ]
SQL: SELECT * FROM `articles` ORDER BY id desc LIMIT 0,5   [ RunTime:0.000089s ]
SQL: SELECT `id`,`title`,`read_sum` FROM `articles` ORDER BY read_sum desc LIMIT 6   [ RunTime:0.000087s ]
SQL: SHOW COLUMNS FROM `friend_link` [ RunTime:0.000509s ]
SQL: SELECT * FROM `friend_link`  [ RunTime:0.000087s ]
INFO: [ view_begin ] --START--
INFO: [ view_begin ] --END-- [ RunTime:0.000022s ]
INFO: [ view_parse ] --START--
INFO: [ template_filter ] --START--
INFO: Run Behavior\ContentReplace [ RunTime:0.000080s ]
INFO: [ template_filter ] --END-- [ RunTime:0.000159s ]
INFO: Run Behavior\ParseTemplate [ RunTime:0.008143s ]
INFO: [ view_parse ] --END-- [ RunTime:0.008207s ]
INFO: [ view_filter ] --START--
INFO: Run Behavior\WriteHtmlCache [ RunTime:0.000016s ]
INFO: [ view_filter ] --END-- [ RunTime:0.000060s ]
INFO: 
INFO: 
INFO: 
INFO: 
INFO: 

[ 2016-01-02T14:34:01+08:00 ] 52.90.147.148 /
INFO: [ app_init ] --START--
INFO: [ app_init ] --END-- [ RunTime:0.000062s ]
INFO: [ app_begin ] --START--
INFO: Run Behavior\ReadHtmlCache [ RunTime:0.000043s ]
INFO: [ app_begin ] --END-- [ RunTime:0.000100s ]
INFO: [ action_begin ] --START--
INFO: [ action_begin ] --END-- [ RunTime:0.000027s ]
NOTIC: [8192] mysql_connect(): The mysql extension is deprecated and will be removed in the future: use mysqli or PDO instead /var/www/blog/ThinkPHP/Library/Think/Db/Driver/Mysql.class.php 第 52 行.
SQL: SHOW COLUMNS FROM `class` [ RunTime:0.000660s ]
SQL: SELECT * FROM `class`  [ RunTime:0.000092s ]
SQL: SHOW COLUMNS FROM `articles` [ RunTime:0.000618s ]
SQL: SELECT COUNT(*) AS tp_count FROM `articles` WHERE ( class='UEhQ' ) LIMIT 1   [ RunTime:0.000090s ]
SQL: SELECT COUNT(*) AS tp_count FROM `articles` WHERE ( class='5pWw5o2u57uT5p6E5LiO566X5rOV' ) LIMIT 1   [ RunTime:0.000085s ]
SQL: SELECT COUNT(*) AS tp_count FROM `articles` WHERE ( class='Q29tcHV0ZXIgU3lzdGVt' ) LIMIT 1   [ RunTime:0.000083s ]
SQL: SELECT * FROM `articles` ORDER BY id desc LIMIT 0,5   [ RunTime:0.000589s ]
SQL: SELECT `id`,`title`,`read_sum` FROM `articles` ORDER BY read_sum desc LIMIT 6   [ RunTime:0.000087s ]
SQL: SHOW COLUMNS FROM `friend_link` [ RunTime:0.000553s ]
SQL: SELECT * FROM `friend_link`  [ RunTime:0.000087s ]
INFO: [ view_begin ] --START--
INFO: [ view_begin ] --END-- [ RunTime:0.000021s ]
INFO: [ view_parse ] --START--
INFO: [ template_filter ] --START--
INFO: Run Behavior\ContentReplace [ RunTime:0.000093s ]
INFO: [ template_filter ] --END-- [ RunTime:0.000206s ]
INFO: Run Behavior\ParseTemplate [ RunTime:0.008680s ]
INFO: [ view_parse ] --END-- [ RunTime:0.008781s ]
INFO: [ view_filter ] --START--
INFO: Run Behavior\WriteHtmlCache [ RunTime:0.000025s ]
INFO: [ view_filter ] --END-- [ RunTime:0.000072s ]
INFO: [ view_end ] --START--
INFO: [ view_end ] --END-- [ RunTime:0.000025s ]
INFO: [ app_end ] --START--
INFO: Run Behavior\ShowPageTrace [ RunTime:0.000039s ]
INFO: [ app_end ] --END-- [ RunTime:0.000086s ]

[ 2016-01-02T15:46:17+08:00 ] 141.212.122.160 /
INFO: [ app_init ] --START--
INFO: [ app_init ] --END-- [ RunTime:0.000123s ]
INFO: [ app_begin ] --START--
INFO: Run Behavior\ReadHtmlCache [ RunTime:0.000077s ]
INFO: [ app_begin ] --END-- [ RunTime:0.000180s ]
INFO: [ action_begin ] --START--
INFO: [ action_begin ] --END-- [ RunTime:0.000052s ]
NOTIC: [8192] mysql_connect(): The mysql extension is deprecated and will be removed in the future: use mysqli or PDO instead /var/www/blog/ThinkPHP/Library/Think/Db/Driver/Mysql.class.php 第 52 行.
SQL: SHOW COLUMNS FROM `class` [ RunTime:0.000958s ]
SQL: SELECT * FROM `class`  [ RunTime:0.000111s ]
SQL: SHOW COLUMNS FROM `articles` [ RunTime:0.000843s ]
SQL: SELECT COUNT(*) AS tp_count FROM `articles` WHERE ( class='UEhQ' ) LIMIT 1   [ RunTime:0.000092s ]
SQL: SELECT COUNT(*) AS tp_count FROM `articles` WHERE ( class='5pWw5o2u57uT5p6E5LiO566X5rOV' ) LIMIT 1   [ RunTime:0.000087s ]
SQL: SELECT COUNT(*) AS tp_count FROM `articles` WHERE ( class='Q29tcHV0ZXIgU3lzdGVt' ) LIMIT 1   [ RunTime:0.000083s ]
SQL: SELECT * FROM `articles` ORDER BY id desc LIMIT 0,5   [ RunTime:0.000089s ]
SQL: SELECT `id`,`title`,`read_sum` FROM `articles` ORDER BY read_sum desc LIMIT 6   [ RunTime:0.000093s ]
SQL: SHOW COLUMNS FROM `friend_link` [ RunTime:0.000842s ]
SQL: SELECT * FROM `friend_link`  [ RunTime:0.000117s ]
INFO: [ view_begin ] --START--
INFO: [ view_begin ] --END-- [ RunTime:0.000026s ]
INFO: [ view_parse ] --START--
INFO: [ template_filter ] --START--
INFO: Run Behavior\ContentReplace [ RunTime:0.000092s ]
INFO: [ template_filter ] --END-- [ RunTime:0.000204s ]
INFO: Run Behavior\ParseTemplate [ RunTime:0.008911s ]
INFO: [ view_parse ] --END-- [ RunTime:0.009014s ]
INFO: [ view_filter ] --START--
INFO: Run Behavior\WriteHtmlCache [ RunTime:0.000029s ]
INFO: [ view_filter ] --END-- [ RunTime:0.000079s ]
INFO: [ view_end ] --START--
INFO: [ view_end ] --END-- [ RunTime:0.000025s ]
INFO: [ app_end ] --START--
INFO: Run Behavior\ShowPageTrace [ RunTime:0.000040s ]
INFO: [ app_end ] --END-- [ RunTime:0.000086s ]

[ 2016-01-02T16:21:46+08:00 ] 120.24.251.13 /
INFO: [ app_init ] --START--
INFO: [ app_init ] --END-- [ RunTime:0.000072s ]
INFO: [ app_begin ] --START--
INFO: Run Behavior\ReadHtmlCache [ RunTime:0.000049s ]
INFO: [ app_begin ] --END-- [ RunTime:0.000111s ]
INFO: [ action_begin ] --START--
INFO: [ action_begin ] --END-- [ RunTime:0.000030s ]
NOTIC: [8192] mysql_connect(): The mysql extension is deprecated and will be removed in the future: use mysqli or PDO instead /var/www/blog/ThinkPHP/Library/Think/Db/Driver/Mysql.class.php 第 52 行.
SQL: SHOW COLUMNS FROM `class` [ RunTime:0.000785s ]
SQL: SELECT * FROM `class`  [ RunTime:0.000104s ]
SQL: SHOW COLUMNS FROM `articles` [ RunTime:0.000762s ]
SQL: SELECT COUNT(*) AS tp_count FROM `articles` WHERE ( class='UEhQ' ) LIMIT 1   [ RunTime:0.000098s ]
SQL: SELECT COUNT(*) AS tp_count FROM `articles` WHERE ( class='5pWw5o2u57uT5p6E5LiO566X5rOV' ) LIMIT 1   [ RunTime:0.000092s ]
SQL: SELECT COUNT(*) AS tp_count FROM `articles` WHERE ( class='Q29tcHV0ZXIgU3lzdGVt' ) LIMIT 1   [ RunTime:0.000084s ]
SQL: SELECT * FROM `articles` ORDER BY id desc LIMIT 0,5   [ RunTime:0.000090s ]
SQL: SELECT `id`,`title`,`read_sum` FROM `articles` ORDER BY read_sum desc LIMIT 6   [ RunTime:0.000091s ]
SQL: SHOW COLUMNS FROM `friend_link` [ RunTime:0.000902s ]
SQL: SELECT * FROM `friend_link`  [ RunTime:0.000095s ]
INFO: [ view_begin ] --START--
INFO: [ view_begin ] --END-- [ RunTime:0.000038s ]
INFO: [ view_parse ] --START--
INFO: [ template_filter ] --START--
INFO: Run Behavior\ContentReplace [ RunTime:0.000089s ]
INFO: [ template_filter ] --END-- [ RunTime:0.000195s ]
INFO: Run Behavior\ParseTemplate [ RunTime:0.009910s ]
INFO: [ view_parse ] --END-- [ RunTime:0.010031s ]
INFO: [ view_filter ] --START--
INFO: Run Behavior\WriteHtmlCache [ RunTime:0.000024s ]
INFO: [ view_filter ] --END-- [ RunTime:0.000077s ]
INFO: [ view_end ] --START--
INFO: [ view_end ] --END-- [ RunTime:0.000024s ]
INFO: [ app_end ] --START--
INFO: Run Behavior\ShowPageTrace [ RunTime:0.000060s ]
INFO: [ app_end ] --END-- [ RunTime:0.000137s ]

[ 2016-01-02T16:26:41+08:00 ] 123.151.42.61 http://www.baidu.com/
INFO: [ app_init ] --START--
INFO: [ app_init ] --END-- [ RunTime:0.000118s ]
INFO: [ app_begin ] --START--
INFO: Run Behavior\ReadHtmlCache [ RunTime:0.000072s ]
INFO: [ app_begin ] --END-- [ RunTime:0.000166s ]
INFO: [ action_begin ] --START--
INFO: [ action_begin ] --END-- [ RunTime:0.000045s ]
NOTIC: [8192] mysql_connect(): The mysql extension is deprecated and will be removed in the future: use mysqli or PDO instead /var/www/blog/ThinkPHP/Library/Think/Db/Driver/Mysql.class.php 第 52 行.
SQL: SHOW COLUMNS FROM `class` [ RunTime:0.000682s ]
SQL: SELECT * FROM `class`  [ RunTime:0.000109s ]
SQL: SHOW COLUMNS FROM `articles` [ RunTime:0.000670s ]
SQL: SELECT COUNT(*) AS tp_count FROM `articles` WHERE ( class='UEhQ' ) LIMIT 1   [ RunTime:0.000092s ]
SQL: SELECT COUNT(*) AS tp_count FROM `articles` WHERE ( class='5pWw5o2u57uT5p6E5LiO566X5rOV' ) LIMIT 1   [ RunTime:0.000084s ]
SQL: SELECT COUNT(*) AS tp_count FROM `articles` WHERE ( class='Q29tcHV0ZXIgU3lzdGVt' ) LIMIT 1   [ RunTime:0.000168s ]
SQL: SELECT * FROM `articles` ORDER BY id desc LIMIT 0,5   [ RunTime:0.000097s ]
SQL: SELECT `id`,`title`,`read_sum` FROM `articles` ORDER BY read_sum desc LIMIT 6   [ RunTime:0.000088s ]
SQL: SHOW COLUMNS FROM `friend_link` [ RunTime:0.000560s ]
SQL: SELECT * FROM `friend_link`  [ RunTime:0.000088s ]
INFO: [ view_begin ] --START--
INFO: [ view_begin ] --END-- [ RunTime:0.000021s ]
INFO: [ view_parse ] --START--
INFO: [ template_filter ] --START--
INFO: Run Behavior\ContentReplace [ RunTime:0.000109s ]
INFO: [ template_filter ] --END-- [ RunTime:0.000224s ]
INFO: Run Behavior\ParseTemplate [ RunTime:0.009168s ]
INFO: [ view_parse ] --END-- [ RunTime:0.009248s ]
INFO: [ view_filter ] --START--
INFO: Run Behavior\WriteHtmlCache [ RunTime:0.000024s ]
INFO: [ view_filter ] --END-- [ RunTime:0.000100s ]
INFO: [ view_end ] --START--
INFO: [ view_end ] --END-- [ RunTime:0.000038s ]
INFO: [ app_end ] --START--
INFO: Run Behavior\ShowPageTrace [ RunTime:0.000054s ]
INFO: [ app_end ] --END-- [ RunTime:0.000159s ]

[ 2016-01-02T16:30:29+08:00 ] 103.41.53.252 http://www.baidu.com/
INFO: [ app_init ] --START--
INFO: [ app_init ] --END-- [ RunTime:0.000107s ]
INFO: [ app_begin ] --START--
INFO: Run Behavior\ReadHtmlCache [ RunTime:0.000070s ]
INFO: [ app_begin ] --END-- [ RunTime:0.000165s ]
INFO: [ action_begin ] --START--
INFO: [ action_begin ] --END-- [ RunTime:0.000043s ]
NOTIC: [8192] mysql_connect(): The mysql extension is deprecated and will be removed in the future: use mysqli or PDO instead /var/www/blog/ThinkPHP/Library/Think/Db/Driver/Mysql.class.php 第 52 行.
SQL: SHOW COLUMNS FROM `class` [ RunTime:0.001004s ]
SQL: SELECT * FROM `class`  [ RunTime:0.000129s ]
SQL: SHOW COLUMNS FROM `articles` [ RunTime:0.000710s ]
SQL: SELECT COUNT(*) AS tp_count FROM `articles` WHERE ( class='UEhQ' ) LIMIT 1   [ RunTime:0.000092s ]
SQL: SELECT COUNT(*) AS tp_count FROM `articles` WHERE ( class='5pWw5o2u57uT5p6E5LiO566X5rOV' ) LIMIT 1   [ RunTime:0.000088s ]
SQL: SELECT COUNT(*) AS tp_count FROM `articles` WHERE ( class='Q29tcHV0ZXIgU3lzdGVt' ) LIMIT 1   [ RunTime:0.000085s ]
SQL: SELECT * FROM `articles` ORDER BY id desc LIMIT 0,5   [ RunTime:0.000088s ]
SQL: SELECT `id`,`title`,`read_sum` FROM `articles` ORDER BY read_sum desc LIMIT 6   [ RunTime:0.000091s ]
SQL: SHOW COLUMNS FROM `friend_link` [ RunTime:0.000656s ]
SQL: SELECT * FROM `friend_link`  [ RunTime:0.000091s ]
INFO: [ view_begin ] --START--
INFO: [ view_begin ] --END-- [ RunTime:0.000024s ]
INFO: [ view_parse ] --START--
INFO: [ template_filter ] --START--
INFO: Run Behavior\ContentReplace [ RunTime:0.000277s ]
INFO: [ template_filter ] --END-- [ RunTime:0.000391s ]
INFO: Run Behavior\ParseTemplate [ RunTime:0.008591s ]
INFO: [ view_parse ] --END-- [ RunTime:0.008664s ]
INFO: [ view_filter ] --START--
INFO: Run Behavior\WriteHtmlCache [ RunTime:0.000020s ]
INFO: [ view_filter ] --END-- [ RunTime:0.000064s ]
INFO: [ view_end ] --START--
INFO: [ view_end ] --END-- [ RunTime:0.000033s ]
INFO: [ app_end ] --START--
INFO: Run Behavior\ShowPageTrace [ RunTime:0.000064s ]
INFO: [ app_end ] --END-- [ RunTime:0.000121s ]

[ 2016-01-02T18:27:30+08:00 ] 221.231.6.195 /
INFO: [ app_init ] --START--
INFO: [ app_init ] --END-- [ RunTime:0.000117s ]
INFO: [ app_begin ] --START--
INFO: Run Behavior\ReadHtmlCache [ RunTime:0.000068s ]
INFO: [ app_begin ] --END-- [ RunTime:0.000164s ]
INFO: [ action_begin ] --START--
INFO: [ action_begin ] --END-- [ RunTime:0.000055s ]
NOTIC: [8192] mysql_connect(): The mysql extension is deprecated and will be removed in the future: use mysqli or PDO instead /var/www/blog/ThinkPHP/Library/Think/Db/Driver/Mysql.class.php 第 52 行.
SQL: SHOW COLUMNS FROM `class` [ RunTime:0.000928s ]
SQL: SELECT * FROM `class`  [ RunTime:0.000201s ]
SQL: SHOW COLUMNS FROM `articles` [ RunTime:0.001152s ]
SQL: SELECT COUNT(*) AS tp_count FROM `articles` WHERE ( class='UEhQ' ) LIMIT 1   [ RunTime:0.000099s ]
SQL: SELECT COUNT(*) AS tp_count FROM `articles` WHERE ( class='5pWw5o2u57uT5p6E5LiO566X5rOV' ) LIMIT 1   [ RunTime:0.000085s ]
SQL: SELECT COUNT(*) AS tp_count FROM `articles` WHERE ( class='Q29tcHV0ZXIgU3lzdGVt' ) LIMIT 1   [ RunTime:0.000085s ]
SQL: SELECT * FROM `articles` ORDER BY id desc LIMIT 0,5   [ RunTime:0.000092s ]
SQL: SELECT `id`,`title`,`read_sum` FROM `articles` ORDER BY read_sum desc LIMIT 6   [ RunTime:0.000090s ]
SQL: SHOW COLUMNS FROM `friend_link` [ RunTime:0.000595s ]
SQL: SELECT * FROM `friend_link`  [ RunTime:0.000092s ]
INFO: [ view_begin ] --START--
INFO: [ view_begin ] --END-- [ RunTime:0.000024s ]
INFO: [ view_parse ] --START--
INFO: [ template_filter ] --START--
INFO: Run Behavior\ContentReplace [ RunTime:0.000091s ]
INFO: [ template_filter ] --END-- [ RunTime:0.000214s ]
INFO: Run Behavior\ParseTemplate [ RunTime:0.008376s ]
INFO: [ view_parse ] --END-- [ RunTime:0.008468s ]
INFO: [ view_filter ] --START--
INFO: Run Behavior\WriteHtmlCache [ RunTime:0.000023s ]
INFO: [ view_filter ] --END-- [ RunTime:0.000069s ]
INFO: [ view_end ] --START--
INFO: [ view_end ] --END-- [ RunTime:0.000025s ]
INFO: [ app_end ] --START--
INFO: Run Behavior\ShowPageTrace [ RunTime:0.000054s ]
INFO: [ app_end ] --END-- [ RunTime:0.000106s ]

[ 2016-01-02T18:27:34+08:00 ] 221.231.6.195 /
INFO: [ app_init ] --START--
INFO: [ app_init ] --END-- [ RunTime:0.000063s ]
INFO: [ app_begin ] --START--
INFO: Run Behavior\ReadHtmlCache [ RunTime:0.000042s ]
INFO: [ app_begin ] --END-- [ RunTime:0.000100s ]
INFO: [ action_begin ] --START--
INFO: [ action_begin ] --END-- [ RunTime:0.000027s ]
NOTIC: [8192] mysql_connect(): The mysql extension is deprecated and will be removed in the future: use mysqli or PDO instead /var/www/blog/ThinkPHP/Library/Think/Db/Driver/Mysql.class.php 第 52 行.
SQL: SHOW COLUMNS FROM `class` [ RunTime:0.000637s ]
SQL: SELECT * FROM `class`  [ RunTime:0.000095s ]
SQL: SHOW COLUMNS FROM `articles` [ RunTime:0.000634s ]
SQL: SELECT COUNT(*) AS tp_count FROM `articles` WHERE ( class='UEhQ' ) LIMIT 1   [ RunTime:0.000093s ]
SQL: SELECT COUNT(*) AS tp_count FROM `articles` WHERE ( class='5pWw5o2u57uT5p6E5LiO566X5rOV' ) LIMIT 1   [ RunTime:0.000085s ]
SQL: SELECT COUNT(*) AS tp_count FROM `articles` WHERE ( class='Q29tcHV0ZXIgU3lzdGVt' ) LIMIT 1   [ RunTime:0.000085s ]
SQL: SELECT * FROM `articles` ORDER BY id desc LIMIT 0,5   [ RunTime:0.000093s ]
SQL: SELECT `id`,`title`,`read_sum` FROM `articles` ORDER BY read_sum desc LIMIT 6   [ RunTime:0.000100s ]
SQL: SHOW COLUMNS FROM `friend_link` [ RunTime:0.000600s ]
SQL: SELECT * FROM `friend_link`  [ RunTime:0.000087s ]
INFO: [ view_begin ] --START--
INFO: [ view_begin ] --END-- [ RunTime:0.000022s ]
INFO: [ view_parse ] --START--
INFO: [ template_filter ] --START--
INFO: Run Behavior\ContentReplace [ RunTime:0.000066s ]
INFO: [ template_filter ] --END-- [ RunTime:0.000128s ]
INFO: Run Behavior\ParseTemplate [ RunTime:0.007860s ]
INFO: [ view_parse ] --END-- [ RunTime:0.007921s ]
INFO: [ view_filter ] --START--
INFO: Run Behavior\WriteHtmlCache [ RunTime:0.000015s ]
INFO: [ view_filter ] --END-- [ RunTime:0.000058s ]
INFO: [ view_end ] --START--
INFO: [ view_end ] --END-- [ RunTime:0.000027s ]
INFO: [ app_end ] --START--
INFO: Run Behavior\ShowPageTrace [ RunTime:0.000035s ]
INFO: [ app_end ] --END-- [ RunTime:0.000079s ]

[ 2016-01-02T18:27:38+08:00 ] 221.231.6.195 /
INFO: [ app_init ] --START--
INFO: [ app_init ] --END-- [ RunTime:0.000090s ]
INFO: [ app_begin ] --START--
INFO: Run Behavior\ReadHtmlCache [ RunTime:0.000059s ]
INFO: [ app_begin ] --END-- [ RunTime:0.000241s ]
INFO: [ action_begin ] --START--
INFO: [ action_begin ] --END-- [ RunTime:0.000039s ]
NOTIC: [8192] mysql_connect(): The mysql extension is deprecated and will be removed in the future: use mysqli or PDO instead /var/www/blog/ThinkPHP/Library/Think/Db/Driver/Mysql.class.php 第 52 行.
SQL: SHOW COLUMNS FROM `class` [ RunTime:0.000649s ]
SQL: SELECT * FROM `class`  [ RunTime:0.000129s ]
SQL: SHOW COLUMNS FROM `articles` [ RunTime:0.000932s ]
SQL: SELECT COUNT(*) AS tp_count FROM `articles` WHERE ( class='UEhQ' ) LIMIT 1   [ RunTime:0.000112s ]
SQL: SELECT COUNT(*) AS tp_count FROM `articles` WHERE ( class='5pWw5o2u57uT5p6E5LiO566X5rOV' ) LIMIT 1   [ RunTime:0.000105s ]
SQL: SELECT COUNT(*) AS tp_count FROM `articles` WHERE ( class='Q29tcHV0ZXIgU3lzdGVt' ) LIMIT 1   [ RunTime:0.000106s ]
SQL: SELECT * FROM `articles` ORDER BY id desc LIMIT 0,5   [ RunTime:0.000113s ]
SQL: SELECT `id`,`title`,`read_sum` FROM `articles` ORDER BY read_sum desc LIMIT 6   [ RunTime:0.000110s ]
SQL: SHOW COLUMNS FROM `friend_link` [ RunTime:0.000787s ]
SQL: SELECT * FROM `friend_link`  [ RunTime:0.000116s ]
INFO: [ view_begin ] --START--
INFO: [ view_begin ] --END-- [ RunTime:0.000034s ]
INFO: [ view_parse ] --START--
INFO: [ template_filter ] --START--
INFO: Run Behavior\ContentReplace [ RunTime:0.000111s ]
INFO: [ template_filter ] --END-- [ RunTime:0.000233s ]
INFO: Run Behavior\ParseTemplate [ RunTime:0.010808s ]
INFO: [ view_parse ] --END-- [ RunTime:0.010924s ]
INFO: [ view_filter ] --START--
INFO: Run Behavior\WriteHtmlCache [ RunTime:0.000024s ]
INFO: [ view_filter ] --END-- [ RunTime:0.000071s ]
INFO: [ view_end ] --START--
INFO: [ view_end ] --END-- [ RunTime:0.000032s ]
INFO: [ app_end ] --START--
INFO: Run Behavior\ShowPageTrace [ RunTime:0.000066s ]
INFO: [ app_end ] --END-- [ RunTime:0.000156s ]

[ 2016-01-02T18:27:46+08:00 ] 221.231.6.195 /
INFO: [ app_init ] --START--
INFO: [ app_init ] --END-- [ RunTime:0.000082s ]
INFO: [ app_begin ] --START--
INFO: Run Behavior\ReadHtmlCache [ RunTime:0.000050s ]
INFO: [ app_begin ] --END-- [ RunTime:0.000108s ]
INFO: [ action_begin ] --START--
INFO: [ action_begin ] --END-- [ RunTime:0.000027s ]
NOTIC: [8192] mysql_connect(): The mysql extension is deprecated and will be removed in the future: use mysqli or PDO instead /var/www/blog/ThinkPHP/Library/Think/Db/Driver/Mysql.class.php 第 52 行.
SQL: SHOW COLUMNS FROM `class` [ RunTime:0.000796s ]
SQL: SELECT * FROM `class`  [ RunTime:0.000169s ]
SQL: SHOW COLUMNS FROM `articles` [ RunTime:0.000905s ]
SQL: SELECT COUNT(*) AS tp_count FROM `articles` WHERE ( class='UEhQ' ) LIMIT 1   [ RunTime:0.000220s ]
SQL: SELECT COUNT(*) AS tp_count FROM `articles` WHERE ( class='5pWw5o2u57uT5p6E5LiO566X5rOV' ) LIMIT 1   [ RunTime:0.000086s ]
SQL: SELECT COUNT(*) AS tp_count FROM `articles` WHERE ( class='Q29tcHV0ZXIgU3lzdGVt' ) LIMIT 1   [ RunTime:0.000117s ]
SQL: SELECT * FROM `articles` ORDER BY id desc LIMIT 0,5   [ RunTime:0.000103s ]
SQL: SELECT `id`,`title`,`read_sum` FROM `articles` ORDER BY read_sum desc LIMIT 6   [ RunTime:0.000090s ]
SQL: SHOW COLUMNS FROM `friend_link` [ RunTime:0.000786s ]
SQL: SELECT * FROM `friend_link`  [ RunTime:0.000096s ]
INFO: [ view_begin ] --START--
INFO: [ view_begin ] --END-- [ RunTime:0.000024s ]
INFO: [ view_parse ] --START--
INFO: [ template_filter ] --START--
INFO: Run Behavior\ContentReplace [ RunTime:0.000091s ]
INFO: [ template_filter ] --END-- [ RunTime:0.000202s ]
INFO: Run Behavior\ParseTemplate [ RunTime:0.008881s ]
INFO: [ view_parse ] --END-- [ RunTime:0.009062s ]
INFO: [ view_filter ] --START--
INFO: Run Behavior\WriteHtmlCache [ RunTime:0.000021s ]
INFO: [ view_filter ] --END-- [ RunTime:0.000066s ]
INFO: [ view_end ] --START--
INFO: [ view_end ] --END-- [ RunTime:0.000025s ]
INFO: [ app_end ] --START--
INFO: Run Behavior\ShowPageTrace [ RunTime:0.000037s ]
INFO: [ app_end ] --END-- [ RunTime:0.000084s ]

[ 2016-01-02T18:28:09+08:00 ] 221.231.6.195 /
INFO: [ app_init ] --START--
INFO: [ app_init ] --END-- [ RunTime:0.000071s ]
INFO: [ app_begin ] --START--
INFO: Run Behavior\ReadHtmlCache [ RunTime:0.000046s ]
INFO: [ app_begin ] --END-- [ RunTime:0.000105s ]
INFO: [ action_begin ] --START--
INFO: [ action_begin ] --END-- [ RunTime:0.000032s ]
NOTIC: [8192] mysql_connect(): The mysql extension is deprecated and will be removed in the future: use mysqli or PDO instead /var/www/blog/ThinkPHP/Library/Think/Db/Driver/Mysql.class.php 第 52 行.
SQL: SHOW COLUMNS FROM `class` [ RunTime:0.000808s ]
SQL: SELECT * FROM `class`  [ RunTime:0.000111s ]
SQL: SHOW COLUMNS FROM `articles` [ RunTime:0.000968s ]
SQL: SELECT COUNT(*) AS tp_count FROM `articles` WHERE ( class='UEhQ' ) LIMIT 1   [ RunTime:0.000088s ]
SQL: SELECT COUNT(*) AS tp_count FROM `articles` WHERE ( class='5pWw5o2u57uT5p6E5LiO566X5rOV' ) LIMIT 1   [ RunTime:0.000125s ]
SQL: SELECT COUNT(*) AS tp_count FROM `articles` WHERE ( class='Q29tcHV0ZXIgU3lzdGVt' ) LIMIT 1   [ RunTime:0.000093s ]
SQL: SELECT * FROM `articles` ORDER BY id desc LIMIT 0,5   [ RunTime:0.000091s ]
SQL: SELECT `id`,`title`,`read_sum` FROM `articles` ORDER BY read_sum desc LIMIT 6   [ RunTime:0.000131s ]
SQL: SHOW COLUMNS FROM `friend_link` [ RunTime:0.000828s ]
SQL: SELECT * FROM `friend_link`  [ RunTime:0.000111s ]
INFO: [ view_begin ] --START--
INFO: [ view_begin ] --END-- [ RunTime:0.000025s ]
INFO: [ view_parse ] --START--
INFO: [ template_filter ] --START--
INFO: Run Behavior\ContentReplace [ RunTime:0.000091s ]
INFO: [ template_filter ] --END-- [ RunTime:0.000200s ]
INFO: Run Behavior\ParseTemplate [ RunTime:0.010178s ]
INFO: [ view_parse ] --END-- [ RunTime:0.010274s ]
INFO: [ view_filter ] --START--
INFO: Run Behavior\WriteHtmlCache [ RunTime:0.000025s ]
INFO: [ view_filter ] --END-- [ RunTime:0.000071s ]
INFO: [ view_end ] --START--
INFO: [ view_end ] --END-- [ RunTime:0.000024s ]
INFO: [ app_end ] --START--
INFO: Run Behavior\ShowPageTrace [ RunTime:0.000041s ]
INFO: [ app_end ] --END-- [ RunTime:0.000088s ]

[ 2016-01-02T18:28:16+08:00 ] 221.231.6.195 /
INFO: [ app_init ] --START--
INFO: [ app_init ] --END-- [ RunTime:0.000082s ]
INFO: [ app_begin ] --START--
INFO: Run Behavior\ReadHtmlCache [ RunTime:0.000050s ]
INFO: [ app_begin ] --END-- [ RunTime:0.000108s ]
INFO: [ action_begin ] --START--
INFO: [ action_begin ] --END-- [ RunTime:0.000039s ]
NOTIC: [8192] mysql_connect(): The mysql extension is deprecated and will be removed in the future: use mysqli or PDO instead /var/www/blog/ThinkPHP/Library/Think/Db/Driver/Mysql.class.php 第 52 行.
SQL: SHOW COLUMNS FROM `class` [ RunTime:0.000935s ]
SQL: SELECT * FROM `class`  [ RunTime:0.000123s ]
SQL: SHOW COLUMNS FROM `articles` [ RunTime:0.000985s ]
SQL: SELECT COUNT(*) AS tp_count FROM `articles` WHERE ( class='UEhQ' ) LIMIT 1   [ RunTime:0.000120s ]
SQL: SELECT COUNT(*) AS tp_count FROM `articles` WHERE ( class='5pWw5o2u57uT5p6E5LiO566X5rOV' ) LIMIT 1   [ RunTime:0.000087s ]
SQL: SELECT COUNT(*) AS tp_count FROM `articles` WHERE ( class='Q29tcHV0ZXIgU3lzdGVt' ) LIMIT 1   [ RunTime:0.000086s ]
SQL: SELECT * FROM `articles` ORDER BY id desc LIMIT 0,5   [ RunTime:0.000099s ]
SQL: SELECT `id`,`title`,`read_sum` FROM `articles` ORDER BY read_sum desc LIMIT 6   [ RunTime:0.000207s ]
SQL: SHOW COLUMNS FROM `friend_link` [ RunTime:0.000839s ]
SQL: SELECT * FROM `friend_link`  [ RunTime:0.000127s ]
INFO: [ view_begin ] --START--
INFO: [ view_begin ] --END-- [ RunTime:0.000028s ]
INFO: [ view_parse ] --START--
INFO: [ template_filter ] --START--
INFO: Run Behavior\ContentReplace [ RunTime:0.000080s ]
INFO: [ template_filter ] --END-- [ RunTime:0.000177s ]
INFO: Run Behavior\ParseTemplate [ RunTime:0.008636s ]
INFO: [ view_parse ] --END-- [ RunTime:0.008700s ]
INFO: [ view_filter ] --START--
INFO: Run Behavior\WriteHtmlCache [ RunTime:0.000015s ]
INFO: [ view_filter ] --END-- [ RunTime:0.000058s ]
INFO: [ view_end ] --START--
INFO: [ view_end ] --END-- [ RunTime:0.000024s ]
INFO: [ app_end ] --START--
INFO: Run Behavior\ShowPageTrace [ RunTime:0.000034s ]
INFO: [ app_end ] --END-- [ RunTime:0.000094s ]

[ 2016-01-02T18:29:26+08:00 ] 221.231.6.195 /
INFO: [ app_init ] --START--
INFO: [ app_init ] --END-- [ RunTime:0.000080s ]
INFO: [ app_begin ] --START--
INFO: Run Behavior\ReadHtmlCache [ RunTime:0.000050s ]
INFO: [ app_begin ] --END-- [ RunTime:0.000107s ]
INFO: [ action_begin ] --START--
INFO: [ action_begin ] --END-- [ RunTime:0.000032s ]
NOTIC: [8192] mysql_connect(): The mysql extension is deprecated and will be removed in the future: use mysqli or PDO instead /var/www/blog/ThinkPHP/Library/Think/Db/Driver/Mysql.class.php 第 52 行.
SQL: SHOW COLUMNS FROM `class` [ RunTime:0.000799s ]
SQL: SELECT * FROM `class`  [ RunTime:0.000100s ]
SQL: SHOW COLUMNS FROM `articles` [ RunTime:0.001035s ]
SQL: SELECT COUNT(*) AS tp_count FROM `articles` WHERE ( class='UEhQ' ) LIMIT 1   [ RunTime:0.000154s ]
SQL: SELECT COUNT(*) AS tp_count FROM `articles` WHERE ( class='5pWw5o2u57uT5p6E5LiO566X5rOV' ) LIMIT 1   [ RunTime:0.000089s ]
SQL: SELECT COUNT(*) AS tp_count FROM `articles` WHERE ( class='Q29tcHV0ZXIgU3lzdGVt' ) LIMIT 1   [ RunTime:0.000083s ]
SQL: SELECT * FROM `articles` ORDER BY id desc LIMIT 0,5   [ RunTime:0.000090s ]
SQL: SELECT `id`,`title`,`read_sum` FROM `articles` ORDER BY read_sum desc LIMIT 6   [ RunTime:0.000091s ]
SQL: SHOW COLUMNS FROM `friend_link` [ RunTime:0.000915s ]
SQL: SELECT * FROM `friend_link`  [ RunTime:0.000103s ]
INFO: [ view_begin ] --START--
INFO: [ view_begin ] --END-- [ RunTime:0.000024s ]
INFO: [ view_parse ] --START--
INFO: [ template_filter ] --START--
INFO: Run Behavior\ContentReplace [ RunTime:0.000090s ]
INFO: [ template_filter ] --END-- [ RunTime:0.000276s ]
INFO: Run Behavior\ParseTemplate [ RunTime:0.008573s ]
INFO: [ view_parse ] --END-- [ RunTime:0.008654s ]
INFO: [ view_filter ] --START--
INFO: Run Behavior\WriteHtmlCache [ RunTime:0.000022s ]
INFO: [ view_filter ] --END-- [ RunTime:0.000067s ]
INFO: [ view_end ] --START--
INFO: [ view_end ] --END-- [ RunTime:0.000024s ]
INFO: [ app_end ] --START--
INFO: Run Behavior\ShowPageTrace [ RunTime:0.000038s ]
INFO: [ app_end ] --END-- [ RunTime:0.000085s ]

[ 2016-01-02T18:29:38+08:00 ] 221.231.6.195 /
INFO: [ app_init ] --START--
INFO: [ app_init ] --END-- [ RunTime:0.000099s ]
INFO: [ app_begin ] --START--
INFO: Run Behavior\ReadHtmlCache [ RunTime:0.000077s ]
INFO: [ app_begin ] --END-- [ RunTime:0.000186s ]
INFO: [ action_begin ] --START--
INFO: [ action_begin ] --END-- [ RunTime:0.000050s ]
NOTIC: [8192] mysql_connect(): The mysql extension is deprecated and will be removed in the future: use mysqli or PDO instead /var/www/blog/ThinkPHP/Library/Think/Db/Driver/Mysql.class.php 第 52 行.
SQL: SHOW COLUMNS FROM `class` [ RunTime:0.000780s ]
SQL: SELECT * FROM `class`  [ RunTime:0.000101s ]
SQL: SHOW COLUMNS FROM `articles` [ RunTime:0.000739s ]
SQL: SELECT COUNT(*) AS tp_count FROM `articles` WHERE ( class='UEhQ' ) LIMIT 1   [ RunTime:0.000096s ]
SQL: SELECT COUNT(*) AS tp_count FROM `articles` WHERE ( class='5pWw5o2u57uT5p6E5LiO566X5rOV' ) LIMIT 1   [ RunTime:0.000086s ]
SQL: SELECT COUNT(*) AS tp_count FROM `articles` WHERE ( class='Q29tcHV0ZXIgU3lzdGVt' ) LIMIT 1   [ RunTime:0.000084s ]
SQL: SELECT * FROM `articles` ORDER BY id desc LIMIT 0,5   [ RunTime:0.000090s ]
SQL: SELECT `id`,`title`,`read_sum` FROM `articles` ORDER BY read_sum desc LIMIT 6   [ RunTime:0.000092s ]
SQL: SHOW COLUMNS FROM `friend_link` [ RunTime:0.000727s ]
SQL: SELECT * FROM `friend_link`  [ RunTime:0.000091s ]
INFO: [ view_begin ] --START--
INFO: [ view_begin ] --END-- [ RunTime:0.000026s ]
INFO: [ view_parse ] --START--
INFO: [ template_filter ] --START--
INFO: Run Behavior\ContentReplace [ RunTime:0.000089s ]
INFO: [ template_filter ] --END-- [ RunTime:0.000198s ]
INFO: Run Behavior\ParseTemplate [ RunTime:0.008606s ]
INFO: [ view_parse ] --END-- [ RunTime:0.008674s ]
INFO: [ view_filter ] --START--
INFO: Run Behavior\WriteHtmlCache [ RunTime:0.000018s ]
INFO: [ view_filter ] --END-- [ RunTime:0.000062s ]
INFO: [ view_end ] --START--
INFO: [ view_end ] --END-- [ RunTime:0.000025s ]
INFO: [ app_end ] --START--
INFO: Run Behavior\ShowPageTrace [ RunTime:0.000038s ]
INFO: [ app_end ] --END-- [ RunTime:0.000086s ]

[ 2016-01-02T18:29:44+08:00 ] 221.231.6.195 /
INFO: [ app_init ] --START--
INFO: [ app_init ] --END-- [ RunTime:0.000078s ]
INFO: [ app_begin ] --START--
INFO: Run Behavior\ReadHtmlCache [ RunTime:0.000049s ]
INFO: [ app_begin ] --END-- [ RunTime:0.000109s ]
INFO: [ action_begin ] --START--
INFO: [ action_begin ] --END-- [ RunTime:0.000028s ]
NOTIC: [8192] mysql_connect(): The mysql extension is deprecated and will be removed in the future: use mysqli or PDO instead /var/www/blog/ThinkPHP/Library/Think/Db/Driver/Mysql.class.php 第 52 行.
SQL: SHOW COLUMNS FROM `class` [ RunTime:0.000842s ]
SQL: SELECT * FROM `class`  [ RunTime:0.000114s ]
SQL: SHOW COLUMNS FROM `articles` [ RunTime:0.000976s ]
SQL: SELECT COUNT(*) AS tp_count FROM `articles` WHERE ( class='UEhQ' ) LIMIT 1   [ RunTime:0.000115s ]
SQL: SELECT COUNT(*) AS tp_count FROM `articles` WHERE ( class='5pWw5o2u57uT5p6E5LiO566X5rOV' ) LIMIT 1   [ RunTime:0.000104s ]
SQL: SELECT COUNT(*) AS tp_count FROM `articles` WHERE ( class='Q29tcHV0ZXIgU3lzdGVt' ) LIMIT 1   [ RunTime:0.000089s ]
SQL: SELECT * FROM `articles` ORDER BY id desc LIMIT 0,5   [ RunTime:0.000090s ]
SQL: SELECT `id`,`title`,`read_sum` FROM `articles` ORDER BY read_sum desc LIMIT 6   [ RunTime:0.000110s ]
SQL: SHOW COLUMNS FROM `friend_link` [ RunTime:0.000732s ]
SQL: SELECT * FROM `friend_link`  [ RunTime:0.000103s ]
INFO: [ view_begin ] --START--
INFO: [ view_begin ] --END-- [ RunTime:0.000023s ]
INFO: [ view_parse ] --START--
INFO: [ template_filter ] --START--
INFO: Run Behavior\ContentReplace [ RunTime:0.000109s ]
INFO: [ template_filter ] --END-- [ RunTime:0.000201s ]
INFO: Run Behavior\ParseTemplate [ RunTime:0.008685s ]
INFO: [ view_parse ] --END-- [ RunTime:0.008747s ]
INFO: [ view_filter ] --START--
INFO: Run Behavior\WriteHtmlCache [ RunTime:0.000016s ]
INFO: [ view_filter ] --END-- [ RunTime:0.000060s ]
INFO: [ view_end ] --START--
INFO: [ view_end ] --END-- [ RunTime:0.000040s ]
INFO: [ app_end ] --START--
INFO: Run Behavior\ShowPageTrace [ RunTime:0.000035s ]
INFO: [ app_end ] --END-- [ RunTime:0.000106s ]

[ 2016-01-02T18:30:28+08:00 ] 221.231.6.195 /
INFO: [ app_init ] --START--
INFO: [ app_init ] --END-- [ RunTime:0.000074s ]
INFO: [ app_begin ] --START--
INFO: Run Behavior\ReadHtmlCache [ RunTime:0.000045s ]
INFO: [ app_begin ] --END-- [ RunTime:0.000100s ]
INFO: [ action_begin ] --START--
INFO: [ action_begin ] --END-- [ RunTime:0.000033s ]
NOTIC: [8192] mysql_connect(): The mysql extension is deprecated and will be removed in the future: use mysqli or PDO instead /var/www/blog/ThinkPHP/Library/Think/Db/Driver/Mysql.class.php 第 52 行.
SQL: SHOW COLUMNS FROM `class` [ RunTime:0.000909s ]
SQL: SELECT * FROM `class`  [ RunTime:0.000101s ]
SQL: SHOW COLUMNS FROM `articles` [ RunTime:0.000752s ]
SQL: SELECT COUNT(*) AS tp_count FROM `articles` WHERE ( class='UEhQ' ) LIMIT 1   [ RunTime:0.000097s ]
SQL: SELECT COUNT(*) AS tp_count FROM `articles` WHERE ( class='5pWw5o2u57uT5p6E5LiO566X5rOV' ) LIMIT 1   [ RunTime:0.000087s ]
SQL: SELECT COUNT(*) AS tp_count FROM `articles` WHERE ( class='Q29tcHV0ZXIgU3lzdGVt' ) LIMIT 1   [ RunTime:0.000086s ]
SQL: SELECT * FROM `articles` ORDER BY id desc LIMIT 0,5   [ RunTime:0.000094s ]
SQL: SELECT `id`,`title`,`read_sum` FROM `articles` ORDER BY read_sum desc LIMIT 6   [ RunTime:0.000094s ]
SQL: SHOW COLUMNS FROM `friend_link` [ RunTime:0.000666s ]
SQL: SELECT * FROM `friend_link`  [ RunTime:0.000108s ]
INFO: [ view_begin ] --START--
INFO: [ view_begin ] --END-- [ RunTime:0.000022s ]
INFO: [ view_parse ] --START--
INFO: [ template_filter ] --START--
INFO: Run Behavior\ContentReplace [ RunTime:0.000124s ]
INFO: [ template_filter ] --END-- [ RunTime:0.000256s ]
INFO: Run Behavior\ParseTemplate [ RunTime:0.009588s ]
INFO: [ view_parse ] --END-- [ RunTime:0.009684s ]
INFO: [ view_filter ] --START--
INFO: Run Behavior\WriteHtmlCache [ RunTime:0.000022s ]
INFO: [ view_filter ] --END-- [ RunTime:0.000076s ]
INFO: [ view_end ] --START--
INFO: [ view_end ] --END-- [ RunTime:0.000025s ]
INFO: [ app_end ] --START--
INFO: Run Behavior\ShowPageTrace [ RunTime:0.000041s ]
INFO: [ app_end ] --END-- [ RunTime:0.000090s ]

[ 2016-01-02T18:31:32+08:00 ] 221.231.6.195 /
INFO: [ app_init ] --START--
INFO: [ app_init ] --END-- [ RunTime:0.000070s ]
INFO: [ app_begin ] --START--
INFO: Run Behavior\ReadHtmlCache [ RunTime:0.000044s ]
INFO: [ app_begin ] --END-- [ RunTime:0.000113s ]
INFO: [ action_begin ] --START--
INFO: [ action_begin ] --END-- [ RunTime:0.000040s ]
NOTIC: [8192] mysql_connect(): The mysql extension is deprecated and will be removed in the future: use mysqli or PDO instead /var/www/blog/ThinkPHP/Library/Think/Db/Driver/Mysql.class.php 第 52 行.
SQL: SHOW COLUMNS FROM `class` [ RunTime:0.000975s ]
SQL: SELECT * FROM `class`  [ RunTime:0.000118s ]
SQL: SHOW COLUMNS FROM `articles` [ RunTime:0.000981s ]
SQL: SELECT COUNT(*) AS tp_count FROM `articles` WHERE ( class='UEhQ' ) LIMIT 1   [ RunTime:0.000128s ]
SQL: SELECT COUNT(*) AS tp_count FROM `articles` WHERE ( class='5pWw5o2u57uT5p6E5LiO566X5rOV' ) LIMIT 1   [ RunTime:0.000089s ]
SQL: SELECT COUNT(*) AS tp_count FROM `articles` WHERE ( class='Q29tcHV0ZXIgU3lzdGVt' ) LIMIT 1   [ RunTime:0.000088s ]
SQL: SELECT * FROM `articles` ORDER BY id desc LIMIT 0,5   [ RunTime:0.000202s ]
SQL: SELECT `id`,`title`,`read_sum` FROM `articles` ORDER BY read_sum desc LIMIT 6   [ RunTime:0.000121s ]
SQL: SHOW COLUMNS FROM `friend_link` [ RunTime:0.000892s ]
SQL: SELECT * FROM `friend_link`  [ RunTime:0.000145s ]
INFO: [ view_begin ] --START--
INFO: [ view_begin ] --END-- [ RunTime:0.000025s ]
INFO: [ view_parse ] --START--
INFO: [ template_filter ] --START--
INFO: Run Behavior\ContentReplace [ RunTime:0.000096s ]
INFO: [ template_filter ] --END-- [ RunTime:0.000207s ]
INFO: Run Behavior\ParseTemplate [ RunTime:0.008742s ]
INFO: [ view_parse ] --END-- [ RunTime:0.008849s ]
INFO: [ view_filter ] --START--
INFO: Run Behavior\WriteHtmlCache [ RunTime:0.000026s ]
INFO: [ view_filter ] --END-- [ RunTime:0.000071s ]
INFO: [ view_end ] --START--
INFO: [ view_end ] --END-- [ RunTime:0.000025s ]
INFO: [ app_end ] --START--
INFO: Run Behavior\ShowPageTrace [ RunTime:0.000040s ]
INFO: [ app_end ] --END-- [ RunTime:0.000088s ]

[ 2016-01-02T18:31:54+08:00 ] 221.231.6.195 /
INFO: [ app_init ] --START--
INFO: [ app_init ] --END-- [ RunTime:0.000097s ]
INFO: [ app_begin ] --START--
INFO: Run Behavior\ReadHtmlCache [ RunTime:0.000075s ]
INFO: [ app_begin ] --END-- [ RunTime:0.000180s ]
INFO: [ action_begin ] --START--
INFO: [ action_begin ] --END-- [ RunTime:0.000052s ]
NOTIC: [8192] mysql_connect(): The mysql extension is deprecated and will be removed in the future: use mysqli or PDO instead /var/www/blog/ThinkPHP/Library/Think/Db/Driver/Mysql.class.php 第 52 行.
SQL: SHOW COLUMNS FROM `class` [ RunTime:0.000903s ]
SQL: SELECT * FROM `class`  [ RunTime:0.000127s ]
SQL: SHOW COLUMNS FROM `articles` [ RunTime:0.001047s ]
SQL: SELECT COUNT(*) AS tp_count FROM `articles` WHERE ( class='UEhQ' ) LIMIT 1   [ RunTime:0.000129s ]
SQL: SELECT COUNT(*) AS tp_count FROM `articles` WHERE ( class='5pWw5o2u57uT5p6E5LiO566X5rOV' ) LIMIT 1   [ RunTime:0.000087s ]
SQL: SELECT COUNT(*) AS tp_count FROM `articles` WHERE ( class='Q29tcHV0ZXIgU3lzdGVt' ) LIMIT 1   [ RunTime:0.000084s ]
SQL: SELECT * FROM `articles` ORDER BY id desc LIMIT 0,5   [ RunTime:0.000092s ]
SQL: SELECT `id`,`title`,`read_sum` FROM `articles` ORDER BY read_sum desc LIMIT 6   [ RunTime:0.000094s ]
SQL: SHOW COLUMNS FROM `friend_link` [ RunTime:0.000937s ]
SQL: SELECT * FROM `friend_link`  [ RunTime:0.000101s ]
INFO: [ view_begin ] --START--
INFO: [ view_begin ] --END-- [ RunTime:0.000025s ]
INFO: [ view_parse ] --START--
INFO: [ template_filter ] --START--
INFO: Run Behavior\ContentReplace [ RunTime:0.000091s ]
INFO: [ template_filter ] --END-- [ RunTime:0.000200s ]
INFO: Run Behavior\ParseTemplate [ RunTime:0.008981s ]
INFO: [ view_parse ] --END-- [ RunTime:0.009094s ]
INFO: [ view_filter ] --START--
INFO: Run Behavior\WriteHtmlCache [ RunTime:0.000024s ]
INFO: [ view_filter ] --END-- [ RunTime:0.000073s ]
INFO: [ view_end ] --START--
INFO: [ view_end ] --END-- [ RunTime:0.000024s ]
INFO: [ app_end ] --START--
INFO: Run Behavior\ShowPageTrace [ RunTime:0.000040s ]
INFO: [ app_end ] --END-- [ RunTime:0.000089s ]

[ 2016-01-02T18:32:37+08:00 ] 221.231.6.195 /
INFO: [ app_init ] --START--
INFO: [ app_init ] --END-- [ RunTime:0.000115s ]
INFO: [ app_begin ] --START--
INFO: Run Behavior\ReadHtmlCache [ RunTime:0.000054s ]
INFO: [ app_begin ] --END-- [ RunTime:0.000121s ]
INFO: [ action_begin ] --START--
INFO: [ action_begin ] --END-- [ RunTime:0.000031s ]
NOTIC: [8192] mysql_connect(): The mysql extension is deprecated and will be removed in the future: use mysqli or PDO instead /var/www/blog/ThinkPHP/Library/Think/Db/Driver/Mysql.class.php 第 52 行.
SQL: SHOW COLUMNS FROM `class` [ RunTime:0.000858s ]
SQL: SELECT * FROM `class`  [ RunTime:0.000123s ]
SQL: SHOW COLUMNS FROM `articles` [ RunTime:0.001099s ]
SQL: SELECT COUNT(*) AS tp_count FROM `articles` WHERE ( class='UEhQ' ) LIMIT 1   [ RunTime:0.000131s ]
SQL: SELECT COUNT(*) AS tp_count FROM `articles` WHERE ( class='5pWw5o2u57uT5p6E5LiO566X5rOV' ) LIMIT 1   [ RunTime:0.000091s ]
SQL: SELECT COUNT(*) AS tp_count FROM `articles` WHERE ( class='Q29tcHV0ZXIgU3lzdGVt' ) LIMIT 1   [ RunTime:0.000084s ]
SQL: SELECT * FROM `articles` ORDER BY id desc LIMIT 0,5   [ RunTime:0.000091s ]
SQL: SELECT `id`,`title`,`read_sum` FROM `articles` ORDER BY read_sum desc LIMIT 6   [ RunTime:0.000094s ]
SQL: SHOW COLUMNS FROM `friend_link` [ RunTime:0.000866s ]
SQL: SELECT * FROM `friend_link`  [ RunTime:0.000207s ]
INFO: [ view_begin ] --START--
INFO: [ view_begin ] --END-- [ RunTime:0.000024s ]
INFO: [ view_parse ] --START--
INFO: [ template_filter ] --START--
INFO: Run Behavior\ContentReplace [ RunTime:0.000155s ]
INFO: [ template_filter ] --END-- [ RunTime:0.000434s ]
INFO: Run Behavior\ParseTemplate [ RunTime:0.009175s ]
INFO: [ view_parse ] --END-- [ RunTime:0.009309s ]
INFO: [ view_filter ] --START--
INFO: Run Behavior\WriteHtmlCache [ RunTime:0.000028s ]
INFO: [ view_filter ] --END-- [ RunTime:0.000102s ]
INFO: [ view_end ] --START--
INFO: [ view_end ] --END-- [ RunTime:0.000048s ]
INFO: [ app_end ] --START--
INFO: Run Behavior\ShowPageTrace [ RunTime:0.000060s ]
INFO: [ app_end ] --END-- [ RunTime:0.000145s ]

[ 2016-01-02T18:32:51+08:00 ] 221.231.6.195 /
INFO: [ app_init ] --START--
INFO: [ app_init ] --END-- [ RunTime:0.000075s ]
INFO: [ app_begin ] --START--
INFO: Run Behavior\ReadHtmlCache [ RunTime:0.000047s ]
INFO: [ app_begin ] --END-- [ RunTime:0.000103s ]
INFO: [ action_begin ] --START--
INFO: [ action_begin ] --END-- [ RunTime:0.000028s ]
NOTIC: [8192] mysql_connect(): The mysql extension is deprecated and will be removed in the future: use mysqli or PDO instead /var/www/blog/ThinkPHP/Library/Think/Db/Driver/Mysql.class.php 第 52 行.
SQL: SHOW COLUMNS FROM `class` [ RunTime:0.000749s ]
SQL: SELECT * FROM `class`  [ RunTime:0.000092s ]
SQL: SHOW COLUMNS FROM `articles` [ RunTime:0.000960s ]
SQL: SELECT COUNT(*) AS tp_count FROM `articles` WHERE ( class='UEhQ' ) LIMIT 1   [ RunTime:0.000137s ]
SQL: SELECT COUNT(*) AS tp_count FROM `articles` WHERE ( class='5pWw5o2u57uT5p6E5LiO566X5rOV' ) LIMIT 1   [ RunTime:0.000127s ]
SQL: SELECT COUNT(*) AS tp_count FROM `articles` WHERE ( class='Q29tcHV0ZXIgU3lzdGVt' ) LIMIT 1   [ RunTime:0.000124s ]
SQL: SELECT * FROM `articles` ORDER BY id desc LIMIT 0,5   [ RunTime:0.000138s ]
SQL: SELECT `id`,`title`,`read_sum` FROM `articles` ORDER BY read_sum desc LIMIT 6   [ RunTime:0.000110s ]
SQL: SHOW COLUMNS FROM `friend_link` [ RunTime:0.000975s ]
SQL: SELECT * FROM `friend_link`  [ RunTime:0.000101s ]
INFO: [ view_begin ] --START--
INFO: [ view_begin ] --END-- [ RunTime:0.000036s ]
INFO: [ view_parse ] --START--
INFO: [ template_filter ] --START--
INFO: Run Behavior\ContentReplace [ RunTime:0.000147s ]
INFO: [ template_filter ] --END-- [ RunTime:0.000258s ]
INFO: Run Behavior\ParseTemplate [ RunTime:0.008859s ]
INFO: [ view_parse ] --END-- [ RunTime:0.008947s ]
INFO: [ view_filter ] --START--
INFO: Run Behavior\WriteHtmlCache [ RunTime:0.000025s ]
INFO: [ view_filter ] --END-- [ RunTime:0.000085s ]
INFO: [ view_end ] --START--
INFO: [ view_end ] --END-- [ RunTime:0.000025s ]
INFO: [ app_end ] --START--
INFO: Run Behavior\ShowPageTrace [ RunTime:0.000064s ]
INFO: [ app_end ] --END-- [ RunTime:0.000113s ]

[ 2016-01-02T18:33:01+08:00 ] 221.231.6.195 /
INFO: [ app_init ] --START--
INFO: [ app_init ] --END-- [ RunTime:0.000084s ]
INFO: [ app_begin ] --START--
INFO: Run Behavior\ReadHtmlCache [ RunTime:0.000046s ]
INFO: [ app_begin ] --END-- [ RunTime:0.000103s ]
INFO: [ action_begin ] --START--
INFO: [ action_begin ] --END-- [ RunTime:0.000027s ]
NOTIC: [8192] mysql_connect(): The mysql extension is deprecated and will be removed in the future: use mysqli or PDO instead /var/www/blog/ThinkPHP/Library/Think/Db/Driver/Mysql.class.php 第 52 行.
SQL: SHOW COLUMNS FROM `class` [ RunTime:0.000778s ]
SQL: SELECT * FROM `class`  [ RunTime:0.000113s ]
SQL: SHOW COLUMNS FROM `articles` [ RunTime:0.000973s ]
SQL: SELECT COUNT(*) AS tp_count FROM `articles` WHERE ( class='UEhQ' ) LIMIT 1   [ RunTime:0.000108s ]
SQL: SELECT COUNT(*) AS tp_count FROM `articles` WHERE ( class='5pWw5o2u57uT5p6E5LiO566X5rOV' ) LIMIT 1   [ RunTime:0.000094s ]
SQL: SELECT COUNT(*) AS tp_count FROM `articles` WHERE ( class='Q29tcHV0ZXIgU3lzdGVt' ) LIMIT 1   [ RunTime:0.000084s ]
SQL: SELECT * FROM `articles` ORDER BY id desc LIMIT 0,5   [ RunTime:0.000089s ]
SQL: SELECT `id`,`title`,`read_sum` FROM `articles` ORDER BY read_sum desc LIMIT 6   [ RunTime:0.000092s ]
SQL: SHOW COLUMNS FROM `friend_link` [ RunTime:0.000775s ]
SQL: SELECT * FROM `friend_link`  [ RunTime:0.000100s ]
INFO: [ view_begin ] --START--
INFO: [ view_begin ] --END-- [ RunTime:0.000024s ]
INFO: [ view_parse ] --START--
INFO: [ template_filter ] --START--
INFO: Run Behavior\ContentReplace [ RunTime:0.000088s ]
INFO: [ template_filter ] --END-- [ RunTime:0.000189s ]
INFO: Run Behavior\ParseTemplate [ RunTime:0.008622s ]
INFO: [ view_parse ] --END-- [ RunTime:0.008687s ]
INFO: [ view_filter ] --START--
INFO: Run Behavior\WriteHtmlCache [ RunTime:0.000017s ]
INFO: [ view_filter ] --END-- [ RunTime:0.000062s ]
INFO: [ view_end ] --START--
INFO: [ view_end ] --END-- [ RunTime:0.000025s ]
INFO: [ app_end ] --START--
INFO: Run Behavior\ShowPageTrace [ RunTime:0.000035s ]
INFO: [ app_end ] --END-- [ RunTime:0.000081s ]

[ 2016-01-02T18:35:41+08:00 ] 221.231.6.195 /
INFO: [ app_init ] --START--
INFO: [ app_init ] --END-- [ RunTime:0.000071s ]
INFO: [ app_begin ] --START--
INFO: Run Behavior\ReadHtmlCache [ RunTime:0.000045s ]
INFO: [ app_begin ] --END-- [ RunTime:0.000108s ]
INFO: [ action_begin ] --START--
INFO: [ action_begin ] --END-- [ RunTime:0.000027s ]
NOTIC: [8192] mysql_connect(): The mysql extension is deprecated and will be removed in the future: use mysqli or PDO instead /var/www/blog/ThinkPHP/Library/Think/Db/Driver/Mysql.class.php 第 52 行.
SQL: SHOW COLUMNS FROM `class` [ RunTime:0.000831s ]
SQL: SELECT * FROM `class`  [ RunTime:0.000095s ]
SQL: SHOW COLUMNS FROM `articles` [ RunTime:0.000914s ]
SQL: SELECT COUNT(*) AS tp_count FROM `articles` WHERE ( class='UEhQ' ) LIMIT 1   [ RunTime:0.000100s ]
SQL: SELECT COUNT(*) AS tp_count FROM `articles` WHERE ( class='5pWw5o2u57uT5p6E5LiO566X5rOV' ) LIMIT 1   [ RunTime:0.000092s ]
SQL: SELECT COUNT(*) AS tp_count FROM `articles` WHERE ( class='Q29tcHV0ZXIgU3lzdGVt' ) LIMIT 1   [ RunTime:0.000113s ]
SQL: SELECT * FROM `articles` ORDER BY id desc LIMIT 0,5   [ RunTime:0.000132s ]
SQL: SELECT `id`,`title`,`read_sum` FROM `articles` ORDER BY read_sum desc LIMIT 6   [ RunTime:0.000134s ]
SQL: SHOW COLUMNS FROM `friend_link` [ RunTime:0.001029s ]
SQL: SELECT * FROM `friend_link`  [ RunTime:0.000111s ]
INFO: [ view_begin ] --START--
INFO: [ view_begin ] --END-- [ RunTime:0.000022s ]
INFO: [ view_parse ] --START--
INFO: [ template_filter ] --START--
INFO: Run Behavior\ContentReplace [ RunTime:0.000083s ]
INFO: [ template_filter ] --END-- [ RunTime:0.000176s ]
INFO: Run Behavior\ParseTemplate [ RunTime:0.009508s ]
INFO: [ view_parse ] --END-- [ RunTime:0.009577s ]
INFO: [ view_filter ] --START--
INFO: Run Behavior\WriteHtmlCache [ RunTime:0.000016s ]
INFO: [ view_filter ] --END-- [ RunTime:0.000061s ]
INFO: [ view_end ] --START--
INFO: [ view_end ] --END-- [ RunTime:0.000024s ]
INFO: [ app_end ] --START--
INFO: Run Behavior\ShowPageTrace [ RunTime:0.000035s ]
INFO: [ app_end ] --END-- [ RunTime:0.000081s ]

[ 2016-01-02T18:36:36+08:00 ] 221.231.6.195 /
INFO: [ app_init ] --START--
INFO: [ app_init ] --END-- [ RunTime:0.000121s ]
INFO: [ app_begin ] --START--
INFO: Run Behavior\ReadHtmlCache [ RunTime:0.000071s ]
INFO: [ app_begin ] --END-- [ RunTime:0.000164s ]
INFO: [ action_begin ] --START--
INFO: [ action_begin ] --END-- [ RunTime:0.000029s ]
NOTIC: [8192] mysql_connect(): The mysql extension is deprecated and will be removed in the future: use mysqli or PDO instead /var/www/blog/ThinkPHP/Library/Think/Db/Driver/Mysql.class.php 第 52 行.
SQL: SHOW COLUMNS FROM `class` [ RunTime:0.000843s ]
SQL: SELECT * FROM `class`  [ RunTime:0.000109s ]
SQL: SHOW COLUMNS FROM `articles` [ RunTime:0.000988s ]
SQL: SELECT COUNT(*) AS tp_count FROM `articles` WHERE ( class='UEhQ' ) LIMIT 1   [ RunTime:0.000113s ]
SQL: SELECT COUNT(*) AS tp_count FROM `articles` WHERE ( class='5pWw5o2u57uT5p6E5LiO566X5rOV' ) LIMIT 1   [ RunTime:0.000087s ]
SQL: SELECT COUNT(*) AS tp_count FROM `articles` WHERE ( class='Q29tcHV0ZXIgU3lzdGVt' ) LIMIT 1   [ RunTime:0.000085s ]
SQL: SELECT * FROM `articles` ORDER BY id desc LIMIT 0,5   [ RunTime:0.000104s ]
SQL: SELECT `id`,`title`,`read_sum` FROM `articles` ORDER BY read_sum desc LIMIT 6   [ RunTime:0.000100s ]
SQL: SHOW COLUMNS FROM `friend_link` [ RunTime:0.000933s ]
SQL: SELECT * FROM `friend_link`  [ RunTime:0.000104s ]
INFO: [ view_begin ] --START--
INFO: [ view_begin ] --END-- [ RunTime:0.000024s ]
INFO: [ view_parse ] --START--
INFO: [ template_filter ] --START--
INFO: Run Behavior\ContentReplace [ RunTime:0.000094s ]
INFO: [ template_filter ] --END-- [ RunTime:0.000204s ]
INFO: Run Behavior\ParseTemplate [ RunTime:0.009472s ]
INFO: [ view_parse ] --END-- [ RunTime:0.009578s ]
INFO: [ view_filter ] --START--
INFO: Run Behavior\WriteHtmlCache [ RunTime:0.000025s ]
INFO: [ view_filter ] --END-- [ RunTime:0.000072s ]
INFO: [ view_end ] --START--
INFO: [ view_end ] --END-- [ RunTime:0.000026s ]
INFO: [ app_end ] --START--
INFO: Run Behavior\ShowPageTrace [ RunTime:0.000062s ]
INFO: [ app_end ] --END-- [ RunTime:0.000111s ]

[ 2016-01-02T18:37:51+08:00 ] 221.231.6.195 /
INFO: [ app_init ] --START--
INFO: [ app_init ] --END-- [ RunTime:0.000080s ]
INFO: [ app_begin ] --START--
INFO: Run Behavior\ReadHtmlCache [ RunTime:0.000052s ]
INFO: [ app_begin ] --END-- [ RunTime:0.000112s ]
INFO: [ action_begin ] --START--
INFO: [ action_begin ] --END-- [ RunTime:0.000033s ]
NOTIC: [8192] mysql_connect(): The mysql extension is deprecated and will be removed in the future: use mysqli or PDO instead /var/www/blog/ThinkPHP/Library/Think/Db/Driver/Mysql.class.php 第 52 行.
SQL: SHOW COLUMNS FROM `class` [ RunTime:0.000815s ]
SQL: SELECT * FROM `class`  [ RunTime:0.000105s ]
SQL: SHOW COLUMNS FROM `articles` [ RunTime:0.000816s ]
SQL: SELECT COUNT(*) AS tp_count FROM `articles` WHERE ( class='UEhQ' ) LIMIT 1   [ RunTime:0.000100s ]
SQL: SELECT COUNT(*) AS tp_count FROM `articles` WHERE ( class='5pWw5o2u57uT5p6E5LiO566X5rOV' ) LIMIT 1   [ RunTime:0.000091s ]
SQL: SELECT COUNT(*) AS tp_count FROM `articles` WHERE ( class='Q29tcHV0ZXIgU3lzdGVt' ) LIMIT 1   [ RunTime:0.000096s ]
SQL: SELECT * FROM `articles` ORDER BY id desc LIMIT 0,5   [ RunTime:0.000092s ]
SQL: SELECT `id`,`title`,`read_sum` FROM `articles` ORDER BY read_sum desc LIMIT 6   [ RunTime:0.000091s ]
SQL: SHOW COLUMNS FROM `friend_link` [ RunTime:0.000757s ]
SQL: SELECT * FROM `friend_link`  [ RunTime:0.000107s ]
INFO: [ view_begin ] --START--
INFO: [ view_begin ] --END-- [ RunTime:0.000026s ]
INFO: [ view_parse ] --START--
INFO: [ template_filter ] --START--
INFO: Run Behavior\ContentReplace [ RunTime:0.000093s ]
INFO: [ template_filter ] --END-- [ RunTime:0.000204s ]
INFO: Run Behavior\ParseTemplate [ RunTime:0.008869s ]
INFO: [ view_parse ] --END-- [ RunTime:0.008974s ]
INFO: [ view_filter ] --START--
INFO: Run Behavior\WriteHtmlCache [ RunTime:0.000026s ]
INFO: [ view_filter ] --END-- [ RunTime:0.000073s ]
INFO: [ view_end ] --START--
INFO: [ view_end ] --END-- [ RunTime:0.000025s ]
INFO: [ app_end ] --START--
INFO: Run Behavior\ShowPageTrace [ RunTime:0.000054s ]
INFO: [ app_end ] --END-- [ RunTime:0.000111s ]

[ 2016-01-02T18:38:02+08:00 ] 221.231.6.195 /
INFO: [ app_init ] --START--
INFO: [ app_init ] --END-- [ RunTime:0.000130s ]
INFO: [ app_begin ] --START--
INFO: Run Behavior\ReadHtmlCache [ RunTime:0.000055s ]
INFO: [ app_begin ] --END-- [ RunTime:0.000117s ]
INFO: [ action_begin ] --START--
INFO: [ action_begin ] --END-- [ RunTime:0.000031s ]
NOTIC: [8192] mysql_connect(): The mysql extension is deprecated and will be removed in the future: use mysqli or PDO instead /var/www/blog/ThinkPHP/Library/Think/Db/Driver/Mysql.class.php 第 52 行.
SQL: SHOW COLUMNS FROM `class` [ RunTime:0.000823s ]
SQL: SELECT * FROM `class`  [ RunTime:0.000185s ]
SQL: SHOW COLUMNS FROM `articles` [ RunTime:0.000988s ]
SQL: SELECT COUNT(*) AS tp_count FROM `articles` WHERE ( class='UEhQ' ) LIMIT 1   [ RunTime:0.000111s ]
SQL: SELECT COUNT(*) AS tp_count FROM `articles` WHERE ( class='5pWw5o2u57uT5p6E5LiO566X5rOV' ) LIMIT 1   [ RunTime:0.000086s ]
SQL: SELECT COUNT(*) AS tp_count FROM `articles` WHERE ( class='Q29tcHV0ZXIgU3lzdGVt' ) LIMIT 1   [ RunTime:0.000083s ]
SQL: SELECT * FROM `articles` ORDER BY id desc LIMIT 0,5   [ RunTime:0.000093s ]
SQL: SELECT `id`,`title`,`read_sum` FROM `articles` ORDER BY read_sum desc LIMIT 6   [ RunTime:0.000097s ]
SQL: SHOW COLUMNS FROM `friend_link` [ RunTime:0.000934s ]
SQL: SELECT * FROM `friend_link`  [ RunTime:0.000109s ]
INFO: [ view_begin ] --START--
INFO: [ view_begin ] --END-- [ RunTime:0.000028s ]
INFO: [ view_parse ] --START--
INFO: [ template_filter ] --START--
INFO: Run Behavior\ContentReplace [ RunTime:0.000084s ]
INFO: [ template_filter ] --END-- [ RunTime:0.000180s ]
INFO: Run Behavior\ParseTemplate [ RunTime:0.008703s ]
INFO: [ view_parse ] --END-- [ RunTime:0.008776s ]
INFO: [ view_filter ] --START--
INFO: Run Behavior\WriteHtmlCache [ RunTime:0.000024s ]
INFO: [ view_filter ] --END-- [ RunTime:0.000073s ]
INFO: [ view_end ] --START--
INFO: [ view_end ] --END-- [ RunTime:0.000028s ]
INFO: [ app_end ] --START--
INFO: Run Behavior\ShowPageTrace [ RunTime:0.000057s ]
INFO: [ app_end ] --END-- [ RunTime:0.000125s ]

[ 2016-01-02T18:38:23+08:00 ] 221.231.6.195 /
INFO: [ app_init ] --START--
INFO: [ app_init ] --END-- [ RunTime:0.000117s ]
INFO: [ app_begin ] --START--
INFO: Run Behavior\ReadHtmlCache [ RunTime:0.000053s ]
INFO: [ app_begin ] --END-- [ RunTime:0.000130s ]
INFO: [ action_begin ] --START--
INFO: [ action_begin ] --END-- [ RunTime:0.000035s ]
NOTIC: [8192] mysql_connect(): The mysql extension is deprecated and will be removed in the future: use mysqli or PDO instead /var/www/blog/ThinkPHP/Library/Think/Db/Driver/Mysql.class.php 第 52 行.
SQL: SHOW COLUMNS FROM `class` [ RunTime:0.000875s ]
SQL: SELECT * FROM `class`  [ RunTime:0.000098s ]
SQL: SHOW COLUMNS FROM `articles` [ RunTime:0.000858s ]
SQL: SELECT COUNT(*) AS tp_count FROM `articles` WHERE ( class='UEhQ' ) LIMIT 1   [ RunTime:0.000107s ]
SQL: SELECT COUNT(*) AS tp_count FROM `articles` WHERE ( class='5pWw5o2u57uT5p6E5LiO566X5rOV' ) LIMIT 1   [ RunTime:0.000086s ]
SQL: SELECT COUNT(*) AS tp_count FROM `articles` WHERE ( class='Q29tcHV0ZXIgU3lzdGVt' ) LIMIT 1   [ RunTime:0.000085s ]
SQL: SELECT * FROM `articles` ORDER BY id desc LIMIT 0,5   [ RunTime:0.000129s ]
SQL: SELECT `id`,`title`,`read_sum` FROM `articles` ORDER BY read_sum desc LIMIT 6   [ RunTime:0.000096s ]
SQL: SHOW COLUMNS FROM `friend_link` [ RunTime:0.000908s ]
SQL: SELECT * FROM `friend_link`  [ RunTime:0.000115s ]
INFO: [ view_begin ] --START--
INFO: [ view_begin ] --END-- [ RunTime:0.000024s ]
INFO: [ view_parse ] --START--
INFO: [ template_filter ] --START--
INFO: Run Behavior\ContentReplace [ RunTime:0.000094s ]
INFO: [ template_filter ] --END-- [ RunTime:0.000200s ]
INFO: Run Behavior\ParseTemplate [ RunTime:0.008494s ]
INFO: [ view_parse ] --END-- [ RunTime:0.008618s ]
INFO: [ view_filter ] --START--
INFO: Run Behavior\WriteHtmlCache [ RunTime:0.000026s ]
INFO: [ view_filter ] --END-- [ RunTime:0.000075s ]
INFO: [ view_end ] --START--
INFO: [ view_end ] --END-- [ RunTime:0.000024s ]
INFO: [ app_end ] --START--
INFO: Run Behavior\ShowPageTrace [ RunTime:0.000039s ]
INFO: [ app_end ] --END-- [ RunTime:0.000105s ]

[ 2016-01-02T18:38:52+08:00 ] 221.231.6.195 /
INFO: [ app_init ] --START--
INFO: [ app_init ] --END-- [ RunTime:0.000079s ]
INFO: [ app_begin ] --START--
INFO: Run Behavior\ReadHtmlCache [ RunTime:0.000051s ]
INFO: [ app_begin ] --END-- [ RunTime:0.000110s ]
INFO: [ action_begin ] --START--
INFO: [ action_begin ] --END-- [ RunTime:0.000029s ]
NOTIC: [8192] mysql_connect(): The mysql extension is deprecated and will be removed in the future: use mysqli or PDO instead /var/www/blog/ThinkPHP/Library/Think/Db/Driver/Mysql.class.php 第 52 行.
SQL: SHOW COLUMNS FROM `class` [ RunTime:0.000870s ]
SQL: SELECT * FROM `class`  [ RunTime:0.000136s ]
SQL: SHOW COLUMNS FROM `articles` [ RunTime:0.001109s ]
SQL: SELECT COUNT(*) AS tp_count FROM `articles` WHERE ( class='UEhQ' ) LIMIT 1   [ RunTime:0.000136s ]
SQL: SELECT COUNT(*) AS tp_count FROM `articles` WHERE ( class='5pWw5o2u57uT5p6E5LiO566X5rOV' ) LIMIT 1   [ RunTime:0.000092s ]
SQL: SELECT COUNT(*) AS tp_count FROM `articles` WHERE ( class='Q29tcHV0ZXIgU3lzdGVt' ) LIMIT 1   [ RunTime:0.000105s ]
SQL: SELECT * FROM `articles` ORDER BY id desc LIMIT 0,5   [ RunTime:0.000095s ]
SQL: SELECT `id`,`title`,`read_sum` FROM `articles` ORDER BY read_sum desc LIMIT 6   [ RunTime:0.000102s ]
SQL: SHOW COLUMNS FROM `friend_link` [ RunTime:0.000835s ]
SQL: SELECT * FROM `friend_link`  [ RunTime:0.000092s ]
INFO: [ view_begin ] --START--
INFO: [ view_begin ] --END-- [ RunTime:0.000024s ]
INFO: [ view_parse ] --START--
INFO: [ template_filter ] --START--
INFO: Run Behavior\ContentReplace [ RunTime:0.000098s ]
INFO: [ template_filter ] --END-- [ RunTime:0.000205s ]
INFO: Run Behavior\ParseTemplate [ RunTime:0.009537s ]
INFO: [ view_parse ] --END-- [ RunTime:0.009654s ]
INFO: [ view_filter ] --START--
INFO: Run Behavior\WriteHtmlCache [ RunTime:0.000035s ]
INFO: [ view_filter ] --END-- [ RunTime:0.000086s ]
INFO: [ view_end ] --START--
INFO: [ view_end ] --END-- [ RunTime:0.000026s ]
INFO: [ app_end ] --START--
INFO: Run Behavior\ShowPageTrace [ RunTime:0.000050s ]
INFO: [ app_end ] --END-- [ RunTime:0.000154s ]

[ 2016-01-02T18:39:02+08:00 ] 221.231.6.195 /
INFO: [ app_init ] --START--
INFO: [ app_init ] --END-- [ RunTime:0.000073s ]
INFO: [ app_begin ] --START--
INFO: Run Behavior\ReadHtmlCache [ RunTime:0.000046s ]
INFO: [ app_begin ] --END-- [ RunTime:0.000103s ]
INFO: [ action_begin ] --START--
INFO: [ action_begin ] --END-- [ RunTime:0.000034s ]
NOTIC: [8192] mysql_connect(): The mysql extension is deprecated and will be removed in the future: use mysqli or PDO instead /var/www/blog/ThinkPHP/Library/Think/Db/Driver/Mysql.class.php 第 52 行.
SQL: SHOW COLUMNS FROM `class` [ RunTime:0.000941s ]
SQL: SELECT * FROM `class`  [ RunTime:0.000122s ]
SQL: SHOW COLUMNS FROM `articles` [ RunTime:0.000997s ]
SQL: SELECT COUNT(*) AS tp_count FROM `articles` WHERE ( class='UEhQ' ) LIMIT 1   [ RunTime:0.000136s ]
SQL: SELECT COUNT(*) AS tp_count FROM `articles` WHERE ( class='5pWw5o2u57uT5p6E5LiO566X5rOV' ) LIMIT 1   [ RunTime:0.000087s ]
SQL: SELECT COUNT(*) AS tp_count FROM `articles` WHERE ( class='Q29tcHV0ZXIgU3lzdGVt' ) LIMIT 1   [ RunTime:0.000092s ]
SQL: SELECT * FROM `articles` ORDER BY id desc LIMIT 0,5   [ RunTime:0.000118s ]
SQL: SELECT `id`,`title`,`read_sum` FROM `articles` ORDER BY read_sum desc LIMIT 6   [ RunTime:0.000113s ]
SQL: SHOW COLUMNS FROM `friend_link` [ RunTime:0.000745s ]
SQL: SELECT * FROM `friend_link`  [ RunTime:0.000107s ]
INFO: [ view_begin ] --START--
INFO: [ view_begin ] --END-- [ RunTime:0.000023s ]
INFO: [ view_parse ] --START--
INFO: [ template_filter ] --START--
INFO: Run Behavior\ContentReplace [ RunTime:0.000092s ]
INFO: [ template_filter ] --END-- [ RunTime:0.000195s ]
INFO: Run Behavior\ParseTemplate [ RunTime:0.009650s ]
INFO: [ view_parse ] --END-- [ RunTime:0.009758s ]
INFO: [ view_filter ] --START--
INFO: Run Behavior\WriteHtmlCache [ RunTime:0.000035s ]
INFO: [ view_filter ] --END-- [ RunTime:0.000222s ]
INFO: [ view_end ] --START--
INFO: [ view_end ] --END-- [ RunTime:0.000025s ]
INFO: [ app_end ] --START--
INFO: Run Behavior\ShowPageTrace [ RunTime:0.000042s ]
INFO: [ app_end ] --END-- [ RunTime:0.000090s ]

[ 2016-01-02T22:42:24+08:00 ] 103.41.53.252 http://www.baidu.com/
INFO: [ app_init ] --START--
INFO: [ app_init ] --END-- [ RunTime:0.000127s ]
INFO: [ app_begin ] --START--
INFO: Run Behavior\ReadHtmlCache [ RunTime:0.000076s ]
INFO: [ app_begin ] --END-- [ RunTime:0.000182s ]
INFO: [ action_begin ] --START--
INFO: [ action_begin ] --END-- [ RunTime:0.000050s ]
NOTIC: [8192] mysql_connect(): The mysql extension is deprecated and will be removed in the future: use mysqli or PDO instead /var/www/blog/ThinkPHP/Library/Think/Db/Driver/Mysql.class.php 第 52 行.
SQL: SHOW COLUMNS FROM `class` [ RunTime:0.000967s ]
SQL: SELECT * FROM `class`  [ RunTime:0.000125s ]
SQL: SHOW COLUMNS FROM `articles` [ RunTime:0.001095s ]
SQL: SELECT COUNT(*) AS tp_count FROM `articles` WHERE ( class='UEhQ' ) LIMIT 1   [ RunTime:0.000146s ]
SQL: SELECT COUNT(*) AS tp_count FROM `articles` WHERE ( class='5pWw5o2u57uT5p6E5LiO566X5rOV' ) LIMIT 1   [ RunTime:0.000091s ]
SQL: SELECT COUNT(*) AS tp_count FROM `articles` WHERE ( class='Q29tcHV0ZXIgU3lzdGVt' ) LIMIT 1   [ RunTime:0.000088s ]
SQL: SELECT * FROM `articles` ORDER BY id desc LIMIT 0,5   [ RunTime:0.000130s ]
SQL: SELECT `id`,`title`,`read_sum` FROM `articles` ORDER BY read_sum desc LIMIT 6   [ RunTime:0.000100s ]
SQL: SHOW COLUMNS FROM `friend_link` [ RunTime:0.000872s ]
SQL: SELECT * FROM `friend_link`  [ RunTime:0.000110s ]
INFO: [ view_begin ] --START--
INFO: [ view_begin ] --END-- [ RunTime:0.000024s ]
INFO: [ view_parse ] --START--
INFO: [ template_filter ] --START--
INFO: Run Behavior\ContentReplace [ RunTime:0.000117s ]
INFO: [ template_filter ] --END-- [ RunTime:0.000251s ]
INFO: Run Behavior\ParseTemplate [ RunTime:0.009980s ]
INFO: [ view_parse ] --END-- [ RunTime:0.010104s ]
INFO: [ view_filter ] --START--
INFO: Run Behavior\WriteHtmlCache [ RunTime:0.000035s ]
INFO: [ view_filter ] --END-- [ RunTime:0.000116s ]
INFO: [ view_end ] --START--
INFO: [ view_end ] --END-- [ RunTime:0.000040s ]
INFO: [ app_end ] --START--
INFO: Run Behavior\ShowPageTrace [ RunTime:0.000054s ]
INFO: [ app_end ] --END-- [ RunTime:0.000116s ]

